[2023-04-19 00:59:45] - Arguments: Namespace(beta=0.05, column_number=1, data_size=1000, dataset_path='./data/adult.csv', delta=0.1, domain_path='./data/adult-domain.json', each_query_size=10, epsilon=1.0, iteration=100, sparse_ratio=10)
[2023-04-19 00:59:45] - ******** Initialization ********
[2023-04-19 00:59:46] - Data sparsification complete
[2023-04-19 00:59:46] - Data information: {'age': 85, 'workclass': 9, 'fnlwgt': 100, 'education-num': 16, 'marital-status': 7, 'occupation': 15, 'relationship': 6, 'race': 5, 'sex': 2, 'capital-gain': 100, 'capital-loss': 100, 'hours-per-week': 99, 'native-country': 42, 'income>50K': 2}
[2023-04-19 00:59:46] - ******** Create Dynamic Tree ********
[2023-04-19 00:59:46] - 2
[2023-04-19 00:59:47] - 3
[2023-04-19 00:59:47] - 4
[2023-04-19 00:59:47] - 5
[2023-04-19 00:59:47] - 6
[2023-04-19 00:59:47] - 7
[2023-04-19 00:59:47] - 8
[2023-04-19 00:59:47] - 9
[2023-04-19 00:59:47] - 10
[2023-04-19 00:59:47] - 9
[2023-04-19 00:59:47] - 10
[2023-04-19 00:59:47] - 9
[2023-04-19 00:59:47] - 10
[2023-04-19 00:59:47] - 9
[2023-04-19 00:59:47] - 10
[2023-04-19 00:59:47] - 9
[2023-04-19 00:59:47] - 10
[2023-04-19 00:59:47] - 11
[2023-04-19 00:59:47] - 10
[2023-04-19 00:59:47] - 11
[2023-04-19 00:59:47] - 10
[2023-04-19 00:59:47] - 11
[2023-04-19 00:59:47] - 10
[2023-04-19 00:59:47] - 11
[2023-04-19 00:59:47] - 10
[2023-04-19 00:59:47] - 11
[2023-04-19 00:59:47] - 10
[2023-04-19 00:59:47] - 11
[2023-04-19 00:59:47] - 10
[2023-04-19 00:59:47] - 11
[2023-04-19 00:59:47] - 10
[2023-04-19 00:59:47] - 11
[2023-04-19 00:59:47] - 10
[2023-04-19 00:59:47] - 11
[2023-04-19 00:59:47] - 10
[2023-04-19 00:59:47] - 11
[2023-04-19 00:59:47] - 10
[2023-04-19 00:59:47] - 11
[2023-04-19 00:59:47] - 10
[2023-04-19 00:59:47] - 11
[2023-04-19 00:59:47] - 10
[2023-04-19 00:59:47] - 11
[2023-04-19 00:59:47] - 10
[2023-04-19 00:59:47] - 11
[2023-04-19 00:59:47] - 10
[2023-04-19 00:59:47] - 11
[2023-04-19 00:59:47] - 10
[2023-04-19 00:59:47] - 11
[2023-04-19 00:59:47] - 10
[2023-04-19 00:59:47] - 11
[2023-04-19 00:59:47] - 10
[2023-04-19 00:59:47] - 11
[2023-04-19 00:59:47] - 10
[2023-04-19 00:59:47] - 11
[2023-04-19 00:59:47] - 10
[2023-04-19 00:59:47] - 11
[2023-04-19 00:59:47] - 12
[2023-04-19 00:59:47] - 11
[2023-04-19 00:59:47] - 12
[2023-04-19 00:59:47] - 11
[2023-04-19 00:59:47] - 12
[2023-04-19 00:59:47] - 13
[2023-04-19 00:59:47] - 12
[2023-04-19 00:59:47] - 13
[2023-04-19 00:59:47] - 12
[2023-04-19 00:59:47] - 13
[2023-04-19 00:59:47] - 12
[2023-04-19 00:59:47] - 13
[2023-04-19 00:59:47] - 12
[2023-04-19 00:59:47] - 13
[2023-04-19 00:59:47] - 12
[2023-04-19 00:59:47] - 13
[2023-04-19 00:59:47] - 14
[2023-04-19 00:59:47] - 13
[2023-04-19 00:59:47] - 14
[2023-04-19 00:59:47] - 13
[2023-04-19 00:59:47] - 14
[2023-04-19 00:59:47] - 13
[2023-04-19 00:59:47] - 14
[2023-04-19 00:59:47] - 13
[2023-04-19 00:59:47] - 14
[2023-04-19 00:59:47] - 13
[2023-04-19 00:59:47] - 14
[2023-04-19 00:59:47] - 13
[2023-04-19 00:59:47] - 14
[2023-04-19 00:59:47] - 13
[2023-04-19 00:59:47] - 14
[2023-04-19 00:59:47] - 13
[2023-04-19 00:59:47] - 14
[2023-04-19 00:59:47] - 13
[2023-04-19 00:59:47] - 14
[2023-04-19 00:59:47] - 13
[2023-04-19 00:59:47] - 14
[2023-04-19 00:59:47] - 13
[2023-04-19 00:59:47] - 14
[2023-04-19 00:59:47] - 13
[2023-04-19 00:59:47] - 14
[2023-04-19 00:59:47] - 13
[2023-04-19 00:59:47] - 14
[2023-04-19 00:59:47] - 13
[2023-04-19 00:59:47] - 14
[2023-04-19 00:59:47] - 13
[2023-04-19 00:59:47] - 14
[2023-04-19 00:59:47] - 13
[2023-04-19 00:59:47] - 14
[2023-04-19 00:59:47] - 13
[2023-04-19 00:59:47] - 14
[2023-04-19 00:59:47] - 13
[2023-04-19 00:59:47] - 14
[2023-04-19 00:59:47] - 13
[2023-04-19 00:59:47] - 14
[2023-04-19 00:59:47] - 13
[2023-04-19 00:59:47] - 14
[2023-04-19 00:59:47] - 13
[2023-04-19 00:59:47] - 14
[2023-04-19 00:59:47] - 13
[2023-04-19 00:59:47] - 14
[2023-04-19 00:59:47] - 13
[2023-04-19 00:59:47] - 14
[2023-04-19 00:59:47] - 13
[2023-04-19 00:59:47] - 14
[2023-04-19 00:59:47] - 13
[2023-04-19 00:59:47] - 14
[2023-04-19 00:59:47] - 13
[2023-04-19 00:59:47] - 14
[2023-04-19 00:59:47] - 13
[2023-04-19 00:59:47] - 14
[2023-04-19 00:59:47] - 13
[2023-04-19 00:59:47] - 14
[2023-04-19 00:59:47] - 13
[2023-04-19 00:59:47] - 14
[2023-04-19 00:59:47] - 13
[2023-04-19 00:59:47] - 14
[2023-04-19 00:59:47] - 13
[2023-04-19 00:59:47] - 14
[2023-04-19 00:59:47] - 13
[2023-04-19 00:59:47] - 14
[2023-04-19 00:59:47] - 15
[2023-04-19 00:59:47] - 14
[2023-04-19 00:59:47] - 15
[2023-04-19 00:59:47] - 16
[2023-04-19 00:59:47] - 15
[2023-04-19 00:59:47] - 16
[2023-04-19 00:59:47] - 15
[2023-04-19 00:59:47] - 16
[2023-04-19 00:59:47] - 15
[2023-04-19 00:59:47] - 16
[2023-04-19 00:59:47] - 15
[2023-04-19 00:59:47] - 16
[2023-04-19 00:59:47] - 15
[2023-04-19 00:59:47] - 16
[2023-04-19 00:59:47] - 15
[2023-04-19 00:59:47] - 16
[2023-04-19 00:59:47] - 15
[2023-04-19 00:59:47] - 16
[2023-04-19 00:59:47] - 15
[2023-04-19 00:59:47] - 16
[2023-04-19 00:59:47] - 15
[2023-04-19 00:59:47] - 16
[2023-04-19 00:59:47] - 17
[2023-04-19 00:59:47] - 16
[2023-04-19 00:59:47] - 17
[2023-04-19 00:59:47] - 16
[2023-04-19 00:59:47] - 17
[2023-04-19 00:59:47] - 16
[2023-04-19 00:59:47] - 17
[2023-04-19 00:59:47] - 16
[2023-04-19 00:59:47] - 17
[2023-04-19 00:59:47] - 16
[2023-04-19 00:59:47] - 17
[2023-04-19 00:59:47] - 16
[2023-04-19 00:59:47] - 17
[2023-04-19 00:59:47] - 16
[2023-04-19 00:59:47] - 17
[2023-04-19 00:59:47] - 16
[2023-04-19 00:59:47] - 17
[2023-04-19 00:59:47] - 16
[2023-04-19 00:59:47] - 17
[2023-04-19 00:59:47] - 18
[2023-04-19 00:59:47] - 17
[2023-04-19 00:59:47] - 18
[2023-04-19 00:59:47] - 17
[2023-04-19 00:59:47] - 18
[2023-04-19 00:59:47] - 17
[2023-04-19 00:59:47] - 18
[2023-04-19 00:59:47] - 19
[2023-04-19 00:59:47] - 18
[2023-04-19 00:59:47] - 19
[2023-04-19 00:59:47] - 18
[2023-04-19 00:59:47] - 19
[2023-04-19 00:59:47] - 20
[2023-04-19 00:59:47] - 19
[2023-04-19 00:59:47] - 20
[2023-04-19 00:59:47] - 19
[2023-04-19 00:59:47] - 20
[2023-04-19 00:59:47] - 21
[2023-04-19 00:59:47] - 20
[2023-04-19 00:59:47] - 21
[2023-04-19 00:59:47] - 20
[2023-04-19 00:59:47] - 21
[2023-04-19 00:59:47] - 20
[2023-04-19 00:59:47] - 21
[2023-04-19 00:59:47] - 20
[2023-04-19 00:59:47] - 21
[2023-04-19 00:59:47] - 20
[2023-04-19 00:59:47] - 21
[2023-04-19 00:59:47] - 20
[2023-04-19 00:59:47] - 21
[2023-04-19 00:59:47] - 20
[2023-04-19 00:59:47] - 21
[2023-04-19 00:59:47] - 20
[2023-04-19 00:59:47] - 21
[2023-04-19 00:59:47] - 20
[2023-04-19 00:59:47] - 21
[2023-04-19 00:59:47] - 20
[2023-04-19 00:59:47] - 21
[2023-04-19 00:59:47] - 20
[2023-04-19 00:59:47] - 21
[2023-04-19 00:59:47] - 20
[2023-04-19 00:59:47] - 21
[2023-04-19 00:59:47] - 20
[2023-04-19 00:59:47] - 21
[2023-04-19 00:59:47] - 20
[2023-04-19 00:59:47] - 21
[2023-04-19 00:59:47] - 20
[2023-04-19 00:59:47] - 21
[2023-04-19 00:59:47] - 20
[2023-04-19 00:59:47] - 21
[2023-04-19 00:59:47] - 20
[2023-04-19 00:59:47] - 21
[2023-04-19 00:59:47] - 20
[2023-04-19 00:59:47] - 21
[2023-04-19 00:59:47] - 20
[2023-04-19 00:59:47] - 21
[2023-04-19 00:59:47] - 20
[2023-04-19 00:59:47] - 21
[2023-04-19 00:59:47] - 20
[2023-04-19 00:59:47] - 21
[2023-04-19 00:59:47] - 20
[2023-04-19 00:59:47] - 21
[2023-04-19 00:59:47] - 22
[2023-04-19 00:59:47] - 21
[2023-04-19 00:59:47] - 22
[2023-04-19 00:59:47] - 21
[2023-04-19 00:59:47] - 22
[2023-04-19 00:59:47] - 21
[2023-04-19 00:59:47] - 22
[2023-04-19 00:59:47] - 21
[2023-04-19 00:59:47] - 22
[2023-04-19 00:59:47] - 21
[2023-04-19 00:59:47] - 22
[2023-04-19 00:59:47] - 21
[2023-04-19 00:59:47] - 22
[2023-04-19 00:59:47] - 21
[2023-04-19 00:59:47] - 22
[2023-04-19 00:59:47] - 21
[2023-04-19 00:59:47] - 22
[2023-04-19 00:59:47] - 21
[2023-04-19 00:59:47] - 22
[2023-04-19 00:59:47] - 21
[2023-04-19 00:59:47] - 22
[2023-04-19 00:59:47] - 21
[2023-04-19 00:59:47] - 22
[2023-04-19 00:59:47] - 21
[2023-04-19 00:59:47] - 22
[2023-04-19 00:59:47] - 21
[2023-04-19 00:59:47] - 22
[2023-04-19 00:59:47] - 21
[2023-04-19 00:59:47] - 22
[2023-04-19 00:59:47] - 21
[2023-04-19 00:59:47] - 22
[2023-04-19 00:59:47] - 21
[2023-04-19 00:59:47] - 22
[2023-04-19 00:59:47] - 21
[2023-04-19 00:59:47] - 22
[2023-04-19 00:59:47] - 21
[2023-04-19 00:59:47] - 22
[2023-04-19 00:59:47] - 21
[2023-04-19 00:59:47] - 22
[2023-04-19 00:59:47] - 21
[2023-04-19 00:59:47] - 22
[2023-04-19 00:59:47] - 21
[2023-04-19 00:59:47] - 22
[2023-04-19 00:59:47] - 21
[2023-04-19 00:59:47] - 22
[2023-04-19 00:59:47] - 21
[2023-04-19 00:59:47] - 22
[2023-04-19 00:59:47] - 21
[2023-04-19 00:59:47] - 22
[2023-04-19 00:59:47] - 23
[2023-04-19 00:59:47] - 22
[2023-04-19 00:59:47] - 23
[2023-04-19 00:59:47] - 22
[2023-04-19 00:59:47] - 23
[2023-04-19 00:59:47] - 22
[2023-04-19 00:59:47] - 23
[2023-04-19 00:59:47] - 22
[2023-04-19 00:59:47] - 23
[2023-04-19 00:59:47] - 22
[2023-04-19 00:59:47] - 23
[2023-04-19 00:59:47] - 22
[2023-04-19 00:59:47] - 23
[2023-04-19 00:59:47] - 22
[2023-04-19 00:59:47] - 23
[2023-04-19 00:59:47] - 22
[2023-04-19 00:59:47] - 23
[2023-04-19 00:59:47] - 22
[2023-04-19 00:59:47] - 23
[2023-04-19 00:59:47] - 22
[2023-04-19 00:59:47] - 23
[2023-04-19 00:59:47] - 22
[2023-04-19 00:59:47] - 23
[2023-04-19 00:59:47] - 22
[2023-04-19 00:59:47] - 23
[2023-04-19 00:59:47] - 22
[2023-04-19 00:59:47] - 23
[2023-04-19 00:59:47] - 24
[2023-04-19 00:59:47] - 23
[2023-04-19 00:59:47] - 24
[2023-04-19 00:59:47] - 23
[2023-04-19 00:59:47] - 24
[2023-04-19 00:59:47] - 23
[2023-04-19 00:59:47] - 24
[2023-04-19 00:59:47] - 23
[2023-04-19 00:59:47] - 24
[2023-04-19 00:59:47] - 23
[2023-04-19 00:59:47] - 24
[2023-04-19 00:59:47] - 23
[2023-04-19 00:59:47] - 24
[2023-04-19 00:59:47] - 23
[2023-04-19 00:59:47] - 24
[2023-04-19 00:59:47] - 25
[2023-04-19 00:59:47] - 24
[2023-04-19 00:59:47] - 25
[2023-04-19 00:59:47] - 24
[2023-04-19 00:59:47] - 25
[2023-04-19 00:59:47] - 24
[2023-04-19 00:59:47] - 25
[2023-04-19 00:59:47] - 24
[2023-04-19 00:59:47] - 25
[2023-04-19 00:59:47] - 24
[2023-04-19 00:59:47] - 25
[2023-04-19 00:59:47] - 24
[2023-04-19 00:59:47] - 25
[2023-04-19 00:59:47] - 24
[2023-04-19 00:59:47] - 25
[2023-04-19 00:59:47] - 24
[2023-04-19 00:59:47] - 25
[2023-04-19 00:59:47] - 24
[2023-04-19 00:59:47] - 25
[2023-04-19 00:59:47] - 24
[2023-04-19 00:59:47] - 25
[2023-04-19 00:59:47] - 24
[2023-04-19 00:59:47] - 25
[2023-04-19 00:59:47] - 24
[2023-04-19 00:59:47] - 25
[2023-04-19 00:59:47] - 24
[2023-04-19 00:59:47] - 25
[2023-04-19 00:59:47] - 24
[2023-04-19 00:59:47] - 25
[2023-04-19 00:59:47] - 24
[2023-04-19 00:59:47] - 25
[2023-04-19 00:59:47] - 24
[2023-04-19 00:59:47] - 25
[2023-04-19 00:59:47] - 24
[2023-04-19 00:59:47] - 25
[2023-04-19 00:59:47] - 24
[2023-04-19 00:59:47] - 25
[2023-04-19 00:59:47] - 24
[2023-04-19 00:59:47] - 25
[2023-04-19 00:59:47] - 24
[2023-04-19 00:59:47] - 25
[2023-04-19 00:59:47] - 26
[2023-04-19 00:59:47] - 25
[2023-04-19 00:59:47] - 26
[2023-04-19 00:59:47] - 25
[2023-04-19 00:59:47] - 26
[2023-04-19 00:59:47] - 25
[2023-04-19 00:59:47] - 26
[2023-04-19 00:59:47] - 25
[2023-04-19 00:59:47] - 26
[2023-04-19 00:59:47] - 25
[2023-04-19 00:59:47] - 26
[2023-04-19 00:59:47] - 27
[2023-04-19 00:59:47] - 26
[2023-04-19 00:59:47] - 27
[2023-04-19 00:59:47] - 26
[2023-04-19 00:59:47] - 27
[2023-04-19 00:59:47] - 26
[2023-04-19 00:59:47] - 27
[2023-04-19 00:59:47] - 26
[2023-04-19 00:59:47] - 27
[2023-04-19 00:59:47] - 28
[2023-04-19 00:59:47] - 27
[2023-04-19 00:59:47] - 28
[2023-04-19 00:59:47] - 27
[2023-04-19 00:59:47] - 28
[2023-04-19 00:59:47] - 27
[2023-04-19 00:59:47] - 28
[2023-04-19 00:59:47] - 27
[2023-04-19 00:59:47] - 28
[2023-04-19 00:59:47] - 27
[2023-04-19 00:59:47] - 28
[2023-04-19 00:59:47] - 27
[2023-04-19 00:59:47] - 28
[2023-04-19 00:59:47] - 27
[2023-04-19 00:59:47] - 28
[2023-04-19 00:59:47] - 27
[2023-04-19 00:59:47] - 28
[2023-04-19 00:59:47] - 27
[2023-04-19 00:59:47] - 28
[2023-04-19 00:59:47] - 27
[2023-04-19 00:59:47] - 28
[2023-04-19 00:59:47] - 27
[2023-04-19 00:59:47] - 28
[2023-04-19 00:59:47] - 27
[2023-04-19 00:59:47] - 28
[2023-04-19 00:59:47] - 27
[2023-04-19 00:59:47] - 28
[2023-04-19 00:59:47] - 27
[2023-04-19 00:59:47] - 28
[2023-04-19 00:59:47] - 27
[2023-04-19 00:59:47] - 28
[2023-04-19 00:59:47] - 27
[2023-04-19 00:59:47] - 28
[2023-04-19 00:59:47] - 27
[2023-04-19 00:59:47] - 28
[2023-04-19 00:59:47] - 27
[2023-04-19 00:59:47] - 28
[2023-04-19 00:59:47] - 27
[2023-04-19 00:59:47] - 28
[2023-04-19 00:59:47] - 27
[2023-04-19 00:59:47] - 28
[2023-04-19 00:59:47] - 27
[2023-04-19 00:59:47] - 28
[2023-04-19 00:59:47] - 27
[2023-04-19 00:59:47] - 28
[2023-04-19 00:59:47] - 27
[2023-04-19 00:59:47] - 28
[2023-04-19 00:59:47] - 27
[2023-04-19 00:59:47] - 28
[2023-04-19 00:59:47] - 27
[2023-04-19 00:59:47] - 28
[2023-04-19 00:59:47] - 27
[2023-04-19 00:59:47] - 28
[2023-04-19 00:59:47] - 27
[2023-04-19 00:59:47] - 28
[2023-04-19 00:59:47] - 29
[2023-04-19 00:59:47] - 28
[2023-04-19 00:59:47] - 29
[2023-04-19 00:59:47] - 28
[2023-04-19 00:59:47] - 29
[2023-04-19 00:59:47] - 28
[2023-04-19 00:59:47] - 29
[2023-04-19 00:59:47] - 28
[2023-04-19 00:59:47] - 29
[2023-04-19 00:59:47] - 28
[2023-04-19 00:59:47] - 29
[2023-04-19 00:59:47] - 28
[2023-04-19 00:59:47] - 29
[2023-04-19 00:59:47] - 28
[2023-04-19 00:59:47] - 29
[2023-04-19 00:59:47] - 28
[2023-04-19 00:59:47] - 29
[2023-04-19 00:59:47] - 28
[2023-04-19 00:59:47] - 29
[2023-04-19 00:59:47] - 28
[2023-04-19 00:59:47] - 29
[2023-04-19 00:59:47] - 28
[2023-04-19 00:59:47] - 29
[2023-04-19 00:59:47] - 28
[2023-04-19 00:59:47] - 29
[2023-04-19 00:59:47] - 28
[2023-04-19 00:59:47] - 29
[2023-04-19 00:59:47] - 28
[2023-04-19 00:59:47] - 29
[2023-04-19 00:59:47] - 28
[2023-04-19 00:59:47] - 29
[2023-04-19 00:59:47] - 30
[2023-04-19 00:59:47] - 29
[2023-04-19 00:59:47] - 30
[2023-04-19 00:59:47] - 29
[2023-04-19 00:59:47] - 30
[2023-04-19 00:59:47] - 29
[2023-04-19 00:59:47] - 30
[2023-04-19 00:59:47] - 29
[2023-04-19 00:59:47] - 30
[2023-04-19 00:59:47] - 29
[2023-04-19 00:59:47] - 30
[2023-04-19 00:59:47] - 29
[2023-04-19 00:59:47] - 30
[2023-04-19 00:59:47] - 29
[2023-04-19 00:59:47] - 30
[2023-04-19 00:59:47] - 29
[2023-04-19 00:59:47] - 30
[2023-04-19 00:59:47] - 29
[2023-04-19 00:59:47] - 30
[2023-04-19 00:59:47] - 29
[2023-04-19 00:59:47] - 30
[2023-04-19 00:59:47] - 29
[2023-04-19 00:59:47] - 30
[2023-04-19 00:59:47] - 29
[2023-04-19 00:59:47] - 30
[2023-04-19 00:59:47] - 29
[2023-04-19 00:59:47] - 30
[2023-04-19 00:59:47] - 29
[2023-04-19 00:59:47] - 30
[2023-04-19 00:59:47] - 29
[2023-04-19 00:59:47] - 30
[2023-04-19 00:59:47] - 29
[2023-04-19 00:59:47] - 30
[2023-04-19 00:59:47] - 29
[2023-04-19 00:59:47] - 30
[2023-04-19 00:59:47] - 29
[2023-04-19 00:59:47] - 30
[2023-04-19 00:59:47] - 29
[2023-04-19 00:59:47] - 30
[2023-04-19 00:59:47] - 29
[2023-04-19 00:59:47] - 30
[2023-04-19 00:59:47] - 29
[2023-04-19 00:59:47] - 30
[2023-04-19 00:59:47] - 29
[2023-04-19 00:59:47] - 30
[2023-04-19 00:59:47] - 29
[2023-04-19 00:59:47] - 30
[2023-04-19 00:59:47] - 29
[2023-04-19 00:59:47] - 30
[2023-04-19 00:59:47] - 29
[2023-04-19 00:59:47] - 30
[2023-04-19 00:59:47] - 29
[2023-04-19 00:59:47] - 30
[2023-04-19 00:59:47] - 29
[2023-04-19 00:59:47] - 30
[2023-04-19 00:59:47] - 29
[2023-04-19 00:59:47] - 30
[2023-04-19 00:59:47] - 29
[2023-04-19 00:59:47] - 30
[2023-04-19 00:59:47] - 29
[2023-04-19 00:59:47] - 30
[2023-04-19 00:59:47] - 29
[2023-04-19 00:59:47] - 30
[2023-04-19 00:59:47] - 29
[2023-04-19 00:59:47] - 30
[2023-04-19 00:59:47] - 31
[2023-04-19 00:59:47] - 30
[2023-04-19 00:59:47] - 31
[2023-04-19 00:59:47] - 30
[2023-04-19 00:59:47] - 31
[2023-04-19 00:59:47] - 30
[2023-04-19 00:59:47] - 31
[2023-04-19 00:59:47] - 30
[2023-04-19 00:59:47] - 31
[2023-04-19 00:59:47] - 30
[2023-04-19 00:59:47] - 31
[2023-04-19 00:59:47] - 30
[2023-04-19 00:59:47] - 31
[2023-04-19 00:59:47] - 30
[2023-04-19 00:59:47] - 31
[2023-04-19 00:59:47] - 30
[2023-04-19 00:59:47] - 31
[2023-04-19 00:59:47] - 30
[2023-04-19 00:59:47] - 31
[2023-04-19 00:59:47] - 30
[2023-04-19 00:59:47] - 31
[2023-04-19 00:59:47] - 30
[2023-04-19 00:59:47] - 31
[2023-04-19 00:59:47] - 30
[2023-04-19 00:59:47] - 31
[2023-04-19 00:59:47] - 30
[2023-04-19 00:59:47] - 31
[2023-04-19 00:59:47] - 30
[2023-04-19 00:59:47] - 31
[2023-04-19 00:59:47] - 30
[2023-04-19 00:59:47] - 31
[2023-04-19 00:59:47] - 30
[2023-04-19 00:59:47] - 31
[2023-04-19 00:59:47] - 30
[2023-04-19 00:59:47] - 31
[2023-04-19 00:59:47] - 30
[2023-04-19 00:59:47] - 31
[2023-04-19 00:59:47] - 30
[2023-04-19 00:59:47] - 31
[2023-04-19 00:59:47] - 30
[2023-04-19 00:59:47] - 31
[2023-04-19 00:59:47] - 30
[2023-04-19 00:59:47] - 31
[2023-04-19 00:59:47] - 30
[2023-04-19 00:59:47] - 31
[2023-04-19 00:59:47] - 30
[2023-04-19 00:59:47] - 31
[2023-04-19 00:59:47] - 30
[2023-04-19 00:59:47] - 31
[2023-04-19 00:59:47] - 30
[2023-04-19 00:59:47] - 31
[2023-04-19 00:59:47] - 30
[2023-04-19 00:59:47] - 31
[2023-04-19 00:59:47] - 32
[2023-04-19 00:59:47] - 31
[2023-04-19 00:59:47] - 32
[2023-04-19 00:59:47] - 31
[2023-04-19 00:59:47] - 32
[2023-04-19 00:59:47] - 31
[2023-04-19 00:59:47] - 32
[2023-04-19 00:59:47] - 31
[2023-04-19 00:59:47] - 32
[2023-04-19 00:59:47] - 31
[2023-04-19 00:59:47] - 32
[2023-04-19 00:59:47] - 31
[2023-04-19 00:59:47] - 32
[2023-04-19 00:59:47] - 31
[2023-04-19 00:59:47] - 32
[2023-04-19 00:59:47] - 31
[2023-04-19 00:59:47] - 32
[2023-04-19 00:59:47] - 31
[2023-04-19 00:59:47] - 32
[2023-04-19 00:59:47] - 31
[2023-04-19 00:59:47] - 32
[2023-04-19 00:59:47] - 31
[2023-04-19 00:59:47] - 32
[2023-04-19 00:59:47] - 31
[2023-04-19 00:59:47] - 32
[2023-04-19 00:59:47] - 33
[2023-04-19 00:59:47] - 32
[2023-04-19 00:59:47] - 33
[2023-04-19 00:59:47] - 32
[2023-04-19 00:59:47] - 33
[2023-04-19 00:59:47] - 32
[2023-04-19 00:59:47] - 33
[2023-04-19 00:59:47] - 32
[2023-04-19 00:59:47] - 33
[2023-04-19 00:59:47] - 32
[2023-04-19 00:59:47] - 33
[2023-04-19 00:59:47] - 32
[2023-04-19 00:59:47] - 33
[2023-04-19 00:59:47] - 32
[2023-04-19 00:59:47] - 33
[2023-04-19 00:59:47] - 32
[2023-04-19 00:59:47] - 33
[2023-04-19 00:59:47] - 32
[2023-04-19 00:59:47] - 33
[2023-04-19 00:59:47] - 32
[2023-04-19 00:59:47] - 33
[2023-04-19 00:59:47] - 32
[2023-04-19 00:59:47] - 33
[2023-04-19 00:59:47] - 32
[2023-04-19 00:59:47] - 33
[2023-04-19 00:59:47] - 32
