[2023-04-23 01:38:22] - Arguments: Namespace(beta=0.05, column_number=1, data_size=100, dataset_path='./data/adult.csv', delta=0.1, domain_path='./data/adult-domain.json', each_query_size=10, epsilon=1.0, iteration=100, sparse_ratio=10)
[2023-04-23 01:38:22] - ******** Initialization ********
[2023-04-23 01:38:22] - Data sparsification complete
[2023-04-23 01:38:22] - Data information: {'age': 85, 'workclass': 9, 'fnlwgt': 100, 'education-num': 16, 'marital-status': 7, 'occupation': 15, 'relationship': 6, 'race': 5, 'sex': 2, 'capital-gain': 100, 'capital-loss': 100, 'hours-per-week': 99, 'native-country': 42, 'income>50K': 2}
[2023-04-23 01:38:22] - ******** Create Dynamic Tree ********
[2023-04-23 01:38:22] - The dynamic interval tree consists of nodes: [
-------- Node index: 1 --------
height: 0, sj: 2, 
right_ancestor_index: 2, left_ancestor_index: None, right_child: None, left_child: None, 
df size: 2, delete_df size: 0
-----------------------------------, 
-------- Node index: 2 --------
height: 1, sj: 4, 
right_ancestor_index: 4, left_ancestor_index: None, right_child: 3, left_child: 1, 
df size: 4, delete_df size: 0
-----------------------------------, 
-------- Node index: 3 --------
height: 0, sj: 16, 
right_ancestor_index: None, left_ancestor_index: 2, right_child: None, left_child: None, 
df size: 6, delete_df size: 3
-----------------------------------, 
-------- Node index: 4 --------
height: 2, sj: 127, 
right_ancestor_index: 8, left_ancestor_index: None, right_child: 6, left_child: 2, 
df size: 9, delete_df size: 56
-----------------------------------, 
-------- Node index: 5 --------
height: 0, sj: 189, 
right_ancestor_index: 6, left_ancestor_index: None, right_child: None, left_child: None, 
df size: 10, delete_df size: 31
-----------------------------------]
[2023-04-23 01:38:22] - The insertion tree consists of nodes: [
-------- Node index: 1 --------
height: 0, sj: 2, 
right_ancestor_index: 2, left_ancestor_index: None, right_child: None, left_child: None, 
df size: 2, delete_df size: 0
-----------------------------------, 
-------- Node index: 2 --------
height: 1, sj: 4, 
right_ancestor_index: 4, left_ancestor_index: None, right_child: 3, left_child: 1, 
df size: 4, delete_df size: 0
-----------------------------------, 
-------- Node index: 3 --------
height: 0, sj: 16, 
right_ancestor_index: None, left_ancestor_index: 2, right_child: None, left_child: None, 
df size: 9, delete_df size: 0
-----------------------------------, 
-------- Node index: 4 --------
height: 2, sj: 127, 
right_ancestor_index: 8, left_ancestor_index: None, right_child: 6, left_child: 2, 
df size: 68, delete_df size: 0
-----------------------------------, 
-------- Node index: 5 --------
height: 0, sj: 189, 
right_ancestor_index: 6, left_ancestor_index: None, right_child: None, left_child: None, 
df size: 31, delete_df size: 0
-----------------------------------] 
[2023-04-23 01:38:22] - The deletion tree consists of nodes: [
-------- Node index: 1 --------
height: 0, sj: 2, 
right_ancestor_index: 2, left_ancestor_index: None, right_child: None, left_child: None, 
df size: 0, delete_df size: 0
-----------------------------------, 
-------- Node index: 2 --------
height: 1, sj: 4, 
right_ancestor_index: 4, left_ancestor_index: None, right_child: 3, left_child: 1, 
df size: 0, delete_df size: 0
-----------------------------------, 
-------- Node index: 3 --------
height: 0, sj: 16, 
right_ancestor_index: None, left_ancestor_index: 2, right_child: None, left_child: None, 
df size: 3, delete_df size: 0
-----------------------------------, 
-------- Node index: 4 --------
height: 2, sj: 127, 
right_ancestor_index: 8, left_ancestor_index: None, right_child: 6, left_child: 2, 
df size: 59, delete_df size: 0
-----------------------------------, 
-------- Node index: 5 --------
height: 0, sj: 189, 
right_ancestor_index: 6, left_ancestor_index: None, right_child: None, left_child: None, 
df size: 31, delete_df size: 0
-----------------------------------] 
[2023-04-23 01:38:22] - Infinite Private Partitioning: s0: 0, j: 5, T: 16129, beta: 2.883135391252616e-07, C: 178.08517037464256, epsilon: 1.0, 
 segment: [0, 2, 4, 16, 127, 189]
[2023-04-23 01:38:22] - ******** Testing Started ********
[2023-04-23 01:38:22] - ++++++++ Testing on node 1 Started ++++++++
[2023-04-23 01:38:22] - At node with index 1, we implement queries on cliques dict_keys(['marital-status', 'age']):
[2023-04-23 01:38:23] - -------- New Mechanism: Testing on 1, node 1 is accessed --------
[2023-04-23 01:38:23] - -------- New Mechanism answer node query on node 1 finished --------
[2023-04-23 01:38:23] - The testing is implemented at marital-status
[2023-04-23 01:38:23] - Ground truth: gives answer
[2023-04-23 01:38:23] - output_answer:[1 0 1 0 0 0 0 1 1 0 0 2 2]
[2023-04-23 01:38:23] - Range size 1, answer [1 0 1 0 0 0 0]:
[2023-04-23 01:38:23] - Range size 2, answer [1 1 0]:
[2023-04-23 01:38:23] - Range size 3, answer [0]:
[2023-04-23 01:38:23] - Range size 4, answer [2]:
[2023-04-23 01:38:23] - Range size 7, answer [2]:
[2023-04-23 01:38:23] - Golden standard: gives answer
[2023-04-23 01:38:23] - output_answer:[0 0 1 0 0 0 2 0 1 0 2 1 3]
[2023-04-23 01:38:23] - Range size 1, answer [0 0 1 0 0 0 2]:
[2023-04-23 01:38:23] - Range size 2, answer [0 1 0]:
[2023-04-23 01:38:23] - Range size 3, answer [2]:
[2023-04-23 01:38:23] - Range size 4, answer [1]:
[2023-04-23 01:38:23] - Range size 7, answer [3]:
[2023-04-23 01:38:23] - Mechanism: gives answer
[2023-04-23 01:38:23] - output_answer:[2 1 0 0 0 0 0 3 0 0 0 3 3]
[2023-04-23 01:38:23] - Range size 1, answer [2 1 0 0 0 0 0]:
[2023-04-23 01:38:23] - Range size 2, answer [3 0 0]:
[2023-04-23 01:38:23] - Range size 3, answer [0]:
[2023-04-23 01:38:23] - Range size 4, answer [3]:
[2023-04-23 01:38:23] - Range size 7, answer [3]:
[2023-04-23 01:38:23] - Mean Square Error of ground truth and golden standard: 0.9230769230769231
[2023-04-23 01:38:23] - Mean Square Error of ground truth and mechanism: 0.7692307692307693
[2023-04-23 01:38:23] - Mean Square Error of golden standard and mechanism: 2.1538461538461537
[2023-04-23 01:38:23] - Measurement3: golden_standard and mechanism
0.0
[2023-04-23 01:38:24] - -------- New Mechanism: Testing on 1, node 1 is accessed --------
[2023-04-23 01:38:25] - -------- New Mechanism answer node query on node 1 finished --------
[2023-04-23 01:38:25] - The testing is implemented at age
[2023-04-23 01:38:25] - Ground truth: gives answer
[2023-04-23 01:38:25] - output_answer:[0 0 0 0 0 0 0 0 0 0 0 0 0 0 0 0 0 0 0 0 0 0 0 1 0 0 0 0 0 0 0 0 0 0 1 0 0
 0 0 0 0 0 0 0 0 0 0 0 0 0 0 0 0 0 0 0 0 0 0 0 0 0 0 0 0 0 0 0 0 0 0 0 0 0
 0 0 0 0 0 0 0 0 0 0 0 0 0 0 0 0 0 0 0 1 0 0 0 1 0 0 0 0 0 0 0 0 0 0 0 0 0
 0 0 0 0 0 0 0 0 0 0 0 0 1 0 0 1 0 0 0 0 0 0 0 0 0 0 0 0 0 0 1 0 0 0 0 0 0
 0 0 0 1 0 0 1 0 0 0 0 1 0 0 2 0 0 0 0 2 2]
[2023-04-23 01:38:25] - Range size 1, answer [0 0 0 0 0 0 0 0 0 0 0 0 0 0 0 0 0 0 0 0 0 0 0 1 0 0 0 0 0 0 0 0 0 0 1 0 0
 0 0 0 0 0 0 0 0 0 0 0 0 0 0 0 0 0 0 0 0 0 0 0 0 0 0 0 0 0 0 0 0 0 0 0 0 0
 0 0 0 0 0 0 0 0 0 0 0]:
[2023-04-23 01:38:25] - Range size 2, answer [0 0 0 0 0 0 0 0 1 0 0 0 1 0 0 0 0 0 0 0 0 0 0 0 0 0 0 0 0 0 0 0]:
[2023-04-23 01:38:25] - Range size 3, answer [0 0 0 0 0 0 1 0 0 1 0 0 0 0 0 0 0 0 0 0 0]:
[2023-04-23 01:38:25] - Range size 5, answer [0 0 0 1 0 0 0 0 0 0 0]:
[2023-04-23 01:38:25] - Range size 6, answer [0 0 1 0 0]:
[2023-04-23 01:38:25] - Range size 10, answer [1 0 0]:
[2023-04-23 01:38:25] - Range size 11, answer [0 0 1 0 0]:
[2023-04-23 01:38:25] - Range size 21, answer [2 0 0]:
[2023-04-23 01:38:25] - Range size 22, answer [0]:
[2023-04-23 01:38:25] - Range size 42, answer [0]:
[2023-04-23 01:38:25] - Range size 43, answer [2]:
[2023-04-23 01:38:25] - Range size 85, answer [2]:
[2023-04-23 01:38:25] - Golden standard: gives answer
[2023-04-23 01:38:25] - output_answer:[0 0 0 0 0 0 0 0 0 0 0 0 0 0 0 0 0 0 0 0 0 0 0 0 0 0 0 0 0 0 0 0 0 0 0 0 0
 0 0 0 0 0 0 0 0 0 0 0 0 0 0 0 0 0 0 0 0 0 0 0 0 0 0 0 0 0 0 0 0 0 0 0 0 0
 3 0 0 0 0 0 0 0 0 0 0 0 0 0 0 0 0 0 0 0 0 0 0 0 0 0 0 0 0 0 0 0 0 0 0 0 0
 0 3 0 0 0 0 0 0 0 0 0 0 0 0 0 0 0 0 0 0 0 0 0 0 0 0 0 0 0 0 0 0 0 0 0 3 0
 0 0 0 0 0 0 0 0 0 0 0 0 0 3 0 0 3 0 3 0 3]
[2023-04-23 01:38:25] - Range size 1, answer [0 0 0 0 0 0 0 0 0 0 0 0 0 0 0 0 0 0 0 0 0 0 0 0 0 0 0 0 0 0 0 0 0 0 0 0 0
 0 0 0 0 0 0 0 0 0 0 0 0 0 0 0 0 0 0 0 0 0 0 0 0 0 0 0 0 0 0 0 0 0 0 0 0 0
 3 0 0 0 0 0 0 0 0 0 0]:
[2023-04-23 01:38:25] - Range size 2, answer [0 0 0 0 0 0 0 0 0 0 0 0 0 0 0 0 0 0 0 0 0 0 0 0 0 0 0 3 0 0 0 0]:
[2023-04-23 01:38:25] - Range size 3, answer [0 0 0 0 0 0 0 0 0 0 0 0 0 0 0 0 0 0 0 0 0]:
[2023-04-23 01:38:25] - Range size 5, answer [0 0 0 0 0 0 0 0 3 0 0]:
[2023-04-23 01:38:25] - Range size 6, answer [0 0 0 0 0]:
[2023-04-23 01:38:25] - Range size 10, answer [0 0 0]:
[2023-04-23 01:38:25] - Range size 11, answer [0 0 0 0 3]:
[2023-04-23 01:38:25] - Range size 21, answer [0 0 3]:
[2023-04-23 01:38:25] - Range size 22, answer [0]:
[2023-04-23 01:38:25] - Range size 42, answer [3]:
[2023-04-23 01:38:25] - Range size 43, answer [0]:
[2023-04-23 01:38:25] - Range size 85, answer [3]:
[2023-04-23 01:38:25] - Mechanism: gives answer
[2023-04-23 01:38:25] - output_answer:[0 0 0 0 0 0 0 0 0 0 0 0 0 0 0 0 0 0 0 0 0 0 0 0 0 0 0 0 0 0 0 0 0 0 0 0 0
 0 0 0 0 0 0 0 0 0 0 0 0 0 0 0 0 0 0 0 0 0 0 0 3 0 0 0 0 0 0 0 0 0 0 0 0 0
 0 0 0 0 0 0 0 0 0 0 0 0 0 0 0 0 0 0 0 0 0 0 0 0 0 0 0 0 0 0 0 0 0 3 0 0 0
 0 0 0 0 0 0 0 0 0 0 0 0 0 0 0 0 0 0 0 0 0 3 0 0 0 0 0 0 0 0 0 0 0 0 3 0 0
 0 0 0 0 0 0 0 3 0 0 0 0 0 0 0 3 0 0 3 0 3]
[2023-04-23 01:38:25] - Range size 1, answer [0 0 0 0 0 0 0 0 0 0 0 0 0 0 0 0 0 0 0 0 0 0 0 0 0 0 0 0 0 0 0 0 0 0 0 0 0
 0 0 0 0 0 0 0 0 0 0 0 0 0 0 0 0 0 0 0 0 0 0 0 3 0 0 0 0 0 0 0 0 0 0 0 0 0
 0 0 0 0 0 0 0 0 0 0 0]:
[2023-04-23 01:38:25] - Range size 2, answer [0 0 0 0 0 0 0 0 0 0 0 0 0 0 0 0 0 0 0 0 0 0 3 0 0 0 0 0 0 0 0 0]:
[2023-04-23 01:38:25] - Range size 3, answer [0 0 0 0 0 0 0 0 0 0 0 0 0 0 0 3 0 0 0 0 0]:
[2023-04-23 01:38:25] - Range size 5, answer [0 0 0 0 0 0 0 3 0 0 0]:
[2023-04-23 01:38:25] - Range size 6, answer [0 0 0 0 0]:
[2023-04-23 01:38:25] - Range size 10, answer [0 3 0]:
[2023-04-23 01:38:25] - Range size 11, answer [0 0 0 0 0]:
[2023-04-23 01:38:25] - Range size 21, answer [0 3 0]:
[2023-04-23 01:38:25] - Range size 22, answer [0]:
[2023-04-23 01:38:25] - Range size 42, answer [3]:
[2023-04-23 01:38:25] - Range size 43, answer [0]:
[2023-04-23 01:38:25] - Range size 85, answer [3]:
[2023-04-23 01:38:25] - Mean Square Error of ground truth and golden standard: 0.4319526627218935
[2023-04-23 01:38:25] - Mean Square Error of ground truth and mechanism: 0.48520710059171596
[2023-04-23 01:38:25] - Mean Square Error of golden standard and mechanism: 0.5857988165680473
[2023-04-23 01:38:25] - Measurement3: golden_standard and mechanism
0.0
[2023-04-23 01:38:25] - ++++++++ Testing on node 1 Finished ++++++++
[2023-04-23 01:38:25] - ++++++++ Testing on node 2 Started ++++++++
[2023-04-23 01:38:25] - At node with index 2, we implement queries on cliques dict_keys(['marital-status', 'age']):
[2023-04-23 01:38:25] - -------- New Mechanism: Testing on 2, node 2 is accessed --------
[2023-04-23 01:38:26] - -------- New Mechanism answer node query on node 2 finished --------
[2023-04-23 01:38:26] - The testing is implemented at marital-status
[2023-04-23 01:38:26] - Ground truth: gives answer
[2023-04-23 01:38:26] - output_answer:[2 1 1 0 0 0 0 3 1 0 0 4 4]
[2023-04-23 01:38:26] - Range size 1, answer [2 1 1 0 0 0 0]:
[2023-04-23 01:38:26] - Range size 2, answer [3 1 0]:
[2023-04-23 01:38:26] - Range size 3, answer [0]:
[2023-04-23 01:38:26] - Range size 4, answer [4]:
[2023-04-23 01:38:26] - Range size 7, answer [4]:
[2023-04-23 01:38:26] - Golden standard: gives answer
[2023-04-23 01:38:26] - output_answer:[1 0 1 0 1 1 1 1 1 2 3 2 5]
[2023-04-23 01:38:26] - Range size 1, answer [1 0 1 0 1 1 1]:
[2023-04-23 01:38:26] - Range size 2, answer [1 1 2]:
[2023-04-23 01:38:26] - Range size 3, answer [3]:
[2023-04-23 01:38:26] - Range size 4, answer [2]:
[2023-04-23 01:38:26] - Range size 7, answer [5]:
[2023-04-23 01:38:26] - Mechanism: gives answer
[2023-04-23 01:38:26] - output_answer:[0 4 0 0 0 0 1 4 0 0 1 4 5]
[2023-04-23 01:38:26] - Range size 1, answer [0 4 0 0 0 0 1]:
[2023-04-23 01:38:26] - Range size 2, answer [4 0 0]:
[2023-04-23 01:38:26] - Range size 3, answer [1]:
[2023-04-23 01:38:26] - Range size 4, answer [4]:
[2023-04-23 01:38:26] - Range size 7, answer [5]:
[2023-04-23 01:38:26] - Mean Square Error of ground truth and golden standard: 2.076923076923077
[2023-04-23 01:38:26] - Mean Square Error of ground truth and mechanism: 1.4615384615384615
[2023-04-23 01:38:26] - Mean Square Error of golden standard and mechanism: 3.230769230769231
[2023-04-23 01:38:26] - Measurement3: golden_standard and mechanism
0.0
[2023-04-23 01:38:26] - -------- New Mechanism: Testing on 2, node 2 is accessed --------
[2023-04-23 01:38:27] - -------- New Mechanism answer node query on node 2 finished --------
[2023-04-23 01:38:27] - The testing is implemented at age
[2023-04-23 01:38:27] - Ground truth: gives answer
[2023-04-23 01:38:27] - output_answer:[0 0 0 0 0 0 0 0 0 0 0 0 0 0 0 0 0 0 0 0 0 0 1 1 0 0 0 0 0 0 0 0 0 0 1 0 0
 1 0 0 0 0 0 0 0 0 0 0 0 0 0 0 0 0 0 0 0 0 0 0 0 0 0 0 0 0 0 0 0 0 0 0 0 0
 0 0 0 0 0 0 0 0 0 0 0 0 0 0 0 0 0 0 0 2 0 0 0 1 1 0 0 0 0 0 0 0 0 0 0 0 0
 0 0 0 0 0 0 0 0 0 0 0 0 2 0 0 1 0 0 0 0 0 0 0 0 0 0 0 0 0 0 2 0 0 0 0 0 0
 0 0 0 2 0 0 2 0 0 0 0 2 0 0 4 0 0 0 0 4 4]
[2023-04-23 01:38:27] - Range size 1, answer [0 0 0 0 0 0 0 0 0 0 0 0 0 0 0 0 0 0 0 0 0 0 1 1 0 0 0 0 0 0 0 0 0 0 1 0 0
 1 0 0 0 0 0 0 0 0 0 0 0 0 0 0 0 0 0 0 0 0 0 0 0 0 0 0 0 0 0 0 0 0 0 0 0 0
 0 0 0 0 0 0 0 0 0 0 0]:
[2023-04-23 01:38:27] - Range size 2, answer [0 0 0 0 0 0 0 0 2 0 0 0 1 1 0 0 0 0 0 0 0 0 0 0 0 0 0 0 0 0 0 0]:
[2023-04-23 01:38:27] - Range size 3, answer [0 0 0 0 0 0 2 0 0 1 0 0 0 0 0 0 0 0 0 0 0]:
[2023-04-23 01:38:27] - Range size 5, answer [0 0 0 2 0 0 0 0 0 0 0]:
[2023-04-23 01:38:27] - Range size 6, answer [0 0 2 0 0]:
[2023-04-23 01:38:27] - Range size 10, answer [2 0 0]:
[2023-04-23 01:38:27] - Range size 11, answer [0 0 2 0 0]:
[2023-04-23 01:38:27] - Range size 21, answer [4 0 0]:
[2023-04-23 01:38:27] - Range size 22, answer [0]:
[2023-04-23 01:38:27] - Range size 42, answer [0]:
[2023-04-23 01:38:27] - Range size 43, answer [4]:
[2023-04-23 01:38:27] - Range size 85, answer [4]:
[2023-04-23 01:38:27] - Golden standard: gives answer
[2023-04-23 01:38:27] - output_answer:[0 1 0 0 0 0 0 0 1 1 0 0 0 0 0 0 0 0 0 0 0 0 0 0 0 0 0 0 0 0 0 0 0 0 0 0 0
 0 0 0 0 0 0 0 0 0 0 0 0 0 0 0 0 0 0 0 0 0 0 0 0 0 0 0 0 0 0 0 0 0 0 0 0 0
 0 0 0 0 0 0 2 0 0 0 0 1 0 0 1 0 0 0 0 0 0 0 0 0 0 0 0 0 0 0 0 0 0 0 0 0 0
 0 0 0 0 2 0 1 0 1 0 0 0 0 0 0 0 0 0 0 0 0 0 0 0 0 0 2 2 0 0 0 0 0 0 0 0 0
 2 1 0 0 0 0 0 0 2 3 0 0 0 0 0 0 2 3 2 3 5]
[2023-04-23 01:38:27] - Range size 1, answer [0 1 0 0 0 0 0 0 1 1 0 0 0 0 0 0 0 0 0 0 0 0 0 0 0 0 0 0 0 0 0 0 0 0 0 0 0
 0 0 0 0 0 0 0 0 0 0 0 0 0 0 0 0 0 0 0 0 0 0 0 0 0 0 0 0 0 0 0 0 0 0 0 0 0
 0 0 0 0 0 0 2 0 0 0 0]:
[2023-04-23 01:38:27] - Range size 2, answer [1 0 0 1 0 0 0 0 0 0 0 0 0 0 0 0 0 0 0 0 0 0 0 0 0 0 0 0 0 0 2 0]:
[2023-04-23 01:38:27] - Range size 3, answer [1 0 1 0 0 0 0 0 0 0 0 0 0 0 0 0 0 0 0 0 2]:
[2023-04-23 01:38:27] - Range size 5, answer [2 0 0 0 0 0 0 0 0 0 2]:
[2023-04-23 01:38:27] - Range size 6, answer [1 0 0 0 0]:
[2023-04-23 01:38:27] - Range size 10, answer [0 0 2]:
[2023-04-23 01:38:27] - Range size 11, answer [3 0 0 0 0]:
[2023-04-23 01:38:27] - Range size 21, answer [0 0 2]:
[2023-04-23 01:38:27] - Range size 22, answer [3]:
[2023-04-23 01:38:27] - Range size 42, answer [2]:
[2023-04-23 01:38:27] - Range size 43, answer [3]:
[2023-04-23 01:38:27] - Range size 85, answer [5]:
[2023-04-23 01:38:27] - Mechanism: gives answer
[2023-04-23 01:38:27] - output_answer:[0 0 0 0 0 0 0 0 0 0 0 0 0 0 0 0 0 0 0 0 0 5 0 0 0 0 0 0 0 0 0 0 0 0 0 0 0
 0 0 0 0 0 0 0 0 0 0 0 0 0 0 0 0 0 0 0 0 0 0 0 0 0 0 0 0 0 0 0 0 0 0 0 0 0
 0 0 0 0 0 0 0 0 0 0 0 0 0 0 0 0 0 0 5 0 0 0 0 0 0 0 0 0 0 0 0 0 0 0 0 0 0
 0 0 0 0 0 0 0 0 0 0 0 0 0 0 0 0 0 0 0 0 0 0 0 0 0 0 0 0 5 0 0 0 0 0 0 0 0
 0 0 0 0 0 0 0 0 0 0 5 0 0 0 0 0 0 5 0 5 5]
[2023-04-23 01:38:27] - Range size 1, answer [0 0 0 0 0 0 0 0 0 0 0 0 0 0 0 0 0 0 0 0 0 5 0 0 0 0 0 0 0 0 0 0 0 0 0 0 0
 0 0 0 0 0 0 0 0 0 0 0 0 0 0 0 0 0 0 0 0 0 0 0 0 0 0 0 0 0 0 0 0 0 0 0 0 0
 0 0 0 0 0 0 0 0 0 0 0]:
[2023-04-23 01:38:27] - Range size 2, answer [0 0 0 0 0 0 0 5 0 0 0 0 0 0 0 0 0 0 0 0 0 0 0 0 0 0 0 0 0 0 0 0]:
[2023-04-23 01:38:27] - Range size 3, answer [0 0 0 0 0 0 0 0 0 0 0 0 0 0 0 0 0 0 0 0 0]:
[2023-04-23 01:38:27] - Range size 5, answer [0 5 0 0 0 0 0 0 0 0 0]:
[2023-04-23 01:38:27] - Range size 6, answer [0 0 0 0 0]:
[2023-04-23 01:38:27] - Range size 10, answer [0 0 0]:
[2023-04-23 01:38:27] - Range size 11, answer [0 5 0 0 0]:
[2023-04-23 01:38:27] - Range size 21, answer [0 0 0]:
[2023-04-23 01:38:27] - Range size 22, answer [5]:
[2023-04-23 01:38:27] - Range size 42, answer [0]:
[2023-04-23 01:38:27] - Range size 43, answer [5]:
[2023-04-23 01:38:27] - Range size 85, answer [5]:
[2023-04-23 01:38:27] - Mean Square Error of ground truth and golden standard: 0.6331360946745562
[2023-04-23 01:38:27] - Mean Square Error of ground truth and mechanism: 1.029585798816568
[2023-04-23 01:38:27] - Mean Square Error of golden standard and mechanism: 0.9289940828402367
[2023-04-23 01:38:27] - Measurement3: golden_standard and mechanism
0.0
[2023-04-23 01:38:27] - ++++++++ Testing on node 2 Finished ++++++++
[2023-04-23 01:38:27] - ++++++++ Testing on node 3 Started ++++++++
[2023-04-23 01:38:27] - At node with index 3, we implement queries on cliques dict_keys(['marital-status', 'age']):
[2023-04-23 01:38:27] - -------- New Mechanism: Testing on 3, node 2 is accessed --------
[2023-04-23 01:38:28] - -------- New Mechanism answer node query on node 2 finished --------
[2023-04-23 01:38:28] - -------- New Mechanism: Testing on 3, node 3 is accessed --------
[2023-04-23 01:38:28] - -------- New Mechanism answer node query on node 3 finished --------
[2023-04-23 01:38:28] - The testing is implemented at marital-status
[2023-04-23 01:38:28] - Ground truth: gives answer
[2023-04-23 01:38:28] - output_answer:[ 6  1  2  0  0  1  0  7  2  1  1  9 10]
[2023-04-23 01:38:28] - Range size 1, answer [6 1 2 0 0 1 0]:
[2023-04-23 01:38:28] - Range size 2, answer [7 2 1]:
[2023-04-23 01:38:28] - Range size 3, answer [1]:
[2023-04-23 01:38:28] - Range size 4, answer [9]:
[2023-04-23 01:38:28] - Range size 7, answer [10]:
[2023-04-23 01:38:28] - Golden standard: gives answer
[2023-04-23 01:38:28] - output_answer:[ 7  0  1  2  0  0  1  7  3  0  1 10 11]
[2023-04-23 01:38:28] - Range size 1, answer [7 0 1 2 0 0 1]:
[2023-04-23 01:38:28] - Range size 2, answer [7 3 0]:
[2023-04-23 01:38:28] - Range size 3, answer [1]:
[2023-04-23 01:38:28] - Range size 4, answer [10]:
[2023-04-23 01:38:28] - Range size 7, answer [11]:
[2023-04-23 01:38:28] - Mechanism: gives answer
[2023-04-23 01:38:28] - output_answer:[ 0  0  1  5  0  6  0  0  6  6  6  6 12]
[2023-04-23 01:38:28] - Range size 1, answer [0 0 1 5 0 6 0]:
[2023-04-23 01:38:28] - Range size 2, answer [0 6 6]:
[2023-04-23 01:38:28] - Range size 3, answer [6]:
[2023-04-23 01:38:28] - Range size 4, answer [6]:
[2023-04-23 01:38:28] - Range size 7, answer [12]:
[2023-04-23 01:38:28] - Mean Square Error of ground truth and golden standard: 1.0
[2023-04-23 01:38:28] - Mean Square Error of ground truth and mechanism: 16.615384615384617
[2023-04-23 01:38:28] - Mean Square Error of golden standard and mechanism: 17.76923076923077
[2023-04-23 01:38:28] - Measurement3: golden_standard and mechanism
0.0
[2023-04-23 01:38:29] - -------- New Mechanism: Testing on 3, node 2 is accessed --------
[2023-04-23 01:38:30] - -------- New Mechanism answer node query on node 2 finished --------
[2023-04-23 01:38:30] - -------- New Mechanism: Testing on 3, node 3 is accessed --------
[2023-04-23 01:38:30] - -------- New Mechanism answer node query on node 3 finished --------
[2023-04-23 01:38:30] - The testing is implemented at age
[2023-04-23 01:38:30] - Ground truth: gives answer
[2023-04-23 01:38:30] - output_answer:[ 0  0  0  0  0  0  0  1  0  0  0  0  1  0  1  0  0  0  0  0  0  1  1  1
  0  0  1  0  0  0  0  0  0  1  1  0  0  1  0  0  0  0  0  0  0  0  0  0
  0  0  0  0  0  0  0  0  0  0  0  0  0  0  0  0  0  0  0  0  0  0  0  0
  0  0  0  0  0  0  0  0  0  0  0  0  0  0  0  1  0  1  1  0  1  2  1  0
  0  2  1  0  0  0  0  0  0  0  0  0  0  0  0  0  0  0  0  0  0  0  0  1
  1  1  0  2  1  0  2  0  0  0  0  0  0  0  0  0  0  0  1  1  0  3  0  0
  0  0  0  0  0  0  2  3  0  0  3  0  0  1  3  3  0  0  6  0  0  4  0 10
 10]
[2023-04-23 01:38:30] - Range size 1, answer [0 0 0 0 0 0 0 1 0 0 0 0 1 0 1 0 0 0 0 0 0 1 1 1 0 0 1 0 0 0 0 0 0 1 1 0 0
 1 0 0 0 0 0 0 0 0 0 0 0 0 0 0 0 0 0 0 0 0 0 0 0 0 0 0 0 0 0 0 0 0 0 0 0 0
 0 0 0 0 0 0 0 0 0 0 0]:
[2023-04-23 01:38:30] - Range size 2, answer [0 0 1 0 1 1 0 1 2 1 0 0 2 1 0 0 0 0 0 0 0 0 0 0 0 0 0 0 0 0 0 0]:
[2023-04-23 01:38:30] - Range size 3, answer [0 0 1 1 1 0 2 1 0 2 0 0 0 0 0 0 0 0 0 0 0]:
[2023-04-23 01:38:30] - Range size 5, answer [1 1 0 3 0 0 0 0 0 0 0]:
[2023-04-23 01:38:30] - Range size 6, answer [0 2 3 0 0]:
[2023-04-23 01:38:30] - Range size 10, answer [3 0 0]:
[2023-04-23 01:38:30] - Range size 11, answer [1 3 3 0 0]:
[2023-04-23 01:38:30] - Range size 21, answer [6 0 0]:
[2023-04-23 01:38:30] - Range size 22, answer [4]:
[2023-04-23 01:38:30] - Range size 42, answer [0]:
[2023-04-23 01:38:30] - Range size 43, answer [10]:
[2023-04-23 01:38:30] - Range size 85, answer [10]:
[2023-04-23 01:38:30] - Golden standard: gives answer
[2023-04-23 01:38:30] - output_answer:[ 0  0  0  0  1  0  0  0  0  0  0  0  3  0  0  0  0  0  0  0  0  0  0  0
  0  0  0  0  0  0  0  0  0  0  0  0  0  0  2  0  0  0  0  0  0  0  0  0
  0  0  0  0  0  0  0  0  0  0  0  0  0  3  0  1  0  0  0  0  0  1  0  0
  0  0  0  0  0  0  0  0  0  0  0  0  0  0  1  0  0  3  0  0  0  0  0  0
  0  0  0  2  0  0  0  0  0  0  0  0  1  0  0  0  0  0  0  0  0  0  1  0
  3  0  0  0  0  0  0  2  0  0  0  0  3  0  1  0  0  0  0  0  0  0  2  0
  0  4  0  0  0  1  3  0  0  1  2  4  0  1  3  0  0  1  2  4  1  4  5  6
 11]
[2023-04-23 01:38:30] - Range size 1, answer [0 0 0 0 1 0 0 0 0 0 0 0 3 0 0 0 0 0 0 0 0 0 0 0 0 0 0 0 0 0 0 0 0 0 0 0 0
 0 2 0 0 0 0 0 0 0 0 0 0 0 0 0 0 0 0 0 0 0 0 0 0 3 0 1 0 0 0 0 0 1 0 0 0 0
 0 0 0 0 0 0 0 0 0 0 0]:
[2023-04-23 01:38:30] - Range size 2, answer [0 1 0 0 3 0 0 0 0 0 0 0 0 0 2 0 0 0 0 0 0 0 0 1 0 0 0 0 0 0 0 0]:
[2023-04-23 01:38:30] - Range size 3, answer [0 1 0 3 0 0 0 0 0 0 2 0 0 0 0 3 0 1 0 0 0]:
[2023-04-23 01:38:30] - Range size 5, answer [0 0 0 0 2 0 0 4 0 0 0]:
[2023-04-23 01:38:30] - Range size 6, answer [1 3 0 0 1]:
[2023-04-23 01:38:30] - Range size 10, answer [2 4 0]:
[2023-04-23 01:38:30] - Range size 11, answer [1 3 0 0 1]:
[2023-04-23 01:38:30] - Range size 21, answer [2 4 1]:
[2023-04-23 01:38:30] - Range size 22, answer [4]:
[2023-04-23 01:38:30] - Range size 42, answer [5]:
[2023-04-23 01:38:30] - Range size 43, answer [6]:
[2023-04-23 01:38:30] - Range size 85, answer [11]:
[2023-04-23 01:38:30] - Mechanism: gives answer
[2023-04-23 01:38:30] - output_answer:[ 0  0  0  0  0  0  0  0  0  0  0  0  0  0  0  0  0  0  0  7  0  0  0  0
  0  0  0  5  0  0  0  0  0  0  0  0  0  0  0  0  0  0  0  0  0  0  0  0
  0  0  0  0  0  0  0  0  0  0  0  0  0  0  0  0  0  0  0  0  0  0  0  0
  0  0  0  0  0  0  0  0  0  0  0  0  0  0  0  0  0  0  0  0  0  0  0  0
  0  0  0  0  0  0  0  0  0  0  0  0  0  0  0  0  0  0  0  0  0  0  0  0
  0  0  7  0  5  0  0  0  0  0  0  0  0  0  0  0  0  0  0  7  0  0  0  0
  0  0  0  0  0  0  0  5  0  0  0  0  0  0  7  5  0  0  5  0  0  7  0 12
 12]
[2023-04-23 01:38:30] - Range size 1, answer [0 0 0 0 0 0 0 0 0 0 0 0 0 0 0 0 0 0 0 7 0 0 0 0 0 0 0 5 0 0 0 0 0 0 0 0 0
 0 0 0 0 0 0 0 0 0 0 0 0 0 0 0 0 0 0 0 0 0 0 0 0 0 0 0 0 0 0 0 0 0 0 0 0 0
 0 0 0 0 0 0 0 0 0 0 0]:
[2023-04-23 01:38:30] - Range size 2, answer [0 0 0 0 0 0 0 0 0 0 0 0 0 0 0 0 0 0 0 0 0 0 0 0 0 0 0 0 0 0 0 0]:
[2023-04-23 01:38:30] - Range size 3, answer [0 0 0 0 0 7 0 5 0 0 0 0 0 0 0 0 0 0 0 0 0]:
[2023-04-23 01:38:30] - Range size 5, answer [0 7 0 0 0 0 0 0 0 0 0]:
[2023-04-23 01:38:30] - Range size 6, answer [0 0 5 0 0]:
[2023-04-23 01:38:30] - Range size 10, answer [0 0 0]:
[2023-04-23 01:38:30] - Range size 11, answer [0 7 5 0 0]:
[2023-04-23 01:38:30] - Range size 21, answer [5 0 0]:
[2023-04-23 01:38:30] - Range size 22, answer [7]:
[2023-04-23 01:38:30] - Range size 42, answer [0]:
[2023-04-23 01:38:30] - Range size 43, answer [12]:
[2023-04-23 01:38:30] - Range size 85, answer [12]:
[2023-04-23 01:38:30] - Mean Square Error of ground truth and golden standard: 1.3431952662721893
[2023-04-23 01:38:30] - Mean Square Error of ground truth and mechanism: 1.6331360946745561
[2023-04-23 01:38:30] - Mean Square Error of golden standard and mechanism: 2.8224852071005917
[2023-04-23 01:38:30] - Measurement3: golden_standard and mechanism
0.0
[2023-04-23 01:38:30] - ++++++++ Testing on node 3 Finished ++++++++
[2023-04-23 01:38:30] - ++++++++ Testing on node 4 Started ++++++++
[2023-04-23 01:38:30] - At node with index 4, we implement queries on cliques dict_keys(['marital-status', 'age']):
[2023-04-23 01:38:31] - -------- New Mechanism: Testing on 4, node 4 is accessed --------
[2023-04-23 01:38:31] - -------- New Mechanism answer node query on node 4 finished --------
[2023-04-23 01:38:31] - The testing is implemented at marital-status
[2023-04-23 01:38:31] - Ground truth: gives answer
[2023-04-23 01:38:31] - output_answer:[6 2 1 0 0 0 0 8 1 0 0 9 9]
[2023-04-23 01:38:31] - Range size 1, answer [6 2 1 0 0 0 0]:
[2023-04-23 01:38:31] - Range size 2, answer [8 1 0]:
[2023-04-23 01:38:31] - Range size 3, answer [0]:
[2023-04-23 01:38:31] - Range size 4, answer [9]:
[2023-04-23 01:38:31] - Range size 7, answer [9]:
[2023-04-23 01:38:31] - Golden standard: gives answer
[2023-04-23 01:38:31] - output_answer:[ 5  3  1  0  0  0  1  8  1  0  1  9 10]
[2023-04-23 01:38:31] - Range size 1, answer [5 3 1 0 0 0 1]:
[2023-04-23 01:38:31] - Range size 2, answer [8 1 0]:
[2023-04-23 01:38:31] - Range size 3, answer [1]:
[2023-04-23 01:38:31] - Range size 4, answer [9]:
[2023-04-23 01:38:31] - Range size 7, answer [10]:
[2023-04-23 01:38:31] - Mechanism: gives answer
[2023-04-23 01:38:31] - output_answer:[ 1  3  0  0  4  2  0  4  0  6  6  4 10]
[2023-04-23 01:38:31] - Range size 1, answer [1 3 0 0 4 2 0]:
[2023-04-23 01:38:31] - Range size 2, answer [4 0 6]:
[2023-04-23 01:38:31] - Range size 3, answer [6]:
[2023-04-23 01:38:31] - Range size 4, answer [4]:
[2023-04-23 01:38:31] - Range size 7, answer [10]:
[2023-04-23 01:38:31] - Mean Square Error of ground truth and golden standard: 0.38461538461538464
[2023-04-23 01:38:31] - Mean Square Error of ground truth and mechanism: 12.461538461538462
[2023-04-23 01:38:31] - Mean Square Error of golden standard and mechanism: 10.846153846153847
[2023-04-23 01:38:31] - Measurement3: golden_standard and mechanism
0.0
[2023-04-23 01:38:32] - -------- New Mechanism: Testing on 4, node 4 is accessed --------
[2023-04-23 01:38:33] - -------- New Mechanism answer node query on node 4 finished --------
[2023-04-23 01:38:33] - The testing is implemented at age
[2023-04-23 01:38:33] - Ground truth: gives answer
[2023-04-23 01:38:33] - output_answer:[0 0 1 0 0 0 0 0 1 0 0 0 1 1 0 0 0 0 0 0 1 0 0 0 0 0 1 0 0 0 1 0 1 0 0 0 0
 1 0 0 0 0 0 0 0 0 0 0 0 0 0 0 0 0 0 0 0 0 0 0 0 0 0 0 0 0 0 0 0 0 0 0 0 0
 0 0 0 0 0 0 0 0 0 0 0 0 0 0 0 1 0 0 1 0 1 0 1 0 1 0 0 0 0 0 0 0 0 0 0 0 0
 0 0 0 0 0 0 1 0 1 2 0 0 0 1 1 0 0 0 0 0 0 0 0 0 0 0 0 1 1 2 1 0 0 0 0 0 0
 0 1 2 1 0 0 1 0 0 2 3 3 0 0 4 0 0 5 0 9 9]
[2023-04-23 01:38:33] - Range size 1, answer [0 0 1 0 0 0 0 0 1 0 0 0 1 1 0 0 0 0 0 0 1 0 0 0 0 0 1 0 0 0 1 0 1 0 0 0 0
 1 0 0 0 0 0 0 0 0 0 0 0 0 0 0 0 0 0 0 0 0 0 0 0 0 0 0 0 0 0 0 0 0 0 0 0 0
 0 0 0 0 0 0 0 0 0 0 0]:
[2023-04-23 01:38:33] - Range size 2, answer [0 0 0 0 1 0 0 1 0 1 0 1 0 1 0 0 0 0 0 0 0 0 0 0 0 0 0 0 0 0 0 0]:
[2023-04-23 01:38:33] - Range size 3, answer [1 0 1 2 0 0 0 1 1 0 0 0 0 0 0 0 0 0 0 0 0]:
[2023-04-23 01:38:33] - Range size 5, answer [1 1 2 1 0 0 0 0 0 0 0]:
[2023-04-23 01:38:33] - Range size 6, answer [1 2 1 0 0]:
[2023-04-23 01:38:33] - Range size 10, answer [1 0 0]:
[2023-04-23 01:38:33] - Range size 11, answer [2 3 3 0 0]:
[2023-04-23 01:38:33] - Range size 21, answer [4 0 0]:
[2023-04-23 01:38:33] - Range size 22, answer [5]:
[2023-04-23 01:38:33] - Range size 42, answer [0]:
[2023-04-23 01:38:33] - Range size 43, answer [9]:
[2023-04-23 01:38:33] - Range size 85, answer [9]:
[2023-04-23 01:38:33] - Golden standard: gives answer
[2023-04-23 01:38:33] - output_answer:[ 0  0  0  0  0  0  0  0  4  0  0  1  2  0  0  0  0  0  0  0  0  0  0  0
  0  0  0  0  0  0  0  0  0  0  0  0  0  3  0  0  0  0  0  0  0  0  0  0
  0  0  0  0  0  0  0  0  0  0  0  0  0  0  0  0  0  0  0  0  0  0  0  0
  0  0  0  0  0  0  0  0  0  0  0  0  0  0  0  0  0  3  0  0  0  0  0  0
  0  0  3  0  0  0  0  0  0  0  0  0  0  0  0  0  0  0  0  0  0  0  0  4
  3  0  0  0  0  0  0  0  0  0  0  0  0  0  0  0  0  0  4  0  0  3  0  0
  0  0  0  0  0  0  3  0  0  0  3  0  0  4  3  0  0  0  3  0  0  7  0 10
 10]
[2023-04-23 01:38:33] - Range size 1, answer [0 0 0 0 0 0 0 0 4 0 0 1 2 0 0 0 0 0 0 0 0 0 0 0 0 0 0 0 0 0 0 0 0 0 0 0 0
 3 0 0 0 0 0 0 0 0 0 0 0 0 0 0 0 0 0 0 0 0 0 0 0 0 0 0 0 0 0 0 0 0 0 0 0 0
 0 0 0 0 0 0 0 0 0 0 0]:
[2023-04-23 01:38:33] - Range size 2, answer [0 0 0 0 3 0 0 0 0 0 0 0 0 3 0 0 0 0 0 0 0 0 0 0 0 0 0 0 0 0 0 0]:
[2023-04-23 01:38:33] - Range size 3, answer [0 0 4 3 0 0 0 0 0 0 0 0 0 0 0 0 0 0 0 0 0]:
[2023-04-23 01:38:33] - Range size 5, answer [4 0 0 3 0 0 0 0 0 0 0]:
[2023-04-23 01:38:33] - Range size 6, answer [0 3 0 0 0]:
[2023-04-23 01:38:33] - Range size 10, answer [3 0 0]:
[2023-04-23 01:38:33] - Range size 11, answer [4 3 0 0 0]:
[2023-04-23 01:38:33] - Range size 21, answer [3 0 0]:
[2023-04-23 01:38:33] - Range size 22, answer [7]:
[2023-04-23 01:38:33] - Range size 42, answer [0]:
[2023-04-23 01:38:33] - Range size 43, answer [10]:
[2023-04-23 01:38:33] - Range size 85, answer [10]:
[2023-04-23 01:38:33] - Mechanism: gives answer
[2023-04-23 01:38:33] - output_answer:[ 0  0  0  0  0  0  0  0  0  0  0  0  0  0  0  0  0  0  0  6  0  0  0  0
  0  0  0  0  0  0  0  0  0  0  0  0  0  0  0  0  0  1  0  0  0  1  0  0
  0  0  0  0  0  0  0  0  0  0  0  0  0  1  0  0  0  0  0  0  0  0  0  0
  0  0  0  0  0  0  0  1  0  0  0  0  0  0  0  0  0  0  0  0  0  0  0  0
  0  0  0  0  1  0  0  0  0  0  0  0  0  0  0  0  0  0  1  0  0  0  0  0
  0  0  6  0  0  0  0  0  1  0  0  0  1  0  0  0  0  0  0  6  0  0  1  0
  0  1  0  1  0  0  0  0  1  0  1  1  1  0  6  0  1  0  1  2  1  6  3  7
 10]
[2023-04-23 01:38:33] - Range size 1, answer [0 0 0 0 0 0 0 0 0 0 0 0 0 0 0 0 0 0 0 6 0 0 0 0 0 0 0 0 0 0 0 0 0 0 0 0 0
 0 0 0 0 1 0 0 0 1 0 0 0 0 0 0 0 0 0 0 0 0 0 0 0 1 0 0 0 0 0 0 0 0 0 0 0 0
 0 0 0 0 0 1 0 0 0 0 0]:
[2023-04-23 01:38:33] - Range size 2, answer [0 0 0 0 0 0 0 0 0 0 0 0 0 0 0 1 0 0 0 0 0 0 0 0 0 0 0 0 0 1 0 0]:
[2023-04-23 01:38:33] - Range size 3, answer [0 0 0 0 0 6 0 0 0 0 0 1 0 0 0 1 0 0 0 0 0]:
[2023-04-23 01:38:33] - Range size 5, answer [0 6 0 0 1 0 0 1 0 1 0]:
[2023-04-23 01:38:33] - Range size 6, answer [0 0 0 1 0]:
[2023-04-23 01:38:33] - Range size 10, answer [1 1 1]:
[2023-04-23 01:38:33] - Range size 11, answer [0 6 0 1 0]:
[2023-04-23 01:38:33] - Range size 21, answer [1 2 1]:
[2023-04-23 01:38:33] - Range size 22, answer [6]:
[2023-04-23 01:38:33] - Range size 42, answer [3]:
[2023-04-23 01:38:33] - Range size 43, answer [7]:
[2023-04-23 01:38:33] - Range size 85, answer [10]:
[2023-04-23 01:38:33] - Mean Square Error of ground truth and golden standard: 0.5325443786982249
[2023-04-23 01:38:33] - Mean Square Error of ground truth and mechanism: 1.165680473372781
[2023-04-23 01:38:33] - Mean Square Error of golden standard and mechanism: 1.698224852071006
[2023-04-23 01:38:33] - Measurement3: golden_standard and mechanism
0.0
[2023-04-23 01:38:33] - ++++++++ Testing on node 4 Finished ++++++++
[2023-04-23 01:38:33] - ++++++++ Testing on node 1 Started ++++++++
[2023-04-23 01:38:33] - At node index 1 current size of dataset is: 2
[2023-04-23 01:38:33] - The testing is implemented at marital-status
[2023-04-23 01:38:33] - Ground truth: gives answer
[2023-04-23 01:38:33] - output_answer:[1 0 1 0 0 0 0 1 1 0 0 2 2]
[2023-04-23 01:38:33] - Range size 1, answer [1 0 1 0 0 0 0]:
[2023-04-23 01:38:33] - Range size 2, answer [1 1 0]:
[2023-04-23 01:38:33] - Range size 3, answer [0]:
[2023-04-23 01:38:33] - Range size 4, answer [2]:
[2023-04-23 01:38:33] - Range size 7, answer [2]:
[2023-04-23 01:38:33] - Mechanism: gives answer
[2023-04-23 01:38:33] - output_answer:[1 0 0 1 0 1 0 1 1 1 1 2 3]
[2023-04-23 01:38:33] - Range size 1, answer [1 0 0 1 0 1 0]:
[2023-04-23 01:38:33] - Range size 2, answer [1 1 1]:
[2023-04-23 01:38:33] - Range size 3, answer [1]:
[2023-04-23 01:38:33] - Range size 4, answer [2]:
[2023-04-23 01:38:33] - Range size 7, answer [3]:
[2023-04-23 01:38:33] - At node index 1 current size of dataset is: 2
[2023-04-23 01:38:34] - The testing is implemented at age
[2023-04-23 01:38:34] - Ground truth: gives answer
[2023-04-23 01:38:34] - output_answer:[0 0 0 0 0 0 0 0 0 0 0 0 0 0 0 0 0 0 0 0 0 0 0 1 0 0 0 0 0 0 0 0 0 0 1 0 0
 0 0 0 0 0 0 0 0 0 0 0 0 0 0 0 0 0 0 0 0 0 0 0 0 0 0 0 0 0 0 0 0 0 0 0 0 0
 0 0 0 0 0 0 0 0 0 0 0 0 0 0 0 0 0 0 0 1 0 0 0 1 0 0 0 0 0 0 0 0 0 0 0 0 0
 0 0 0 0 0 0 0 0 0 0 0 0 1 0 0 1 0 0 0 0 0 0 0 0 0 0 0 0 0 0 1 0 0 0 0 0 0
 0 0 0 1 0 0 1 0 0 0 0 1 0 0 2 0 0 0 0 2 2]
[2023-04-23 01:38:34] - Range size 1, answer [0 0 0 0 0 0 0 0 0 0 0 0 0 0 0 0 0 0 0 0 0 0 0 1 0 0 0 0 0 0 0 0 0 0 1 0 0
 0 0 0 0 0 0 0 0 0 0 0 0 0 0 0 0 0 0 0 0 0 0 0 0 0 0 0 0 0 0 0 0 0 0 0 0 0
 0 0 0 0 0 0 0 0 0 0 0]:
[2023-04-23 01:38:34] - Range size 2, answer [0 0 0 0 0 0 0 0 1 0 0 0 1 0 0 0 0 0 0 0 0 0 0 0 0 0 0 0 0 0 0 0]:
[2023-04-23 01:38:34] - Range size 3, answer [0 0 0 0 0 0 1 0 0 1 0 0 0 0 0 0 0 0 0 0 0]:
[2023-04-23 01:38:34] - Range size 5, answer [0 0 0 1 0 0 0 0 0 0 0]:
[2023-04-23 01:38:34] - Range size 6, answer [0 0 1 0 0]:
[2023-04-23 01:38:34] - Range size 10, answer [1 0 0]:
[2023-04-23 01:38:34] - Range size 11, answer [0 0 1 0 0]:
[2023-04-23 01:38:34] - Range size 21, answer [2 0 0]:
[2023-04-23 01:38:34] - Range size 22, answer [0]:
[2023-04-23 01:38:34] - Range size 42, answer [0]:
[2023-04-23 01:38:34] - Range size 43, answer [2]:
[2023-04-23 01:38:34] - Range size 85, answer [2]:
[2023-04-23 01:38:34] - Mechanism: gives answer
[2023-04-23 01:38:34] - output_answer:[0 0 0 0 0 0 0 0 0 0 0 0 0 0 0 0 0 0 0 0 0 0 0 0 0 0 0 0 0 0 0 0 0 0 0 0 1
 0 0 0 0 0 0 0 0 0 0 0 0 0 0 0 0 0 0 0 0 0 2 0 0 0 0 0 0 0 0 0 0 0 0 0 0 0
 0 0 0 0 0 0 0 0 0 0 0 0 0 0 0 0 0 0 0 0 0 0 0 0 1 0 0 0 0 0 0 0 2 0 0 0 0
 0 0 0 0 0 0 0 0 0 0 0 0 0 0 0 0 0 0 0 0 0 0 0 0 0 0 0 0 0 0 1 0 0 2 0 0 0
 0 0 0 0 0 0 1 2 0 0 0 0 0 0 1 2 0 0 2 1 3]
[2023-04-23 01:38:34] - Range size 1, answer [0 0 0 0 0 0 0 0 0 0 0 0 0 0 0 0 0 0 0 0 0 0 0 0 0 0 0 0 0 0 0 0 0 0 0 0 1
 0 0 0 0 0 0 0 0 0 0 0 0 0 0 0 0 0 0 0 0 0 2 0 0 0 0 0 0 0 0 0 0 0 0 0 0 0
 0 0 0 0 0 0 0 0 0 0 0]:
[2023-04-23 01:38:34] - Range size 2, answer [0 0 0 0 0 0 0 0 0 0 0 0 0 1 0 0 0 0 0 0 0 2 0 0 0 0 0 0 0 0 0 0]:
[2023-04-23 01:38:34] - Range size 3, answer [0 0 0 0 0 0 0 0 0 0 0 0 0 0 0 0 0 0 0 0 0]:
[2023-04-23 01:38:34] - Range size 5, answer [0 0 0 1 0 0 2 0 0 0 0]:
[2023-04-23 01:38:34] - Range size 6, answer [0 0 0 0 0]:
[2023-04-23 01:38:34] - Range size 10, answer [1 2 0]:
[2023-04-23 01:38:34] - Range size 11, answer [0 0 0 0 0]:
[2023-04-23 01:38:34] - Range size 21, answer [1 2 0]:
[2023-04-23 01:38:34] - Range size 22, answer [0]:
[2023-04-23 01:38:34] - Range size 42, answer [2]:
[2023-04-23 01:38:34] - Range size 43, answer [1]:
[2023-04-23 01:38:34] - Range size 85, answer [3]:
[2023-04-23 01:38:34] - ++++++++ Testing on node 1 Finished ++++++++
[2023-04-23 01:38:34] - ++++++++ Testing on node 2 Started ++++++++
[2023-04-23 01:38:34] - At node index 2 current size of dataset is: 4
[2023-04-23 01:38:34] - The testing is implemented at marital-status
[2023-04-23 01:38:34] - Ground truth: gives answer
[2023-04-23 01:38:34] - output_answer:[2 1 1 0 0 0 0 3 1 0 0 4 4]
[2023-04-23 01:38:34] - Range size 1, answer [2 1 1 0 0 0 0]:
[2023-04-23 01:38:34] - Range size 2, answer [3 1 0]:
[2023-04-23 01:38:34] - Range size 3, answer [0]:
[2023-04-23 01:38:34] - Range size 4, answer [4]:
[2023-04-23 01:38:34] - Range size 7, answer [4]:
[2023-04-23 01:38:34] - Mechanism: gives answer
[2023-04-23 01:38:34] - output_answer:[0 0 5 0 0 0 0 0 5 0 0 5 5]
[2023-04-23 01:38:34] - Range size 1, answer [0 0 5 0 0 0 0]:
[2023-04-23 01:38:34] - Range size 2, answer [0 5 0]:
[2023-04-23 01:38:34] - Range size 3, answer [0]:
[2023-04-23 01:38:34] - Range size 4, answer [5]:
[2023-04-23 01:38:34] - Range size 7, answer [5]:
[2023-04-23 01:38:34] - At node index 2 current size of dataset is: 4
[2023-04-23 01:38:35] - The testing is implemented at age
[2023-04-23 01:38:35] - Ground truth: gives answer
[2023-04-23 01:38:35] - output_answer:[0 0 0 0 0 0 0 0 0 0 0 0 0 0 0 0 0 0 0 0 0 0 1 1 0 0 0 0 0 0 0 0 0 0 1 0 0
 1 0 0 0 0 0 0 0 0 0 0 0 0 0 0 0 0 0 0 0 0 0 0 0 0 0 0 0 0 0 0 0 0 0 0 0 0
 0 0 0 0 0 0 0 0 0 0 0 0 0 0 0 0 0 0 0 2 0 0 0 1 1 0 0 0 0 0 0 0 0 0 0 0 0
 0 0 0 0 0 0 0 0 0 0 0 0 2 0 0 1 0 0 0 0 0 0 0 0 0 0 0 0 0 0 2 0 0 0 0 0 0
 0 0 0 2 0 0 2 0 0 0 0 2 0 0 4 0 0 0 0 4 4]
[2023-04-23 01:38:35] - Range size 1, answer [0 0 0 0 0 0 0 0 0 0 0 0 0 0 0 0 0 0 0 0 0 0 1 1 0 0 0 0 0 0 0 0 0 0 1 0 0
 1 0 0 0 0 0 0 0 0 0 0 0 0 0 0 0 0 0 0 0 0 0 0 0 0 0 0 0 0 0 0 0 0 0 0 0 0
 0 0 0 0 0 0 0 0 0 0 0]:
[2023-04-23 01:38:35] - Range size 2, answer [0 0 0 0 0 0 0 0 2 0 0 0 1 1 0 0 0 0 0 0 0 0 0 0 0 0 0 0 0 0 0 0]:
[2023-04-23 01:38:35] - Range size 3, answer [0 0 0 0 0 0 2 0 0 1 0 0 0 0 0 0 0 0 0 0 0]:
[2023-04-23 01:38:35] - Range size 5, answer [0 0 0 2 0 0 0 0 0 0 0]:
[2023-04-23 01:38:35] - Range size 6, answer [0 0 2 0 0]:
[2023-04-23 01:38:35] - Range size 10, answer [2 0 0]:
[2023-04-23 01:38:35] - Range size 11, answer [0 0 2 0 0]:
[2023-04-23 01:38:35] - Range size 21, answer [4 0 0]:
[2023-04-23 01:38:35] - Range size 22, answer [0]:
[2023-04-23 01:38:35] - Range size 42, answer [0]:
[2023-04-23 01:38:35] - Range size 43, answer [4]:
[2023-04-23 01:38:35] - Range size 85, answer [4]:
[2023-04-23 01:38:35] - Mechanism: gives answer
[2023-04-23 01:38:35] - output_answer:[0 0 0 0 0 0 0 0 0 0 0 0 0 0 0 0 0 0 0 0 0 0 0 0 0 0 0 0 0 0 0 0 0 0 0 0 0
 0 0 0 0 0 0 0 0 5 0 0 0 0 0 0 0 0 0 0 0 0 0 0 0 0 0 0 0 0 0 0 0 0 0 0 0 0
 0 0 0 0 0 0 0 0 0 0 0 0 0 0 0 0 0 0 0 0 0 0 0 0 0 0 0 0 0 0 0 0 0 0 0 0 0
 0 0 0 0 0 0 0 0 0 0 0 0 0 0 0 0 0 5 0 0 0 0 0 0 0 0 0 0 0 0 0 0 0 0 0 0 0
 0 0 0 0 5 0 0 0 0 0 0 0 5 0 0 5 0 0 5 0 5]
[2023-04-23 01:38:35] - Range size 1, answer [0 0 0 0 0 0 0 0 0 0 0 0 0 0 0 0 0 0 0 0 0 0 0 0 0 0 0 0 0 0 0 0 0 0 0 0 0
 0 0 0 0 0 0 0 0 5 0 0 0 0 0 0 0 0 0 0 0 0 0 0 0 0 0 0 0 0 0 0 0 0 0 0 0 0
 0 0 0 0 0 0 0 0 0 0 0]:
[2023-04-23 01:38:35] - Range size 2, answer [0 0 0 0 0 0 0 0 0 0 0 0 0 0 0 0 0 0 0 0 0 0 0 0 0 0 0 0 0 0 0 0]:
[2023-04-23 01:38:35] - Range size 3, answer [0 0 0 0 0 0 0 0 0 0 0 5 0 0 0 0 0 0 0 0 0]:
[2023-04-23 01:38:35] - Range size 5, answer [0 0 0 0 0 0 0 0 0 0 0]:
[2023-04-23 01:38:35] - Range size 6, answer [0 0 0 5 0]:
[2023-04-23 01:38:35] - Range size 10, answer [0 0 0]:
[2023-04-23 01:38:35] - Range size 11, answer [0 0 0 5 0]:
[2023-04-23 01:38:35] - Range size 21, answer [0 5 0]:
[2023-04-23 01:38:35] - Range size 22, answer [0]:
[2023-04-23 01:38:35] - Range size 42, answer [5]:
[2023-04-23 01:38:35] - Range size 43, answer [0]:
[2023-04-23 01:38:35] - Range size 85, answer [5]:
[2023-04-23 01:38:35] - ++++++++ Testing on node 2 Finished ++++++++
[2023-04-23 01:38:35] - ++++++++ Testing on node 3 Started ++++++++
[2023-04-23 01:38:35] - At node index 3 current size of dataset is: 13
[2023-04-23 01:38:36] - The testing is implemented at marital-status
[2023-04-23 01:38:36] - Ground truth: gives answer
[2023-04-23 01:38:36] - output_answer:[ 8  1  3  0  0  1  0  9  3  1  1 12 13]
[2023-04-23 01:38:36] - Range size 1, answer [8 1 3 0 0 1 0]:
[2023-04-23 01:38:36] - Range size 2, answer [9 3 1]:
[2023-04-23 01:38:36] - Range size 3, answer [1]:
[2023-04-23 01:38:36] - Range size 4, answer [12]:
[2023-04-23 01:38:36] - Range size 7, answer [13]:
[2023-04-23 01:38:36] - Mechanism: gives answer
[2023-04-23 01:38:36] - output_answer:[ 4  5  0  3  3  0  0  9  3  3  3 12 15]
[2023-04-23 01:38:36] - Range size 1, answer [4 5 0 3 3 0 0]:
[2023-04-23 01:38:36] - Range size 2, answer [9 3 3]:
[2023-04-23 01:38:36] - Range size 3, answer [3]:
[2023-04-23 01:38:36] - Range size 4, answer [12]:
[2023-04-23 01:38:36] - Range size 7, answer [15]:
[2023-04-23 01:38:36] - At node index 3 current size of dataset is: 13
[2023-04-23 01:38:37] - The testing is implemented at age
[2023-04-23 01:38:37] - Ground truth: gives answer
[2023-04-23 01:38:37] - output_answer:[ 0  0  0  0  0  0  0  1  0  0  0  0  1  0  1  1  0  0  0  0  0  2  1  1
  0  0  1  0  0  0  0  0  0  1  1  0  1  1  0  0  0  0  0  0  0  0  0  0
  0  0  0  0  0  0  0  0  0  0  0  0  0  0  0  0  0  0  0  0  0  0  0  0
  0  0  0  0  0  0  0  0  0  0  0  0  0  0  0  1  0  1  2  0  2  2  1  0
  0  2  2  0  0  0  0  0  0  0  0  0  0  0  0  0  0  0  0  0  0  0  0  1
  1  2  0  2  1  0  2  0  0  0  0  0  0  0  0  0  0  0  1  2  0  4  0  0
  0  0  0  0  0  0  3  3  0  0  4  0  0  1  5  3  0  0  7  0  0  6  0 13
 13]
[2023-04-23 01:38:37] - Range size 1, answer [0 0 0 0 0 0 0 1 0 0 0 0 1 0 1 1 0 0 0 0 0 2 1 1 0 0 1 0 0 0 0 0 0 1 1 0 1
 1 0 0 0 0 0 0 0 0 0 0 0 0 0 0 0 0 0 0 0 0 0 0 0 0 0 0 0 0 0 0 0 0 0 0 0 0
 0 0 0 0 0 0 0 0 0 0 0]:
[2023-04-23 01:38:37] - Range size 2, answer [0 0 1 0 1 2 0 2 2 1 0 0 2 2 0 0 0 0 0 0 0 0 0 0 0 0 0 0 0 0 0 0]:
[2023-04-23 01:38:37] - Range size 3, answer [0 0 1 1 2 0 2 1 0 2 0 0 0 0 0 0 0 0 0 0 0]:
[2023-04-23 01:38:37] - Range size 5, answer [1 2 0 4 0 0 0 0 0 0 0]:
[2023-04-23 01:38:37] - Range size 6, answer [0 3 3 0 0]:
[2023-04-23 01:38:37] - Range size 10, answer [4 0 0]:
[2023-04-23 01:38:37] - Range size 11, answer [1 5 3 0 0]:
[2023-04-23 01:38:37] - Range size 21, answer [7 0 0]:
[2023-04-23 01:38:37] - Range size 22, answer [6]:
[2023-04-23 01:38:37] - Range size 42, answer [0]:
[2023-04-23 01:38:37] - Range size 43, answer [13]:
[2023-04-23 01:38:37] - Range size 85, answer [13]:
[2023-04-23 01:38:37] - Mechanism: gives answer
[2023-04-23 01:38:37] - output_answer:[ 0  0  0  0  0  0  0  0  0  0  0  0  0  2  0  2  0  0  0  0  0  0  0  0
  0  0  0  0  0  0  0  0  5  0  0  0  0  0  0  0  0  0  0  0  0  0  0  6
  0  0  0  0  0  0  0  0  0  0  0  0  0  0  0  0  0  0  0  0  0  0  0  0
  0  0  0  0  0  0  0  0  0  0  0  0  0  0  0  0  0  0  2  0  0  0  0  0
  5  0  0  0  0  0  6  0  0  0  0  0  0  0  0  0  0  0  0  0  0  0  0  0
  2  2  0  0  0  0  0  0  0  6  0  0  0  0  0  0  0  0  0  0  5  0  0  0
  0  0  0  0  0  0  4  0  6  0  0  0  0  0  4  5  6  0  5  6  0  4  6  9
 15]
[2023-04-23 01:38:37] - Range size 1, answer [0 0 0 0 0 0 0 0 0 0 0 0 0 2 0 2 0 0 0 0 0 0 0 0 0 0 0 0 0 0 0 0 5 0 0 0 0
 0 0 0 0 0 0 0 0 0 0 6 0 0 0 0 0 0 0 0 0 0 0 0 0 0 0 0 0 0 0 0 0 0 0 0 0 0
 0 0 0 0 0 0 0 0 0 0 0]:
[2023-04-23 01:38:37] - Range size 2, answer [0 0 0 0 0 2 0 0 0 0 0 5 0 0 0 0 0 6 0 0 0 0 0 0 0 0 0 0 0 0 0 0]:
[2023-04-23 01:38:37] - Range size 3, answer [0 0 0 2 2 0 0 0 0 0 0 0 6 0 0 0 0 0 0 0 0]:
[2023-04-23 01:38:37] - Range size 5, answer [0 0 5 0 0 0 0 0 0 0 0]:
[2023-04-23 01:38:37] - Range size 6, answer [0 4 0 6 0]:
[2023-04-23 01:38:37] - Range size 10, answer [0 0 0]:
[2023-04-23 01:38:37] - Range size 11, answer [0 4 5 6 0]:
[2023-04-23 01:38:37] - Range size 21, answer [5 6 0]:
[2023-04-23 01:38:37] - Range size 22, answer [4]:
[2023-04-23 01:38:37] - Range size 42, answer [6]:
[2023-04-23 01:38:37] - Range size 43, answer [9]:
[2023-04-23 01:38:37] - Range size 85, answer [15]:
[2023-04-23 01:38:37] - ++++++++ Testing on node 3 Finished ++++++++
[2023-04-23 01:38:37] - ++++++++ Testing on node 4 Started ++++++++
[2023-04-23 01:38:37] - At node index 4 current size of dataset is: 68
[2023-04-23 01:38:37] - The testing is implemented at marital-status
[2023-04-23 01:38:37] - Ground truth: gives answer
[2023-04-23 01:38:37] - output_answer:[39 10 14  2  0  2  1 49 16  2  3 65 68]
[2023-04-23 01:38:37] - Range size 1, answer [39 10 14  2  0  2  1]:
[2023-04-23 01:38:37] - Range size 2, answer [49 16  2]:
[2023-04-23 01:38:37] - Range size 3, answer [3]:
[2023-04-23 01:38:37] - Range size 4, answer [65]:
[2023-04-23 01:38:37] - Range size 7, answer [68]:
[2023-04-23 01:38:37] - Mechanism: gives answer
[2023-04-23 01:38:37] - output_answer:[29 12  1  0 12 15  0 41  1 27 27 42 69]
[2023-04-23 01:38:37] - Range size 1, answer [29 12  1  0 12 15  0]:
[2023-04-23 01:38:37] - Range size 2, answer [41  1 27]:
[2023-04-23 01:38:37] - Range size 3, answer [27]:
[2023-04-23 01:38:37] - Range size 4, answer [42]:
[2023-04-23 01:38:37] - Range size 7, answer [69]:
[2023-04-23 01:38:37] - At node index 4 current size of dataset is: 68
[2023-04-23 01:38:38] - The testing is implemented at age
[2023-04-23 01:38:38] - Ground truth: gives answer
[2023-04-23 01:38:38] - output_answer:[ 0  0  1  2  1  1  1  2  1  3  0  0  2  2  4  3  3  0  1  2  1  2  2  2
  2  2  2  3  1  1  1  2  3  3  2  0  1  4  2  0  1  1  0  1  0  0  0  0
  0  0  0  0  0  0  0  0  0  0  0  0  0  0  0  0  0  0  0  0  0  0  0  0
  0  0  0  0  0  0  0  0  0  0  0  0  0  0  3  3  3  2  7  1  3  4  4  2
  5  5  5  2  1  1  0  0  0  0  0  0  0  0  0  0  0  0  0  0  0  1  4  4
  4 10  3  6  7  3  5  3  1  0  0  0  0  0  0  0  0  0  7  6  8 10  4  0
  0  0  0  0  0  5 14 13  1  0 14  0  0 12 20 21  1  0 35  1  0 32  1 67
 68]
[2023-04-23 01:38:38] - Range size 1, answer [0 0 1 2 1 1 1 2 1 3 0 0 2 2 4 3 3 0 1 2 1 2 2 2 2 2 2 3 1 1 1 2 3 3 2 0 1
 4 2 0 1 1 0 1 0 0 0 0 0 0 0 0 0 0 0 0 0 0 0 0 0 0 0 0 0 0 0 0 0 0 0 0 0 0
 0 0 0 0 0 0 0 0 0 0 0]:
[2023-04-23 01:38:38] - Range size 2, answer [0 3 3 3 2 7 1 3 4 4 2 5 5 5 2 1 1 0 0 0 0 0 0 0 0 0 0 0 0 0 0 0]:
[2023-04-23 01:38:38] - Range size 3, answer [ 1  4  4  4 10  3  6  7  3  5  3  1  0  0  0  0  0  0  0  0  0]:
[2023-04-23 01:38:38] - Range size 5, answer [ 7  6  8 10  4  0  0  0  0  0  0]:
[2023-04-23 01:38:38] - Range size 6, answer [ 5 14 13  1  0]:
[2023-04-23 01:38:38] - Range size 10, answer [14  0  0]:
[2023-04-23 01:38:38] - Range size 11, answer [12 20 21  1  0]:
[2023-04-23 01:38:38] - Range size 21, answer [35  1  0]:
[2023-04-23 01:38:38] - Range size 22, answer [32]:
[2023-04-23 01:38:38] - Range size 42, answer [1]:
[2023-04-23 01:38:38] - Range size 43, answer [67]:
[2023-04-23 01:38:38] - Range size 85, answer [68]:
[2023-04-23 01:38:38] - Mechanism: gives answer
[2023-04-23 01:38:38] - output_answer:[ 0  0  0  0  0  0  0  0  0  0  0  0  0  0 25  0  0  0  0  0  0  0  0  0
  0  0  0  0  0  1  0  0  2  0  0  6  0  0  0  0  0  0  0  0  0  0  0  0
  0 20  0  0  0  0  0  0  0  0  0  0  0  0  0  0  0  0  0  0  0  0  0  0
  0  0  0  0  0  0  0  0  0 15  0  0  0  0  0  0  0  0 25  0  0  0  0  1
  2  0  0  0  0  0  0 20  0  0  0  0  0  0  0  0  0  0  0 15  0  0  0  0
  0 25  0  0  0  1  6  0  0  0 20  0  0  0  0  0  0 15  0  0  3  6  0 20
  0  0  0  0 15  0 25  0  0  0  6  0 15  0 25  3 20  0  9 20 15 25 35 34
 69]
[2023-04-23 01:38:38] - Range size 1, answer [ 0  0  0  0  0  0  0  0  0  0  0  0  0  0 25  0  0  0  0  0  0  0  0  0
  0  0  0  0  0  1  0  0  2  0  0  6  0  0  0  0  0  0  0  0  0  0  0  0
  0 20  0  0  0  0  0  0  0  0  0  0  0  0  0  0  0  0  0  0  0  0  0  0
  0  0  0  0  0  0  0  0  0 15  0  0  0]:
[2023-04-23 01:38:38] - Range size 2, answer [ 0  0  0  0  0 25  0  0  0  0  1  2  0  0  0  0  0  0 20  0  0  0  0  0
  0  0  0  0  0  0 15  0]:
[2023-04-23 01:38:38] - Range size 3, answer [ 0  0  0  0 25  0  0  0  1  6  0  0  0 20  0  0  0  0  0  0 15]:
[2023-04-23 01:38:38] - Range size 5, answer [ 0  0  3  6  0 20  0  0  0  0 15]:
[2023-04-23 01:38:38] - Range size 6, answer [ 0 25  0  0  0]:
[2023-04-23 01:38:38] - Range size 10, answer [ 6  0 15]:
[2023-04-23 01:38:38] - Range size 11, answer [ 0 25  3 20  0]:
[2023-04-23 01:38:38] - Range size 21, answer [ 9 20 15]:
[2023-04-23 01:38:38] - Range size 22, answer [25]:
[2023-04-23 01:38:38] - Range size 42, answer [35]:
[2023-04-23 01:38:38] - Range size 43, answer [34]:
[2023-04-23 01:38:38] - Range size 85, answer [69]:
[2023-04-23 01:38:38] - ++++++++ Testing on node 4 Finished ++++++++
[2023-04-23 01:38:38] - ++++++++ Testing on node 1 Started ++++++++
[2023-04-23 01:38:38] - At node index 1 current size of dataset is: 0
[2023-04-23 01:38:39] - The testing is implemented at marital-status
[2023-04-23 01:38:39] - Ground truth: gives answer
[2023-04-23 01:38:39] - output_answer:[0 0 0 0 0 0 0 0 0 0 0 0 0]
[2023-04-23 01:38:39] - Range size 1, answer [0 0 0 0 0 0 0]:
[2023-04-23 01:38:39] - Range size 2, answer [0 0 0]:
[2023-04-23 01:38:39] - Range size 3, answer [0]:
[2023-04-23 01:38:39] - Range size 4, answer [0]:
[2023-04-23 01:38:39] - Range size 7, answer [0]:
[2023-04-23 01:38:39] - Mechanism: gives answer
[2023-04-23 01:38:39] - output_answer:[0 1 0 0 0 0 0 1 0 0 0 1 1]
[2023-04-23 01:38:39] - Range size 1, answer [0 1 0 0 0 0 0]:
[2023-04-23 01:38:39] - Range size 2, answer [1 0 0]:
[2023-04-23 01:38:39] - Range size 3, answer [0]:
[2023-04-23 01:38:39] - Range size 4, answer [1]:
[2023-04-23 01:38:39] - Range size 7, answer [1]:
[2023-04-23 01:38:39] - At node index 1 current size of dataset is: 0
[2023-04-23 01:38:39] - The testing is implemented at age
[2023-04-23 01:38:39] - Ground truth: gives answer
[2023-04-23 01:38:39] - output_answer:[0 0 0 0 0 0 0 0 0 0 0 0 0 0 0 0 0 0 0 0 0 0 0 0 0 0 0 0 0 0 0 0 0 0 0 0 0
 0 0 0 0 0 0 0 0 0 0 0 0 0 0 0 0 0 0 0 0 0 0 0 0 0 0 0 0 0 0 0 0 0 0 0 0 0
 0 0 0 0 0 0 0 0 0 0 0 0 0 0 0 0 0 0 0 0 0 0 0 0 0 0 0 0 0 0 0 0 0 0 0 0 0
 0 0 0 0 0 0 0 0 0 0 0 0 0 0 0 0 0 0 0 0 0 0 0 0 0 0 0 0 0 0 0 0 0 0 0 0 0
 0 0 0 0 0 0 0 0 0 0 0 0 0 0 0 0 0 0 0 0 0]
[2023-04-23 01:38:39] - Range size 1, answer [0 0 0 0 0 0 0 0 0 0 0 0 0 0 0 0 0 0 0 0 0 0 0 0 0 0 0 0 0 0 0 0 0 0 0 0 0
 0 0 0 0 0 0 0 0 0 0 0 0 0 0 0 0 0 0 0 0 0 0 0 0 0 0 0 0 0 0 0 0 0 0 0 0 0
 0 0 0 0 0 0 0 0 0 0 0]:
[2023-04-23 01:38:39] - Range size 2, answer [0 0 0 0 0 0 0 0 0 0 0 0 0 0 0 0 0 0 0 0 0 0 0 0 0 0 0 0 0 0 0 0]:
[2023-04-23 01:38:39] - Range size 3, answer [0 0 0 0 0 0 0 0 0 0 0 0 0 0 0 0 0 0 0 0 0]:
[2023-04-23 01:38:39] - Range size 5, answer [0 0 0 0 0 0 0 0 0 0 0]:
[2023-04-23 01:38:39] - Range size 6, answer [0 0 0 0 0]:
[2023-04-23 01:38:39] - Range size 10, answer [0 0 0]:
[2023-04-23 01:38:39] - Range size 11, answer [0 0 0 0 0]:
[2023-04-23 01:38:39] - Range size 21, answer [0 0 0]:
[2023-04-23 01:38:39] - Range size 22, answer [0]:
[2023-04-23 01:38:39] - Range size 42, answer [0]:
[2023-04-23 01:38:39] - Range size 43, answer [0]:
[2023-04-23 01:38:39] - Range size 85, answer [0]:
[2023-04-23 01:38:39] - Mechanism: gives answer
[2023-04-23 01:38:39] - output_answer:[0 0 0 0 0 0 0 0 0 0 0 0 0 0 0 0 0 0 0 0 0 0 0 0 0 0 0 0 0 0 0 0 0 0 0 0 0
 0 0 0 0 0 0 0 0 0 0 0 0 0 0 0 0 0 0 0 0 0 0 0 0 0 0 0 0 0 0 0 0 0 0 0 0 0
 0 0 0 1 0 0 0 0 0 0 0 0 0 0 0 0 0 0 0 0 0 0 0 0 0 0 0 0 0 0 0 0 0 0 0 0 0
 0 0 0 0 0 0 0 0 0 0 0 0 0 0 0 0 0 0 0 0 0 0 0 0 0 1 0 0 0 0 0 0 0 0 0 0 1
 0 0 0 0 0 0 0 0 1 0 0 0 0 0 0 0 1 0 1 0 1]
[2023-04-23 01:38:39] - Range size 1, answer [0 0 0 0 0 0 0 0 0 0 0 0 0 0 0 0 0 0 0 0 0 0 0 0 0 0 0 0 0 0 0 0 0 0 0 0 0
 0 0 0 0 0 0 0 0 0 0 0 0 0 0 0 0 0 0 0 0 0 0 0 0 0 0 0 0 0 0 0 0 0 0 0 0 0
 0 0 0 1 0 0 0 0 0 0 0]:
[2023-04-23 01:38:39] - Range size 2, answer [0 0 0 0 0 0 0 0 0 0 0 0 0 0 0 0 0 0 0 0 0 0 0 0 0 0 0 0 0 0 0 0]:
[2023-04-23 01:38:39] - Range size 3, answer [0 0 0 0 0 0 0 0 0 0 0 0 0 0 0 0 0 0 0 1 0]:
[2023-04-23 01:38:39] - Range size 5, answer [0 0 0 0 0 0 0 0 0 1 0]:
[2023-04-23 01:38:39] - Range size 6, answer [0 0 0 0 0]:
[2023-04-23 01:38:39] - Range size 10, answer [0 0 1]:
[2023-04-23 01:38:39] - Range size 11, answer [0 0 0 0 0]:
[2023-04-23 01:38:39] - Range size 21, answer [0 0 1]:
[2023-04-23 01:38:39] - Range size 22, answer [0]:
[2023-04-23 01:38:39] - Range size 42, answer [1]:
[2023-04-23 01:38:39] - Range size 43, answer [0]:
[2023-04-23 01:38:39] - Range size 85, answer [1]:
[2023-04-23 01:38:39] - ++++++++ Testing on node 1 Finished ++++++++
[2023-04-23 01:38:39] - ++++++++ Testing on node 2 Started ++++++++
[2023-04-23 01:38:39] - At node index 2 current size of dataset is: 0
[2023-04-23 01:38:40] - The testing is implemented at marital-status
[2023-04-23 01:38:40] - Ground truth: gives answer
[2023-04-23 01:38:40] - output_answer:[0 0 0 0 0 0 0 0 0 0 0 0 0]
[2023-04-23 01:38:40] - Range size 1, answer [0 0 0 0 0 0 0]:
[2023-04-23 01:38:40] - Range size 2, answer [0 0 0]:
[2023-04-23 01:38:40] - Range size 3, answer [0]:
[2023-04-23 01:38:40] - Range size 4, answer [0]:
[2023-04-23 01:38:40] - Range size 7, answer [0]:
[2023-04-23 01:38:40] - Mechanism: gives answer
[2023-04-23 01:38:40] - output_answer:[1 0 0 0 0 0 0 1 0 0 0 1 1]
[2023-04-23 01:38:40] - Range size 1, answer [1 0 0 0 0 0 0]:
[2023-04-23 01:38:40] - Range size 2, answer [1 0 0]:
[2023-04-23 01:38:40] - Range size 3, answer [0]:
[2023-04-23 01:38:40] - Range size 4, answer [1]:
[2023-04-23 01:38:40] - Range size 7, answer [1]:
[2023-04-23 01:38:40] - At node index 2 current size of dataset is: 0
[2023-04-23 01:38:41] - The testing is implemented at age
[2023-04-23 01:38:41] - Ground truth: gives answer
[2023-04-23 01:38:41] - output_answer:[0 0 0 0 0 0 0 0 0 0 0 0 0 0 0 0 0 0 0 0 0 0 0 0 0 0 0 0 0 0 0 0 0 0 0 0 0
 0 0 0 0 0 0 0 0 0 0 0 0 0 0 0 0 0 0 0 0 0 0 0 0 0 0 0 0 0 0 0 0 0 0 0 0 0
 0 0 0 0 0 0 0 0 0 0 0 0 0 0 0 0 0 0 0 0 0 0 0 0 0 0 0 0 0 0 0 0 0 0 0 0 0
 0 0 0 0 0 0 0 0 0 0 0 0 0 0 0 0 0 0 0 0 0 0 0 0 0 0 0 0 0 0 0 0 0 0 0 0 0
 0 0 0 0 0 0 0 0 0 0 0 0 0 0 0 0 0 0 0 0 0]
[2023-04-23 01:38:41] - Range size 1, answer [0 0 0 0 0 0 0 0 0 0 0 0 0 0 0 0 0 0 0 0 0 0 0 0 0 0 0 0 0 0 0 0 0 0 0 0 0
 0 0 0 0 0 0 0 0 0 0 0 0 0 0 0 0 0 0 0 0 0 0 0 0 0 0 0 0 0 0 0 0 0 0 0 0 0
 0 0 0 0 0 0 0 0 0 0 0]:
[2023-04-23 01:38:41] - Range size 2, answer [0 0 0 0 0 0 0 0 0 0 0 0 0 0 0 0 0 0 0 0 0 0 0 0 0 0 0 0 0 0 0 0]:
[2023-04-23 01:38:41] - Range size 3, answer [0 0 0 0 0 0 0 0 0 0 0 0 0 0 0 0 0 0 0 0 0]:
[2023-04-23 01:38:41] - Range size 5, answer [0 0 0 0 0 0 0 0 0 0 0]:
[2023-04-23 01:38:41] - Range size 6, answer [0 0 0 0 0]:
[2023-04-23 01:38:41] - Range size 10, answer [0 0 0]:
[2023-04-23 01:38:41] - Range size 11, answer [0 0 0 0 0]:
[2023-04-23 01:38:41] - Range size 21, answer [0 0 0]:
[2023-04-23 01:38:41] - Range size 22, answer [0]:
[2023-04-23 01:38:41] - Range size 42, answer [0]:
[2023-04-23 01:38:41] - Range size 43, answer [0]:
[2023-04-23 01:38:41] - Range size 85, answer [0]:
[2023-04-23 01:38:41] - Mechanism: gives answer
[2023-04-23 01:38:41] - output_answer:[0 0 0 0 0 0 0 0 0 0 0 0 0 0 0 0 0 0 0 0 0 0 0 0 0 0 0 0 0 0 0 0 0 0 0 0 0
 0 0 0 0 1 0 0 0 0 0 0 0 0 0 0 0 0 0 0 0 0 0 0 0 0 0 0 0 0 0 0 0 0 0 0 0 0
 0 0 0 0 0 0 0 0 0 0 0 0 0 0 0 0 0 0 0 0 0 0 0 0 0 0 1 0 0 0 0 0 0 0 0 0 0
 0 0 0 0 0 0 0 0 0 0 0 0 0 0 0 0 0 0 0 0 0 0 0 0 0 0 0 0 0 0 0 1 0 0 0 0 0
 0 0 0 0 0 0 1 0 0 0 0 0 0 0 1 0 0 0 0 1 1]
[2023-04-23 01:38:41] - Range size 1, answer [0 0 0 0 0 0 0 0 0 0 0 0 0 0 0 0 0 0 0 0 0 0 0 0 0 0 0 0 0 0 0 0 0 0 0 0 0
 0 0 0 0 1 0 0 0 0 0 0 0 0 0 0 0 0 0 0 0 0 0 0 0 0 0 0 0 0 0 0 0 0 0 0 0 0
 0 0 0 0 0 0 0 0 0 0 0]:
[2023-04-23 01:38:41] - Range size 2, answer [0 0 0 0 0 0 0 0 0 0 0 0 0 0 0 1 0 0 0 0 0 0 0 0 0 0 0 0 0 0 0 0]:
[2023-04-23 01:38:41] - Range size 3, answer [0 0 0 0 0 0 0 0 0 0 0 0 0 0 0 0 0 0 0 0 0]:
[2023-04-23 01:38:41] - Range size 5, answer [0 0 0 0 1 0 0 0 0 0 0]:
[2023-04-23 01:38:41] - Range size 6, answer [0 0 0 0 0]:
[2023-04-23 01:38:41] - Range size 10, answer [1 0 0]:
[2023-04-23 01:38:41] - Range size 11, answer [0 0 0 0 0]:
[2023-04-23 01:38:41] - Range size 21, answer [1 0 0]:
[2023-04-23 01:38:41] - Range size 22, answer [0]:
[2023-04-23 01:38:41] - Range size 42, answer [0]:
[2023-04-23 01:38:41] - Range size 43, answer [1]:
[2023-04-23 01:38:41] - Range size 85, answer [1]:
[2023-04-23 01:38:41] - ++++++++ Testing on node 2 Finished ++++++++
[2023-04-23 01:38:41] - ++++++++ Testing on node 3 Started ++++++++
[2023-04-23 01:38:41] - At node index 3 current size of dataset is: 3
[2023-04-23 01:38:41] - The testing is implemented at marital-status
[2023-04-23 01:38:41] - Ground truth: gives answer
[2023-04-23 01:38:41] - output_answer:[2 0 1 0 0 0 0 2 1 0 0 3 3]
[2023-04-23 01:38:41] - Range size 1, answer [2 0 1 0 0 0 0]:
[2023-04-23 01:38:41] - Range size 2, answer [2 1 0]:
[2023-04-23 01:38:41] - Range size 3, answer [0]:
[2023-04-23 01:38:41] - Range size 4, answer [3]:
[2023-04-23 01:38:41] - Range size 7, answer [3]:
[2023-04-23 01:38:41] - Mechanism: gives answer
[2023-04-23 01:38:41] - output_answer:[1 0 2 0 0 1 1 1 2 1 2 3 5]
[2023-04-23 01:38:41] - Range size 1, answer [1 0 2 0 0 1 1]:
[2023-04-23 01:38:41] - Range size 2, answer [1 2 1]:
[2023-04-23 01:38:41] - Range size 3, answer [2]:
[2023-04-23 01:38:41] - Range size 4, answer [3]:
[2023-04-23 01:38:41] - Range size 7, answer [5]:
[2023-04-23 01:38:41] - At node index 3 current size of dataset is: 3
[2023-04-23 01:38:43] - The testing is implemented at age
[2023-04-23 01:38:43] - Ground truth: gives answer
[2023-04-23 01:38:43] - output_answer:[0 0 0 0 0 0 0 0 0 0 0 0 0 0 0 1 0 0 0 0 0 1 0 0 0 0 0 0 0 0 0 0 0 0 0 0 1
 0 0 0 0 0 0 0 0 0 0 0 0 0 0 0 0 0 0 0 0 0 0 0 0 0 0 0 0 0 0 0 0 0 0 0 0 0
 0 0 0 0 0 0 0 0 0 0 0 0 0 0 0 0 1 0 1 0 0 0 0 0 1 0 0 0 0 0 0 0 0 0 0 0 0
 0 0 0 0 0 0 0 0 0 0 1 0 0 0 0 0 0 0 0 0 0 0 0 0 0 0 0 0 1 0 1 0 0 0 0 0 0
 0 0 1 0 0 0 1 0 0 0 2 0 0 0 1 0 0 2 0 3 3]
[2023-04-23 01:38:43] - Range size 1, answer [0 0 0 0 0 0 0 0 0 0 0 0 0 0 0 1 0 0 0 0 0 1 0 0 0 0 0 0 0 0 0 0 0 0 0 0 1
 0 0 0 0 0 0 0 0 0 0 0 0 0 0 0 0 0 0 0 0 0 0 0 0 0 0 0 0 0 0 0 0 0 0 0 0 0
 0 0 0 0 0 0 0 0 0 0 0]:
[2023-04-23 01:38:43] - Range size 2, answer [0 0 0 0 0 1 0 1 0 0 0 0 0 1 0 0 0 0 0 0 0 0 0 0 0 0 0 0 0 0 0 0]:
[2023-04-23 01:38:43] - Range size 3, answer [0 0 0 0 1 0 0 0 0 0 0 0 0 0 0 0 0 0 0 0 0]:
[2023-04-23 01:38:43] - Range size 5, answer [0 1 0 1 0 0 0 0 0 0 0]:
[2023-04-23 01:38:43] - Range size 6, answer [0 1 0 0 0]:
[2023-04-23 01:38:43] - Range size 10, answer [1 0 0]:
[2023-04-23 01:38:43] - Range size 11, answer [0 2 0 0 0]:
[2023-04-23 01:38:43] - Range size 21, answer [1 0 0]:
[2023-04-23 01:38:43] - Range size 22, answer [2]:
[2023-04-23 01:38:43] - Range size 42, answer [0]:
[2023-04-23 01:38:43] - Range size 43, answer [3]:
[2023-04-23 01:38:43] - Range size 85, answer [3]:
[2023-04-23 01:38:43] - Mechanism: gives answer
[2023-04-23 01:38:43] - output_answer:[0 0 0 0 0 0 0 1 0 0 0 0 0 0 0 0 0 0 0 0 0 0 0 0 0 0 0 0 0 0 0 0 0 0 0 0 0
 0 0 0 0 0 0 0 0 0 0 0 0 0 0 0 0 0 0 0 0 0 0 3 0 0 0 0 0 0 0 0 0 0 0 0 0 0
 0 0 0 0 0 0 1 0 0 0 0 0 0 1 0 0 0 0 0 0 0 0 0 0 0 0 0 0 0 0 0 0 0 3 0 0 0
 0 0 0 0 1 0 0 0 1 0 0 0 0 0 0 0 0 0 0 0 0 3 0 0 0 0 1 1 0 0 0 0 0 0 3 0 0
 1 0 0 0 0 0 0 3 1 1 0 0 0 0 0 3 1 1 4 1 5]
[2023-04-23 01:38:43] - Range size 1, answer [0 0 0 0 0 0 0 1 0 0 0 0 0 0 0 0 0 0 0 0 0 0 0 0 0 0 0 0 0 0 0 0 0 0 0 0 0
 0 0 0 0 0 0 0 0 0 0 0 0 0 0 0 0 0 0 0 0 0 0 3 0 0 0 0 0 0 0 0 0 0 0 0 0 0
 0 0 0 0 0 0 1 0 0 0 0]:
[2023-04-23 01:38:43] - Range size 2, answer [0 0 1 0 0 0 0 0 0 0 0 0 0 0 0 0 0 0 0 0 0 0 3 0 0 0 0 0 0 0 1 0]:
[2023-04-23 01:38:43] - Range size 3, answer [0 0 1 0 0 0 0 0 0 0 0 0 0 0 0 3 0 0 0 0 1]:
[2023-04-23 01:38:43] - Range size 5, answer [1 0 0 0 0 0 0 3 0 0 1]:
[2023-04-23 01:38:43] - Range size 6, answer [0 0 0 0 0]:
[2023-04-23 01:38:43] - Range size 10, answer [0 3 1]:
[2023-04-23 01:38:43] - Range size 11, answer [1 0 0 0 0]:
[2023-04-23 01:38:43] - Range size 21, answer [0 3 1]:
[2023-04-23 01:38:43] - Range size 22, answer [1]:
[2023-04-23 01:38:43] - Range size 42, answer [4]:
[2023-04-23 01:38:43] - Range size 43, answer [1]:
[2023-04-23 01:38:43] - Range size 85, answer [5]:
[2023-04-23 01:38:43] - ++++++++ Testing on node 3 Finished ++++++++
[2023-04-23 01:38:43] - ++++++++ Testing on node 4 Started ++++++++
[2023-04-23 01:38:43] - At node index 4 current size of dataset is: 59
[2023-04-23 01:38:43] - The testing is implemented at marital-status
[2023-04-23 01:38:43] - Ground truth: gives answer
[2023-04-23 01:38:43] - output_answer:[33  8 13  2  0  2  1 41 15  2  3 56 59]
[2023-04-23 01:38:43] - Range size 1, answer [33  8 13  2  0  2  1]:
[2023-04-23 01:38:43] - Range size 2, answer [41 15  2]:
[2023-04-23 01:38:43] - Range size 3, answer [3]:
[2023-04-23 01:38:43] - Range size 4, answer [56]:
[2023-04-23 01:38:43] - Range size 7, answer [59]:
[2023-04-23 01:38:43] - Mechanism: gives answer
[2023-04-23 01:38:43] - output_answer:[ 3 14 37  4  1  1  0 17 41  2  2 58 60]
[2023-04-23 01:38:43] - Range size 1, answer [ 3 14 37  4  1  1  0]:
[2023-04-23 01:38:43] - Range size 2, answer [17 41  2]:
[2023-04-23 01:38:43] - Range size 3, answer [2]:
[2023-04-23 01:38:43] - Range size 4, answer [58]:
[2023-04-23 01:38:43] - Range size 7, answer [60]:
[2023-04-23 01:38:43] - At node index 4 current size of dataset is: 59
[2023-04-23 01:38:44] - The testing is implemented at age
[2023-04-23 01:38:44] - Ground truth: gives answer
[2023-04-23 01:38:44] - output_answer:[ 0  0  0  2  1  1  1  2  0  3  0  0  1  1  4  3  3  0  1  2  0  2  2  2
  2  2  1  3  1  1  0  2  2  3  2  0  1  3  2  0  1  1  0  1  0  0  0  0
  0  0  0  0  0  0  0  0  0  0  0  0  0  0  0  0  0  0  0  0  0  0  0  0
  0  0  0  0  0  0  0  0  0  0  0  0  0  0  3  3  3  1  7  1  2  4  3  2
  4  5  4  2  1  1  0  0  0  0  0  0  0  0  0  0  0  0  0  0  0  0  4  3
  2 10  3  6  6  2  5  3  1  0  0  0  0  0  0  0  0  0  6  5  6  9  4  0
  0  0  0  0  0  4 12 12  1  0 13  0  0 10 17 18  1  0 31  1  0 27  1 58
 59]
[2023-04-23 01:38:44] - Range size 1, answer [0 0 0 2 1 1 1 2 0 3 0 0 1 1 4 3 3 0 1 2 0 2 2 2 2 2 1 3 1 1 0 2 2 3 2 0 1
 3 2 0 1 1 0 1 0 0 0 0 0 0 0 0 0 0 0 0 0 0 0 0 0 0 0 0 0 0 0 0 0 0 0 0 0 0
 0 0 0 0 0 0 0 0 0 0 0]:
[2023-04-23 01:38:44] - Range size 2, answer [0 3 3 3 1 7 1 2 4 3 2 4 5 4 2 1 1 0 0 0 0 0 0 0 0 0 0 0 0 0 0 0]:
[2023-04-23 01:38:44] - Range size 3, answer [ 0  4  3  2 10  3  6  6  2  5  3  1  0  0  0  0  0  0  0  0  0]:
[2023-04-23 01:38:44] - Range size 5, answer [6 5 6 9 4 0 0 0 0 0 0]:
[2023-04-23 01:38:44] - Range size 6, answer [ 4 12 12  1  0]:
[2023-04-23 01:38:44] - Range size 10, answer [13  0  0]:
[2023-04-23 01:38:44] - Range size 11, answer [10 17 18  1  0]:
[2023-04-23 01:38:44] - Range size 21, answer [31  1  0]:
[2023-04-23 01:38:44] - Range size 22, answer [27]:
[2023-04-23 01:38:44] - Range size 42, answer [1]:
[2023-04-23 01:38:44] - Range size 43, answer [58]:
[2023-04-23 01:38:44] - Range size 85, answer [59]:
[2023-04-23 01:38:44] - Mechanism: gives answer
[2023-04-23 01:38:44] - output_answer:[ 0  0  0  0 10  0  0  0  0  0  0  0  0  0  0  0  0  0  1  0  0  0  0  0
  0  0  0  0  3  0  1  0  0  0  0  0  0  0  0  0  0  0  0  0  0  0  0  0
  0  0  0  0  0  0  0  0  0  0  0  0  0  0  0  0  0  0  0  0  0  0  0  0
  0  0  0  2  0  0  0  0  0 42  0  0  1  0 10  0  0  0  0  1  0  0  0  3
  0  0  0  0  0  0  0  0  0  0  0  0  0  0  0  0  0  2  0 42  1  0 10  0
  0  0  1  0  0  4  0  0  0  0  0  0  0  0  0  0  2 42  0  1  4  0  0  0
  0  0  0  2 43 10  0  0  0  0  0  0 45 10  1  4  0  0  4  0 45 11 45 15
 60]
[2023-04-23 01:38:44] - Range size 1, answer [ 0  0  0  0 10  0  0  0  0  0  0  0  0  0  0  0  0  0  1  0  0  0  0  0
  0  0  0  0  3  0  1  0  0  0  0  0  0  0  0  0  0  0  0  0  0  0  0  0
  0  0  0  0  0  0  0  0  0  0  0  0  0  0  0  0  0  0  0  0  0  0  0  0
  0  0  0  2  0  0  0  0  0 42  0  0  1]:
[2023-04-23 01:38:44] - Range size 2, answer [ 0 10  0  0  0  0  1  0  0  0  3  0  0  0  0  0  0  0  0  0  0  0  0  0
  0  0  0  0  2  0 42  1]:
[2023-04-23 01:38:44] - Range size 3, answer [ 0 10  0  0  0  1  0  0  4  0  0  0  0  0  0  0  0  0  0  2 42]:
[2023-04-23 01:38:44] - Range size 5, answer [ 0  1  4  0  0  0  0  0  0  2 43]:
[2023-04-23 01:38:44] - Range size 6, answer [10  0  0  0  0]:
[2023-04-23 01:38:44] - Range size 10, answer [ 0  0 45]:
[2023-04-23 01:38:44] - Range size 11, answer [10  1  4  0  0]:
[2023-04-23 01:38:44] - Range size 21, answer [ 4  0 45]:
[2023-04-23 01:38:44] - Range size 22, answer [11]:
[2023-04-23 01:38:44] - Range size 42, answer [45]:
[2023-04-23 01:38:44] - Range size 43, answer [15]:
[2023-04-23 01:38:44] - Range size 85, answer [60]:
[2023-04-23 01:38:44] - ++++++++ Testing on node 4 Finished ++++++++
[2023-04-23 01:38:44] - Insertion and Deletion Mechanism:
[2023-04-23 01:38:44] - Member marital-status
[2023-04-23 01:38:44] - For ground truth, queries on node 1 gives answer [1 0 1 0 0 0 0 1 1 0 0 2 2]
[2023-04-23 01:38:44] - For insertion-only mechanism, queries on node 1 gives answer [1 0 0 1 0 1 0 0 1 1 1 1 2]
[2023-04-23 01:38:44] - For ground truth, queries on node 2 gives answer [2 1 1 0 0 0 0 3 1 0 0 4 4]
[2023-04-23 01:38:44] - For insertion-only mechanism, queries on node 2 gives answer [0 0 5 0 0 0 0 0 5 0 0 4 4]
[2023-04-23 01:38:44] - For ground truth, queries on node 3 gives answer [ 6  1  2  0  0  1  0  7  2  1  1  9 10]
[2023-04-23 01:38:44] - For insertion-only mechanism, queries on node 3 gives answer [ 3  5  0  3  3  0  0  8  1  2  1  9 10]
[2023-04-23 01:38:44] - For ground truth, queries on node 4 gives answer [6 2 1 0 0 0 0 8 1 0 0 9 9]
[2023-04-23 01:38:44] - For insertion-only mechanism, queries on node 4 gives answer [26  0  0  0 11 14  0 24  0 25 25  0  9]
[2023-04-23 01:38:44] - Member age
[2023-04-23 01:38:44] - For ground truth, queries on node 1 gives answer [0 0 0 0 0 0 0 0 0 0 0 0 0 0 0 0 0 0 0 0 0 0 0 1 0 0 0 0 0 0 0 0 0 0 1 0 0
 0 0 0 0 0 0 0 0 0 0 0 0 0 0 0 0 0 0 0 0 0 0 0 0 0 0 0 0 0 0 0 0 0 0 0 0 0
 0 0 0 0 0 0 0 0 0 0 0 0 0 0 0 0 0 0 0 1 0 0 0 1 0 0 0 0 0 0 0 0 0 0 0 0 0
 0 0 0 0 0 0 0 0 0 0 0 0 1 0 0 1 0 0 0 0 0 0 0 0 0 0 0 0 0 0 1 0 0 0 0 0 0
 0 0 0 1 0 0 1 0 0 0 0 1 0 0 2 0 0 0 0 2 2]
[2023-04-23 01:38:44] - For insertion-only mechanism, queries on node 1 gives answer [0 0 0 0 0 0 0 0 0 0 0 0 0 0 0 0 0 0 0 0 0 0 0 0 0 0 0 0 0 0 0 0 0 0 0 0 1
 0 0 0 0 0 0 0 0 0 0 0 0 0 0 0 0 0 0 0 0 0 2 0 0 0 0 0 0 0 0 0 0 0 0 0 0 0
 0 0 0 0 0 0 0 0 0 0 0 0 0 0 0 0 0 0 0 0 0 0 0 0 1 0 0 0 0 0 0 0 2 0 0 0 0
 0 0 0 0 0 0 0 0 0 0 0 0 0 0 0 0 0 0 0 0 0 0 0 0 0 0 0 0 0 0 1 0 0 2 0 0 0
 0 0 0 0 0 0 1 2 0 0 0 0 0 0 1 2 0 0 1 1 2]
[2023-04-23 01:38:44] - For ground truth, queries on node 2 gives answer [0 0 0 0 0 0 0 0 0 0 0 0 0 0 0 0 0 0 0 0 0 0 1 1 0 0 0 0 0 0 0 0 0 0 1 0 0
 1 0 0 0 0 0 0 0 0 0 0 0 0 0 0 0 0 0 0 0 0 0 0 0 0 0 0 0 0 0 0 0 0 0 0 0 0
 0 0 0 0 0 0 0 0 0 0 0 0 0 0 0 0 0 0 0 2 0 0 0 1 1 0 0 0 0 0 0 0 0 0 0 0 0
 0 0 0 0 0 0 0 0 0 0 0 0 2 0 0 1 0 0 0 0 0 0 0 0 0 0 0 0 0 0 2 0 0 0 0 0 0
 0 0 0 2 0 0 2 0 0 0 0 2 0 0 4 0 0 0 0 4 4]
[2023-04-23 01:38:44] - For insertion-only mechanism, queries on node 2 gives answer [0 0 0 0 0 0 0 0 0 0 0 0 0 0 0 0 0 0 0 0 0 0 0 0 0 0 0 0 0 0 0 0 0 0 0 0 0
 0 0 0 0 0 0 0 0 5 0 0 0 0 0 0 0 0 0 0 0 0 0 0 0 0 0 0 0 0 0 0 0 0 0 0 0 0
 0 0 0 0 0 0 0 0 0 0 0 0 0 0 0 0 0 0 0 0 0 0 0 0 0 0 0 0 0 0 0 0 0 0 0 0 0
 0 0 0 0 0 0 0 0 0 0 0 0 0 0 0 0 0 5 0 0 0 0 0 0 0 0 0 0 0 0 0 0 0 0 0 0 0
 0 0 0 0 5 0 0 0 0 0 0 0 5 0 0 5 0 0 5 0 4]
[2023-04-23 01:38:44] - For ground truth, queries on node 3 gives answer [ 0  0  0  0  0  0  0  1  0  0  0  0  1  0  1  0  0  0  0  0  0  1  1  1
  0  0  1  0  0  0  0  0  0  1  1  0  0  1  0  0  0  0  0  0  0  0  0  0
  0  0  0  0  0  0  0  0  0  0  0  0  0  0  0  0  0  0  0  0  0  0  0  0
  0  0  0  0  0  0  0  0  0  0  0  0  0  0  0  1  0  1  1  0  1  2  1  0
  0  2  1  0  0  0  0  0  0  0  0  0  0  0  0  0  0  0  0  0  0  0  0  1
  1  1  0  2  1  0  2  0  0  0  0  0  0  0  0  0  0  0  1  1  0  3  0  0
  0  0  0  0  0  0  2  3  0  0  3  0  0  1  3  3  0  0  6  0  0  4  0 10
 10]
[2023-04-23 01:38:44] - For insertion-only mechanism, queries on node 3 gives answer [ 0  0  0  0  0  0  0  0  0  0  0  0  0  2  0  2  0  0  0  0  0  0  0  0
  0  0  0  0  0  0  0  0  5  0  0  0  0  0  0  0  0  0  0  0  0  0  0  6
  0  0  0  0  0  0  0  0  0  0  0  0  0  0  0  0  0  0  0  0  0  0  0  0
  0  0  0  0  0  0  0  0  0  0  0  0  0  0  0  0  0  0  2  0  0  0  0  0
  5  0  0  0  0  0  6  0  0  0  0  0  0  0  0  0  0  0  0  0  0  0  0  0
  2  2  0  0  0  0  0  0  0  6  0  0  0  0  0  0  0  0  0  0  5  0  0  0
  0  0  0  0  0  0  4  0  6  0  0  0  0  0  4  5  6  0  5  3  0  3  2  8
 10]
[2023-04-23 01:38:44] - For ground truth, queries on node 4 gives answer [0 0 1 0 0 0 0 0 1 0 0 0 1 1 0 0 0 0 0 0 1 0 0 0 0 0 1 0 0 0 1 0 1 0 0 0 0
 1 0 0 0 0 0 0 0 0 0 0 0 0 0 0 0 0 0 0 0 0 0 0 0 0 0 0 0 0 0 0 0 0 0 0 0 0
 0 0 0 0 0 0 0 0 0 0 0 0 0 0 0 1 0 0 1 0 1 0 1 0 1 0 0 0 0 0 0 0 0 0 0 0 0
 0 0 0 0 0 0 1 0 1 2 0 0 0 1 1 0 0 0 0 0 0 0 0 0 0 0 0 1 1 2 1 0 0 0 0 0 0
 0 1 2 1 0 0 1 0 0 2 3 3 0 0 4 0 0 5 0 9 9]
[2023-04-23 01:38:44] - For insertion-only mechanism, queries on node 4 gives answer [ 0  0  0  0  0  0  0  0  0  0  0  0  0  0 25  0  0  0  0  0  0  0  0  0
  0  0  0  0  0  1  0  0  2  0  0  6  0  0  0  0  0  0  0  0  0  0  0  0
  0 20  0  0  0  0  0  0  0  0  0  0  0  0  0  0  0  0  0  0  0  0  0  0
  0  0  0  0  0  0  0  0  0  0  0  0  0  0  0  0  0  0 25  0  0  0  0  0
  2  0  0  0  0  0  0 20  0  0  0  0  0  0  0  0  0  0  0  0  0  0  0  0
  0 25  0  0  0  0  6  0  0  0 20  0  0  0  0  0  0  0  0  0  0  6  0 20
  0  0  0  0  0  0 25  0  0  0  6  0  0  0 24  0 20  0  5 20  0 14  0 19
  9]
[2023-04-23 01:38:44] - Insertion and Deletion Mechanism finished
[2023-04-23 01:38:44] - Integrated answers stores here
[2023-04-23 01:38:44] - Member marital-status
[2023-04-23 01:38:44] - Node Index 1
[2023-04-23 01:38:44] - Dynamic Tree:
[2023-04-23 01:38:44] - Ground truth:
[1 0 1 0 0 0 0 1 1 0 0 2 2]
[2023-04-23 01:38:44] - Golden standard:
[0 0 1 0 0 0 2 0 1 0 2 1 3]
[2023-04-23 01:38:44] - Mechanism: 
[2 1 0 0 0 0 0 3 0 0 0 3 3]
[2023-04-23 01:38:44] - Insertion-Only Mechanism:
[2023-04-23 01:38:44] - Ground truth:
[1 0 1 0 0 0 0 1 1 0 0 2 2]
[2023-04-23 01:38:44] - Mechanism:
[1 0 0 1 0 1 0 0 1 1 1 1 2]
[2023-04-23 01:38:44] - Node Index 2
[2023-04-23 01:38:44] - Dynamic Tree:
[2023-04-23 01:38:44] - Ground truth:
[2 1 1 0 0 0 0 3 1 0 0 4 4]
[2023-04-23 01:38:44] - Golden standard:
[1 0 1 0 1 1 1 1 1 2 3 2 5]
[2023-04-23 01:38:44] - Mechanism: 
[0 4 0 0 0 0 1 4 0 0 1 4 5]
[2023-04-23 01:38:44] - Insertion-Only Mechanism:
[2023-04-23 01:38:44] - Ground truth:
[2 1 1 0 0 0 0 3 1 0 0 4 4]
[2023-04-23 01:38:44] - Mechanism:
[0 0 5 0 0 0 0 0 5 0 0 4 4]
[2023-04-23 01:38:44] - Node Index 3
[2023-04-23 01:38:44] - Dynamic Tree:
[2023-04-23 01:38:44] - Ground truth:
[ 6  1  2  0  0  1  0  7  2  1  1  9 10]
[2023-04-23 01:38:44] - Golden standard:
[ 7  0  1  2  0  0  1  7  3  0  1 10 11]
[2023-04-23 01:38:44] - Mechanism: 
[ 0  0  1  5  0  6  0  0  6  6  6  6 12]
[2023-04-23 01:38:44] - Insertion-Only Mechanism:
[2023-04-23 01:38:44] - Ground truth:
[ 6  1  2  0  0  1  0  7  2  1  1  9 10]
[2023-04-23 01:38:44] - Mechanism:
[ 3  5  0  3  3  0  0  8  1  2  1  9 10]
[2023-04-23 01:38:44] - Node Index 4
[2023-04-23 01:38:44] - Dynamic Tree:
[2023-04-23 01:38:44] - Ground truth:
[6 2 1 0 0 0 0 8 1 0 0 9 9]
[2023-04-23 01:38:44] - Golden standard:
[ 5  3  1  0  0  0  1  8  1  0  1  9 10]
[2023-04-23 01:38:44] - Mechanism: 
[ 1  3  0  0  4  2  0  4  0  6  6  4 10]
[2023-04-23 01:38:44] - Insertion-Only Mechanism:
[2023-04-23 01:38:44] - Ground truth:
[6 2 1 0 0 0 0 8 1 0 0 9 9]
[2023-04-23 01:38:44] - Mechanism:
[26  0  0  0 11 14  0 24  0 25 25  0  9]
[2023-04-23 01:38:44] - Member age
[2023-04-23 01:38:44] - Node Index 1
[2023-04-23 01:38:44] - Dynamic Tree:
[2023-04-23 01:38:44] - Ground truth:
[0 0 0 0 0 0 0 0 0 0 0 0 0 0 0 0 0 0 0 0 0 0 0 1 0 0 0 0 0 0 0 0 0 0 1 0 0
 0 0 0 0 0 0 0 0 0 0 0 0 0 0 0 0 0 0 0 0 0 0 0 0 0 0 0 0 0 0 0 0 0 0 0 0 0
 0 0 0 0 0 0 0 0 0 0 0 0 0 0 0 0 0 0 0 1 0 0 0 1 0 0 0 0 0 0 0 0 0 0 0 0 0
 0 0 0 0 0 0 0 0 0 0 0 0 1 0 0 1 0 0 0 0 0 0 0 0 0 0 0 0 0 0 1 0 0 0 0 0 0
 0 0 0 1 0 0 1 0 0 0 0 1 0 0 2 0 0 0 0 2 2]
[2023-04-23 01:38:44] - Golden standard:
[0 0 0 0 0 0 0 0 0 0 0 0 0 0 0 0 0 0 0 0 0 0 0 0 0 0 0 0 0 0 0 0 0 0 0 0 0
 0 0 0 0 0 0 0 0 0 0 0 0 0 0 0 0 0 0 0 0 0 0 0 0 0 0 0 0 0 0 0 0 0 0 0 0 0
 3 0 0 0 0 0 0 0 0 0 0 0 0 0 0 0 0 0 0 0 0 0 0 0 0 0 0 0 0 0 0 0 0 0 0 0 0
 0 3 0 0 0 0 0 0 0 0 0 0 0 0 0 0 0 0 0 0 0 0 0 0 0 0 0 0 0 0 0 0 0 0 0 3 0
 0 0 0 0 0 0 0 0 0 0 0 0 0 3 0 0 3 0 3 0 3]
[2023-04-23 01:38:44] - Mechanism: 
[0 0 0 0 0 0 0 0 0 0 0 0 0 0 0 0 0 0 0 0 0 0 0 0 0 0 0 0 0 0 0 0 0 0 0 0 0
 0 0 0 0 0 0 0 0 0 0 0 0 0 0 0 0 0 0 0 0 0 0 0 3 0 0 0 0 0 0 0 0 0 0 0 0 0
 0 0 0 0 0 0 0 0 0 0 0 0 0 0 0 0 0 0 0 0 0 0 0 0 0 0 0 0 0 0 0 0 0 3 0 0 0
 0 0 0 0 0 0 0 0 0 0 0 0 0 0 0 0 0 0 0 0 0 3 0 0 0 0 0 0 0 0 0 0 0 0 3 0 0
 0 0 0 0 0 0 0 3 0 0 0 0 0 0 0 3 0 0 3 0 3]
[2023-04-23 01:38:44] - Insertion-Only Mechanism:
[2023-04-23 01:38:44] - Ground truth:
[0 0 0 0 0 0 0 0 0 0 0 0 0 0 0 0 0 0 0 0 0 0 0 1 0 0 0 0 0 0 0 0 0 0 1 0 0
 0 0 0 0 0 0 0 0 0 0 0 0 0 0 0 0 0 0 0 0 0 0 0 0 0 0 0 0 0 0 0 0 0 0 0 0 0
 0 0 0 0 0 0 0 0 0 0 0 0 0 0 0 0 0 0 0 1 0 0 0 1 0 0 0 0 0 0 0 0 0 0 0 0 0
 0 0 0 0 0 0 0 0 0 0 0 0 1 0 0 1 0 0 0 0 0 0 0 0 0 0 0 0 0 0 1 0 0 0 0 0 0
 0 0 0 1 0 0 1 0 0 0 0 1 0 0 2 0 0 0 0 2 2]
[2023-04-23 01:38:44] - Mechanism:
[0 0 0 0 0 0 0 0 0 0 0 0 0 0 0 0 0 0 0 0 0 0 0 0 0 0 0 0 0 0 0 0 0 0 0 0 1
 0 0 0 0 0 0 0 0 0 0 0 0 0 0 0 0 0 0 0 0 0 2 0 0 0 0 0 0 0 0 0 0 0 0 0 0 0
 0 0 0 0 0 0 0 0 0 0 0 0 0 0 0 0 0 0 0 0 0 0 0 0 1 0 0 0 0 0 0 0 2 0 0 0 0
 0 0 0 0 0 0 0 0 0 0 0 0 0 0 0 0 0 0 0 0 0 0 0 0 0 0 0 0 0 0 1 0 0 2 0 0 0
 0 0 0 0 0 0 1 2 0 0 0 0 0 0 1 2 0 0 1 1 2]
[2023-04-23 01:38:44] - Node Index 2
[2023-04-23 01:38:44] - Dynamic Tree:
[2023-04-23 01:38:44] - Ground truth:
[0 0 0 0 0 0 0 0 0 0 0 0 0 0 0 0 0 0 0 0 0 0 1 1 0 0 0 0 0 0 0 0 0 0 1 0 0
 1 0 0 0 0 0 0 0 0 0 0 0 0 0 0 0 0 0 0 0 0 0 0 0 0 0 0 0 0 0 0 0 0 0 0 0 0
 0 0 0 0 0 0 0 0 0 0 0 0 0 0 0 0 0 0 0 2 0 0 0 1 1 0 0 0 0 0 0 0 0 0 0 0 0
 0 0 0 0 0 0 0 0 0 0 0 0 2 0 0 1 0 0 0 0 0 0 0 0 0 0 0 0 0 0 2 0 0 0 0 0 0
 0 0 0 2 0 0 2 0 0 0 0 2 0 0 4 0 0 0 0 4 4]
[2023-04-23 01:38:44] - Golden standard:
[0 1 0 0 0 0 0 0 1 1 0 0 0 0 0 0 0 0 0 0 0 0 0 0 0 0 0 0 0 0 0 0 0 0 0 0 0
 0 0 0 0 0 0 0 0 0 0 0 0 0 0 0 0 0 0 0 0 0 0 0 0 0 0 0 0 0 0 0 0 0 0 0 0 0
 0 0 0 0 0 0 2 0 0 0 0 1 0 0 1 0 0 0 0 0 0 0 0 0 0 0 0 0 0 0 0 0 0 0 0 0 0
 0 0 0 0 2 0 1 0 1 0 0 0 0 0 0 0 0 0 0 0 0 0 0 0 0 0 2 2 0 0 0 0 0 0 0 0 0
 2 1 0 0 0 0 0 0 2 3 0 0 0 0 0 0 2 3 2 3 5]
[2023-04-23 01:38:44] - Mechanism: 
[0 0 0 0 0 0 0 0 0 0 0 0 0 0 0 0 0 0 0 0 0 5 0 0 0 0 0 0 0 0 0 0 0 0 0 0 0
 0 0 0 0 0 0 0 0 0 0 0 0 0 0 0 0 0 0 0 0 0 0 0 0 0 0 0 0 0 0 0 0 0 0 0 0 0
 0 0 0 0 0 0 0 0 0 0 0 0 0 0 0 0 0 0 5 0 0 0 0 0 0 0 0 0 0 0 0 0 0 0 0 0 0
 0 0 0 0 0 0 0 0 0 0 0 0 0 0 0 0 0 0 0 0 0 0 0 0 0 0 0 0 5 0 0 0 0 0 0 0 0
 0 0 0 0 0 0 0 0 0 0 5 0 0 0 0 0 0 5 0 5 5]
[2023-04-23 01:38:44] - Insertion-Only Mechanism:
[2023-04-23 01:38:44] - Ground truth:
[0 0 0 0 0 0 0 0 0 0 0 0 0 0 0 0 0 0 0 0 0 0 1 1 0 0 0 0 0 0 0 0 0 0 1 0 0
 1 0 0 0 0 0 0 0 0 0 0 0 0 0 0 0 0 0 0 0 0 0 0 0 0 0 0 0 0 0 0 0 0 0 0 0 0
 0 0 0 0 0 0 0 0 0 0 0 0 0 0 0 0 0 0 0 2 0 0 0 1 1 0 0 0 0 0 0 0 0 0 0 0 0
 0 0 0 0 0 0 0 0 0 0 0 0 2 0 0 1 0 0 0 0 0 0 0 0 0 0 0 0 0 0 2 0 0 0 0 0 0
 0 0 0 2 0 0 2 0 0 0 0 2 0 0 4 0 0 0 0 4 4]
[2023-04-23 01:38:44] - Mechanism:
[0 0 0 0 0 0 0 0 0 0 0 0 0 0 0 0 0 0 0 0 0 0 0 0 0 0 0 0 0 0 0 0 0 0 0 0 0
 0 0 0 0 0 0 0 0 5 0 0 0 0 0 0 0 0 0 0 0 0 0 0 0 0 0 0 0 0 0 0 0 0 0 0 0 0
 0 0 0 0 0 0 0 0 0 0 0 0 0 0 0 0 0 0 0 0 0 0 0 0 0 0 0 0 0 0 0 0 0 0 0 0 0
 0 0 0 0 0 0 0 0 0 0 0 0 0 0 0 0 0 5 0 0 0 0 0 0 0 0 0 0 0 0 0 0 0 0 0 0 0
 0 0 0 0 5 0 0 0 0 0 0 0 5 0 0 5 0 0 5 0 4]
[2023-04-23 01:38:44] - Node Index 3
[2023-04-23 01:38:44] - Dynamic Tree:
[2023-04-23 01:38:44] - Ground truth:
[ 0  0  0  0  0  0  0  1  0  0  0  0  1  0  1  0  0  0  0  0  0  1  1  1
  0  0  1  0  0  0  0  0  0  1  1  0  0  1  0  0  0  0  0  0  0  0  0  0
  0  0  0  0  0  0  0  0  0  0  0  0  0  0  0  0  0  0  0  0  0  0  0  0
  0  0  0  0  0  0  0  0  0  0  0  0  0  0  0  1  0  1  1  0  1  2  1  0
  0  2  1  0  0  0  0  0  0  0  0  0  0  0  0  0  0  0  0  0  0  0  0  1
  1  1  0  2  1  0  2  0  0  0  0  0  0  0  0  0  0  0  1  1  0  3  0  0
  0  0  0  0  0  0  2  3  0  0  3  0  0  1  3  3  0  0  6  0  0  4  0 10
 10]
[2023-04-23 01:38:44] - Golden standard:
[ 0  0  0  0  1  0  0  0  0  0  0  0  3  0  0  0  0  0  0  0  0  0  0  0
  0  0  0  0  0  0  0  0  0  0  0  0  0  0  2  0  0  0  0  0  0  0  0  0
  0  0  0  0  0  0  0  0  0  0  0  0  0  3  0  1  0  0  0  0  0  1  0  0
  0  0  0  0  0  0  0  0  0  0  0  0  0  0  1  0  0  3  0  0  0  0  0  0
  0  0  0  2  0  0  0  0  0  0  0  0  1  0  0  0  0  0  0  0  0  0  1  0
  3  0  0  0  0  0  0  2  0  0  0  0  3  0  1  0  0  0  0  0  0  0  2  0
  0  4  0  0  0  1  3  0  0  1  2  4  0  1  3  0  0  1  2  4  1  4  5  6
 11]
[2023-04-23 01:38:44] - Mechanism: 
[ 0  0  0  0  0  0  0  0  0  0  0  0  0  0  0  0  0  0  0  7  0  0  0  0
  0  0  0  5  0  0  0  0  0  0  0  0  0  0  0  0  0  0  0  0  0  0  0  0
  0  0  0  0  0  0  0  0  0  0  0  0  0  0  0  0  0  0  0  0  0  0  0  0
  0  0  0  0  0  0  0  0  0  0  0  0  0  0  0  0  0  0  0  0  0  0  0  0
  0  0  0  0  0  0  0  0  0  0  0  0  0  0  0  0  0  0  0  0  0  0  0  0
  0  0  7  0  5  0  0  0  0  0  0  0  0  0  0  0  0  0  0  7  0  0  0  0
  0  0  0  0  0  0  0  5  0  0  0  0  0  0  7  5  0  0  5  0  0  7  0 12
 12]
[2023-04-23 01:38:44] - Insertion-Only Mechanism:
[2023-04-23 01:38:44] - Ground truth:
[ 0  0  0  0  0  0  0  1  0  0  0  0  1  0  1  0  0  0  0  0  0  1  1  1
  0  0  1  0  0  0  0  0  0  1  1  0  0  1  0  0  0  0  0  0  0  0  0  0
  0  0  0  0  0  0  0  0  0  0  0  0  0  0  0  0  0  0  0  0  0  0  0  0
  0  0  0  0  0  0  0  0  0  0  0  0  0  0  0  1  0  1  1  0  1  2  1  0
  0  2  1  0  0  0  0  0  0  0  0  0  0  0  0  0  0  0  0  0  0  0  0  1
  1  1  0  2  1  0  2  0  0  0  0  0  0  0  0  0  0  0  1  1  0  3  0  0
  0  0  0  0  0  0  2  3  0  0  3  0  0  1  3  3  0  0  6  0  0  4  0 10
 10]
[2023-04-23 01:38:44] - Mechanism:
[ 0  0  0  0  0  0  0  0  0  0  0  0  0  2  0  2  0  0  0  0  0  0  0  0
  0  0  0  0  0  0  0  0  5  0  0  0  0  0  0  0  0  0  0  0  0  0  0  6
  0  0  0  0  0  0  0  0  0  0  0  0  0  0  0  0  0  0  0  0  0  0  0  0
  0  0  0  0  0  0  0  0  0  0  0  0  0  0  0  0  0  0  2  0  0  0  0  0
  5  0  0  0  0  0  6  0  0  0  0  0  0  0  0  0  0  0  0  0  0  0  0  0
  2  2  0  0  0  0  0  0  0  6  0  0  0  0  0  0  0  0  0  0  5  0  0  0
  0  0  0  0  0  0  4  0  6  0  0  0  0  0  4  5  6  0  5  3  0  3  2  8
 10]
[2023-04-23 01:38:44] - Node Index 4
[2023-04-23 01:38:44] - Dynamic Tree:
[2023-04-23 01:38:44] - Ground truth:
[0 0 1 0 0 0 0 0 1 0 0 0 1 1 0 0 0 0 0 0 1 0 0 0 0 0 1 0 0 0 1 0 1 0 0 0 0
 1 0 0 0 0 0 0 0 0 0 0 0 0 0 0 0 0 0 0 0 0 0 0 0 0 0 0 0 0 0 0 0 0 0 0 0 0
 0 0 0 0 0 0 0 0 0 0 0 0 0 0 0 1 0 0 1 0 1 0 1 0 1 0 0 0 0 0 0 0 0 0 0 0 0
 0 0 0 0 0 0 1 0 1 2 0 0 0 1 1 0 0 0 0 0 0 0 0 0 0 0 0 1 1 2 1 0 0 0 0 0 0
 0 1 2 1 0 0 1 0 0 2 3 3 0 0 4 0 0 5 0 9 9]
[2023-04-23 01:38:44] - Golden standard:
[ 0  0  0  0  0  0  0  0  4  0  0  1  2  0  0  0  0  0  0  0  0  0  0  0
  0  0  0  0  0  0  0  0  0  0  0  0  0  3  0  0  0  0  0  0  0  0  0  0
  0  0  0  0  0  0  0  0  0  0  0  0  0  0  0  0  0  0  0  0  0  0  0  0
  0  0  0  0  0  0  0  0  0  0  0  0  0  0  0  0  0  3  0  0  0  0  0  0
  0  0  3  0  0  0  0  0  0  0  0  0  0  0  0  0  0  0  0  0  0  0  0  4
  3  0  0  0  0  0  0  0  0  0  0  0  0  0  0  0  0  0  4  0  0  3  0  0
  0  0  0  0  0  0  3  0  0  0  3  0  0  4  3  0  0  0  3  0  0  7  0 10
 10]
[2023-04-23 01:38:44] - Mechanism: 
[ 0  0  0  0  0  0  0  0  0  0  0  0  0  0  0  0  0  0  0  6  0  0  0  0
  0  0  0  0  0  0  0  0  0  0  0  0  0  0  0  0  0  1  0  0  0  1  0  0
  0  0  0  0  0  0  0  0  0  0  0  0  0  1  0  0  0  0  0  0  0  0  0  0
  0  0  0  0  0  0  0  1  0  0  0  0  0  0  0  0  0  0  0  0  0  0  0  0
  0  0  0  0  1  0  0  0  0  0  0  0  0  0  0  0  0  0  1  0  0  0  0  0
  0  0  6  0  0  0  0  0  1  0  0  0  1  0  0  0  0  0  0  6  0  0  1  0
  0  1  0  1  0  0  0  0  1  0  1  1  1  0  6  0  1  0  1  2  1  6  3  7
 10]
[2023-04-23 01:38:44] - Insertion-Only Mechanism:
[2023-04-23 01:38:44] - Ground truth:
[0 0 1 0 0 0 0 0 1 0 0 0 1 1 0 0 0 0 0 0 1 0 0 0 0 0 1 0 0 0 1 0 1 0 0 0 0
 1 0 0 0 0 0 0 0 0 0 0 0 0 0 0 0 0 0 0 0 0 0 0 0 0 0 0 0 0 0 0 0 0 0 0 0 0
 0 0 0 0 0 0 0 0 0 0 0 0 0 0 0 1 0 0 1 0 1 0 1 0 1 0 0 0 0 0 0 0 0 0 0 0 0
 0 0 0 0 0 0 1 0 1 2 0 0 0 1 1 0 0 0 0 0 0 0 0 0 0 0 0 1 1 2 1 0 0 0 0 0 0
 0 1 2 1 0 0 1 0 0 2 3 3 0 0 4 0 0 5 0 9 9]
[2023-04-23 01:38:44] - Mechanism:
[ 0  0  0  0  0  0  0  0  0  0  0  0  0  0 25  0  0  0  0  0  0  0  0  0
  0  0  0  0  0  1  0  0  2  0  0  6  0  0  0  0  0  0  0  0  0  0  0  0
  0 20  0  0  0  0  0  0  0  0  0  0  0  0  0  0  0  0  0  0  0  0  0  0
  0  0  0  0  0  0  0  0  0  0  0  0  0  0  0  0  0  0 25  0  0  0  0  0
  2  0  0  0  0  0  0 20  0  0  0  0  0  0  0  0  0  0  0  0  0  0  0  0
  0 25  0  0  0  0  6  0  0  0 20  0  0  0  0  0  0  0  0  0  0  6  0 20
  0  0  0  0  0  0 25  0  0  0  6  0  0  0 24  0 20  0  5 20  0 14  0 19
  9]
[2023-04-23 01:38:44] - ******** Testing Finished ********
[2023-04-23 01:38:44] - ******** Drawing Figure started ********
