[2023-04-18 22:55:46] - Arguments: Namespace(beta=0.05, column_number=1, data_size=100, dataset_path='./data/adult.csv', delta=0.1, domain_path='./data/adult-domain.json', each_query_size=10, epsilon=1.0, iteration=100, sparse_ratio=10)
[2023-04-18 22:55:46] - ******** Initialization ********
[2023-04-18 22:55:46] - Data sparsification complete
[2023-04-18 22:55:46] - Data information: {'age': 85, 'workclass': 9, 'fnlwgt': 100, 'education-num': 16, 'marital-status': 7, 'occupation': 15, 'relationship': 6, 'race': 5, 'sex': 2, 'capital-gain': 100, 'capital-loss': 100, 'hours-per-week': 99, 'native-country': 42, 'income>50K': 2}
[2023-04-18 22:55:46] - ******** Create Dynamic Tree ********
[2023-04-18 22:55:46] - The dynamic interval tree consists of nodes: [
-------- Node index: 1 --------
height: 0, sj: 2, 
right_ancestor_index: 2, left_ancestor_index: None, right_child: None, left_child: None, 
df size: 2, delete_df size: 0
-----------------------------------, 
-------- Node index: 2 --------
height: 1, sj: 4, 
right_ancestor_index: 4, left_ancestor_index: None, right_child: 3, left_child: 1, 
df size: 4, delete_df size: 0
-----------------------------------, 
-------- Node index: 3 --------
height: 0, sj: 16, 
right_ancestor_index: None, left_ancestor_index: 2, right_child: None, left_child: None, 
df size: 7, delete_df size: 3
-----------------------------------, 
-------- Node index: 4 --------
height: 2, sj: 132, 
right_ancestor_index: 8, left_ancestor_index: None, right_child: 6, left_child: 2, 
df size: 12, delete_df size: 57
-----------------------------------, 
-------- Node index: 5 --------
height: 0, sj: 184, 
right_ancestor_index: 6, left_ancestor_index: None, right_child: None, left_child: None, 
df size: 14, delete_df size: 25
-----------------------------------]
[2023-04-18 22:55:46] - Infinite Private Partitioning: s0: 0, j: 5, T: 17424, beta: 2.883135391252616e-07, C: 178.62577808043147, epsilon: 1.0, 
 segment: [0, 2, 4, 16, 132, 184]
[2023-04-18 22:55:46] - ******** Testing Started ********
[2023-04-18 22:55:46] - ++++++++ Testing on node 1 Started ++++++++
[2023-04-18 22:55:46] - At node with index 1, we implement queries on cliques dict_keys(['marital-status', 'age']):
[2023-04-18 22:55:47] - -------- New Mechanism: Testing on 1, node 1 is accessed --------
[2023-04-18 22:55:47] - -------- New Mechanism answer node query on node 1 finished --------
[2023-04-18 22:55:47] - The testing is implemented at marital-status
[2023-04-18 22:55:47] - Ground truth: gives answer
[2023-04-18 22:55:47] - output_answer:[1 0 1 0 0 0 0 1 1 0 0 2 2]
[2023-04-18 22:55:47] - query_instance.length_size[member]:{1: 7, 2: 10, 3: 11, 4: 12, 7: 13}
[2023-04-18 22:55:47] - tail, head: 0 7
[2023-04-18 22:55:47] - Range size 1, answer [1 0 1 0 0 0 0]:
[2023-04-18 22:55:47] - query_instance.length_size[member]:{1: 7, 2: 10, 3: 11, 4: 12, 7: 13}
[2023-04-18 22:55:47] - tail, head: 7 10
[2023-04-18 22:55:47] - Range size 2, answer [1 1 0]:
[2023-04-18 22:55:47] - query_instance.length_size[member]:{1: 7, 2: 10, 3: 11, 4: 12, 7: 13}
[2023-04-18 22:55:47] - tail, head: 10 11
[2023-04-18 22:55:47] - Range size 3, answer [0]:
[2023-04-18 22:55:47] - query_instance.length_size[member]:{1: 7, 2: 10, 3: 11, 4: 12, 7: 13}
[2023-04-18 22:55:47] - tail, head: 11 12
[2023-04-18 22:55:47] - Range size 4, answer [2]:
[2023-04-18 22:55:47] - query_instance.length_size[member]:{1: 7, 2: 10, 3: 11, 4: 12, 7: 13}
[2023-04-18 22:55:47] - tail, head: 12 13
[2023-04-18 22:55:47] - Range size 7, answer [2]:
[2023-04-18 22:55:47] - Golden standard: gives answer
[2023-04-18 22:55:47] - output_answer:[1 2 0 0 0 0 0 3 0 0 0 3 3]
[2023-04-18 22:55:47] - query_instance.length_size[member]:{1: 7, 2: 10, 3: 11, 4: 12, 7: 13}
[2023-04-18 22:55:47] - tail, head: 0 7
[2023-04-18 22:55:47] - Range size 1, answer [1 2 0 0 0 0 0]:
[2023-04-18 22:55:47] - query_instance.length_size[member]:{1: 7, 2: 10, 3: 11, 4: 12, 7: 13}
[2023-04-18 22:55:47] - tail, head: 7 10
[2023-04-18 22:55:47] - Range size 2, answer [3 0 0]:
[2023-04-18 22:55:47] - query_instance.length_size[member]:{1: 7, 2: 10, 3: 11, 4: 12, 7: 13}
[2023-04-18 22:55:47] - tail, head: 10 11
[2023-04-18 22:55:47] - Range size 3, answer [0]:
[2023-04-18 22:55:47] - query_instance.length_size[member]:{1: 7, 2: 10, 3: 11, 4: 12, 7: 13}
[2023-04-18 22:55:47] - tail, head: 11 12
[2023-04-18 22:55:47] - Range size 4, answer [3]:
[2023-04-18 22:55:47] - query_instance.length_size[member]:{1: 7, 2: 10, 3: 11, 4: 12, 7: 13}
[2023-04-18 22:55:47] - tail, head: 12 13
[2023-04-18 22:55:47] - Range size 7, answer [3]:
[2023-04-18 22:55:47] - Mechanism: gives answer
[2023-04-18 22:55:47] - output_answer:[0 0 0 0 0 3 0 0 0 3 3 0 3]
[2023-04-18 22:55:47] - query_instance.length_size[member]:{1: 7, 2: 10, 3: 11, 4: 12, 7: 13}
[2023-04-18 22:55:47] - tail, head: 0 7
[2023-04-18 22:55:47] - Range size 1, answer [0 0 0 0 0 3 0]:
[2023-04-18 22:55:47] - query_instance.length_size[member]:{1: 7, 2: 10, 3: 11, 4: 12, 7: 13}
[2023-04-18 22:55:47] - tail, head: 7 10
[2023-04-18 22:55:47] - Range size 2, answer [0 0 3]:
[2023-04-18 22:55:47] - query_instance.length_size[member]:{1: 7, 2: 10, 3: 11, 4: 12, 7: 13}
[2023-04-18 22:55:47] - tail, head: 10 11
[2023-04-18 22:55:47] - Range size 3, answer [3]:
[2023-04-18 22:55:47] - query_instance.length_size[member]:{1: 7, 2: 10, 3: 11, 4: 12, 7: 13}
[2023-04-18 22:55:47] - tail, head: 11 12
[2023-04-18 22:55:47] - Range size 4, answer [0]:
[2023-04-18 22:55:47] - query_instance.length_size[member]:{1: 7, 2: 10, 3: 11, 4: 12, 7: 13}
[2023-04-18 22:55:47] - tail, head: 12 13
[2023-04-18 22:55:47] - Range size 7, answer [3]:
[2023-04-18 22:55:47] - Mean Square Error of ground truth and golden standard: 0.9230769230769231
[2023-04-18 22:55:47] - Mean Square Error of ground truth and mechanism: 2.769230769230769
[2023-04-18 22:55:47] - Mean Square Error of golden standard and mechanism: 3.8461538461538463
[2023-04-18 22:55:47] - Measurement3: golden_standard and mechanism
0.0
[2023-04-18 22:55:48] - -------- New Mechanism: Testing on 1, node 1 is accessed --------
[2023-04-18 22:55:49] - -------- New Mechanism answer node query on node 1 finished --------
[2023-04-18 22:55:49] - The testing is implemented at age
[2023-04-18 22:55:49] - Ground truth: gives answer
[2023-04-18 22:55:49] - output_answer:[0 0 0 0 0 0 0 0 0 0 0 0 0 0 0 0 0 0 0 0 0 0 0 1 0 0 0 0 0 0 0 0 0 0 1 0 0
 0 0 0 0 0 0 0 0 0 0 0 0 0 0 0 0 0 0 0 0 0 0 0 0 0 0 0 0 0 0 0 0 0 0 0 0 0
 0 0 0 0 0 0 0 0 0 0 0 0 0 0 0 0 0 0 0 1 0 0 0 1 0 0 0 0 0 0 0 0 0 0 0 0 0
 0 0 0 0 0 0 0 0 0 0 0 0 1 0 0 1 0 0 0 0 0 0 0 0 0 0 0 0 0 0 1 0 0 0 0 0 0
 0 0 0 1 0 0 1 0 0 0 0 1 0 0 2 0 0 0 0 2 2]
[2023-04-18 22:55:49] - query_instance.length_size[member]:{1: 85, 2: 117, 3: 138, 5: 149, 6: 154, 10: 157, 11: 162, 21: 165, 22: 166, 42: 167, 43: 168, 85: 169}
[2023-04-18 22:55:49] - tail, head: 0 85
[2023-04-18 22:55:49] - Range size 1, answer [0 0 0 0 0 0 0 0 0 0 0 0 0 0 0 0 0 0 0 0 0 0 0 1 0 0 0 0 0 0 0 0 0 0 1 0 0
 0 0 0 0 0 0 0 0 0 0 0 0 0 0 0 0 0 0 0 0 0 0 0 0 0 0 0 0 0 0 0 0 0 0 0 0 0
 0 0 0 0 0 0 0 0 0 0 0]:
[2023-04-18 22:55:49] - query_instance.length_size[member]:{1: 85, 2: 117, 3: 138, 5: 149, 6: 154, 10: 157, 11: 162, 21: 165, 22: 166, 42: 167, 43: 168, 85: 169}
[2023-04-18 22:55:49] - tail, head: 85 117
[2023-04-18 22:55:49] - Range size 2, answer [0 0 0 0 0 0 0 0 1 0 0 0 1 0 0 0 0 0 0 0 0 0 0 0 0 0 0 0 0 0 0 0]:
[2023-04-18 22:55:49] - query_instance.length_size[member]:{1: 85, 2: 117, 3: 138, 5: 149, 6: 154, 10: 157, 11: 162, 21: 165, 22: 166, 42: 167, 43: 168, 85: 169}
[2023-04-18 22:55:49] - tail, head: 117 138
[2023-04-18 22:55:49] - Range size 3, answer [0 0 0 0 0 0 1 0 0 1 0 0 0 0 0 0 0 0 0 0 0]:
[2023-04-18 22:55:49] - query_instance.length_size[member]:{1: 85, 2: 117, 3: 138, 5: 149, 6: 154, 10: 157, 11: 162, 21: 165, 22: 166, 42: 167, 43: 168, 85: 169}
[2023-04-18 22:55:49] - tail, head: 138 149
[2023-04-18 22:55:49] - Range size 5, answer [0 0 0 1 0 0 0 0 0 0 0]:
[2023-04-18 22:55:49] - query_instance.length_size[member]:{1: 85, 2: 117, 3: 138, 5: 149, 6: 154, 10: 157, 11: 162, 21: 165, 22: 166, 42: 167, 43: 168, 85: 169}
[2023-04-18 22:55:49] - tail, head: 149 154
[2023-04-18 22:55:49] - Range size 6, answer [0 0 1 0 0]:
[2023-04-18 22:55:49] - query_instance.length_size[member]:{1: 85, 2: 117, 3: 138, 5: 149, 6: 154, 10: 157, 11: 162, 21: 165, 22: 166, 42: 167, 43: 168, 85: 169}
[2023-04-18 22:55:49] - tail, head: 154 157
[2023-04-18 22:55:49] - Range size 10, answer [1 0 0]:
[2023-04-18 22:55:49] - query_instance.length_size[member]:{1: 85, 2: 117, 3: 138, 5: 149, 6: 154, 10: 157, 11: 162, 21: 165, 22: 166, 42: 167, 43: 168, 85: 169}
[2023-04-18 22:55:49] - tail, head: 157 162
[2023-04-18 22:55:49] - Range size 11, answer [0 0 1 0 0]:
[2023-04-18 22:55:49] - query_instance.length_size[member]:{1: 85, 2: 117, 3: 138, 5: 149, 6: 154, 10: 157, 11: 162, 21: 165, 22: 166, 42: 167, 43: 168, 85: 169}
[2023-04-18 22:55:49] - tail, head: 162 165
[2023-04-18 22:55:49] - Range size 21, answer [2 0 0]:
[2023-04-18 22:55:49] - query_instance.length_size[member]:{1: 85, 2: 117, 3: 138, 5: 149, 6: 154, 10: 157, 11: 162, 21: 165, 22: 166, 42: 167, 43: 168, 85: 169}
[2023-04-18 22:55:49] - tail, head: 165 166
[2023-04-18 22:55:49] - Range size 22, answer [0]:
[2023-04-18 22:55:49] - query_instance.length_size[member]:{1: 85, 2: 117, 3: 138, 5: 149, 6: 154, 10: 157, 11: 162, 21: 165, 22: 166, 42: 167, 43: 168, 85: 169}
[2023-04-18 22:55:49] - tail, head: 166 167
[2023-04-18 22:55:49] - Range size 42, answer [0]:
[2023-04-18 22:55:49] - query_instance.length_size[member]:{1: 85, 2: 117, 3: 138, 5: 149, 6: 154, 10: 157, 11: 162, 21: 165, 22: 166, 42: 167, 43: 168, 85: 169}
[2023-04-18 22:55:49] - tail, head: 167 168
[2023-04-18 22:55:49] - Range size 43, answer [2]:
[2023-04-18 22:55:49] - query_instance.length_size[member]:{1: 85, 2: 117, 3: 138, 5: 149, 6: 154, 10: 157, 11: 162, 21: 165, 22: 166, 42: 167, 43: 168, 85: 169}
[2023-04-18 22:55:49] - tail, head: 168 169
[2023-04-18 22:55:49] - Range size 85, answer [2]:
[2023-04-18 22:55:49] - Golden standard: gives answer
[2023-04-18 22:55:49] - output_answer:[0 0 0 0 0 0 0 0 0 0 0 0 0 0 0 0 0 0 0 0 0 0 0 0 0 0 0 0 0 0 0 0 0 0 0 0 0
 0 0 0 0 0 0 0 0 0 0 0 2 0 0 0 0 0 0 0 0 0 0 0 0 0 0 0 0 0 0 0 0 0 0 0 0 0
 0 0 0 0 1 0 0 0 0 0 0 0 0 0 0 0 0 0 0 0 0 0 0 0 0 0 0 0 0 0 0 0 0 0 0 0 0
 0 0 0 1 0 0 0 0 0 0 0 0 0 0 0 0 0 0 2 0 0 0 0 0 0 0 0 0 0 0 0 0 0 0 0 0 1
 0 0 0 0 2 0 0 0 1 0 0 0 2 0 0 2 1 0 3 0 3]
[2023-04-18 22:55:49] - query_instance.length_size[member]:{1: 85, 2: 117, 3: 138, 5: 149, 6: 154, 10: 157, 11: 162, 21: 165, 22: 166, 42: 167, 43: 168, 85: 169}
[2023-04-18 22:55:49] - tail, head: 0 85
[2023-04-18 22:55:49] - Range size 1, answer [0 0 0 0 0 0 0 0 0 0 0 0 0 0 0 0 0 0 0 0 0 0 0 0 0 0 0 0 0 0 0 0 0 0 0 0 0
 0 0 0 0 0 0 0 0 0 0 0 2 0 0 0 0 0 0 0 0 0 0 0 0 0 0 0 0 0 0 0 0 0 0 0 0 0
 0 0 0 0 1 0 0 0 0 0 0]:
[2023-04-18 22:55:49] - query_instance.length_size[member]:{1: 85, 2: 117, 3: 138, 5: 149, 6: 154, 10: 157, 11: 162, 21: 165, 22: 166, 42: 167, 43: 168, 85: 169}
[2023-04-18 22:55:49] - tail, head: 85 117
[2023-04-18 22:55:49] - Range size 2, answer [0 0 0 0 0 0 0 0 0 0 0 0 0 0 0 0 0 0 0 0 0 0 0 0 0 0 0 0 0 1 0 0]:
[2023-04-18 22:55:49] - query_instance.length_size[member]:{1: 85, 2: 117, 3: 138, 5: 149, 6: 154, 10: 157, 11: 162, 21: 165, 22: 166, 42: 167, 43: 168, 85: 169}
[2023-04-18 22:55:49] - tail, head: 117 138
[2023-04-18 22:55:49] - Range size 3, answer [0 0 0 0 0 0 0 0 0 0 0 0 2 0 0 0 0 0 0 0 0]:
[2023-04-18 22:55:49] - query_instance.length_size[member]:{1: 85, 2: 117, 3: 138, 5: 149, 6: 154, 10: 157, 11: 162, 21: 165, 22: 166, 42: 167, 43: 168, 85: 169}
[2023-04-18 22:55:49] - tail, head: 138 149
[2023-04-18 22:55:49] - Range size 5, answer [0 0 0 0 0 0 0 0 0 1 0]:
[2023-04-18 22:55:49] - query_instance.length_size[member]:{1: 85, 2: 117, 3: 138, 5: 149, 6: 154, 10: 157, 11: 162, 21: 165, 22: 166, 42: 167, 43: 168, 85: 169}
[2023-04-18 22:55:49] - tail, head: 149 154
[2023-04-18 22:55:49] - Range size 6, answer [0 0 0 2 0]:
[2023-04-18 22:55:49] - query_instance.length_size[member]:{1: 85, 2: 117, 3: 138, 5: 149, 6: 154, 10: 157, 11: 162, 21: 165, 22: 166, 42: 167, 43: 168, 85: 169}
[2023-04-18 22:55:49] - tail, head: 154 157
[2023-04-18 22:55:49] - Range size 10, answer [0 0 1]:
[2023-04-18 22:55:49] - query_instance.length_size[member]:{1: 85, 2: 117, 3: 138, 5: 149, 6: 154, 10: 157, 11: 162, 21: 165, 22: 166, 42: 167, 43: 168, 85: 169}
[2023-04-18 22:55:49] - tail, head: 157 162
[2023-04-18 22:55:49] - Range size 11, answer [0 0 0 2 0]:
[2023-04-18 22:55:49] - query_instance.length_size[member]:{1: 85, 2: 117, 3: 138, 5: 149, 6: 154, 10: 157, 11: 162, 21: 165, 22: 166, 42: 167, 43: 168, 85: 169}
[2023-04-18 22:55:49] - tail, head: 162 165
[2023-04-18 22:55:49] - Range size 21, answer [0 2 1]:
[2023-04-18 22:55:49] - query_instance.length_size[member]:{1: 85, 2: 117, 3: 138, 5: 149, 6: 154, 10: 157, 11: 162, 21: 165, 22: 166, 42: 167, 43: 168, 85: 169}
[2023-04-18 22:55:49] - tail, head: 165 166
[2023-04-18 22:55:49] - Range size 22, answer [0]:
[2023-04-18 22:55:49] - query_instance.length_size[member]:{1: 85, 2: 117, 3: 138, 5: 149, 6: 154, 10: 157, 11: 162, 21: 165, 22: 166, 42: 167, 43: 168, 85: 169}
[2023-04-18 22:55:49] - tail, head: 166 167
[2023-04-18 22:55:49] - Range size 42, answer [3]:
[2023-04-18 22:55:49] - query_instance.length_size[member]:{1: 85, 2: 117, 3: 138, 5: 149, 6: 154, 10: 157, 11: 162, 21: 165, 22: 166, 42: 167, 43: 168, 85: 169}
[2023-04-18 22:55:49] - tail, head: 167 168
[2023-04-18 22:55:49] - Range size 43, answer [0]:
[2023-04-18 22:55:49] - query_instance.length_size[member]:{1: 85, 2: 117, 3: 138, 5: 149, 6: 154, 10: 157, 11: 162, 21: 165, 22: 166, 42: 167, 43: 168, 85: 169}
[2023-04-18 22:55:49] - tail, head: 168 169
[2023-04-18 22:55:49] - Range size 85, answer [3]:
[2023-04-18 22:55:49] - Mechanism: gives answer
[2023-04-18 22:55:49] - output_answer:[0 0 0 0 0 0 0 0 0 0 0 0 0 0 0 0 0 0 0 0 0 0 0 0 0 0 0 0 0 0 0 0 0 0 3 0 0
 0 0 0 0 0 0 0 0 0 0 0 0 0 0 0 0 0 0 0 0 0 0 0 0 0 0 0 0 0 0 0 0 0 0 0 0 0
 0 0 0 0 0 0 0 0 0 0 0 0 0 0 0 0 0 0 0 0 0 0 0 3 0 0 0 0 0 0 0 0 0 0 0 0 0
 0 0 0 0 0 0 0 0 0 0 0 0 0 0 0 3 0 0 0 0 0 0 0 0 0 0 0 0 0 0 3 0 0 0 0 0 0
 0 0 0 0 0 0 3 0 0 0 0 0 0 0 3 0 0 0 0 3 3]
[2023-04-18 22:55:49] - query_instance.length_size[member]:{1: 85, 2: 117, 3: 138, 5: 149, 6: 154, 10: 157, 11: 162, 21: 165, 22: 166, 42: 167, 43: 168, 85: 169}
[2023-04-18 22:55:49] - tail, head: 0 85
[2023-04-18 22:55:49] - Range size 1, answer [0 0 0 0 0 0 0 0 0 0 0 0 0 0 0 0 0 0 0 0 0 0 0 0 0 0 0 0 0 0 0 0 0 0 3 0 0
 0 0 0 0 0 0 0 0 0 0 0 0 0 0 0 0 0 0 0 0 0 0 0 0 0 0 0 0 0 0 0 0 0 0 0 0 0
 0 0 0 0 0 0 0 0 0 0 0]:
[2023-04-18 22:55:49] - query_instance.length_size[member]:{1: 85, 2: 117, 3: 138, 5: 149, 6: 154, 10: 157, 11: 162, 21: 165, 22: 166, 42: 167, 43: 168, 85: 169}
[2023-04-18 22:55:49] - tail, head: 85 117
[2023-04-18 22:55:49] - Range size 2, answer [0 0 0 0 0 0 0 0 0 0 0 0 3 0 0 0 0 0 0 0 0 0 0 0 0 0 0 0 0 0 0 0]:
[2023-04-18 22:55:49] - query_instance.length_size[member]:{1: 85, 2: 117, 3: 138, 5: 149, 6: 154, 10: 157, 11: 162, 21: 165, 22: 166, 42: 167, 43: 168, 85: 169}
[2023-04-18 22:55:49] - tail, head: 117 138
[2023-04-18 22:55:49] - Range size 3, answer [0 0 0 0 0 0 0 0 0 3 0 0 0 0 0 0 0 0 0 0 0]:
[2023-04-18 22:55:49] - query_instance.length_size[member]:{1: 85, 2: 117, 3: 138, 5: 149, 6: 154, 10: 157, 11: 162, 21: 165, 22: 166, 42: 167, 43: 168, 85: 169}
[2023-04-18 22:55:49] - tail, head: 138 149
[2023-04-18 22:55:49] - Range size 5, answer [0 0 0 3 0 0 0 0 0 0 0]:
[2023-04-18 22:55:49] - query_instance.length_size[member]:{1: 85, 2: 117, 3: 138, 5: 149, 6: 154, 10: 157, 11: 162, 21: 165, 22: 166, 42: 167, 43: 168, 85: 169}
[2023-04-18 22:55:49] - tail, head: 149 154
[2023-04-18 22:55:49] - Range size 6, answer [0 0 0 0 0]:
[2023-04-18 22:55:49] - query_instance.length_size[member]:{1: 85, 2: 117, 3: 138, 5: 149, 6: 154, 10: 157, 11: 162, 21: 165, 22: 166, 42: 167, 43: 168, 85: 169}
[2023-04-18 22:55:49] - tail, head: 154 157
[2023-04-18 22:55:49] - Range size 10, answer [3 0 0]:
[2023-04-18 22:55:49] - query_instance.length_size[member]:{1: 85, 2: 117, 3: 138, 5: 149, 6: 154, 10: 157, 11: 162, 21: 165, 22: 166, 42: 167, 43: 168, 85: 169}
[2023-04-18 22:55:49] - tail, head: 157 162
[2023-04-18 22:55:49] - Range size 11, answer [0 0 0 0 0]:
[2023-04-18 22:55:49] - query_instance.length_size[member]:{1: 85, 2: 117, 3: 138, 5: 149, 6: 154, 10: 157, 11: 162, 21: 165, 22: 166, 42: 167, 43: 168, 85: 169}
[2023-04-18 22:55:49] - tail, head: 162 165
[2023-04-18 22:55:49] - Range size 21, answer [3 0 0]:
[2023-04-18 22:55:49] - query_instance.length_size[member]:{1: 85, 2: 117, 3: 138, 5: 149, 6: 154, 10: 157, 11: 162, 21: 165, 22: 166, 42: 167, 43: 168, 85: 169}
[2023-04-18 22:55:49] - tail, head: 165 166
[2023-04-18 22:55:49] - Range size 22, answer [0]:
[2023-04-18 22:55:49] - query_instance.length_size[member]:{1: 85, 2: 117, 3: 138, 5: 149, 6: 154, 10: 157, 11: 162, 21: 165, 22: 166, 42: 167, 43: 168, 85: 169}
[2023-04-18 22:55:49] - tail, head: 166 167
[2023-04-18 22:55:49] - Range size 42, answer [0]:
[2023-04-18 22:55:49] - query_instance.length_size[member]:{1: 85, 2: 117, 3: 138, 5: 149, 6: 154, 10: 157, 11: 162, 21: 165, 22: 166, 42: 167, 43: 168, 85: 169}
[2023-04-18 22:55:49] - tail, head: 167 168
[2023-04-18 22:55:49] - Range size 43, answer [3]:
[2023-04-18 22:55:49] - query_instance.length_size[member]:{1: 85, 2: 117, 3: 138, 5: 149, 6: 154, 10: 157, 11: 162, 21: 165, 22: 166, 42: 167, 43: 168, 85: 169}
[2023-04-18 22:55:49] - tail, head: 168 169
[2023-04-18 22:55:49] - Range size 85, answer [3]:
[2023-04-18 22:55:49] - Mean Square Error of ground truth and golden standard: 0.3136094674556213
[2023-04-18 22:55:49] - Mean Square Error of ground truth and mechanism: 0.16568047337278108
[2023-04-18 22:55:49] - Mean Square Error of golden standard and mechanism: 0.5739644970414202
[2023-04-18 22:55:49] - Measurement3: golden_standard and mechanism
0.0
[2023-04-18 22:55:49] - ++++++++ Testing on node 1 Finished ++++++++
[2023-04-18 22:55:49] - ++++++++ Testing on node 2 Started ++++++++
[2023-04-18 22:55:49] - At node with index 2, we implement queries on cliques dict_keys(['marital-status', 'age']):
[2023-04-18 22:55:49] - -------- New Mechanism: Testing on 2, node 2 is accessed --------
[2023-04-18 22:55:50] - -------- New Mechanism answer node query on node 2 finished --------
[2023-04-18 22:55:50] - The testing is implemented at marital-status
[2023-04-18 22:55:50] - Ground truth: gives answer
[2023-04-18 22:55:50] - output_answer:[2 1 1 0 0 0 0 3 1 0 0 4 4]
[2023-04-18 22:55:50] - query_instance.length_size[member]:{1: 7, 2: 10, 3: 11, 4: 12, 7: 13}
[2023-04-18 22:55:50] - tail, head: 0 7
[2023-04-18 22:55:50] - Range size 1, answer [2 1 1 0 0 0 0]:
[2023-04-18 22:55:50] - query_instance.length_size[member]:{1: 7, 2: 10, 3: 11, 4: 12, 7: 13}
[2023-04-18 22:55:50] - tail, head: 7 10
[2023-04-18 22:55:50] - Range size 2, answer [3 1 0]:
[2023-04-18 22:55:50] - query_instance.length_size[member]:{1: 7, 2: 10, 3: 11, 4: 12, 7: 13}
[2023-04-18 22:55:50] - tail, head: 10 11
[2023-04-18 22:55:50] - Range size 3, answer [0]:
[2023-04-18 22:55:50] - query_instance.length_size[member]:{1: 7, 2: 10, 3: 11, 4: 12, 7: 13}
[2023-04-18 22:55:50] - tail, head: 11 12
[2023-04-18 22:55:50] - Range size 4, answer [4]:
[2023-04-18 22:55:50] - query_instance.length_size[member]:{1: 7, 2: 10, 3: 11, 4: 12, 7: 13}
[2023-04-18 22:55:50] - tail, head: 12 13
[2023-04-18 22:55:50] - Range size 7, answer [4]:
[2023-04-18 22:55:50] - Golden standard: gives answer
[2023-04-18 22:55:50] - output_answer:[0 0 0 0 1 4 0 0 0 5 5 0 5]
[2023-04-18 22:55:50] - query_instance.length_size[member]:{1: 7, 2: 10, 3: 11, 4: 12, 7: 13}
[2023-04-18 22:55:50] - tail, head: 0 7
[2023-04-18 22:55:50] - Range size 1, answer [0 0 0 0 1 4 0]:
[2023-04-18 22:55:50] - query_instance.length_size[member]:{1: 7, 2: 10, 3: 11, 4: 12, 7: 13}
[2023-04-18 22:55:50] - tail, head: 7 10
[2023-04-18 22:55:50] - Range size 2, answer [0 0 5]:
[2023-04-18 22:55:50] - query_instance.length_size[member]:{1: 7, 2: 10, 3: 11, 4: 12, 7: 13}
[2023-04-18 22:55:50] - tail, head: 10 11
[2023-04-18 22:55:50] - Range size 3, answer [5]:
[2023-04-18 22:55:50] - query_instance.length_size[member]:{1: 7, 2: 10, 3: 11, 4: 12, 7: 13}
[2023-04-18 22:55:50] - tail, head: 11 12
[2023-04-18 22:55:50] - Range size 4, answer [0]:
[2023-04-18 22:55:50] - query_instance.length_size[member]:{1: 7, 2: 10, 3: 11, 4: 12, 7: 13}
[2023-04-18 22:55:50] - tail, head: 12 13
[2023-04-18 22:55:50] - Range size 7, answer [5]:
[2023-04-18 22:55:50] - Mechanism: gives answer
[2023-04-18 22:55:50] - output_answer:[0 1 0 0 4 0 0 1 0 4 4 1 5]
[2023-04-18 22:55:50] - query_instance.length_size[member]:{1: 7, 2: 10, 3: 11, 4: 12, 7: 13}
[2023-04-18 22:55:50] - tail, head: 0 7
[2023-04-18 22:55:50] - Range size 1, answer [0 1 0 0 4 0 0]:
[2023-04-18 22:55:50] - query_instance.length_size[member]:{1: 7, 2: 10, 3: 11, 4: 12, 7: 13}
[2023-04-18 22:55:50] - tail, head: 7 10
[2023-04-18 22:55:50] - Range size 2, answer [1 0 4]:
[2023-04-18 22:55:50] - query_instance.length_size[member]:{1: 7, 2: 10, 3: 11, 4: 12, 7: 13}
[2023-04-18 22:55:50] - tail, head: 10 11
[2023-04-18 22:55:50] - Range size 3, answer [4]:
[2023-04-18 22:55:50] - query_instance.length_size[member]:{1: 7, 2: 10, 3: 11, 4: 12, 7: 13}
[2023-04-18 22:55:50] - tail, head: 11 12
[2023-04-18 22:55:50] - Range size 4, answer [1]:
[2023-04-18 22:55:50] - query_instance.length_size[member]:{1: 7, 2: 10, 3: 11, 4: 12, 7: 13}
[2023-04-18 22:55:50] - tail, head: 12 13
[2023-04-18 22:55:50] - Range size 7, answer [5]:
[2023-04-18 22:55:50] - Mean Square Error of ground truth and golden standard: 7.6923076923076925
[2023-04-18 22:55:50] - Mean Square Error of ground truth and mechanism: 5.230769230769231
[2023-04-18 22:55:50] - Mean Square Error of golden standard and mechanism: 2.3076923076923075
[2023-04-18 22:55:50] - Measurement3: golden_standard and mechanism
0.0
[2023-04-18 22:55:51] - -------- New Mechanism: Testing on 2, node 2 is accessed --------
[2023-04-18 22:55:51] - -------- New Mechanism answer node query on node 2 finished --------
[2023-04-18 22:55:51] - The testing is implemented at age
[2023-04-18 22:55:51] - Ground truth: gives answer
[2023-04-18 22:55:51] - output_answer:[0 0 0 0 0 0 0 0 0 0 0 0 0 0 0 0 0 0 0 0 0 0 1 1 0 0 0 0 0 0 0 0 0 0 1 0 0
 1 0 0 0 0 0 0 0 0 0 0 0 0 0 0 0 0 0 0 0 0 0 0 0 0 0 0 0 0 0 0 0 0 0 0 0 0
 0 0 0 0 0 0 0 0 0 0 0 0 0 0 0 0 0 0 0 2 0 0 0 1 1 0 0 0 0 0 0 0 0 0 0 0 0
 0 0 0 0 0 0 0 0 0 0 0 0 2 0 0 1 0 0 0 0 0 0 0 0 0 0 0 0 0 0 2 0 0 0 0 0 0
 0 0 0 2 0 0 2 0 0 0 0 2 0 0 4 0 0 0 0 4 4]
[2023-04-18 22:55:51] - query_instance.length_size[member]:{1: 85, 2: 117, 3: 138, 5: 149, 6: 154, 10: 157, 11: 162, 21: 165, 22: 166, 42: 167, 43: 168, 85: 169}
[2023-04-18 22:55:51] - tail, head: 0 85
[2023-04-18 22:55:51] - Range size 1, answer [0 0 0 0 0 0 0 0 0 0 0 0 0 0 0 0 0 0 0 0 0 0 1 1 0 0 0 0 0 0 0 0 0 0 1 0 0
 1 0 0 0 0 0 0 0 0 0 0 0 0 0 0 0 0 0 0 0 0 0 0 0 0 0 0 0 0 0 0 0 0 0 0 0 0
 0 0 0 0 0 0 0 0 0 0 0]:
[2023-04-18 22:55:51] - query_instance.length_size[member]:{1: 85, 2: 117, 3: 138, 5: 149, 6: 154, 10: 157, 11: 162, 21: 165, 22: 166, 42: 167, 43: 168, 85: 169}
[2023-04-18 22:55:51] - tail, head: 85 117
[2023-04-18 22:55:51] - Range size 2, answer [0 0 0 0 0 0 0 0 2 0 0 0 1 1 0 0 0 0 0 0 0 0 0 0 0 0 0 0 0 0 0 0]:
[2023-04-18 22:55:51] - query_instance.length_size[member]:{1: 85, 2: 117, 3: 138, 5: 149, 6: 154, 10: 157, 11: 162, 21: 165, 22: 166, 42: 167, 43: 168, 85: 169}
[2023-04-18 22:55:51] - tail, head: 117 138
[2023-04-18 22:55:51] - Range size 3, answer [0 0 0 0 0 0 2 0 0 1 0 0 0 0 0 0 0 0 0 0 0]:
[2023-04-18 22:55:51] - query_instance.length_size[member]:{1: 85, 2: 117, 3: 138, 5: 149, 6: 154, 10: 157, 11: 162, 21: 165, 22: 166, 42: 167, 43: 168, 85: 169}
[2023-04-18 22:55:51] - tail, head: 138 149
[2023-04-18 22:55:51] - Range size 5, answer [0 0 0 2 0 0 0 0 0 0 0]:
[2023-04-18 22:55:51] - query_instance.length_size[member]:{1: 85, 2: 117, 3: 138, 5: 149, 6: 154, 10: 157, 11: 162, 21: 165, 22: 166, 42: 167, 43: 168, 85: 169}
[2023-04-18 22:55:51] - tail, head: 149 154
[2023-04-18 22:55:51] - Range size 6, answer [0 0 2 0 0]:
[2023-04-18 22:55:51] - query_instance.length_size[member]:{1: 85, 2: 117, 3: 138, 5: 149, 6: 154, 10: 157, 11: 162, 21: 165, 22: 166, 42: 167, 43: 168, 85: 169}
[2023-04-18 22:55:51] - tail, head: 154 157
[2023-04-18 22:55:51] - Range size 10, answer [2 0 0]:
[2023-04-18 22:55:51] - query_instance.length_size[member]:{1: 85, 2: 117, 3: 138, 5: 149, 6: 154, 10: 157, 11: 162, 21: 165, 22: 166, 42: 167, 43: 168, 85: 169}
[2023-04-18 22:55:51] - tail, head: 157 162
[2023-04-18 22:55:51] - Range size 11, answer [0 0 2 0 0]:
[2023-04-18 22:55:51] - query_instance.length_size[member]:{1: 85, 2: 117, 3: 138, 5: 149, 6: 154, 10: 157, 11: 162, 21: 165, 22: 166, 42: 167, 43: 168, 85: 169}
[2023-04-18 22:55:51] - tail, head: 162 165
[2023-04-18 22:55:51] - Range size 21, answer [4 0 0]:
[2023-04-18 22:55:51] - query_instance.length_size[member]:{1: 85, 2: 117, 3: 138, 5: 149, 6: 154, 10: 157, 11: 162, 21: 165, 22: 166, 42: 167, 43: 168, 85: 169}
[2023-04-18 22:55:51] - tail, head: 165 166
[2023-04-18 22:55:51] - Range size 22, answer [0]:
[2023-04-18 22:55:51] - query_instance.length_size[member]:{1: 85, 2: 117, 3: 138, 5: 149, 6: 154, 10: 157, 11: 162, 21: 165, 22: 166, 42: 167, 43: 168, 85: 169}
[2023-04-18 22:55:51] - tail, head: 166 167
[2023-04-18 22:55:51] - Range size 42, answer [0]:
[2023-04-18 22:55:51] - query_instance.length_size[member]:{1: 85, 2: 117, 3: 138, 5: 149, 6: 154, 10: 157, 11: 162, 21: 165, 22: 166, 42: 167, 43: 168, 85: 169}
[2023-04-18 22:55:51] - tail, head: 167 168
[2023-04-18 22:55:51] - Range size 43, answer [4]:
[2023-04-18 22:55:51] - query_instance.length_size[member]:{1: 85, 2: 117, 3: 138, 5: 149, 6: 154, 10: 157, 11: 162, 21: 165, 22: 166, 42: 167, 43: 168, 85: 169}
[2023-04-18 22:55:51] - tail, head: 168 169
[2023-04-18 22:55:51] - Range size 85, answer [4]:
[2023-04-18 22:55:51] - Golden standard: gives answer
[2023-04-18 22:55:51] - output_answer:[0 0 0 0 0 0 0 0 0 0 0 0 0 0 0 1 0 0 0 0 0 0 0 0 0 0 0 0 0 0 0 0 0 0 0 0 0
 0 2 0 0 0 0 0 0 0 0 0 0 0 0 0 0 0 0 0 0 0 0 0 0 0 0 0 0 0 0 0 2 0 0 0 0 0
 0 0 0 0 0 0 0 0 0 0 0 0 0 0 0 0 1 0 0 0 0 0 0 0 0 2 0 0 0 0 0 0 0 0 0 0 2
 0 0 0 0 0 0 0 0 0 0 1 0 0 0 0 0 2 0 0 0 0 0 0 2 0 0 0 0 0 0 0 2 0 0 0 0 0
 0 0 1 0 0 2 2 0 0 0 1 0 0 2 2 0 2 1 2 3 5]
[2023-04-18 22:55:51] - query_instance.length_size[member]:{1: 85, 2: 117, 3: 138, 5: 149, 6: 154, 10: 157, 11: 162, 21: 165, 22: 166, 42: 167, 43: 168, 85: 169}
[2023-04-18 22:55:51] - tail, head: 0 85
[2023-04-18 22:55:51] - Range size 1, answer [0 0 0 0 0 0 0 0 0 0 0 0 0 0 0 1 0 0 0 0 0 0 0 0 0 0 0 0 0 0 0 0 0 0 0 0 0
 0 2 0 0 0 0 0 0 0 0 0 0 0 0 0 0 0 0 0 0 0 0 0 0 0 0 0 0 0 0 0 2 0 0 0 0 0
 0 0 0 0 0 0 0 0 0 0 0]:
[2023-04-18 22:55:51] - query_instance.length_size[member]:{1: 85, 2: 117, 3: 138, 5: 149, 6: 154, 10: 157, 11: 162, 21: 165, 22: 166, 42: 167, 43: 168, 85: 169}
[2023-04-18 22:55:51] - tail, head: 85 117
[2023-04-18 22:55:51] - Range size 2, answer [0 0 0 0 0 1 0 0 0 0 0 0 0 0 2 0 0 0 0 0 0 0 0 0 0 2 0 0 0 0 0 0]:
[2023-04-18 22:55:51] - query_instance.length_size[member]:{1: 85, 2: 117, 3: 138, 5: 149, 6: 154, 10: 157, 11: 162, 21: 165, 22: 166, 42: 167, 43: 168, 85: 169}
[2023-04-18 22:55:51] - tail, head: 117 138
[2023-04-18 22:55:51] - Range size 3, answer [0 0 0 0 1 0 0 0 0 0 2 0 0 0 0 0 0 2 0 0 0]:
[2023-04-18 22:55:51] - query_instance.length_size[member]:{1: 85, 2: 117, 3: 138, 5: 149, 6: 154, 10: 157, 11: 162, 21: 165, 22: 166, 42: 167, 43: 168, 85: 169}
[2023-04-18 22:55:51] - tail, head: 138 149
[2023-04-18 22:55:51] - Range size 5, answer [0 0 0 0 2 0 0 0 0 0 0]:
[2023-04-18 22:55:51] - query_instance.length_size[member]:{1: 85, 2: 117, 3: 138, 5: 149, 6: 154, 10: 157, 11: 162, 21: 165, 22: 166, 42: 167, 43: 168, 85: 169}
[2023-04-18 22:55:51] - tail, head: 149 154
[2023-04-18 22:55:51] - Range size 6, answer [0 1 0 0 2]:
[2023-04-18 22:55:51] - query_instance.length_size[member]:{1: 85, 2: 117, 3: 138, 5: 149, 6: 154, 10: 157, 11: 162, 21: 165, 22: 166, 42: 167, 43: 168, 85: 169}
[2023-04-18 22:55:51] - tail, head: 154 157
[2023-04-18 22:55:51] - Range size 10, answer [2 0 0]:
[2023-04-18 22:55:51] - query_instance.length_size[member]:{1: 85, 2: 117, 3: 138, 5: 149, 6: 154, 10: 157, 11: 162, 21: 165, 22: 166, 42: 167, 43: 168, 85: 169}
[2023-04-18 22:55:51] - tail, head: 157 162
[2023-04-18 22:55:51] - Range size 11, answer [0 1 0 0 2]:
[2023-04-18 22:55:51] - query_instance.length_size[member]:{1: 85, 2: 117, 3: 138, 5: 149, 6: 154, 10: 157, 11: 162, 21: 165, 22: 166, 42: 167, 43: 168, 85: 169}
[2023-04-18 22:55:51] - tail, head: 162 165
[2023-04-18 22:55:51] - Range size 21, answer [2 0 2]:
[2023-04-18 22:55:51] - query_instance.length_size[member]:{1: 85, 2: 117, 3: 138, 5: 149, 6: 154, 10: 157, 11: 162, 21: 165, 22: 166, 42: 167, 43: 168, 85: 169}
[2023-04-18 22:55:51] - tail, head: 165 166
[2023-04-18 22:55:51] - Range size 22, answer [1]:
[2023-04-18 22:55:51] - query_instance.length_size[member]:{1: 85, 2: 117, 3: 138, 5: 149, 6: 154, 10: 157, 11: 162, 21: 165, 22: 166, 42: 167, 43: 168, 85: 169}
[2023-04-18 22:55:51] - tail, head: 166 167
[2023-04-18 22:55:51] - Range size 42, answer [2]:
[2023-04-18 22:55:51] - query_instance.length_size[member]:{1: 85, 2: 117, 3: 138, 5: 149, 6: 154, 10: 157, 11: 162, 21: 165, 22: 166, 42: 167, 43: 168, 85: 169}
[2023-04-18 22:55:51] - tail, head: 167 168
[2023-04-18 22:55:51] - Range size 43, answer [3]:
[2023-04-18 22:55:51] - query_instance.length_size[member]:{1: 85, 2: 117, 3: 138, 5: 149, 6: 154, 10: 157, 11: 162, 21: 165, 22: 166, 42: 167, 43: 168, 85: 169}
[2023-04-18 22:55:51] - tail, head: 168 169
[2023-04-18 22:55:51] - Range size 85, answer [5]:
[2023-04-18 22:55:51] - Mechanism: gives answer
[2023-04-18 22:55:51] - output_answer:[0 0 0 0 0 0 0 0 0 0 0 0 0 0 0 0 0 0 0 0 0 0 0 0 0 0 0 5 0 0 0 0 0 0 0 0 0
 0 0 0 0 0 0 0 0 0 0 0 0 0 0 0 0 0 0 0 0 0 0 0 0 0 0 0 0 0 0 0 0 0 0 0 0 0
 0 0 0 0 0 0 0 0 0 0 0 0 0 0 0 0 0 0 0 0 0 0 0 0 0 0 0 0 0 0 0 0 0 0 0 0 0
 0 0 0 0 0 0 0 0 0 0 0 0 0 5 0 0 0 0 0 0 0 0 0 0 0 0 0 0 0 0 0 0 0 0 0 0 0
 0 0 0 5 0 0 0 0 0 0 0 5 0 0 5 0 0 0 0 5 5]
[2023-04-18 22:55:51] - query_instance.length_size[member]:{1: 85, 2: 117, 3: 138, 5: 149, 6: 154, 10: 157, 11: 162, 21: 165, 22: 166, 42: 167, 43: 168, 85: 169}
[2023-04-18 22:55:51] - tail, head: 0 85
[2023-04-18 22:55:51] - Range size 1, answer [0 0 0 0 0 0 0 0 0 0 0 0 0 0 0 0 0 0 0 0 0 0 0 0 0 0 0 5 0 0 0 0 0 0 0 0 0
 0 0 0 0 0 0 0 0 0 0 0 0 0 0 0 0 0 0 0 0 0 0 0 0 0 0 0 0 0 0 0 0 0 0 0 0 0
 0 0 0 0 0 0 0 0 0 0 0]:
[2023-04-18 22:55:51] - query_instance.length_size[member]:{1: 85, 2: 117, 3: 138, 5: 149, 6: 154, 10: 157, 11: 162, 21: 165, 22: 166, 42: 167, 43: 168, 85: 169}
[2023-04-18 22:55:51] - tail, head: 85 117
[2023-04-18 22:55:51] - Range size 2, answer [0 0 0 0 0 0 0 0 0 0 0 0 0 0 0 0 0 0 0 0 0 0 0 0 0 0 0 0 0 0 0 0]:
[2023-04-18 22:55:51] - query_instance.length_size[member]:{1: 85, 2: 117, 3: 138, 5: 149, 6: 154, 10: 157, 11: 162, 21: 165, 22: 166, 42: 167, 43: 168, 85: 169}
[2023-04-18 22:55:51] - tail, head: 117 138
[2023-04-18 22:55:51] - Range size 3, answer [0 0 0 0 0 0 0 5 0 0 0 0 0 0 0 0 0 0 0 0 0]:
[2023-04-18 22:55:51] - query_instance.length_size[member]:{1: 85, 2: 117, 3: 138, 5: 149, 6: 154, 10: 157, 11: 162, 21: 165, 22: 166, 42: 167, 43: 168, 85: 169}
[2023-04-18 22:55:51] - tail, head: 138 149
[2023-04-18 22:55:51] - Range size 5, answer [0 0 0 0 0 0 0 0 0 0 0]:
[2023-04-18 22:55:51] - query_instance.length_size[member]:{1: 85, 2: 117, 3: 138, 5: 149, 6: 154, 10: 157, 11: 162, 21: 165, 22: 166, 42: 167, 43: 168, 85: 169}
[2023-04-18 22:55:51] - tail, head: 149 154
[2023-04-18 22:55:51] - Range size 6, answer [0 0 5 0 0]:
[2023-04-18 22:55:51] - query_instance.length_size[member]:{1: 85, 2: 117, 3: 138, 5: 149, 6: 154, 10: 157, 11: 162, 21: 165, 22: 166, 42: 167, 43: 168, 85: 169}
[2023-04-18 22:55:51] - tail, head: 154 157
[2023-04-18 22:55:51] - Range size 10, answer [0 0 0]:
[2023-04-18 22:55:51] - query_instance.length_size[member]:{1: 85, 2: 117, 3: 138, 5: 149, 6: 154, 10: 157, 11: 162, 21: 165, 22: 166, 42: 167, 43: 168, 85: 169}
[2023-04-18 22:55:51] - tail, head: 157 162
[2023-04-18 22:55:51] - Range size 11, answer [0 0 5 0 0]:
[2023-04-18 22:55:51] - query_instance.length_size[member]:{1: 85, 2: 117, 3: 138, 5: 149, 6: 154, 10: 157, 11: 162, 21: 165, 22: 166, 42: 167, 43: 168, 85: 169}
[2023-04-18 22:55:51] - tail, head: 162 165
[2023-04-18 22:55:51] - Range size 21, answer [5 0 0]:
[2023-04-18 22:55:51] - query_instance.length_size[member]:{1: 85, 2: 117, 3: 138, 5: 149, 6: 154, 10: 157, 11: 162, 21: 165, 22: 166, 42: 167, 43: 168, 85: 169}
[2023-04-18 22:55:51] - tail, head: 165 166
[2023-04-18 22:55:51] - Range size 22, answer [0]:
[2023-04-18 22:55:51] - query_instance.length_size[member]:{1: 85, 2: 117, 3: 138, 5: 149, 6: 154, 10: 157, 11: 162, 21: 165, 22: 166, 42: 167, 43: 168, 85: 169}
[2023-04-18 22:55:51] - tail, head: 166 167
[2023-04-18 22:55:51] - Range size 42, answer [0]:
[2023-04-18 22:55:51] - query_instance.length_size[member]:{1: 85, 2: 117, 3: 138, 5: 149, 6: 154, 10: 157, 11: 162, 21: 165, 22: 166, 42: 167, 43: 168, 85: 169}
[2023-04-18 22:55:51] - tail, head: 167 168
[2023-04-18 22:55:51] - Range size 43, answer [5]:
[2023-04-18 22:55:51] - query_instance.length_size[member]:{1: 85, 2: 117, 3: 138, 5: 149, 6: 154, 10: 157, 11: 162, 21: 165, 22: 166, 42: 167, 43: 168, 85: 169}
[2023-04-18 22:55:51] - tail, head: 168 169
[2023-04-18 22:55:51] - Range size 85, answer [5]:
[2023-04-18 22:55:51] - Mean Square Error of ground truth and golden standard: 0.4911242603550296
[2023-04-18 22:55:51] - Mean Square Error of ground truth and mechanism: 0.5562130177514792
[2023-04-18 22:55:51] - Mean Square Error of golden standard and mechanism: 0.9881656804733728
[2023-04-18 22:55:51] - Measurement3: golden_standard and mechanism
0.0
[2023-04-18 22:55:51] - ++++++++ Testing on node 2 Finished ++++++++
[2023-04-18 22:55:51] - ++++++++ Testing on node 3 Started ++++++++
[2023-04-18 22:55:51] - At node with index 3, we implement queries on cliques dict_keys(['marital-status', 'age']):
[2023-04-18 22:55:52] - -------- New Mechanism: Testing on 3, node 2 is accessed --------
[2023-04-18 22:55:52] - -------- New Mechanism answer node query on node 2 finished --------
[2023-04-18 22:55:52] - -------- New Mechanism: Testing on 3, node 3 is accessed --------
[2023-04-18 22:55:53] - -------- New Mechanism answer node query on node 3 finished --------
[2023-04-18 22:55:53] - The testing is implemented at marital-status
[2023-04-18 22:55:53] - Ground truth: gives answer
[2023-04-18 22:55:53] - output_answer:[ 6  1  2  0  0  1  0  7  2  1  1  9 10]
[2023-04-18 22:55:53] - query_instance.length_size[member]:{1: 7, 2: 10, 3: 11, 4: 12, 7: 13}
[2023-04-18 22:55:53] - tail, head: 0 7
[2023-04-18 22:55:53] - Range size 1, answer [6 1 2 0 0 1 0]:
[2023-04-18 22:55:53] - query_instance.length_size[member]:{1: 7, 2: 10, 3: 11, 4: 12, 7: 13}
[2023-04-18 22:55:53] - tail, head: 7 10
[2023-04-18 22:55:53] - Range size 2, answer [7 2 1]:
[2023-04-18 22:55:53] - query_instance.length_size[member]:{1: 7, 2: 10, 3: 11, 4: 12, 7: 13}
[2023-04-18 22:55:53] - tail, head: 10 11
[2023-04-18 22:55:53] - Range size 3, answer [1]:
[2023-04-18 22:55:53] - query_instance.length_size[member]:{1: 7, 2: 10, 3: 11, 4: 12, 7: 13}
[2023-04-18 22:55:53] - tail, head: 11 12
[2023-04-18 22:55:53] - Range size 4, answer [9]:
[2023-04-18 22:55:53] - query_instance.length_size[member]:{1: 7, 2: 10, 3: 11, 4: 12, 7: 13}
[2023-04-18 22:55:53] - tail, head: 12 13
[2023-04-18 22:55:53] - Range size 7, answer [10]:
[2023-04-18 22:55:53] - Golden standard: gives answer
[2023-04-18 22:55:53] - output_answer:[ 4  1  0  0  3  3  0  5  0  6  6  5 11]
[2023-04-18 22:55:53] - query_instance.length_size[member]:{1: 7, 2: 10, 3: 11, 4: 12, 7: 13}
[2023-04-18 22:55:53] - tail, head: 0 7
[2023-04-18 22:55:53] - Range size 1, answer [4 1 0 0 3 3 0]:
[2023-04-18 22:55:53] - query_instance.length_size[member]:{1: 7, 2: 10, 3: 11, 4: 12, 7: 13}
[2023-04-18 22:55:53] - tail, head: 7 10
[2023-04-18 22:55:53] - Range size 2, answer [5 0 6]:
[2023-04-18 22:55:53] - query_instance.length_size[member]:{1: 7, 2: 10, 3: 11, 4: 12, 7: 13}
[2023-04-18 22:55:53] - tail, head: 10 11
[2023-04-18 22:55:53] - Range size 3, answer [6]:
[2023-04-18 22:55:53] - query_instance.length_size[member]:{1: 7, 2: 10, 3: 11, 4: 12, 7: 13}
[2023-04-18 22:55:53] - tail, head: 11 12
[2023-04-18 22:55:53] - Range size 4, answer [5]:
[2023-04-18 22:55:53] - query_instance.length_size[member]:{1: 7, 2: 10, 3: 11, 4: 12, 7: 13}
[2023-04-18 22:55:53] - tail, head: 12 13
[2023-04-18 22:55:53] - Range size 7, answer [11]:
[2023-04-18 22:55:53] - Mechanism: gives answer
[2023-04-18 22:55:53] - output_answer:[ 8  0  2  0  0  0  2  8  2  0  2 10 12]
[2023-04-18 22:55:53] - query_instance.length_size[member]:{1: 7, 2: 10, 3: 11, 4: 12, 7: 13}
[2023-04-18 22:55:53] - tail, head: 0 7
[2023-04-18 22:55:53] - Range size 1, answer [8 0 2 0 0 0 2]:
[2023-04-18 22:55:53] - query_instance.length_size[member]:{1: 7, 2: 10, 3: 11, 4: 12, 7: 13}
[2023-04-18 22:55:53] - tail, head: 7 10
[2023-04-18 22:55:53] - Range size 2, answer [8 2 0]:
[2023-04-18 22:55:53] - query_instance.length_size[member]:{1: 7, 2: 10, 3: 11, 4: 12, 7: 13}
[2023-04-18 22:55:53] - tail, head: 10 11
[2023-04-18 22:55:53] - Range size 3, answer [2]:
[2023-04-18 22:55:53] - query_instance.length_size[member]:{1: 7, 2: 10, 3: 11, 4: 12, 7: 13}
[2023-04-18 22:55:53] - tail, head: 11 12
[2023-04-18 22:55:53] - Range size 4, answer [10]:
[2023-04-18 22:55:53] - query_instance.length_size[member]:{1: 7, 2: 10, 3: 11, 4: 12, 7: 13}
[2023-04-18 22:55:53] - tail, head: 12 13
[2023-04-18 22:55:53] - Range size 7, answer [12]:
[2023-04-18 22:55:53] - Mean Square Error of ground truth and golden standard: 7.384615384615385
[2023-04-18 22:55:53] - Mean Square Error of ground truth and mechanism: 1.3846153846153846
[2023-04-18 22:55:53] - Mean Square Error of golden standard and mechanism: 10.307692307692308
[2023-04-18 22:55:53] - Measurement3: golden_standard and mechanism
0.0
[2023-04-18 22:55:53] - -------- New Mechanism: Testing on 3, node 2 is accessed --------
[2023-04-18 22:55:54] - -------- New Mechanism answer node query on node 2 finished --------
[2023-04-18 22:55:54] - -------- New Mechanism: Testing on 3, node 3 is accessed --------
[2023-04-18 22:55:55] - -------- New Mechanism answer node query on node 3 finished --------
[2023-04-18 22:55:55] - The testing is implemented at age
[2023-04-18 22:55:55] - Ground truth: gives answer
[2023-04-18 22:55:55] - output_answer:[ 0  0  0  0  0  0  0  1  0  0  0  0  0  0  1  1  0  0  0  0  0  2  1  0
  0  0  1  0  0  0  0  0  0  1  1  0  0  1  0  0  0  0  0  0  0  0  0  0
  0  0  0  0  0  0  0  0  0  0  0  0  0  0  0  0  0  0  0  0  0  0  0  0
  0  0  0  0  0  0  0  0  0  0  0  0  0  0  0  1  0  0  2  0  2  1  1  0
  0  2  1  0  0  0  0  0  0  0  0  0  0  0  0  0  0  0  0  0  0  0  0  1
  0  2  0  1  1  0  2  0  0  0  0  0  0  0  0  0  0  0  1  2  0  3  0  0
  0  0  0  0  0  0  2  2  0  0  3  0  0  1  4  2  0  0  5  0  0  5  0 10
 10]
[2023-04-18 22:55:55] - query_instance.length_size[member]:{1: 85, 2: 117, 3: 138, 5: 149, 6: 154, 10: 157, 11: 162, 21: 165, 22: 166, 42: 167, 43: 168, 85: 169}
[2023-04-18 22:55:55] - tail, head: 0 85
[2023-04-18 22:55:55] - Range size 1, answer [0 0 0 0 0 0 0 1 0 0 0 0 0 0 1 1 0 0 0 0 0 2 1 0 0 0 1 0 0 0 0 0 0 1 1 0 0
 1 0 0 0 0 0 0 0 0 0 0 0 0 0 0 0 0 0 0 0 0 0 0 0 0 0 0 0 0 0 0 0 0 0 0 0 0
 0 0 0 0 0 0 0 0 0 0 0]:
[2023-04-18 22:55:55] - query_instance.length_size[member]:{1: 85, 2: 117, 3: 138, 5: 149, 6: 154, 10: 157, 11: 162, 21: 165, 22: 166, 42: 167, 43: 168, 85: 169}
[2023-04-18 22:55:55] - tail, head: 85 117
[2023-04-18 22:55:55] - Range size 2, answer [0 0 1 0 0 2 0 2 1 1 0 0 2 1 0 0 0 0 0 0 0 0 0 0 0 0 0 0 0 0 0 0]:
[2023-04-18 22:55:55] - query_instance.length_size[member]:{1: 85, 2: 117, 3: 138, 5: 149, 6: 154, 10: 157, 11: 162, 21: 165, 22: 166, 42: 167, 43: 168, 85: 169}
[2023-04-18 22:55:55] - tail, head: 117 138
[2023-04-18 22:55:55] - Range size 3, answer [0 0 1 0 2 0 1 1 0 2 0 0 0 0 0 0 0 0 0 0 0]:
[2023-04-18 22:55:55] - query_instance.length_size[member]:{1: 85, 2: 117, 3: 138, 5: 149, 6: 154, 10: 157, 11: 162, 21: 165, 22: 166, 42: 167, 43: 168, 85: 169}
[2023-04-18 22:55:55] - tail, head: 138 149
[2023-04-18 22:55:55] - Range size 5, answer [1 2 0 3 0 0 0 0 0 0 0]:
[2023-04-18 22:55:55] - query_instance.length_size[member]:{1: 85, 2: 117, 3: 138, 5: 149, 6: 154, 10: 157, 11: 162, 21: 165, 22: 166, 42: 167, 43: 168, 85: 169}
[2023-04-18 22:55:55] - tail, head: 149 154
[2023-04-18 22:55:55] - Range size 6, answer [0 2 2 0 0]:
[2023-04-18 22:55:55] - query_instance.length_size[member]:{1: 85, 2: 117, 3: 138, 5: 149, 6: 154, 10: 157, 11: 162, 21: 165, 22: 166, 42: 167, 43: 168, 85: 169}
[2023-04-18 22:55:55] - tail, head: 154 157
[2023-04-18 22:55:55] - Range size 10, answer [3 0 0]:
[2023-04-18 22:55:55] - query_instance.length_size[member]:{1: 85, 2: 117, 3: 138, 5: 149, 6: 154, 10: 157, 11: 162, 21: 165, 22: 166, 42: 167, 43: 168, 85: 169}
[2023-04-18 22:55:55] - tail, head: 157 162
[2023-04-18 22:55:55] - Range size 11, answer [1 4 2 0 0]:
[2023-04-18 22:55:55] - query_instance.length_size[member]:{1: 85, 2: 117, 3: 138, 5: 149, 6: 154, 10: 157, 11: 162, 21: 165, 22: 166, 42: 167, 43: 168, 85: 169}
[2023-04-18 22:55:55] - tail, head: 162 165
[2023-04-18 22:55:55] - Range size 21, answer [5 0 0]:
[2023-04-18 22:55:55] - query_instance.length_size[member]:{1: 85, 2: 117, 3: 138, 5: 149, 6: 154, 10: 157, 11: 162, 21: 165, 22: 166, 42: 167, 43: 168, 85: 169}
[2023-04-18 22:55:55] - tail, head: 165 166
[2023-04-18 22:55:55] - Range size 22, answer [5]:
[2023-04-18 22:55:55] - query_instance.length_size[member]:{1: 85, 2: 117, 3: 138, 5: 149, 6: 154, 10: 157, 11: 162, 21: 165, 22: 166, 42: 167, 43: 168, 85: 169}
[2023-04-18 22:55:55] - tail, head: 166 167
[2023-04-18 22:55:55] - Range size 42, answer [0]:
[2023-04-18 22:55:55] - query_instance.length_size[member]:{1: 85, 2: 117, 3: 138, 5: 149, 6: 154, 10: 157, 11: 162, 21: 165, 22: 166, 42: 167, 43: 168, 85: 169}
[2023-04-18 22:55:55] - tail, head: 167 168
[2023-04-18 22:55:55] - Range size 43, answer [10]:
[2023-04-18 22:55:55] - query_instance.length_size[member]:{1: 85, 2: 117, 3: 138, 5: 149, 6: 154, 10: 157, 11: 162, 21: 165, 22: 166, 42: 167, 43: 168, 85: 169}
[2023-04-18 22:55:55] - tail, head: 168 169
[2023-04-18 22:55:55] - Range size 85, answer [10]:
[2023-04-18 22:55:55] - Golden standard: gives answer
[2023-04-18 22:55:55] - output_answer:[ 0  0  0  0  0  0  0  0  0  0  4  0  0  1  0  0  0  0  0  0  0  0  1  0
  0  0  0  0  0  0  0  0  0  1  0  0  0  0  0  0  0  0  0  0  0  0  0  0
  0  0  0  0  0  0  0  0  0  0  0  0  0  0  0  0  0  0  0  0  0  0  0  0
  0  0  0  0  0  0  0  0  0  1  0  0  3  0  0  0  4  0  0  0  0  1  0  0
  0  1  0  0  0  0  0  0  0  0  0  0  0  0  0  0  0  0  0  1  3  0  0  0
  1  0  0  1  0  0  1  0  0  0  0  0  0  0  0  0  0  1  4  0  0  1  0  0
  0  0  0  0  4  0  1  1  0  0  1  0  4  4  1  1  0  0  2  0  4  5  4  7
 11]
[2023-04-18 22:55:55] - query_instance.length_size[member]:{1: 85, 2: 117, 3: 138, 5: 149, 6: 154, 10: 157, 11: 162, 21: 165, 22: 166, 42: 167, 43: 168, 85: 169}
[2023-04-18 22:55:55] - tail, head: 0 85
[2023-04-18 22:55:55] - Range size 1, answer [0 0 0 0 0 0 0 0 0 0 4 0 0 1 0 0 0 0 0 0 0 0 1 0 0 0 0 0 0 0 0 0 0 1 0 0 0
 0 0 0 0 0 0 0 0 0 0 0 0 0 0 0 0 0 0 0 0 0 0 0 0 0 0 0 0 0 0 0 0 0 0 0 0 0
 0 0 0 0 0 0 0 1 0 0 3]:
[2023-04-18 22:55:55] - query_instance.length_size[member]:{1: 85, 2: 117, 3: 138, 5: 149, 6: 154, 10: 157, 11: 162, 21: 165, 22: 166, 42: 167, 43: 168, 85: 169}
[2023-04-18 22:55:55] - tail, head: 85 117
[2023-04-18 22:55:55] - Range size 2, answer [0 0 0 4 0 0 0 0 1 0 0 0 1 0 0 0 0 0 0 0 0 0 0 0 0 0 0 0 0 0 1 3]:
[2023-04-18 22:55:55] - query_instance.length_size[member]:{1: 85, 2: 117, 3: 138, 5: 149, 6: 154, 10: 157, 11: 162, 21: 165, 22: 166, 42: 167, 43: 168, 85: 169}
[2023-04-18 22:55:55] - tail, head: 117 138
[2023-04-18 22:55:55] - Range size 3, answer [0 0 0 1 0 0 1 0 0 1 0 0 0 0 0 0 0 0 0 0 1]:
[2023-04-18 22:55:55] - query_instance.length_size[member]:{1: 85, 2: 117, 3: 138, 5: 149, 6: 154, 10: 157, 11: 162, 21: 165, 22: 166, 42: 167, 43: 168, 85: 169}
[2023-04-18 22:55:55] - tail, head: 138 149
[2023-04-18 22:55:55] - Range size 5, answer [4 0 0 1 0 0 0 0 0 0 4]:
[2023-04-18 22:55:55] - query_instance.length_size[member]:{1: 85, 2: 117, 3: 138, 5: 149, 6: 154, 10: 157, 11: 162, 21: 165, 22: 166, 42: 167, 43: 168, 85: 169}
[2023-04-18 22:55:55] - tail, head: 149 154
[2023-04-18 22:55:55] - Range size 6, answer [0 1 1 0 0]:
[2023-04-18 22:55:55] - query_instance.length_size[member]:{1: 85, 2: 117, 3: 138, 5: 149, 6: 154, 10: 157, 11: 162, 21: 165, 22: 166, 42: 167, 43: 168, 85: 169}
[2023-04-18 22:55:55] - tail, head: 154 157
[2023-04-18 22:55:55] - Range size 10, answer [1 0 4]:
[2023-04-18 22:55:55] - query_instance.length_size[member]:{1: 85, 2: 117, 3: 138, 5: 149, 6: 154, 10: 157, 11: 162, 21: 165, 22: 166, 42: 167, 43: 168, 85: 169}
[2023-04-18 22:55:55] - tail, head: 157 162
[2023-04-18 22:55:55] - Range size 11, answer [4 1 1 0 0]:
[2023-04-18 22:55:55] - query_instance.length_size[member]:{1: 85, 2: 117, 3: 138, 5: 149, 6: 154, 10: 157, 11: 162, 21: 165, 22: 166, 42: 167, 43: 168, 85: 169}
[2023-04-18 22:55:55] - tail, head: 162 165
[2023-04-18 22:55:55] - Range size 21, answer [2 0 4]:
[2023-04-18 22:55:55] - query_instance.length_size[member]:{1: 85, 2: 117, 3: 138, 5: 149, 6: 154, 10: 157, 11: 162, 21: 165, 22: 166, 42: 167, 43: 168, 85: 169}
[2023-04-18 22:55:55] - tail, head: 165 166
[2023-04-18 22:55:55] - Range size 22, answer [5]:
[2023-04-18 22:55:55] - query_instance.length_size[member]:{1: 85, 2: 117, 3: 138, 5: 149, 6: 154, 10: 157, 11: 162, 21: 165, 22: 166, 42: 167, 43: 168, 85: 169}
[2023-04-18 22:55:55] - tail, head: 166 167
[2023-04-18 22:55:55] - Range size 42, answer [4]:
[2023-04-18 22:55:55] - query_instance.length_size[member]:{1: 85, 2: 117, 3: 138, 5: 149, 6: 154, 10: 157, 11: 162, 21: 165, 22: 166, 42: 167, 43: 168, 85: 169}
[2023-04-18 22:55:55] - tail, head: 167 168
[2023-04-18 22:55:55] - Range size 43, answer [7]:
[2023-04-18 22:55:55] - query_instance.length_size[member]:{1: 85, 2: 117, 3: 138, 5: 149, 6: 154, 10: 157, 11: 162, 21: 165, 22: 166, 42: 167, 43: 168, 85: 169}
[2023-04-18 22:55:55] - tail, head: 168 169
[2023-04-18 22:55:55] - Range size 85, answer [11]:
[2023-04-18 22:55:55] - Mechanism: gives answer
[2023-04-18 22:55:55] - output_answer:[ 0  0  0  0  0  0  0  0  0  0  0  0  0  0  0  0  0  0  0  0  0  0  0 -1
  0  0  0  0  0  0  0  0  0  0  0  0  0  0  0  0  0  0  5  0  0  0  0  0
  0  0  0  0  0  0  0  0  0  0  0  0  0  0  0  0  0  0  0  0  0  0  0  0
  0  0  8  0  0  0  0  0  0  0  0  0  0  0  0  0  0  0  0  0  0 -1  0  0
  0  0  0  0  5  0  0  0  0  0  0  0  0  0  0  0  8  0  0  0  0  0  0  0
  0  0  0 -1  0  0  0  0  0  0  0  0  0  0  0  0  0  0  0  0  0  0  5  0
  0  0  8  0  0  0  0 -1  0  0  5  0  0  0  0 -1  0  8  4  0  8  0  8  4
 12]
[2023-04-18 22:55:55] - query_instance.length_size[member]:{1: 85, 2: 117, 3: 138, 5: 149, 6: 154, 10: 157, 11: 162, 21: 165, 22: 166, 42: 167, 43: 168, 85: 169}
[2023-04-18 22:55:55] - tail, head: 0 85
[2023-04-18 22:55:55] - Range size 1, answer [ 0  0  0  0  0  0  0  0  0  0  0  0  0  0  0  0  0  0  0  0  0  0  0 -1
  0  0  0  0  0  0  0  0  0  0  0  0  0  0  0  0  0  0  5  0  0  0  0  0
  0  0  0  0  0  0  0  0  0  0  0  0  0  0  0  0  0  0  0  0  0  0  0  0
  0  0  8  0  0  0  0  0  0  0  0  0  0]:
[2023-04-18 22:55:55] - query_instance.length_size[member]:{1: 85, 2: 117, 3: 138, 5: 149, 6: 154, 10: 157, 11: 162, 21: 165, 22: 166, 42: 167, 43: 168, 85: 169}
[2023-04-18 22:55:55] - tail, head: 85 117
[2023-04-18 22:55:55] - Range size 2, answer [ 0  0  0  0  0  0  0  0 -1  0  0  0  0  0  0  5  0  0  0  0  0  0  0  0
  0  0  0  8  0  0  0  0]:
[2023-04-18 22:55:55] - query_instance.length_size[member]:{1: 85, 2: 117, 3: 138, 5: 149, 6: 154, 10: 157, 11: 162, 21: 165, 22: 166, 42: 167, 43: 168, 85: 169}
[2023-04-18 22:55:55] - tail, head: 117 138
[2023-04-18 22:55:55] - Range size 3, answer [ 0  0  0  0  0  0 -1  0  0  0  0  0  0  0  0  0  0  0  0  0  0]:
[2023-04-18 22:55:55] - query_instance.length_size[member]:{1: 85, 2: 117, 3: 138, 5: 149, 6: 154, 10: 157, 11: 162, 21: 165, 22: 166, 42: 167, 43: 168, 85: 169}
[2023-04-18 22:55:55] - tail, head: 138 149
[2023-04-18 22:55:55] - Range size 5, answer [0 0 0 0 5 0 0 0 8 0 0]:
[2023-04-18 22:55:55] - query_instance.length_size[member]:{1: 85, 2: 117, 3: 138, 5: 149, 6: 154, 10: 157, 11: 162, 21: 165, 22: 166, 42: 167, 43: 168, 85: 169}
[2023-04-18 22:55:55] - tail, head: 149 154
[2023-04-18 22:55:55] - Range size 6, answer [ 0  0 -1  0  0]:
[2023-04-18 22:55:55] - query_instance.length_size[member]:{1: 85, 2: 117, 3: 138, 5: 149, 6: 154, 10: 157, 11: 162, 21: 165, 22: 166, 42: 167, 43: 168, 85: 169}
[2023-04-18 22:55:55] - tail, head: 154 157
[2023-04-18 22:55:55] - Range size 10, answer [5 0 0]:
[2023-04-18 22:55:55] - query_instance.length_size[member]:{1: 85, 2: 117, 3: 138, 5: 149, 6: 154, 10: 157, 11: 162, 21: 165, 22: 166, 42: 167, 43: 168, 85: 169}
[2023-04-18 22:55:55] - tail, head: 157 162
[2023-04-18 22:55:55] - Range size 11, answer [ 0  0 -1  0  8]:
[2023-04-18 22:55:55] - query_instance.length_size[member]:{1: 85, 2: 117, 3: 138, 5: 149, 6: 154, 10: 157, 11: 162, 21: 165, 22: 166, 42: 167, 43: 168, 85: 169}
[2023-04-18 22:55:55] - tail, head: 162 165
[2023-04-18 22:55:55] - Range size 21, answer [4 0 8]:
[2023-04-18 22:55:55] - query_instance.length_size[member]:{1: 85, 2: 117, 3: 138, 5: 149, 6: 154, 10: 157, 11: 162, 21: 165, 22: 166, 42: 167, 43: 168, 85: 169}
[2023-04-18 22:55:55] - tail, head: 165 166
[2023-04-18 22:55:55] - Range size 22, answer [0]:
[2023-04-18 22:55:55] - query_instance.length_size[member]:{1: 85, 2: 117, 3: 138, 5: 149, 6: 154, 10: 157, 11: 162, 21: 165, 22: 166, 42: 167, 43: 168, 85: 169}
[2023-04-18 22:55:55] - tail, head: 166 167
[2023-04-18 22:55:55] - Range size 42, answer [8]:
[2023-04-18 22:55:55] - query_instance.length_size[member]:{1: 85, 2: 117, 3: 138, 5: 149, 6: 154, 10: 157, 11: 162, 21: 165, 22: 166, 42: 167, 43: 168, 85: 169}
[2023-04-18 22:55:55] - tail, head: 167 168
[2023-04-18 22:55:55] - Range size 43, answer [4]:
[2023-04-18 22:55:55] - query_instance.length_size[member]:{1: 85, 2: 117, 3: 138, 5: 149, 6: 154, 10: 157, 11: 162, 21: 165, 22: 166, 42: 167, 43: 168, 85: 169}
[2023-04-18 22:55:55] - tail, head: 168 169
[2023-04-18 22:55:55] - Range size 85, answer [12]:
[2023-04-18 22:55:55] - Mean Square Error of ground truth and golden standard: 1.2366863905325445
[2023-04-18 22:55:55] - Mean Square Error of ground truth and mechanism: 3.7159763313609466
[2023-04-18 22:55:55] - Mean Square Error of golden standard and mechanism: 3.3195266272189348
[2023-04-18 22:55:55] - Measurement3: golden_standard and mechanism
0.0
[2023-04-18 22:55:55] - ++++++++ Testing on node 3 Finished ++++++++
[2023-04-18 22:55:55] - ++++++++ Testing on node 4 Started ++++++++
[2023-04-18 22:55:55] - At node with index 4, we implement queries on cliques dict_keys(['marital-status', 'age']):
[2023-04-18 22:55:55] - -------- New Mechanism: Testing on 4, node 4 is accessed --------
[2023-04-18 22:55:55] - -------- New Mechanism answer node query on node 4 finished --------
[2023-04-18 22:55:55] - The testing is implemented at marital-status
[2023-04-18 22:55:55] - Ground truth: gives answer
[2023-04-18 22:55:55] - output_answer:[ 7  2  2  1  0  0  0  9  3  0  0 12 12]
[2023-04-18 22:55:55] - query_instance.length_size[member]:{1: 7, 2: 10, 3: 11, 4: 12, 7: 13}
[2023-04-18 22:55:55] - tail, head: 0 7
[2023-04-18 22:55:55] - Range size 1, answer [7 2 2 1 0 0 0]:
[2023-04-18 22:55:55] - query_instance.length_size[member]:{1: 7, 2: 10, 3: 11, 4: 12, 7: 13}
[2023-04-18 22:55:55] - tail, head: 7 10
[2023-04-18 22:55:55] - Range size 2, answer [9 3 0]:
[2023-04-18 22:55:55] - query_instance.length_size[member]:{1: 7, 2: 10, 3: 11, 4: 12, 7: 13}
[2023-04-18 22:55:55] - tail, head: 10 11
[2023-04-18 22:55:55] - Range size 3, answer [0]:
[2023-04-18 22:55:55] - query_instance.length_size[member]:{1: 7, 2: 10, 3: 11, 4: 12, 7: 13}
[2023-04-18 22:55:55] - tail, head: 11 12
[2023-04-18 22:55:55] - Range size 4, answer [12]:
[2023-04-18 22:55:55] - query_instance.length_size[member]:{1: 7, 2: 10, 3: 11, 4: 12, 7: 13}
[2023-04-18 22:55:55] - tail, head: 12 13
[2023-04-18 22:55:55] - Range size 7, answer [12]:
[2023-04-18 22:55:55] - Golden standard: gives answer
[2023-04-18 22:55:55] - output_answer:[ 9  3  0  0  1  0  0 12  0  1  1 12 13]
[2023-04-18 22:55:55] - query_instance.length_size[member]:{1: 7, 2: 10, 3: 11, 4: 12, 7: 13}
[2023-04-18 22:55:55] - tail, head: 0 7
[2023-04-18 22:55:55] - Range size 1, answer [9 3 0 0 1 0 0]:
[2023-04-18 22:55:55] - query_instance.length_size[member]:{1: 7, 2: 10, 3: 11, 4: 12, 7: 13}
[2023-04-18 22:55:55] - tail, head: 7 10
[2023-04-18 22:55:55] - Range size 2, answer [12  0  1]:
[2023-04-18 22:55:55] - query_instance.length_size[member]:{1: 7, 2: 10, 3: 11, 4: 12, 7: 13}
[2023-04-18 22:55:55] - tail, head: 10 11
[2023-04-18 22:55:55] - Range size 3, answer [1]:
[2023-04-18 22:55:55] - query_instance.length_size[member]:{1: 7, 2: 10, 3: 11, 4: 12, 7: 13}
[2023-04-18 22:55:55] - tail, head: 11 12
[2023-04-18 22:55:55] - Range size 4, answer [12]:
[2023-04-18 22:55:55] - query_instance.length_size[member]:{1: 7, 2: 10, 3: 11, 4: 12, 7: 13}
[2023-04-18 22:55:55] - tail, head: 12 13
[2023-04-18 22:55:55] - Range size 7, answer [13]:
[2023-04-18 22:55:55] - Mechanism: gives answer
[2023-04-18 22:55:55] - output_answer:[ 1  0  1  1  3  0  7  1  2  3 10  3 13]
[2023-04-18 22:55:55] - query_instance.length_size[member]:{1: 7, 2: 10, 3: 11, 4: 12, 7: 13}
[2023-04-18 22:55:55] - tail, head: 0 7
[2023-04-18 22:55:55] - Range size 1, answer [1 0 1 1 3 0 7]:
[2023-04-18 22:55:55] - query_instance.length_size[member]:{1: 7, 2: 10, 3: 11, 4: 12, 7: 13}
[2023-04-18 22:55:55] - tail, head: 7 10
[2023-04-18 22:55:55] - Range size 2, answer [1 2 3]:
[2023-04-18 22:55:55] - query_instance.length_size[member]:{1: 7, 2: 10, 3: 11, 4: 12, 7: 13}
[2023-04-18 22:55:55] - tail, head: 10 11
[2023-04-18 22:55:55] - Range size 3, answer [10]:
[2023-04-18 22:55:55] - query_instance.length_size[member]:{1: 7, 2: 10, 3: 11, 4: 12, 7: 13}
[2023-04-18 22:55:55] - tail, head: 11 12
[2023-04-18 22:55:55] - Range size 4, answer [3]:
[2023-04-18 22:55:55] - query_instance.length_size[member]:{1: 7, 2: 10, 3: 11, 4: 12, 7: 13}
[2023-04-18 22:55:55] - tail, head: 12 13
[2023-04-18 22:55:55] - Range size 7, answer [13]:
[2023-04-18 22:55:55] - Mean Square Error of ground truth and golden standard: 2.4615384615384617
[2023-04-18 22:55:55] - Mean Square Error of ground truth and mechanism: 27.307692307692307
[2023-04-18 22:55:55] - Mean Square Error of golden standard and mechanism: 32.23076923076923
[2023-04-18 22:55:55] - Measurement3: golden_standard and mechanism
0.0
[2023-04-18 22:55:56] - -------- New Mechanism: Testing on 4, node 4 is accessed --------
[2023-04-18 22:55:57] - -------- New Mechanism answer node query on node 4 finished --------
[2023-04-18 22:55:57] - The testing is implemented at age
[2023-04-18 22:55:57] - Ground truth: gives answer
[2023-04-18 22:55:57] - output_answer:[ 0  0  0  1  0  0  0  0  0  1  0  0  0  1  2  1  0  0  0  1  1  0  0  0
  0  0  1  0  0  0  0  1  0  1  0  0  0  1  0  0  0  0  0  0  0  0  0  0
  0  0  0  0  0  0  0  0  0  0  0  0  0  0  0  0  0  0  0  0  0  0  0  0
  0  0  0  0  0  0  0  0  0  0  0  0  0  0  1  0  1  0  3  0  1  0  1  0
  1  1  1  0  0  0  0  0  0  0  0  0  0  0  0  0  0  0  0  0  0  0  1  0
  1  3  1  0  1  0  1  0  0  0  0  0  0  0  0  0  0  0  1  2  1  2  0  0
  0  0  0  0  0  1  4  1  0  0  2  0  0  2  6  2  0  0  4  0  0  8  0 12
 12]
[2023-04-18 22:55:57] - query_instance.length_size[member]:{1: 85, 2: 117, 3: 138, 5: 149, 6: 154, 10: 157, 11: 162, 21: 165, 22: 166, 42: 167, 43: 168, 85: 169}
[2023-04-18 22:55:57] - tail, head: 0 85
[2023-04-18 22:55:57] - Range size 1, answer [0 0 0 1 0 0 0 0 0 1 0 0 0 1 2 1 0 0 0 1 1 0 0 0 0 0 1 0 0 0 0 1 0 1 0 0 0
 1 0 0 0 0 0 0 0 0 0 0 0 0 0 0 0 0 0 0 0 0 0 0 0 0 0 0 0 0 0 0 0 0 0 0 0 0
 0 0 0 0 0 0 0 0 0 0 0]:
[2023-04-18 22:55:57] - query_instance.length_size[member]:{1: 85, 2: 117, 3: 138, 5: 149, 6: 154, 10: 157, 11: 162, 21: 165, 22: 166, 42: 167, 43: 168, 85: 169}
[2023-04-18 22:55:57] - tail, head: 85 117
[2023-04-18 22:55:57] - Range size 2, answer [0 1 0 1 0 3 0 1 0 1 0 1 1 1 0 0 0 0 0 0 0 0 0 0 0 0 0 0 0 0 0 0]:
[2023-04-18 22:55:57] - query_instance.length_size[member]:{1: 85, 2: 117, 3: 138, 5: 149, 6: 154, 10: 157, 11: 162, 21: 165, 22: 166, 42: 167, 43: 168, 85: 169}
[2023-04-18 22:55:57] - tail, head: 117 138
[2023-04-18 22:55:57] - Range size 3, answer [0 1 0 1 3 1 0 1 0 1 0 0 0 0 0 0 0 0 0 0 0]:
[2023-04-18 22:55:57] - query_instance.length_size[member]:{1: 85, 2: 117, 3: 138, 5: 149, 6: 154, 10: 157, 11: 162, 21: 165, 22: 166, 42: 167, 43: 168, 85: 169}
[2023-04-18 22:55:57] - tail, head: 138 149
[2023-04-18 22:55:57] - Range size 5, answer [1 2 1 2 0 0 0 0 0 0 0]:
[2023-04-18 22:55:57] - query_instance.length_size[member]:{1: 85, 2: 117, 3: 138, 5: 149, 6: 154, 10: 157, 11: 162, 21: 165, 22: 166, 42: 167, 43: 168, 85: 169}
[2023-04-18 22:55:57] - tail, head: 149 154
[2023-04-18 22:55:57] - Range size 6, answer [1 4 1 0 0]:
[2023-04-18 22:55:57] - query_instance.length_size[member]:{1: 85, 2: 117, 3: 138, 5: 149, 6: 154, 10: 157, 11: 162, 21: 165, 22: 166, 42: 167, 43: 168, 85: 169}
[2023-04-18 22:55:57] - tail, head: 154 157
[2023-04-18 22:55:57] - Range size 10, answer [2 0 0]:
[2023-04-18 22:55:57] - query_instance.length_size[member]:{1: 85, 2: 117, 3: 138, 5: 149, 6: 154, 10: 157, 11: 162, 21: 165, 22: 166, 42: 167, 43: 168, 85: 169}
[2023-04-18 22:55:57] - tail, head: 157 162
[2023-04-18 22:55:57] - Range size 11, answer [2 6 2 0 0]:
[2023-04-18 22:55:57] - query_instance.length_size[member]:{1: 85, 2: 117, 3: 138, 5: 149, 6: 154, 10: 157, 11: 162, 21: 165, 22: 166, 42: 167, 43: 168, 85: 169}
[2023-04-18 22:55:57] - tail, head: 162 165
[2023-04-18 22:55:57] - Range size 21, answer [4 0 0]:
[2023-04-18 22:55:57] - query_instance.length_size[member]:{1: 85, 2: 117, 3: 138, 5: 149, 6: 154, 10: 157, 11: 162, 21: 165, 22: 166, 42: 167, 43: 168, 85: 169}
[2023-04-18 22:55:57] - tail, head: 165 166
[2023-04-18 22:55:57] - Range size 22, answer [8]:
[2023-04-18 22:55:57] - query_instance.length_size[member]:{1: 85, 2: 117, 3: 138, 5: 149, 6: 154, 10: 157, 11: 162, 21: 165, 22: 166, 42: 167, 43: 168, 85: 169}
[2023-04-18 22:55:57] - tail, head: 166 167
[2023-04-18 22:55:57] - Range size 42, answer [0]:
[2023-04-18 22:55:57] - query_instance.length_size[member]:{1: 85, 2: 117, 3: 138, 5: 149, 6: 154, 10: 157, 11: 162, 21: 165, 22: 166, 42: 167, 43: 168, 85: 169}
[2023-04-18 22:55:57] - tail, head: 167 168
[2023-04-18 22:55:57] - Range size 43, answer [12]:
[2023-04-18 22:55:57] - query_instance.length_size[member]:{1: 85, 2: 117, 3: 138, 5: 149, 6: 154, 10: 157, 11: 162, 21: 165, 22: 166, 42: 167, 43: 168, 85: 169}
[2023-04-18 22:55:57] - tail, head: 168 169
[2023-04-18 22:55:57] - Range size 85, answer [12]:
[2023-04-18 22:55:57] - Golden standard: gives answer
[2023-04-18 22:55:57] - output_answer:[ 0  0  0  0  0  0  0  0  0  0  0  0  0  0  0  0  0  0  0  0  0  0  0  0
  0  3  0  0  0  0  0  0  0  0  0  0  0  0  0  0  0  0  0  0  0  0  0  0
  0  0  0  0  0  0  4  0  0  1  0  0  0  0  1  0  0  0  0  0  0  2  0  0
  0  1  0  0  0  0  0  0  0  0  0  0  1  0  0  0  0  0  0  0  0  0  3  0
  0  0  0  0  0  0  0  0  0  4  1  0  1  0  0  0  1  0  0  0  1  0  0  0
  0  0  0  0  3  0  0  0  0  0  0  4  0  0  2  0  0  0  0  0  0  0  0  0
  5  1  1  0  1  0  0  3  0  2  0  6  1  0  0  3  0  3  3  6  4  0 10  3
 13]
[2023-04-18 22:55:57] - query_instance.length_size[member]:{1: 85, 2: 117, 3: 138, 5: 149, 6: 154, 10: 157, 11: 162, 21: 165, 22: 166, 42: 167, 43: 168, 85: 169}
[2023-04-18 22:55:57] - tail, head: 0 85
[2023-04-18 22:55:57] - Range size 1, answer [0 0 0 0 0 0 0 0 0 0 0 0 0 0 0 0 0 0 0 0 0 0 0 0 0 3 0 0 0 0 0 0 0 0 0 0 0
 0 0 0 0 0 0 0 0 0 0 0 0 0 0 0 0 0 4 0 0 1 0 0 0 0 1 0 0 0 0 0 0 2 0 0 0 1
 0 0 0 0 0 0 0 0 0 0 1]:
[2023-04-18 22:55:57] - query_instance.length_size[member]:{1: 85, 2: 117, 3: 138, 5: 149, 6: 154, 10: 157, 11: 162, 21: 165, 22: 166, 42: 167, 43: 168, 85: 169}
[2023-04-18 22:55:57] - tail, head: 85 117
[2023-04-18 22:55:57] - Range size 2, answer [0 0 0 0 0 0 0 0 0 3 0 0 0 0 0 0 0 0 0 0 4 1 0 1 0 0 0 1 0 0 0 1]:
[2023-04-18 22:55:57] - query_instance.length_size[member]:{1: 85, 2: 117, 3: 138, 5: 149, 6: 154, 10: 157, 11: 162, 21: 165, 22: 166, 42: 167, 43: 168, 85: 169}
[2023-04-18 22:55:57] - tail, head: 117 138
[2023-04-18 22:55:57] - Range size 3, answer [0 0 0 0 0 0 0 3 0 0 0 0 0 0 4 0 0 2 0 0 0]:
[2023-04-18 22:55:57] - query_instance.length_size[member]:{1: 85, 2: 117, 3: 138, 5: 149, 6: 154, 10: 157, 11: 162, 21: 165, 22: 166, 42: 167, 43: 168, 85: 169}
[2023-04-18 22:55:57] - tail, head: 138 149
[2023-04-18 22:55:57] - Range size 5, answer [0 0 0 0 0 0 5 1 1 0 1]:
[2023-04-18 22:55:57] - query_instance.length_size[member]:{1: 85, 2: 117, 3: 138, 5: 149, 6: 154, 10: 157, 11: 162, 21: 165, 22: 166, 42: 167, 43: 168, 85: 169}
[2023-04-18 22:55:57] - tail, head: 149 154
[2023-04-18 22:55:57] - Range size 6, answer [0 0 3 0 2]:
[2023-04-18 22:55:57] - query_instance.length_size[member]:{1: 85, 2: 117, 3: 138, 5: 149, 6: 154, 10: 157, 11: 162, 21: 165, 22: 166, 42: 167, 43: 168, 85: 169}
[2023-04-18 22:55:57] - tail, head: 154 157
[2023-04-18 22:55:57] - Range size 10, answer [0 6 1]:
[2023-04-18 22:55:57] - query_instance.length_size[member]:{1: 85, 2: 117, 3: 138, 5: 149, 6: 154, 10: 157, 11: 162, 21: 165, 22: 166, 42: 167, 43: 168, 85: 169}
[2023-04-18 22:55:57] - tail, head: 157 162
[2023-04-18 22:55:57] - Range size 11, answer [0 0 3 0 3]:
[2023-04-18 22:55:57] - query_instance.length_size[member]:{1: 85, 2: 117, 3: 138, 5: 149, 6: 154, 10: 157, 11: 162, 21: 165, 22: 166, 42: 167, 43: 168, 85: 169}
[2023-04-18 22:55:57] - tail, head: 162 165
[2023-04-18 22:55:57] - Range size 21, answer [3 6 4]:
[2023-04-18 22:55:57] - query_instance.length_size[member]:{1: 85, 2: 117, 3: 138, 5: 149, 6: 154, 10: 157, 11: 162, 21: 165, 22: 166, 42: 167, 43: 168, 85: 169}
[2023-04-18 22:55:57] - tail, head: 165 166
[2023-04-18 22:55:57] - Range size 22, answer [0]:
[2023-04-18 22:55:57] - query_instance.length_size[member]:{1: 85, 2: 117, 3: 138, 5: 149, 6: 154, 10: 157, 11: 162, 21: 165, 22: 166, 42: 167, 43: 168, 85: 169}
[2023-04-18 22:55:57] - tail, head: 166 167
[2023-04-18 22:55:57] - Range size 42, answer [10]:
[2023-04-18 22:55:57] - query_instance.length_size[member]:{1: 85, 2: 117, 3: 138, 5: 149, 6: 154, 10: 157, 11: 162, 21: 165, 22: 166, 42: 167, 43: 168, 85: 169}
[2023-04-18 22:55:57] - tail, head: 167 168
[2023-04-18 22:55:57] - Range size 43, answer [3]:
[2023-04-18 22:55:57] - query_instance.length_size[member]:{1: 85, 2: 117, 3: 138, 5: 149, 6: 154, 10: 157, 11: 162, 21: 165, 22: 166, 42: 167, 43: 168, 85: 169}
[2023-04-18 22:55:57] - tail, head: 168 169
[2023-04-18 22:55:57] - Range size 85, answer [13]:
[2023-04-18 22:55:57] - Mechanism: gives answer
[2023-04-18 22:55:57] - output_answer:[ 0  1  0  0  0  0  0  0  0  0  0  0  0  0  0  0  0  0  0  0  1  0  0  0
  0  0  1  0  0  0  0  0  0  6  0  0  0  0  0  0  0  0  0  0  0  0  0  0
  0  0  2  0  0  1  0  0  0  0  0  0  0  0  0  0  0  0  0  0  0  0  0  0
  0  0  0  0  0  0  0  0  1  0  0  0  0  1  0  0  0  0  0  0  1  0  1  0
  0  6  0  0  0  0  0  2  1  0  0  0  0  0  0  0  0  0  0  1  0  1  0  0
  0  0  0  0  1  0  6  0  0  0  2  0  0  0  0  0  0  1  0  1  0  6  0  3
  0  0  0  0  1  1  0  1  0  0  6  0  1  1  1  1  3  0  7  3  1  2  4  9
 13]
[2023-04-18 22:55:57] - query_instance.length_size[member]:{1: 85, 2: 117, 3: 138, 5: 149, 6: 154, 10: 157, 11: 162, 21: 165, 22: 166, 42: 167, 43: 168, 85: 169}
[2023-04-18 22:55:57] - tail, head: 0 85
[2023-04-18 22:55:57] - Range size 1, answer [0 1 0 0 0 0 0 0 0 0 0 0 0 0 0 0 0 0 0 0 1 0 0 0 0 0 1 0 0 0 0 0 0 6 0 0 0
 0 0 0 0 0 0 0 0 0 0 0 0 0 2 0 0 1 0 0 0 0 0 0 0 0 0 0 0 0 0 0 0 0 0 0 0 0
 0 0 0 0 0 0 1 0 0 0 0]:
[2023-04-18 22:55:57] - query_instance.length_size[member]:{1: 85, 2: 117, 3: 138, 5: 149, 6: 154, 10: 157, 11: 162, 21: 165, 22: 166, 42: 167, 43: 168, 85: 169}
[2023-04-18 22:55:57] - tail, head: 85 117
[2023-04-18 22:55:57] - Range size 2, answer [1 0 0 0 0 0 0 1 0 1 0 0 6 0 0 0 0 0 2 1 0 0 0 0 0 0 0 0 0 0 1 0]:
[2023-04-18 22:55:57] - query_instance.length_size[member]:{1: 85, 2: 117, 3: 138, 5: 149, 6: 154, 10: 157, 11: 162, 21: 165, 22: 166, 42: 167, 43: 168, 85: 169}
[2023-04-18 22:55:57] - tail, head: 117 138
[2023-04-18 22:55:57] - Range size 3, answer [1 0 0 0 0 0 0 1 0 6 0 0 0 2 0 0 0 0 0 0 1]:
[2023-04-18 22:55:57] - query_instance.length_size[member]:{1: 85, 2: 117, 3: 138, 5: 149, 6: 154, 10: 157, 11: 162, 21: 165, 22: 166, 42: 167, 43: 168, 85: 169}
[2023-04-18 22:55:57] - tail, head: 138 149
[2023-04-18 22:55:57] - Range size 5, answer [0 1 0 6 0 3 0 0 0 0 1]:
[2023-04-18 22:55:57] - query_instance.length_size[member]:{1: 85, 2: 117, 3: 138, 5: 149, 6: 154, 10: 157, 11: 162, 21: 165, 22: 166, 42: 167, 43: 168, 85: 169}
[2023-04-18 22:55:57] - tail, head: 149 154
[2023-04-18 22:55:57] - Range size 6, answer [1 0 1 0 0]:
[2023-04-18 22:55:57] - query_instance.length_size[member]:{1: 85, 2: 117, 3: 138, 5: 149, 6: 154, 10: 157, 11: 162, 21: 165, 22: 166, 42: 167, 43: 168, 85: 169}
[2023-04-18 22:55:57] - tail, head: 154 157
[2023-04-18 22:55:57] - Range size 10, answer [6 0 1]:
[2023-04-18 22:55:57] - query_instance.length_size[member]:{1: 85, 2: 117, 3: 138, 5: 149, 6: 154, 10: 157, 11: 162, 21: 165, 22: 166, 42: 167, 43: 168, 85: 169}
[2023-04-18 22:55:57] - tail, head: 157 162
[2023-04-18 22:55:57] - Range size 11, answer [1 1 1 3 0]:
[2023-04-18 22:55:57] - query_instance.length_size[member]:{1: 85, 2: 117, 3: 138, 5: 149, 6: 154, 10: 157, 11: 162, 21: 165, 22: 166, 42: 167, 43: 168, 85: 169}
[2023-04-18 22:55:57] - tail, head: 162 165
[2023-04-18 22:55:57] - Range size 21, answer [7 3 1]:
[2023-04-18 22:55:57] - query_instance.length_size[member]:{1: 85, 2: 117, 3: 138, 5: 149, 6: 154, 10: 157, 11: 162, 21: 165, 22: 166, 42: 167, 43: 168, 85: 169}
[2023-04-18 22:55:57] - tail, head: 165 166
[2023-04-18 22:55:57] - Range size 22, answer [2]:
[2023-04-18 22:55:57] - query_instance.length_size[member]:{1: 85, 2: 117, 3: 138, 5: 149, 6: 154, 10: 157, 11: 162, 21: 165, 22: 166, 42: 167, 43: 168, 85: 169}
[2023-04-18 22:55:57] - tail, head: 166 167
[2023-04-18 22:55:57] - Range size 42, answer [4]:
[2023-04-18 22:55:57] - query_instance.length_size[member]:{1: 85, 2: 117, 3: 138, 5: 149, 6: 154, 10: 157, 11: 162, 21: 165, 22: 166, 42: 167, 43: 168, 85: 169}
[2023-04-18 22:55:57] - tail, head: 167 168
[2023-04-18 22:55:57] - Range size 43, answer [9]:
[2023-04-18 22:55:57] - query_instance.length_size[member]:{1: 85, 2: 117, 3: 138, 5: 149, 6: 154, 10: 157, 11: 162, 21: 165, 22: 166, 42: 167, 43: 168, 85: 169}
[2023-04-18 22:55:57] - tail, head: 168 169
[2023-04-18 22:55:57] - Range size 85, answer [13]:
[2023-04-18 22:55:57] - Mean Square Error of ground truth and golden standard: 3.408284023668639
[2023-04-18 22:55:57] - Mean Square Error of ground truth and mechanism: 1.834319526627219
[2023-04-18 22:55:57] - Mean Square Error of golden standard and mechanism: 2.9585798816568047
[2023-04-18 22:55:57] - Measurement3: golden_standard and mechanism
0.0
[2023-04-18 22:55:57] - ++++++++ Testing on node 4 Finished ++++++++
[2023-04-18 22:55:57] - ++++++++ Testing on node 1 Started ++++++++
