[2023-03-29 15:41:06] - Arguments: Namespace(beta=0.05, data_size=100, dataset_path='./data/adult.csv', delta=0.1, domain_path='./data/adult-domain.json', epsilon=5.0, iteration=50, sparse_ratio=10)
[2023-03-29 15:41:06] - ******** Initialization ********
[2023-03-29 15:41:06] - Data sparsification complete
[2023-03-29 15:41:06] - Data information: {'age': 85, 'workclass': 9, 'fnlwgt': 100, 'education-num': 16, 'marital-status': 7, 'occupation': 15, 'relationship': 6, 'race': 5, 'sex': 2, 'capital-gain': 100, 'capital-loss': 100, 'hours-per-week': 99, 'native-country': 42, 'income>50K': 2}
[2023-03-29 15:41:06] - ******** Create Dynamic Tree ********
[2023-03-29 15:41:07] - The dynamic interval tree consists of nodes: [
-------- Node index: 1 --------
height: 0, sj: 2, 
right_ancestor_index: 2, left_ancestor_index: None, right_child: None, left_child: None, 
df size: 2, delete_df size: 0
-----------------------------------, 
-------- Node index: 2 --------
height: 1, sj: 4, 
right_ancestor_index: 4, left_ancestor_index: None, right_child: 3, left_child: 1, 
df size: 4, delete_df size: 0
-----------------------------------, 
-------- Node index: 3 --------
height: 0, sj: 16, 
right_ancestor_index: None, left_ancestor_index: 2, right_child: None, left_child: None, 
df size: 12, delete_df size: 0
-----------------------------------, 
-------- Node index: 4 --------
height: 2, sj: 42, 
right_ancestor_index: 8, left_ancestor_index: None, right_child: 6, left_child: 2, 
df size: 32, delete_df size: 5
-----------------------------------, 
-------- Node index: 5 --------
height: 0, sj: 77, 
right_ancestor_index: 6, left_ancestor_index: None, right_child: None, left_child: None, 
df size: 21, delete_df size: 11
-----------------------------------, 
-------- Node index: 6 --------
height: 1, sj: 119, 
right_ancestor_index: None, left_ancestor_index: 4, right_child: 7, left_child: 5, 
df size: 24, delete_df size: 22
-----------------------------------, 
-------- Node index: 7 --------
height: 0, sj: 167, 
right_ancestor_index: None, left_ancestor_index: 6, right_child: None, left_child: None, 
df size: 11, delete_df size: 31
-----------------------------------, 
-------- Node index: 8 --------
height: 3, sj: 199, 
right_ancestor_index: 16, left_ancestor_index: None, right_child: 12, left_child: 4, 
df size: 0, delete_df size: 31
-----------------------------------]
[2023-03-29 15:41:07] - Infinite Private Partitioning: s0: 0, j: 8, T: 27889, beta: 5.737741753080488e-13, C: 54.76194542588547, epsilon: 5.0, 
 segment: [0, 2, 4, 16, 42, 77, 119, 167, 199]
[2023-03-29 15:41:07] - ******** Testing Started ********
[2023-03-29 15:41:07] - ++++++++ Testing on node 1 Started ++++++++
[2023-03-29 15:41:07] - At node with index 1, we implement queries on cliques dict_keys(['capital-loss']):
[2023-03-29 15:41:08] - -------- New Mechanism: Testing on 1, node 1 is accessed --------
[2023-03-29 15:41:09] - -------- New Mechanism answer node query on node 1 finished --------
[2023-03-29 15:41:09] - The testing is implemented at capital-loss
[2023-03-29 15:41:09] - Range size 1, answer [2 0 0 0 0 0 0 0 0 0 0 0 0 0 0 0 0 0 0 0 0 0 0 0 0 0 0 0 0 0 0 0 0 0 0 0 0
 0 0 0 0 0 0 0 0 0 0 0 0 0 0 0 0 0 0 0 0 0 0 0 0 0 0 0 0 0 0 0 0 0 0 0 0 0
 0 0 0 0 0 0 0 0 0 0 0 0 0 0 0 0 0 0 0 0 0 0 0 0 0 0]:
[2023-03-29 15:41:09] - Range size 2, answer [2 0 0 0 0 0 0 0 0 0 0 0 0 0 0 0 0 0 0 0 0 0 0 0 0 0 0 0 0 0 0 0 0 0 0 0]:
[2023-03-29 15:41:09] - Range size 3, answer [0 0 0 0 0 0 0 0 0 0 0 0 0 0 0 0 0 0 0 0 0 0 0 0 0 0 0 0]:
[2023-03-29 15:41:09] - Range size 4, answer [2 0 0 0]:
[2023-03-29 15:41:09] - Range size 6, answer [0 0 0 0 0 0 0 0 0 0 0 0]:
[2023-03-29 15:41:09] - Range size 7, answer [2 0 0 0]:
[2023-03-29 15:41:09] - Range size 12, answer [0 0 0 0]:
[2023-03-29 15:41:09] - Range size 13, answer [2 0 0 0]:
[2023-03-29 15:41:09] - Range size 25, answer [2 0 0 0]:
[2023-03-29 15:41:09] - Range size 50, answer [2 0]:
[2023-03-29 15:41:09] - Range size 100, answer [2]:
[2023-03-29 15:41:09] - Ground truth: gives answer: 
None
[2023-03-29 15:41:09] - Range size 1, answer [2 0 0 0 0 0 0 0 0 0 0 0 0 0 1 0 0 0 0 0 0 0 0 0 0 0 0 0 0 0 0 0 0 0 0 0 0
 0 0 0 0 0 0 0 0 0 0 0 0 0 0 0 0 0 0 0 0 0 0 0 0 0 0 0 0 0 0 0 0 0 0 0 0 0
 0 0 0 0 0 0 0 0 0 0 0 0 0 0 0 0 0 0 0 0 0 0 0 0 0 0]:
[2023-03-29 15:41:09] - Range size 2, answer [2 0 0 0 0 1 0 0 0 0 0 0 0 0 0 0 0 0 0 0 0 0 0 0 0 0 0 0 0 0 0 0 0 0 0 0]:
[2023-03-29 15:41:09] - Range size 3, answer [0 0 0 1 0 0 0 0 0 0 0 0 0 0 0 0 0 0 0 0 0 0 0 0 0 0 0 0]:
[2023-03-29 15:41:09] - Range size 4, answer [2 0 0 0]:
[2023-03-29 15:41:09] - Range size 6, answer [0 1 0 0 0 0 0 0 0 0 0 0]:
[2023-03-29 15:41:09] - Range size 7, answer [2 0 0 0]:
[2023-03-29 15:41:09] - Range size 12, answer [1 0 0 0]:
[2023-03-29 15:41:09] - Range size 13, answer [2 0 0 0]:
[2023-03-29 15:41:09] - Range size 25, answer [3 0 0 0]:
[2023-03-29 15:41:09] - Range size 50, answer [3 0]:
[2023-03-29 15:41:09] - Range size 100, answer [3]:
[2023-03-29 15:41:09] - Golden standard: gives answer: 
None
[2023-03-29 15:41:09] - Range size 1, answer [2 0 0 0 0 0 0 0 0 0 0 0 0 0 0 0 0 0 0 0 0 0 1 0 0 0 0 0 0 0 0 0 0 0 0 0 0
 0 0 0 0 0 0 0 0 0 0 0 0 0 0 0 0 0 0 0 0 0 0 0 0 0 0 0 0 0 0 0 0 0 0 0 0 0
 0 0 0 0 0 0 0 0 0 0 0 0 0 0 0 0 0 0 0 0 0 0 0 0 0 0]:
[2023-03-29 15:41:09] - Range size 2, answer [2 0 0 0 0 0 0 0 1 0 0 0 0 0 0 0 0 0 0 0 0 0 0 0 0 0 0 0 0 0 0 0 0 0 0 0]:
[2023-03-29 15:41:09] - Range size 3, answer [0 0 0 0 0 0 1 0 0 0 0 0 0 0 0 0 0 0 0 0 0 0 0 0 0 0 0 0]:
[2023-03-29 15:41:09] - Range size 4, answer [2 0 0 0]:
[2023-03-29 15:41:09] - Range size 6, answer [0 0 1 0 0 0 0 0 0 0 0 0]:
[2023-03-29 15:41:09] - Range size 7, answer [2 0 0 0]:
[2023-03-29 15:41:09] - Range size 12, answer [1 0 0 0]:
[2023-03-29 15:41:09] - Range size 13, answer [2 0 0 0]:
[2023-03-29 15:41:09] - Range size 25, answer [3 0 0 0]:
[2023-03-29 15:41:09] - Range size 50, answer [3 0]:
[2023-03-29 15:41:09] - Range size 100, answer [3]:
[2023-03-29 15:41:09] - Mechanism: gives answer: 
None
[2023-03-29 15:41:09] - Mean Square Error of ground truth and golden standard: 0.04020100502512563
[2023-03-29 15:41:09] - Mean Square Error of ground truth and mechanism: 0.04020100502512563
[2023-03-29 15:41:09] - Mean Square Error of golden standard and mechanism: 0.04020100502512563
[2023-03-29 15:41:09] - Measurement3: golden_standard and mechanism
0.0
[2023-03-29 15:41:09] - ++++++++ Testing on node 1 Finished ++++++++
[2023-03-29 15:41:09] - ++++++++ Testing on node 2 Started ++++++++
[2023-03-29 15:41:09] - At node with index 2, we implement queries on cliques dict_keys(['capital-loss']):
[2023-03-29 15:41:10] - -------- New Mechanism: Testing on 2, node 2 is accessed --------
[2023-03-29 15:41:11] - -------- New Mechanism answer node query on node 2 finished --------
[2023-03-29 15:41:11] - The testing is implemented at capital-loss
[2023-03-29 15:41:11] - Range size 1, answer [4 0 0 0 0 0 0 0 0 0 0 0 0 0 0 0 0 0 0 0 0 0 0 0 0 0 0 0 0 0 0 0 0 0 0 0 0
 0 0 0 0 0 0 0 0 0 0 0 0 0 0 0 0 0 0 0 0 0 0 0 0 0 0 0 0 0 0 0 0 0 0 0 0 0
 0 0 0 0 0 0 0 0 0 0 0 0 0 0 0 0 0 0 0 0 0 0 0 0 0 0]:
[2023-03-29 15:41:11] - Range size 2, answer [4 0 0 0 0 0 0 0 0 0 0 0 0 0 0 0 0 0 0 0 0 0 0 0 0 0 0 0 0 0 0 0 0 0 0 0]:
[2023-03-29 15:41:11] - Range size 3, answer [0 0 0 0 0 0 0 0 0 0 0 0 0 0 0 0 0 0 0 0 0 0 0 0 0 0 0 0]:
[2023-03-29 15:41:11] - Range size 4, answer [4 0 0 0]:
[2023-03-29 15:41:11] - Range size 6, answer [0 0 0 0 0 0 0 0 0 0 0 0]:
[2023-03-29 15:41:11] - Range size 7, answer [4 0 0 0]:
[2023-03-29 15:41:11] - Range size 12, answer [0 0 0 0]:
[2023-03-29 15:41:11] - Range size 13, answer [4 0 0 0]:
[2023-03-29 15:41:11] - Range size 25, answer [4 0 0 0]:
[2023-03-29 15:41:11] - Range size 50, answer [4 0]:
[2023-03-29 15:41:11] - Range size 100, answer [4]:
[2023-03-29 15:41:11] - Ground truth: gives answer: 
None
[2023-03-29 15:41:11] - Range size 1, answer [3 0 0 0 0 0 0 0 1 0 0 0 0 0 0 0 0 0 0 0 0 0 0 0 0 0 0 0 0 0 0 0 0 0 0 0 0
 0 0 0 0 0 0 0 0 0 0 0 0 0 0 0 0 0 0 0 0 0 0 0 0 0 0 0 0 1 0 0 0 0 0 0 0 0
 0 0 0 0 0 0 0 0 0 0 0 0 0 0 0 0 0 0 0 0 0 0 0 0 0 0]:
[2023-03-29 15:41:11] - Range size 2, answer [3 0 0 1 0 0 0 0 0 0 0 0 0 0 0 0 0 0 0 0 0 0 0 0 0 0 0 0 0 0 0 0 0 0 0 0]:
[2023-03-29 15:41:11] - Range size 3, answer [0 1 0 0 0 0 0 0 0 0 0 0 0 0 0 0 0 1 0 0 0 0 0 0 0 0 0 0]:
[2023-03-29 15:41:11] - Range size 4, answer [3 0 0 0]:
[2023-03-29 15:41:11] - Range size 6, answer [1 0 0 0 0 0 0 1 0 0 0 0]:
[2023-03-29 15:41:11] - Range size 7, answer [3 0 0 0]:
[2023-03-29 15:41:11] - Range size 12, answer [0 0 1 0]:
[2023-03-29 15:41:11] - Range size 13, answer [4 0 0 0]:
[2023-03-29 15:41:11] - Range size 25, answer [4 0 1 0]:
[2023-03-29 15:41:11] - Range size 50, answer [4 1]:
[2023-03-29 15:41:11] - Range size 100, answer [5]:
[2023-03-29 15:41:11] - Golden standard: gives answer: 
None
[2023-03-29 15:41:11] - Range size 1, answer [0 0 0 0 0 0 0 0 0 0 0 3 0 0 0 0 0 0 0 0 0 0 0 0 0 0 0 0 0 0 0 0 0 0 0 0 0
 0 0 0 0 0 0 0 0 0 0 0 0 0 0 0 0 0 0 0 0 0 0 0 0 0 0 0 0 0 0 0 0 0 0 0 0 0
 0 0 0 0 2 0 0 0 0 0 0 0 0 0 0 0 0 0 0 0 0 0 0 0 0 0]:
[2023-03-29 15:41:11] - Range size 2, answer [0 0 0 0 3 0 0 0 0 0 0 0 0 0 0 0 0 0 0 0 0 0 0 0 0 0 0 0 2 0 0 0 0 0 0 0]:
[2023-03-29 15:41:11] - Range size 3, answer [0 0 3 0 0 0 0 0 0 0 0 0 0 0 0 0 0 0 0 0 0 0 0 0 0 0 0 0]:
[2023-03-29 15:41:11] - Range size 4, answer [0 0 0 2]:
[2023-03-29 15:41:11] - Range size 6, answer [3 0 0 0 0 0 0 0 0 0 0 0]:
[2023-03-29 15:41:11] - Range size 7, answer [0 0 0 2]:
[2023-03-29 15:41:11] - Range size 12, answer [0 0 0 0]:
[2023-03-29 15:41:11] - Range size 13, answer [3 0 0 2]:
[2023-03-29 15:41:11] - Range size 25, answer [3 0 0 2]:
[2023-03-29 15:41:11] - Range size 50, answer [3 2]:
[2023-03-29 15:41:11] - Range size 100, answer [5]:
[2023-03-29 15:41:11] - Mechanism: gives answer: 
None
[2023-03-29 15:41:11] - Mean Square Error of ground truth and golden standard: 0.07537688442211055
[2023-03-29 15:41:11] - Mean Square Error of ground truth and mechanism: 0.6633165829145728
[2023-03-29 15:41:11] - Mean Square Error of golden standard and mechanism: 0.5175879396984925
[2023-03-29 15:41:11] - Measurement3: golden_standard and mechanism
0.0
[2023-03-29 15:41:11] - ++++++++ Testing on node 2 Finished ++++++++
[2023-03-29 15:41:11] - ++++++++ Testing on node 3 Started ++++++++
[2023-03-29 15:41:11] - At node with index 3, we implement queries on cliques dict_keys(['capital-loss']):
[2023-03-29 15:41:13] - -------- New Mechanism: Testing on 3, node 2 is accessed --------
[2023-03-29 15:41:14] - -------- New Mechanism answer node query on node 2 finished --------
[2023-03-29 15:41:14] - -------- New Mechanism: Testing on 3, node 3 is accessed --------
[2023-03-29 15:41:15] - -------- New Mechanism answer node query on node 3 finished --------
[2023-03-29 15:41:15] - The testing is implemented at capital-loss
[2023-03-29 15:41:15] - Range size 1, answer [15  0  0  0  0  0  0  0  0  0  0  0  0  0  0  0  0  0  0  0  0  0  0  0
  0  0  0  0  0  0  0  0  0  0  0  0  0  0  1  0  0  0  0  0  0  0  0  0
  0  0  0  0  0  0  0  0  0  0  0  0  0  0  0  0  0  0  0  0  0  0  0  0
  0  0  0  0  0  0  0  0  0  0  0  0  0  0  0  0  0  0  0  0  0  0  0  0
  0  0  0  0]:
[2023-03-29 15:41:15] - Range size 2, answer [15  0  0  0  0  0  0  0  0  0  0  0  0  0  1  0  0  0  0  0  0  0  0  0
  0  0  0  0  0  0  0  0  0  0  0  0]:
[2023-03-29 15:41:15] - Range size 3, answer [0 0 0 0 0 0 0 0 0 0 1 0 0 0 0 0 0 0 0 0 0 0 0 0 0 0 0 0]:
[2023-03-29 15:41:15] - Range size 4, answer [15  0  0  0]:
[2023-03-29 15:41:15] - Range size 6, answer [0 0 0 0 1 0 0 0 0 0 0 0]:
[2023-03-29 15:41:15] - Range size 7, answer [15  0  0  0]:
[2023-03-29 15:41:15] - Range size 12, answer [0 1 0 0]:
[2023-03-29 15:41:15] - Range size 13, answer [15  0  0  0]:
[2023-03-29 15:41:15] - Range size 25, answer [15  1  0  0]:
[2023-03-29 15:41:15] - Range size 50, answer [16  0]:
[2023-03-29 15:41:15] - Range size 100, answer [16]:
[2023-03-29 15:41:15] - Ground truth: gives answer: 
None
[2023-03-29 15:41:15] - Range size 1, answer [15  0  0  0  0  0  0  0  0  0  0  0  0  0  0  0  0  0  0  0  0  0  0  0
  0  0  0  0  0  0  0  0  0  0  0  0  0  0  1  0  0  0  0  0  0  0  0  0
  0  0  0  0  0  0  0  0  0  0  0  0  0  0  0  0  0  0  0  0  0  0  0  0
  0  0  0  0  0  0  0  0  0  0  0  0  0  0  0  0  0  0  0  0  0  0  0  0
  1  0  0  0]:
[2023-03-29 15:41:15] - Range size 2, answer [15  0  0  0  0  0  0  0  0  0  0  0  0  0  1  0  0  0  0  0  0  0  0  0
  0  0  0  0  0  0  0  0  0  0  0  0]:
[2023-03-29 15:41:15] - Range size 3, answer [0 0 0 0 0 0 0 0 0 0 1 0 0 0 0 0 0 0 0 0 0 0 0 0 0 0 1 0]:
[2023-03-29 15:41:15] - Range size 4, answer [15  0  0  0]:
[2023-03-29 15:41:15] - Range size 6, answer [0 0 0 0 1 0 0 0 0 0 0 1]:
[2023-03-29 15:41:15] - Range size 7, answer [15  0  0  0]:
[2023-03-29 15:41:15] - Range size 12, answer [0 1 0 1]:
[2023-03-29 15:41:15] - Range size 13, answer [15  0  0  0]:
[2023-03-29 15:41:15] - Range size 25, answer [15  1  0  1]:
[2023-03-29 15:41:15] - Range size 50, answer [16  1]:
[2023-03-29 15:41:15] - Range size 100, answer [17]:
[2023-03-29 15:41:15] - Golden standard: gives answer: 
None
[2023-03-29 15:41:15] - Range size 1, answer [3 0 0 0 0 0 0 0 1 0 0 0 0 1 0 0 0 0 0 0 0 0 2 0 0 0 0 0 0 0 6 0 0 0 0 0 0
 0 0 0 0 0 0 0 0 0 0 0 0 0 3 0 0 0 0 0 0 0 0 0 0 0 0 0 0 0 0 1 0 0 0 0 0 0
 0 0 0 0 0 0 0 0 0 1 0 0 0 0 0 0 0 0 0 0 0 0 0 0 0 0]:
[2023-03-29 15:41:15] - Range size 2, answer [3 0 0 1 0 1 0 0 2 0 0 6 0 0 0 0 0 0 3 0 0 0 0 0 1 0 0 0 0 0 1 0 0 0 0 0]:
[2023-03-29 15:41:15] - Range size 3, answer [0 1 0 1 0 0 2 6 0 0 0 0 0 0 0 0 0 0 1 0 0 0 1 0 0 0 0 0]:
[2023-03-29 15:41:15] - Range size 4, answer [3 0 3 0]:
[2023-03-29 15:41:15] - Range size 6, answer [1 1 2 0 0 0 0 1 0 1 0 0]:
[2023-03-29 15:41:15] - Range size 7, answer [3 6 3 0]:
[2023-03-29 15:41:15] - Range size 12, answer [3 0 1 0]:
[2023-03-29 15:41:15] - Range size 13, answer [4 6 3 1]:
[2023-03-29 15:41:15] - Range size 25, answer [7 6 4 1]:
[2023-03-29 15:41:15] - Range size 50, answer [13  5]:
[2023-03-29 15:41:15] - Range size 100, answer [18]:
[2023-03-29 15:41:15] - Mechanism: gives answer: 
None
[2023-03-29 15:41:15] - Mean Square Error of ground truth and golden standard: 0.035175879396984924
[2023-03-29 15:41:15] - Mean Square Error of ground truth and mechanism: 5.597989949748744
[2023-03-29 15:41:15] - Mean Square Error of golden standard and mechanism: 5.552763819095477
[2023-03-29 15:41:15] - Measurement3: golden_standard and mechanism
0.0
[2023-03-29 15:41:15] - ++++++++ Testing on node 3 Finished ++++++++
[2023-03-29 15:41:15] - ++++++++ Testing on node 4 Started ++++++++
[2023-03-29 15:41:15] - At node with index 4, we implement queries on cliques dict_keys(['capital-loss']):
[2023-03-29 15:41:16] - -------- New Mechanism: Testing on 4, node 4 is accessed --------
[2023-03-29 15:41:17] - -------- New Mechanism answer node query on node 4 finished --------
[2023-03-29 15:41:17] - The testing is implemented at capital-loss
[2023-03-29 15:41:17] - Range size 1, answer [28  0  0  0  0  0  0  0  0  0  0  0  0  0  0  0  0  0  0  0  0  0  0  0
  0  0  0  0  1  0  0  0  0  0  0  0  0  0  2  0  1  0  0  0  0  0  0  0
  0  0  0  0  0  0  0  0  0  0  0  0  0  0  0  0  0  0  0  0  0  0  0  0
  0  0  0  0  0  0  0  0  0  0  0  0  0  0  0  0  0  0  0  0  0  0  0  0
  0  0  0  0]:
[2023-03-29 15:41:17] - Range size 2, answer [28  0  0  0  0  0  0  0  0  0  1  0  0  0  2  0  0  0  0  0  0  0  0  0
  0  0  0  0  0  0  0  0  0  0  0  0]:
[2023-03-29 15:41:17] - Range size 3, answer [0 0 0 0 0 0 0 0 0 0 3 0 0 0 0 0 0 0 0 0 0 0 0 0 0 0 0 0]:
[2023-03-29 15:41:17] - Range size 4, answer [28  1  0  0]:
[2023-03-29 15:41:17] - Range size 6, answer [0 0 0 0 3 0 0 0 0 0 0 0]:
[2023-03-29 15:41:17] - Range size 7, answer [28  1  0  0]:
[2023-03-29 15:41:17] - Range size 12, answer [0 3 0 0]:
[2023-03-29 15:41:17] - Range size 13, answer [28  1  0  0]:
[2023-03-29 15:41:17] - Range size 25, answer [28  4  0  0]:
[2023-03-29 15:41:17] - Range size 50, answer [32  0]:
[2023-03-29 15:41:17] - Range size 100, answer [32]:
[2023-03-29 15:41:17] - Ground truth: gives answer: 
None
[2023-03-29 15:41:17] - Range size 1, answer [27  0  0  0  0  0  0  0  0  0  0  1  0  0  0  0  0  0  1  0  0  0  1  0
  0  0  0  0  1  0  0  0  0  0  0  0  0  0  1  0  1  0  0  0  0  0  0  0
  0  0  0  0  0  0  0  0  0  0  0  0  0  0  0  0  0  0  0  0  0  0  0  0
  0  0  0  0  0  0  0  0  0  0  0  0  0  0  0  0  0  0  0  0  0  0  0  0
  0  0  0  0]:
[2023-03-29 15:41:17] - Range size 2, answer [27  0  0  0  1  0  0  0  1  0  1  0  0  0  1  0  0  0  0  0  0  0  0  0
  0  0  0  0  0  0  0  0  0  0  0  0]:
[2023-03-29 15:41:17] - Range size 3, answer [0 0 1 0 1 0 1 0 0 0 2 0 0 0 0 0 0 0 0 0 0 0 0 0 0 0 0 0]:
[2023-03-29 15:41:17] - Range size 4, answer [27  1  0  0]:
[2023-03-29 15:41:17] - Range size 6, answer [1 1 1 0 2 0 0 0 0 0 0 0]:
[2023-03-29 15:41:17] - Range size 7, answer [27  1  0  0]:
[2023-03-29 15:41:17] - Range size 12, answer [2 2 0 0]:
[2023-03-29 15:41:17] - Range size 13, answer [28  1  0  0]:
[2023-03-29 15:41:17] - Range size 25, answer [30  3  0  0]:
[2023-03-29 15:41:17] - Range size 50, answer [33  0]:
[2023-03-29 15:41:17] - Range size 100, answer [33]:
[2023-03-29 15:41:17] - Golden standard: gives answer: 
None
[2023-03-29 15:41:17] - Range size 1, answer [ 0  0  0  0  0  0  0  4  0  0  0  0  0  0  0  0  0  0  0  0  0  0  0  0
  0  0  0  0  0  0  0  0  0  0  0  0  0  0  0  0  0  0  0  0  0  0  1  0
  0  0  0  0  0  0  0  0  0  0  0  0  0  0  0  0  0  0  0  0  0  0  0  0
  0  0  0  0  0  0  0  0  0  0  0  0  0  0  0  0  0  0  0  0  0  0 28  0
  0  0  0  0]:
[2023-03-29 15:41:17] - Range size 2, answer [ 0  0  0  4  0  0  0  0  0  0  0  0  0  0  0  0  0  0  0  0  0  0  0  0
  0  0  0  0  0  0  0  0  0  0 28  0]:
[2023-03-29 15:41:17] - Range size 3, answer [ 0  4  0  0  0  0  0  0  0  0  0  0  1  0  0  0  0  0  0  0  0  0  0  0
  0  0 28  0]:
[2023-03-29 15:41:17] - Range size 4, answer [0 0 0 0]:
[2023-03-29 15:41:17] - Range size 6, answer [ 4  0  0  0  0  1  0  0  0  0  0 28]:
[2023-03-29 15:41:17] - Range size 7, answer [0 0 0 0]:
[2023-03-29 15:41:17] - Range size 12, answer [ 0  1  0 28]:
[2023-03-29 15:41:17] - Range size 13, answer [4 0 0 0]:
[2023-03-29 15:41:17] - Range size 25, answer [ 4  1  0 28]:
[2023-03-29 15:41:17] - Range size 50, answer [ 5 28]:
[2023-03-29 15:41:17] - Range size 100, answer [33]:
[2023-03-29 15:41:17] - Mechanism: gives answer: 
None
[2023-03-29 15:41:17] - Mean Square Error of ground truth and golden standard: 0.15577889447236182
[2023-03-29 15:41:17] - Mean Square Error of ground truth and mechanism: 53.35678391959799
[2023-03-29 15:41:17] - Mean Square Error of golden standard and mechanism: 52.93969849246231
[2023-03-29 15:41:17] - Measurement3: golden_standard and mechanism
0.0
[2023-03-29 15:41:17] - ++++++++ Testing on node 4 Finished ++++++++
[2023-03-29 15:41:17] - ++++++++ Testing on node 5 Started ++++++++
[2023-03-29 15:41:17] - At node with index 5, we implement queries on cliques dict_keys(['capital-loss']):
[2023-03-29 15:41:19] - -------- New Mechanism: Testing on 5, node 4 is accessed --------
[2023-03-29 15:41:20] - -------- New Mechanism answer node query on node 4 finished --------
[2023-03-29 15:41:20] - -------- New Mechanism: Testing on 5, node 5 is accessed --------
[2023-03-29 15:41:21] - -------- New Mechanism answer node query on node 5 finished --------
[2023-03-29 15:41:21] - The testing is implemented at capital-loss
[2023-03-29 15:41:21] - Range size 1, answer [41  0  0  0  0  0  0  0  0  0  0  0  0  0  0  0  0  0  0  0  0  0  0  0
  0  0  0  0  1  0  0  1  0  0  0  0  0  0  2  0  0  0  0  0  0  0  0  0
  0  0  0  0  0  0  0  0  0  0  0  0  0  0  0  0  0  0  0  0  0  0  0  0
  0  0  0  0  0  0  0  0  0  0  0  0  0  0  0  0  0  0  0  0  0  0  0  0
  0  0  0  0]:
[2023-03-29 15:41:21] - Range size 2, answer [41  0  0  0  0  0  0  0  0  0  1  0  0  0  2  0  0  0  0  0  0  0  0  0
  0  0  0  0  0  0  0  0  0  0  0  0]:
[2023-03-29 15:41:21] - Range size 3, answer [0 0 0 0 0 0 0 1 0 0 2 0 0 0 0 0 0 0 0 0 0 0 0 0 0 0 0 0]:
[2023-03-29 15:41:21] - Range size 4, answer [41  1  0  0]:
[2023-03-29 15:41:21] - Range size 6, answer [0 0 0 0 2 0 0 0 0 0 0 0]:
[2023-03-29 15:41:21] - Range size 7, answer [41  2  0  0]:
[2023-03-29 15:41:21] - Range size 12, answer [0 2 0 0]:
[2023-03-29 15:41:21] - Range size 13, answer [41  2  0  0]:
[2023-03-29 15:41:21] - Range size 25, answer [41  4  0  0]:
[2023-03-29 15:41:21] - Range size 50, answer [45  0]:
[2023-03-29 15:41:21] - Range size 100, answer [45]:
[2023-03-29 15:41:21] - Ground truth: gives answer: 
None
[2023-03-29 15:41:21] - Range size 1, answer [40  0  0  0  0  0  0  0  0  0  0  0  0  0  0  0  0  0  0  0  0  0  0  0
  0  0  0  0  1  0  1  1  0  0  0  0  0  0  1  0  0  0  0  0  0  0  0  0
  0  0  0  0  0  0  0  0  0  0  0  0  0  0  0  1  0  0  0  0  0  0  0  0
  0  1  0  0  0  0  0  0  0  0  0  0  0  0  0  0  0  0  0  0  0  0  0  0
  0  0  0  0]:
[2023-03-29 15:41:21] - Range size 2, answer [40  0  0  0  0  0  0  0  0  0  1  1  0  0  1  0  0  0  0  0  0  0  0  1
  0  0  1  0  0  0  0  0  0  0  0  0]:
[2023-03-29 15:41:21] - Range size 3, answer [0 0 0 0 0 0 0 2 0 0 1 0 0 0 0 0 0 1 0 0 1 0 0 0 0 0 0 0]:
[2023-03-29 15:41:21] - Range size 4, answer [40  1  0  0]:
[2023-03-29 15:41:21] - Range size 6, answer [0 0 0 0 1 0 0 1 1 0 0 0]:
[2023-03-29 15:41:21] - Range size 7, answer [40  3  0  0]:
[2023-03-29 15:41:21] - Range size 12, answer [0 1 2 0]:
[2023-03-29 15:41:21] - Range size 13, answer [40  3  0  0]:
[2023-03-29 15:41:21] - Range size 25, answer [40  4  2  0]:
[2023-03-29 15:41:21] - Range size 50, answer [44  2]:
[2023-03-29 15:41:21] - Range size 100, answer [46]:
[2023-03-29 15:41:21] - Golden standard: gives answer: 
None
[2023-03-29 15:41:21] - Range size 1, answer [ 8  0  1  0  0  0  0  0  0  0  0  0  0  0  0  0  0  0  0  0  0  0  0  0
  0  0  0  0  0  0  0  0  0  0  0  0  1  0  0  0 -1  0  0  0  0  0  0  0
  0  0  0  0  0  0  0  0  0  0  0  0  0  0  0  0  0  0  0 30  1  0  0  0
  0  0  0  0  1  1  0  0  0  0  0  0  0  0  0  0  0  0  5  0  0  0  0  0
  0  0  0  0]:
[2023-03-29 15:41:21] - Range size 2, answer [ 8  1  0  0  0  0  0  0  0  0  0  0  0  1  0  0  0  0  0  0  0  0  0  0
 30  0  0  1  1  0  0  0  0  0  0  0]:
[2023-03-29 15:41:21] - Range size 3, answer [ 0  0  0  0  0  0  0  0  0  1 -1  0  0  0  0  0  0  0 31  0  0  0  0  0
  5  0  0  0]:
[2023-03-29 15:41:21] - Range size 4, answer [9 0 0 2]:
[2023-03-29 15:41:21] - Range size 6, answer [ 0  0  0  1 -1  0  0 31  0  0  5  0]:
[2023-03-29 15:41:21] - Range size 7, answer [9 0 0 2]:
[2023-03-29 15:41:21] - Range size 12, answer [ 0 -1 31  5]:
[2023-03-29 15:41:21] - Range size 13, answer [9 1 0 2]:
[2023-03-29 15:41:21] - Range size 25, answer [ 9  0 31  7]:
[2023-03-29 15:41:21] - Range size 50, answer [ 9 38]:
[2023-03-29 15:41:21] - Range size 100, answer [47]:
[2023-03-29 15:41:21] - Mechanism: gives answer: 
None
[2023-03-29 15:41:21] - Mean Square Error of ground truth and golden standard: 0.19095477386934673
[2023-03-29 15:41:21] - Mean Square Error of ground truth and mechanism: 74.85427135678393
[2023-03-29 15:41:21] - Mean Square Error of golden standard and mechanism: 70.30150753768844
[2023-03-29 15:41:21] - Measurement3: golden_standard and mechanism
0.0
[2023-03-29 15:41:21] - ++++++++ Testing on node 5 Finished ++++++++
[2023-03-29 15:41:21] - ++++++++ Testing on node 6 Started ++++++++
[2023-03-29 15:41:21] - At node with index 6, we implement queries on cliques dict_keys(['capital-loss']):
[2023-03-29 15:41:22] - -------- New Mechanism: Testing on 6, node 4 is accessed --------
[2023-03-29 15:41:24] - -------- New Mechanism answer node query on node 4 finished --------
[2023-03-29 15:41:24] - -------- New Mechanism: Testing on 6, node 6 is accessed --------
[2023-03-29 15:41:25] - -------- New Mechanism answer node query on node 6 finished --------
[2023-03-29 15:41:25] - The testing is implemented at capital-loss
[2023-03-29 15:41:25] - Range size 1, answer [41  0  0  0  0  0  0  0  0  0  0  0  0  0  0  0  0  0  0  0  0  0  0  0
  0  0  0  0  1  0  0  0  0  0  0  0  0  0  1  0  0  0  0  0  0  0  0  0
  0  0  0  0  0  0  0  0  0  0  0  0  0  0  0  0  0  0  0  0  0  0  0  0
  0  0  0  0  0  0  0  0  0  0  0  0  0  0  0  0  0  0  0  0  0  0  0  0
  0  0  0  0]:
[2023-03-29 15:41:25] - Range size 2, answer [41  0  0  0  0  0  0  0  0  0  1  0  0  0  1  0  0  0  0  0  0  0  0  0
  0  0  0  0  0  0  0  0  0  0  0  0]:
[2023-03-29 15:41:25] - Range size 3, answer [0 0 0 0 0 0 0 0 0 0 1 0 0 0 0 0 0 0 0 0 0 0 0 0 0 0 0 0]:
[2023-03-29 15:41:25] - Range size 4, answer [41  1  0  0]:
[2023-03-29 15:41:25] - Range size 6, answer [0 0 0 0 1 0 0 0 0 0 0 0]:
[2023-03-29 15:41:25] - Range size 7, answer [41  1  0  0]:
[2023-03-29 15:41:25] - Range size 12, answer [0 1 0 0]:
[2023-03-29 15:41:25] - Range size 13, answer [41  1  0  0]:
[2023-03-29 15:41:25] - Range size 25, answer [41  2  0  0]:
[2023-03-29 15:41:25] - Range size 50, answer [43  0]:
[2023-03-29 15:41:25] - Range size 100, answer [43]:
[2023-03-29 15:41:25] - Ground truth: gives answer: 
None
[2023-03-29 15:41:25] - Range size 1, answer [40  0  0  0  0  0  0  0  0  0  1  0  0  0  0  0  0  0  0  0  0  0  0  0
  0  0  0  0  0  0  0  0  0  0  0  0  1  0  1  0  0  0  0  0  0  0  0  0
  0  0  0  0  0  0  0  0  0  0  0  0  0  0  0  0  0  0  0  0  0  0  0  0
  0  0  0  0  0  0  0  0  0  0  0  0  0  0  0  0  1  0  0  0  0  0  0  0
  0  0  0  0]:
[2023-03-29 15:41:25] - Range size 2, answer [40  0  0  0  1  0  0  0  0  0  0  0  0  1  1  0  0  0  0  0  0  0  0  0
  0  0  0  0  0  0  0  0  1  0  0  0]:
[2023-03-29 15:41:25] - Range size 3, answer [0 0 1 0 0 0 0 0 0 1 1 0 0 0 0 0 0 0 0 0 0 0 0 0 1 0 0 0]:
[2023-03-29 15:41:25] - Range size 4, answer [40  0  0  0]:
[2023-03-29 15:41:25] - Range size 6, answer [1 0 0 1 1 0 0 0 0 0 1 0]:
[2023-03-29 15:41:25] - Range size 7, answer [40  0  0  0]:
[2023-03-29 15:41:25] - Range size 12, answer [0 1 0 1]:
[2023-03-29 15:41:25] - Range size 13, answer [41  1  0  0]:
[2023-03-29 15:41:25] - Range size 25, answer [41  2  0  1]:
[2023-03-29 15:41:25] - Range size 50, answer [43  1]:
[2023-03-29 15:41:25] - Range size 100, answer [44]:
[2023-03-29 15:41:25] - Golden standard: gives answer: 
None
[2023-03-29 15:41:25] - Range size 1, answer [-11   0   0   0   0   1   0   0   0   0   0   0   0   0   0   0   0   0
   0   0   0   0   0   0   0   0   0   0   0   0   0   0   0   0   0   0
   0   0  -1   0  -1   0   0   0   0   0   0   0   0   0   0   0   0   0
   0   0   0   0   0   5   0   5   0   0   0   0  33   0   0   0   0   0
   0   0  14   0   0   0   0   0   0   0   0   0   0   0   0   0   0   0
   0   0   0   0   0   0   0   0   0   0]:
[2023-03-29 15:41:25] - Range size 2, answer [-11   0   1   0   0   0   0   0   0   0   0   0   0   0  -1   0   0   0
   0   0   0   0   5   0  33   0   0   0   0   0   0   0   0   0   0   0]:
[2023-03-29 15:41:25] - Range size 3, answer [ 1  0  0  0  0  0  0  0  0  0 -2  0  0  0  0  5  5  0 33  0 14  0  0  0
  0  0  0  0]:
[2023-03-29 15:41:25] - Range size 4, answer [-11   0   0   0]:
[2023-03-29 15:41:25] - Range size 6, answer [ 0  0  0  0 -2  0 10 33 14  0  0  0]:
[2023-03-29 15:41:25] - Range size 7, answer [-10   0   0   0]:
[2023-03-29 15:41:25] - Range size 12, answer [ 0 -2 47  0]:
[2023-03-29 15:41:25] - Range size 13, answer [-10   0  10   0]:
[2023-03-29 15:41:25] - Range size 25, answer [-10  -2  57   0]:
[2023-03-29 15:41:25] - Range size 50, answer [-12  57]:
[2023-03-29 15:41:25] - Range size 100, answer [45]:
[2023-03-29 15:41:25] - Mechanism: gives answer: 
None
[2023-03-29 15:41:25] - Mean Square Error of ground truth and golden standard: 0.12060301507537688
[2023-03-29 15:41:25] - Mean Square Error of ground truth and mechanism: 165.7286432160804
[2023-03-29 15:41:25] - Mean Square Error of golden standard and mechanism: 163.1356783919598
[2023-03-29 15:41:25] - Measurement3: golden_standard and mechanism
0.0
[2023-03-29 15:41:25] - ++++++++ Testing on node 6 Finished ++++++++
[2023-03-29 15:41:25] - ++++++++ Testing on node 7 Started ++++++++
[2023-03-29 15:41:25] - At node with index 7, we implement queries on cliques dict_keys(['capital-loss']):
[2023-03-29 15:41:27] - -------- New Mechanism: Testing on 7, node 4 is accessed --------
[2023-03-29 15:41:29] - -------- New Mechanism answer node query on node 4 finished --------
[2023-03-29 15:41:29] - -------- New Mechanism: Testing on 7, node 6 is accessed --------
[2023-03-29 15:41:30] - -------- New Mechanism answer node query on node 6 finished --------
[2023-03-29 15:41:30] - -------- New Mechanism: Testing on 7, node 7 is accessed --------
[2023-03-29 15:41:31] - -------- New Mechanism answer node query on node 7 finished --------
[2023-03-29 15:41:31] - The testing is implemented at capital-loss
[2023-03-29 15:41:31] - Range size 1, answer [28  0  0  0  0  0  0  0  0  0  0  0  0  0  0  0  0  0  0  0  0  0  0  0
  0  0  0  0  0  0  0  0  0  0  0  0  0  0  1  0  0  0  0  0  0  0  0  0
  0  0  0  0  0  0  0  0  0  0  0  0  0  0  0  0  0  0  0  0  0  0  0  0
  0  0  0  0  0  0  0  0  0  0  0  0  0  0  0  0  0  0  0  0  0  0  0  0
  0  0  0  0]:
[2023-03-29 15:41:31] - Range size 2, answer [28  0  0  0  0  0  0  0  0  0  0  0  0  0  1  0  0  0  0  0  0  0  0  0
  0  0  0  0  0  0  0  0  0  0  0  0]:
[2023-03-29 15:41:31] - Range size 3, answer [0 0 0 0 0 0 0 0 0 0 1 0 0 0 0 0 0 0 0 0 0 0 0 0 0 0 0 0]:
[2023-03-29 15:41:31] - Range size 4, answer [28  0  0  0]:
[2023-03-29 15:41:31] - Range size 6, answer [0 0 0 0 1 0 0 0 0 0 0 0]:
[2023-03-29 15:41:31] - Range size 7, answer [28  0  0  0]:
[2023-03-29 15:41:31] - Range size 12, answer [0 1 0 0]:
[2023-03-29 15:41:31] - Range size 13, answer [28  0  0  0]:
[2023-03-29 15:41:31] - Range size 25, answer [28  1  0  0]:
[2023-03-29 15:41:31] - Range size 50, answer [29  0]:
[2023-03-29 15:41:31] - Range size 100, answer [29]:
[2023-03-29 15:41:31] - Ground truth: gives answer: 
None
[2023-03-29 15:41:31] - Range size 1, answer [27  0  0  0  0  0  0  0  0  0  0  0  0  0  0  0  0  0  0  0  0  0  0  1
  0  0  0  0  0  0  0  0  0  0  0  0  0  0  1  0  0  0  0  0  0  0  0  0
  0  0  0  0  0  0  0  0  0  0  0  0  0  0  0  0  0  0  0  0  0  0  0  0
  0  0  0  0  0  1  0  0  0  0  0  0  0  0  0  0  0  0  0  0  0  0  0  0
  0  0  0  0]:
[2023-03-29 15:41:31] - Range size 2, answer [27  0  0  0  0  0  0  0  1  0  0  0  0  0  1  0  0  0  0  0  0  0  0  0
  0  0  0  0  1  0  0  0  0  0  0  0]:
[2023-03-29 15:41:31] - Range size 3, answer [0 0 0 0 0 0 1 0 0 0 1 0 0 0 0 0 0 0 0 0 0 0 0 0 0 0 0 0]:
[2023-03-29 15:41:31] - Range size 4, answer [27  0  0  1]:
[2023-03-29 15:41:31] - Range size 6, answer [0 0 1 0 1 0 0 0 0 0 0 0]:
[2023-03-29 15:41:31] - Range size 7, answer [27  0  0  1]:
[2023-03-29 15:41:31] - Range size 12, answer [1 1 0 0]:
[2023-03-29 15:41:31] - Range size 13, answer [27  0  0  1]:
[2023-03-29 15:41:31] - Range size 25, answer [28  1  0  1]:
[2023-03-29 15:41:31] - Range size 50, answer [29  1]:
[2023-03-29 15:41:31] - Range size 100, answer [30]:
[2023-03-29 15:41:31] - Golden standard: gives answer: 
None
[2023-03-29 15:41:31] - Range size 1, answer [-23   1   0   0   0  13   1   0   0   0   1   0   0   0   0   0   0   0
   0   0   0   0   0   0   0   0   0   1  -1   0   0   0   0   0   0   0
   0   0  -1   0   1   0   0   1   2   0   6   0   0   0   0   0   0   0
   0   0   4   0   0   0   0   0   0   0   1   7   3   0   0   0   0   0
   0   0   0   0   1   0   0   0   0   0   0   0   1   0   0   0   0   0
   0   0   0   0   0   0   0   0   0  13]:
[2023-03-29 15:41:31] - Range size 2, answer [-22   0  13   0   1   0   0   0   0   0   0   0   0   0  -1   0   2   0
   0   0   0   0   0   1   3   0   0   1   0   0   0   0   0   0   0   0]:
[2023-03-29 15:41:31] - Range size 3, answer [14  0  1  0  0  0  0  0  0  0  0  1  8  0  4  0  0  8  3  0  0  0  1  0
  0  0  0 13]:
[2023-03-29 15:41:31] - Range size 4, answer [-22   0   0   1]:
[2023-03-29 15:41:31] - Range size 6, answer [ 1  0  0  0  1  8  0 11  0  1  0 13]:
[2023-03-29 15:41:31] - Range size 7, answer [-8  0  4  1]:
[2023-03-29 15:41:31] - Range size 12, answer [ 0  9 11 13]:
[2023-03-29 15:41:31] - Range size 13, answer [-7  0  4  2]:
[2023-03-29 15:41:31] - Range size 25, answer [-7  9 15 15]:
[2023-03-29 15:41:31] - Range size 50, answer [ 2 30]:
[2023-03-29 15:41:31] - Range size 100, answer [32]:
[2023-03-29 15:41:31] - Mechanism: gives answer: 
None
[2023-03-29 15:41:31] - Mean Square Error of ground truth and golden standard: 0.09045226130653267
[2023-03-29 15:41:31] - Mean Square Error of ground truth and mechanism: 77.50753768844221
[2023-03-29 15:41:31] - Mean Square Error of golden standard and mechanism: 74.84422110552764
[2023-03-29 15:41:31] - Measurement3: golden_standard and mechanism
0.0
[2023-03-29 15:41:31] - ++++++++ Testing on node 7 Finished ++++++++
[2023-03-29 15:41:31] - ******** Testing Finished ********
[2023-03-29 15:41:31] - ******** Drawing Figure start ********
[2023-03-29 15:41:31] - ******** Drawing Figure finish ********
