[2023-03-29 15:44:57] - Arguments: Namespace(beta=0.05, data_size=100, dataset_path='./data/adult.csv', delta=0.1, domain_path='./data/adult-domain.json', epsilon=5.0, iteration=50, sparse_ratio=10)
[2023-03-29 15:44:57] - ******** Initialization ********
[2023-03-29 15:44:57] - Data sparsification complete
[2023-03-29 15:44:57] - Data information: {'age': 85, 'workclass': 9, 'fnlwgt': 100, 'education-num': 16, 'marital-status': 7, 'occupation': 15, 'relationship': 6, 'race': 5, 'sex': 2, 'capital-gain': 100, 'capital-loss': 100, 'hours-per-week': 99, 'native-country': 42, 'income>50K': 2}
[2023-03-29 15:44:57] - ******** Create Dynamic Tree ********
[2023-03-29 15:44:58] - The dynamic interval tree consists of nodes: [
-------- Node index: 1 --------
height: 0, sj: 2, 
right_ancestor_index: 2, left_ancestor_index: None, right_child: None, left_child: None, 
df size: 2, delete_df size: 0
-----------------------------------, 
-------- Node index: 2 --------
height: 1, sj: 4, 
right_ancestor_index: 4, left_ancestor_index: None, right_child: 3, left_child: 1, 
df size: 4, delete_df size: 0
-----------------------------------, 
-------- Node index: 3 --------
height: 0, sj: 16, 
right_ancestor_index: None, left_ancestor_index: 2, right_child: None, left_child: None, 
df size: 12, delete_df size: 0
-----------------------------------, 
-------- Node index: 4 --------
height: 2, sj: 42, 
right_ancestor_index: 8, left_ancestor_index: None, right_child: 6, left_child: 2, 
df size: 34, delete_df size: 4
-----------------------------------, 
-------- Node index: 5 --------
height: 0, sj: 77, 
right_ancestor_index: 6, left_ancestor_index: None, right_child: None, left_child: None, 
df size: 22, delete_df size: 10
-----------------------------------, 
-------- Node index: 6 --------
height: 1, sj: 118, 
right_ancestor_index: None, left_ancestor_index: 4, right_child: 7, left_child: 5, 
df size: 31, delete_df size: 19
-----------------------------------, 
-------- Node index: 7 --------
height: 0, sj: 166, 
right_ancestor_index: None, left_ancestor_index: 6, right_child: None, left_child: None, 
df size: 10, delete_df size: 35
-----------------------------------, 
-------- Node index: 8 --------
height: 3, sj: 199, 
right_ancestor_index: 16, left_ancestor_index: None, right_child: 12, left_child: 4, 
df size: 0, delete_df size: 32
-----------------------------------]
[2023-03-29 15:44:58] - Infinite Private Partitioning: s0: 0, j: 8, T: 27556, beta: 5.737741753080488e-13, C: 54.745128558516875, epsilon: 5.0, 
 segment: [0, 2, 4, 16, 42, 77, 118, 166, 199]
[2023-03-29 15:44:58] - ******** Testing Started ********
[2023-03-29 15:44:58] - ++++++++ Testing on node 1 Started ++++++++
[2023-03-29 15:44:58] - At node with index 1, we implement queries on cliques dict_keys(['workclass']):
[2023-03-29 15:44:59] - -------- New Mechanism: Testing on 1, node 1 is accessed --------
[2023-03-29 15:45:00] - -------- New Mechanism answer node query on node 1 finished --------
[2023-03-29 15:45:00] - The testing is implemented at workclass
[2023-03-29 15:45:00] - Range size 1, answer [1 0 1 0 0 0 0 0 0]:
[2023-03-29 15:45:00] - Range size 2, answer [1 0 0 0]:
[2023-03-29 15:45:00] - Range size 3, answer [2]:
[2023-03-29 15:45:00] - Range size 4, answer [0]:
[2023-03-29 15:45:00] - Range size 5, answer [2]:
[2023-03-29 15:45:00] - Range size 9, answer [2]:
[2023-03-29 15:45:00] - Ground truth: gives answer: 
None
[2023-03-29 15:45:00] - Range size 1, answer [1 0 1 0 1 0 0 0 0]:
[2023-03-29 15:45:00] - Range size 2, answer [1 1 0 0]:
[2023-03-29 15:45:00] - Range size 3, answer [2]:
[2023-03-29 15:45:00] - Range size 4, answer [0]:
[2023-03-29 15:45:00] - Range size 5, answer [3]:
[2023-03-29 15:45:00] - Range size 9, answer [3]:
[2023-03-29 15:45:00] - Golden standard: gives answer: 
None
[2023-03-29 15:45:00] - Range size 1, answer [0 0 1 0 1 0 0 1 0]:
[2023-03-29 15:45:00] - Range size 2, answer [0 1 0 1]:
[2023-03-29 15:45:00] - Range size 3, answer [1]:
[2023-03-29 15:45:00] - Range size 4, answer [1]:
[2023-03-29 15:45:00] - Range size 5, answer [2]:
[2023-03-29 15:45:00] - Range size 9, answer [3]:
[2023-03-29 15:45:00] - Mechanism: gives answer: 
None
[2023-03-29 15:45:00] - Mean Square Error of ground truth and golden standard: 0.23529411764705882
[2023-03-29 15:45:00] - Mean Square Error of ground truth and mechanism: 0.5294117647058824
[2023-03-29 15:45:00] - Mean Square Error of golden standard and mechanism: 0.4117647058823529
[2023-03-29 15:45:00] - Measurement3: golden_standard and mechanism
0.0
[2023-03-29 15:45:00] - ++++++++ Testing on node 1 Finished ++++++++
[2023-03-29 15:45:00] - ++++++++ Testing on node 2 Started ++++++++
[2023-03-29 15:45:00] - At node with index 2, we implement queries on cliques dict_keys(['workclass']):
[2023-03-29 15:45:01] - -------- New Mechanism: Testing on 2, node 2 is accessed --------
[2023-03-29 15:45:02] - -------- New Mechanism answer node query on node 2 finished --------
[2023-03-29 15:45:02] - The testing is implemented at workclass
[2023-03-29 15:45:02] - Range size 1, answer [2 0 1 0 1 0 0 0 0]:
[2023-03-29 15:45:02] - Range size 2, answer [2 1 0 0]:
[2023-03-29 15:45:02] - Range size 3, answer [3]:
[2023-03-29 15:45:02] - Range size 4, answer [0]:
[2023-03-29 15:45:02] - Range size 5, answer [4]:
[2023-03-29 15:45:02] - Range size 9, answer [4]:
[2023-03-29 15:45:02] - Ground truth: gives answer: 
None
[2023-03-29 15:45:02] - Range size 1, answer [2 0 0 1 1 1 0 0 0]:
[2023-03-29 15:45:02] - Range size 2, answer [2 2 1 0]:
[2023-03-29 15:45:02] - Range size 3, answer [2]:
[2023-03-29 15:45:02] - Range size 4, answer [1]:
[2023-03-29 15:45:02] - Range size 5, answer [4]:
[2023-03-29 15:45:02] - Range size 9, answer [5]:
[2023-03-29 15:45:02] - Golden standard: gives answer: 
None
[2023-03-29 15:45:02] - Range size 1, answer [0 0 5 0 0 0 0 0 0]:
[2023-03-29 15:45:02] - Range size 2, answer [0 0 0 0]:
[2023-03-29 15:45:02] - Range size 3, answer [5]:
[2023-03-29 15:45:02] - Range size 4, answer [0]:
[2023-03-29 15:45:02] - Range size 5, answer [5]:
[2023-03-29 15:45:02] - Range size 9, answer [5]:
[2023-03-29 15:45:02] - Mechanism: gives answer: 
None
[2023-03-29 15:45:02] - Mean Square Error of ground truth and golden standard: 0.47058823529411764
[2023-03-29 15:45:02] - Mean Square Error of ground truth and mechanism: 1.8823529411764706
[2023-03-29 15:45:02] - Mean Square Error of golden standard and mechanism: 3.0588235294117645
[2023-03-29 15:45:02] - Measurement3: golden_standard and mechanism
0.0
[2023-03-29 15:45:02] - ++++++++ Testing on node 2 Finished ++++++++
[2023-03-29 15:45:02] - ++++++++ Testing on node 3 Started ++++++++
[2023-03-29 15:45:02] - At node with index 3, we implement queries on cliques dict_keys(['workclass']):
[2023-03-29 15:45:02] - -------- New Mechanism: Testing on 3, node 2 is accessed --------
[2023-03-29 15:45:03] - -------- New Mechanism answer node query on node 2 finished --------
[2023-03-29 15:45:03] - -------- New Mechanism: Testing on 3, node 3 is accessed --------
[2023-03-29 15:45:04] - -------- New Mechanism answer node query on node 3 finished --------
[2023-03-29 15:45:04] - The testing is implemented at workclass
[2023-03-29 15:45:04] - Range size 1, answer [12  1  1  0  1  1  0  0  0]:
[2023-03-29 15:45:04] - Range size 2, answer [13  1  1  0]:
[2023-03-29 15:45:04] - Range size 3, answer [14]:
[2023-03-29 15:45:04] - Range size 4, answer [1]:
[2023-03-29 15:45:04] - Range size 5, answer [15]:
[2023-03-29 15:45:04] - Range size 9, answer [16]:
[2023-03-29 15:45:04] - Ground truth: gives answer: 
None
[2023-03-29 15:45:04] - Range size 1, answer [12  0  1  0  2  2  0  0  0]:
[2023-03-29 15:45:04] - Range size 2, answer [12  2  2  0]:
[2023-03-29 15:45:04] - Range size 3, answer [13]:
[2023-03-29 15:45:04] - Range size 4, answer [2]:
[2023-03-29 15:45:04] - Range size 5, answer [15]:
[2023-03-29 15:45:04] - Range size 9, answer [17]:
[2023-03-29 15:45:04] - Golden standard: gives answer: 
None
[2023-03-29 15:45:04] - Range size 1, answer [11  0  0  0  0  1  1  0  5]:
[2023-03-29 15:45:04] - Range size 2, answer [11  0  2  5]:
[2023-03-29 15:45:04] - Range size 3, answer [11]:
[2023-03-29 15:45:04] - Range size 4, answer [7]:
[2023-03-29 15:45:04] - Range size 5, answer [11]:
[2023-03-29 15:45:04] - Range size 9, answer [18]:
[2023-03-29 15:45:04] - Mechanism: gives answer: 
None
[2023-03-29 15:45:04] - Mean Square Error of ground truth and golden standard: 0.5294117647058824
[2023-03-29 15:45:04] - Mean Square Error of ground truth and mechanism: 7.411764705882353
[2023-03-29 15:45:04] - Mean Square Error of golden standard and mechanism: 6.411764705882353
[2023-03-29 15:45:04] - Measurement3: golden_standard and mechanism
0.0
[2023-03-29 15:45:04] - ++++++++ Testing on node 3 Finished ++++++++
[2023-03-29 15:45:04] - ++++++++ Testing on node 4 Started ++++++++
[2023-03-29 15:45:04] - At node with index 4, we implement queries on cliques dict_keys(['workclass']):
[2023-03-29 15:45:04] - -------- New Mechanism: Testing on 4, node 4 is accessed --------
[2023-03-29 15:45:05] - -------- New Mechanism answer node query on node 4 finished --------
[2023-03-29 15:45:05] - The testing is implemented at workclass
[2023-03-29 15:45:05] - Range size 1, answer [23  0  1  5  2  1  0  0  2]:
[2023-03-29 15:45:05] - Range size 2, answer [23  7  1  2]:
[2023-03-29 15:45:05] - Range size 3, answer [24]:
[2023-03-29 15:45:05] - Range size 4, answer [3]:
[2023-03-29 15:45:05] - Range size 5, answer [31]:
[2023-03-29 15:45:05] - Range size 9, answer [34]:
[2023-03-29 15:45:05] - Ground truth: gives answer: 
None
[2023-03-29 15:45:05] - Range size 1, answer [23  0  1  5  2  1  0  0  3]:
[2023-03-29 15:45:05] - Range size 2, answer [23  7  1  3]:
[2023-03-29 15:45:05] - Range size 3, answer [24]:
[2023-03-29 15:45:05] - Range size 4, answer [4]:
[2023-03-29 15:45:05] - Range size 5, answer [31]:
[2023-03-29 15:45:05] - Range size 9, answer [35]:
[2023-03-29 15:45:05] - Golden standard: gives answer: 
None
[2023-03-29 15:45:05] - Range size 1, answer [32  0  0  0  0  3  0  0  0]:
[2023-03-29 15:45:05] - Range size 2, answer [32  0  3  0]:
[2023-03-29 15:45:05] - Range size 3, answer [32]:
[2023-03-29 15:45:05] - Range size 4, answer [3]:
[2023-03-29 15:45:05] - Range size 5, answer [32]:
[2023-03-29 15:45:05] - Range size 9, answer [35]:
[2023-03-29 15:45:05] - Mechanism: gives answer: 
None
[2023-03-29 15:45:05] - Mean Square Error of ground truth and golden standard: 0.23529411764705882
[2023-03-29 15:45:05] - Mean Square Error of ground truth and mechanism: 19.0
[2023-03-29 15:45:05] - Mean Square Error of golden standard and mechanism: 19.58823529411765
[2023-03-29 15:45:05] - Measurement3: golden_standard and mechanism
0.0
[2023-03-29 15:45:05] - ++++++++ Testing on node 4 Finished ++++++++
[2023-03-29 15:45:05] - ++++++++ Testing on node 5 Started ++++++++
[2023-03-29 15:45:05] - At node with index 5, we implement queries on cliques dict_keys(['workclass']):
[2023-03-29 15:45:06] - -------- New Mechanism: Testing on 5, node 4 is accessed --------
[2023-03-29 15:45:06] - -------- New Mechanism answer node query on node 4 finished --------
[2023-03-29 15:45:06] - -------- New Mechanism: Testing on 5, node 5 is accessed --------
[2023-03-29 15:45:07] - -------- New Mechanism answer node query on node 5 finished --------
[2023-03-29 15:45:07] - The testing is implemented at workclass
[2023-03-29 15:45:07] - Range size 1, answer [35  3  0  5  2  2  0  0  2]:
[2023-03-29 15:45:07] - Range size 2, answer [38  7  2  2]:
[2023-03-29 15:45:07] - Range size 3, answer [38]:
[2023-03-29 15:45:07] - Range size 4, answer [4]:
[2023-03-29 15:45:07] - Range size 5, answer [45]:
[2023-03-29 15:45:07] - Range size 9, answer [49]:
[2023-03-29 15:45:07] - Ground truth: gives answer: 
None
[2023-03-29 15:45:07] - Range size 1, answer [35  3  0  5  1  2  0  2  2]:
[2023-03-29 15:45:07] - Range size 2, answer [38  6  2  4]:
[2023-03-29 15:45:07] - Range size 3, answer [38]:
[2023-03-29 15:45:07] - Range size 4, answer [6]:
[2023-03-29 15:45:07] - Range size 5, answer [44]:
[2023-03-29 15:45:07] - Range size 9, answer [50]:
[2023-03-29 15:45:07] - Golden standard: gives answer: 
None
[2023-03-29 15:45:07] - Range size 1, answer [11  3 -1 25  0 -1 12  0  2]:
[2023-03-29 15:45:07] - Range size 2, answer [14 25 11  2]:
[2023-03-29 15:45:07] - Range size 3, answer [13]:
[2023-03-29 15:45:07] - Range size 4, answer [13]:
[2023-03-29 15:45:07] - Range size 5, answer [38]:
[2023-03-29 15:45:07] - Range size 9, answer [51]:
[2023-03-29 15:45:07] - Mechanism: gives answer: 
None
[2023-03-29 15:45:07] - Mean Square Error of ground truth and golden standard: 0.9411764705882353
[2023-03-29 15:45:07] - Mean Square Error of ground truth and mechanism: 169.05882352941177
[2023-03-29 15:45:07] - Mean Square Error of golden standard and mechanism: 168.7058823529412
[2023-03-29 15:45:07] - Measurement3: golden_standard and mechanism
0.0
[2023-03-29 15:45:07] - ++++++++ Testing on node 5 Finished ++++++++
[2023-03-29 15:45:07] - ++++++++ Testing on node 6 Started ++++++++
[2023-03-29 15:45:07] - At node with index 6, we implement queries on cliques dict_keys(['workclass']):
[2023-03-29 15:45:08] - -------- New Mechanism: Testing on 6, node 4 is accessed --------
[2023-03-29 15:45:08] - -------- New Mechanism answer node query on node 4 finished --------
[2023-03-29 15:45:08] - -------- New Mechanism: Testing on 6, node 6 is accessed --------
[2023-03-29 15:45:09] - -------- New Mechanism answer node query on node 6 finished --------
[2023-03-29 15:45:09] - The testing is implemented at workclass
[2023-03-29 15:45:09] - Range size 1, answer [37  4  1  3  3  2  0  0  2]:
[2023-03-29 15:45:09] - Range size 2, answer [41  6  2  2]:
[2023-03-29 15:45:09] - Range size 3, answer [42]:
[2023-03-29 15:45:09] - Range size 4, answer [4]:
[2023-03-29 15:45:09] - Range size 5, answer [48]:
[2023-03-29 15:45:09] - Range size 9, answer [52]:
[2023-03-29 15:45:09] - Ground truth: gives answer: 
None
[2023-03-29 15:45:09] - Range size 1, answer [38  4  0  3  3  2  1  0  2]:
[2023-03-29 15:45:09] - Range size 2, answer [42  6  3  2]:
[2023-03-29 15:45:09] - Range size 3, answer [42]:
[2023-03-29 15:45:09] - Range size 4, answer [5]:
[2023-03-29 15:45:09] - Range size 5, answer [48]:
[2023-03-29 15:45:09] - Range size 9, answer [53]:
[2023-03-29 15:45:09] - Golden standard: gives answer: 
None
[2023-03-29 15:45:09] - Range size 1, answer [13  6  6 -2 -1 28  0  1  3]:
[2023-03-29 15:45:09] - Range size 2, answer [19 -3 28  4]:
[2023-03-29 15:45:09] - Range size 3, answer [25]:
[2023-03-29 15:45:09] - Range size 4, answer [32]:
[2023-03-29 15:45:09] - Range size 5, answer [22]:
[2023-03-29 15:45:09] - Range size 9, answer [54]:
[2023-03-29 15:45:09] - Mechanism: gives answer: 
None
[2023-03-29 15:45:09] - Mean Square Error of ground truth and golden standard: 0.4117647058823529
[2023-03-29 15:45:09] - Mean Square Error of ground truth and mechanism: 254.23529411764707
[2023-03-29 15:45:09] - Mean Square Error of golden standard and mechanism: 254.05882352941177
[2023-03-29 15:45:09] - Measurement3: golden_standard and mechanism
0.0
[2023-03-29 15:45:09] - ++++++++ Testing on node 6 Finished ++++++++
[2023-03-29 15:45:09] - ++++++++ Testing on node 7 Started ++++++++
[2023-03-29 15:45:09] - At node with index 7, we implement queries on cliques dict_keys(['workclass']):
[2023-03-29 15:45:10] - -------- New Mechanism: Testing on 7, node 4 is accessed --------
[2023-03-29 15:45:11] - -------- New Mechanism answer node query on node 4 finished --------
[2023-03-29 15:45:11] - -------- New Mechanism: Testing on 7, node 6 is accessed --------
[2023-03-29 15:45:12] - -------- New Mechanism answer node query on node 6 finished --------
[2023-03-29 15:45:12] - -------- New Mechanism: Testing on 7, node 7 is accessed --------
[2023-03-29 15:45:12] - -------- New Mechanism answer node query on node 7 finished --------
[2023-03-29 15:45:12] - The testing is implemented at workclass
[2023-03-29 15:45:12] - Range size 1, answer [22  2  0  2  3  0  0  0  1]:
[2023-03-29 15:45:12] - Range size 2, answer [24  5  0  1]:
[2023-03-29 15:45:12] - Range size 3, answer [24]:
[2023-03-29 15:45:12] - Range size 4, answer [1]:
[2023-03-29 15:45:12] - Range size 5, answer [29]:
[2023-03-29 15:45:12] - Range size 9, answer [30]:
[2023-03-29 15:45:12] - Ground truth: gives answer: 
None
[2023-03-29 15:45:12] - Range size 1, answer [23  2  0  2  3  0  0  0  1]:
[2023-03-29 15:45:12] - Range size 2, answer [25  5  0  1]:
[2023-03-29 15:45:12] - Range size 3, answer [25]:
[2023-03-29 15:45:12] - Range size 4, answer [1]:
[2023-03-29 15:45:12] - Range size 5, answer [30]:
[2023-03-29 15:45:12] - Range size 9, answer [31]:
[2023-03-29 15:45:12] - Golden standard: gives answer: 
None
[2023-03-29 15:45:12] - Range size 1, answer [ 9 -2 -2 27 -1  2  0  3 -3]:
[2023-03-29 15:45:12] - Range size 2, answer [ 7 26  2  0]:
[2023-03-29 15:45:12] - Range size 3, answer [5]:
[2023-03-29 15:45:12] - Range size 4, answer [2]:
[2023-03-29 15:45:12] - Range size 5, answer [31]:
[2023-03-29 15:45:12] - Range size 9, answer [33]:
[2023-03-29 15:45:12] - Mechanism: gives answer: 
None
[2023-03-29 15:45:12] - Mean Square Error of ground truth and golden standard: 0.29411764705882354
[2023-03-29 15:45:12] - Mean Square Error of ground truth and mechanism: 115.82352941176471
[2023-03-29 15:45:12] - Mean Square Error of golden standard and mechanism: 121.29411764705883
[2023-03-29 15:45:12] - Measurement3: golden_standard and mechanism
0.0
[2023-03-29 15:45:12] - ++++++++ Testing on node 7 Finished ++++++++
[2023-03-29 15:45:12] - ******** Testing Finished ********
[2023-03-29 15:45:12] - ******** Drawing Figure start ********
[2023-03-29 15:45:12] - ******** Drawing Figure finish ********
