[2023-03-29 15:45:23] - Arguments: Namespace(beta=0.05, data_size=100, dataset_path='./data/adult.csv', delta=0.1, domain_path='./data/adult-domain.json', epsilon=5.0, iteration=50, sparse_ratio=10)
[2023-03-29 15:45:23] - ******** Initialization ********
[2023-03-29 15:45:23] - Data sparsification complete
[2023-03-29 15:45:23] - Data information: {'age': 85, 'workclass': 9, 'fnlwgt': 100, 'education-num': 16, 'marital-status': 7, 'occupation': 15, 'relationship': 6, 'race': 5, 'sex': 2, 'capital-gain': 100, 'capital-loss': 100, 'hours-per-week': 99, 'native-country': 42, 'income>50K': 2}
[2023-03-29 15:45:23] - ******** Create Dynamic Tree ********
[2023-03-29 15:45:23] - The dynamic interval tree consists of nodes: [
-------- Node index: 1 --------
height: 0, sj: 2, 
right_ancestor_index: 2, left_ancestor_index: None, right_child: None, left_child: None, 
df size: 2, delete_df size: 0
-----------------------------------, 
-------- Node index: 2 --------
height: 1, sj: 4, 
right_ancestor_index: 4, left_ancestor_index: None, right_child: 3, left_child: 1, 
df size: 4, delete_df size: 0
-----------------------------------, 
-------- Node index: 3 --------
height: 0, sj: 16, 
right_ancestor_index: None, left_ancestor_index: 2, right_child: None, left_child: None, 
df size: 11, delete_df size: 1
-----------------------------------, 
-------- Node index: 4 --------
height: 2, sj: 42, 
right_ancestor_index: 8, left_ancestor_index: None, right_child: 6, left_child: 2, 
df size: 34, delete_df size: 3
-----------------------------------, 
-------- Node index: 5 --------
height: 0, sj: 76, 
right_ancestor_index: 6, left_ancestor_index: None, right_child: None, left_child: None, 
df size: 21, delete_df size: 8
-----------------------------------, 
-------- Node index: 6 --------
height: 1, sj: 117, 
right_ancestor_index: None, left_ancestor_index: 4, right_child: 7, left_child: 5, 
df size: 35, delete_df size: 19
-----------------------------------, 
-------- Node index: 7 --------
height: 0, sj: 167, 
right_ancestor_index: None, left_ancestor_index: 6, right_child: None, left_child: None, 
df size: 6, delete_df size: 39
-----------------------------------, 
-------- Node index: 8 --------
height: 3, sj: 199, 
right_ancestor_index: 16, left_ancestor_index: None, right_child: 12, left_child: 4, 
df size: 0, delete_df size: 30
-----------------------------------]
[2023-03-29 15:45:23] - Infinite Private Partitioning: s0: 0, j: 8, T: 27889, beta: 5.737741753080488e-13, C: 54.76194542588547, epsilon: 5.0, 
 segment: [0, 2, 4, 16, 42, 76, 117, 167, 199]
[2023-03-29 15:45:23] - ******** Testing Started ********
[2023-03-29 15:45:23] - ++++++++ Testing on node 1 Started ++++++++
[2023-03-29 15:45:23] - At node with index 1, we implement queries on cliques dict_keys(['sex', 'age', 'workclass']):
[2023-03-29 15:45:24] - -------- New Mechanism: Testing on 1, node 1 is accessed --------
[2023-03-29 15:45:25] - -------- New Mechanism answer node query on node 1 finished --------
[2023-03-29 15:45:25] - The testing is implemented at sex
[2023-03-29 15:45:25] - Range size 1, answer [1 1]:
[2023-03-29 15:45:25] - Range size 2, answer [2]:
[2023-03-29 15:45:25] - Ground truth: gives answer: 
None
[2023-03-29 15:45:25] - Range size 1, answer [1 2]:
[2023-03-29 15:45:25] - Range size 2, answer [3]:
[2023-03-29 15:45:25] - Golden standard: gives answer: 
None
[2023-03-29 15:45:25] - Range size 1, answer [1 2]:
[2023-03-29 15:45:25] - Range size 2, answer [3]:
[2023-03-29 15:45:25] - Mechanism: gives answer: 
None
[2023-03-29 15:45:25] - Mean Square Error of ground truth and golden standard: 0.6666666666666666
[2023-03-29 15:45:25] - Mean Square Error of ground truth and mechanism: 0.6666666666666666
[2023-03-29 15:45:25] - Mean Square Error of golden standard and mechanism: 0.0
[2023-03-29 15:45:25] - Measurement3: golden_standard and mechanism
0.0
[2023-03-29 15:45:26] - -------- New Mechanism: Testing on 1, node 1 is accessed --------
[2023-03-29 15:45:27] - -------- New Mechanism answer node query on node 1 finished --------
