[2023-04-09 02:02:57] - Arguments: Namespace(beta=0.05, data_size=100, dataset_path='./data/adult.csv', delta=0.1, domain_path='./data/adult-domain.json', epsilon=100.0, iteration=50, sparse_ratio=10)
[2023-04-09 02:02:57] - ******** Initialization ********
[2023-04-09 02:02:57] - Data sparsification complete
[2023-04-09 02:02:57] - Data information: {'age': 85, 'workclass': 9, 'fnlwgt': 100, 'education-num': 16, 'marital-status': 7, 'occupation': 15, 'relationship': 6, 'race': 5, 'sex': 2, 'capital-gain': 100, 'capital-loss': 100, 'hours-per-week': 99, 'native-country': 42, 'income>50K': 2}
[2023-04-09 02:02:57] - ******** Create Dynamic Tree ********
[2023-04-09 02:02:58] - The dynamic interval tree consists of nodes: [
-------- Node index: 1 --------
height: 0, sj: 2, 
right_ancestor_index: 2, left_ancestor_index: None, right_child: None, left_child: None, 
df size: 2, delete_df size: 0
-----------------------------------, 
-------- Node index: 2 --------
height: 1, sj: 4, 
right_ancestor_index: 4, left_ancestor_index: None, right_child: 3, left_child: 1, 
df size: 4, delete_df size: 0
-----------------------------------, 
-------- Node index: 3 --------
height: 0, sj: 6, 
right_ancestor_index: None, left_ancestor_index: 2, right_child: None, left_child: None, 
df size: 2, delete_df size: 0
-----------------------------------, 
-------- Node index: 4 --------
height: 2, sj: 9, 
right_ancestor_index: 8, left_ancestor_index: None, right_child: 6, left_child: 2, 
df size: 9, delete_df size: 0
-----------------------------------, 
-------- Node index: 5 --------
height: 0, sj: 12, 
right_ancestor_index: 6, left_ancestor_index: None, right_child: None, left_child: None, 
df size: 3, delete_df size: 0
-----------------------------------, 
-------- Node index: 6 --------
height: 1, sj: 15, 
right_ancestor_index: None, left_ancestor_index: 4, right_child: 7, left_child: 5, 
df size: 6, delete_df size: 0
-----------------------------------, 
-------- Node index: 7 --------
height: 0, sj: 19, 
right_ancestor_index: None, left_ancestor_index: 6, right_child: None, left_child: None, 
df size: 4, delete_df size: 0
-----------------------------------, 
-------- Node index: 8 --------
height: 3, sj: 23, 
right_ancestor_index: 16, left_ancestor_index: None, right_child: 12, left_child: 4, 
df size: 23, delete_df size: 0
-----------------------------------, 
-------- Node index: 9 --------
height: 0, sj: 27, 
right_ancestor_index: 10, left_ancestor_index: None, right_child: None, left_child: None, 
df size: 4, delete_df size: 0
-----------------------------------, 
-------- Node index: 10 --------
height: 1, sj: 32, 
right_ancestor_index: 12, left_ancestor_index: None, right_child: 11, left_child: 9, 
df size: 7, delete_df size: 2
-----------------------------------, 
-------- Node index: 11 --------
height: 0, sj: 37, 
right_ancestor_index: None, left_ancestor_index: 10, right_child: None, left_child: None, 
df size: 4, delete_df size: 1
-----------------------------------, 
-------- Node index: 12 --------
height: 2, sj: 43, 
right_ancestor_index: None, left_ancestor_index: 8, right_child: 14, left_child: 10, 
df size: 17, delete_df size: 0
-----------------------------------, 
-------- Node index: 13 --------
height: 0, sj: 49, 
right_ancestor_index: 14, left_ancestor_index: None, right_child: None, left_child: None, 
df size: 6, delete_df size: 0
-----------------------------------, 
-------- Node index: 14 --------
height: 1, sj: 55, 
right_ancestor_index: None, left_ancestor_index: 12, right_child: 15, left_child: 13, 
df size: 11, delete_df size: 1
-----------------------------------, 
-------- Node index: 15 --------
height: 0, sj: 62, 
right_ancestor_index: None, left_ancestor_index: 14, right_child: None, left_child: None, 
df size: 2, delete_df size: 5
-----------------------------------, 
-------- Node index: 16 --------
height: 4, sj: 69, 
right_ancestor_index: 32, left_ancestor_index: None, right_child: 24, left_child: 8, 
df size: 47, delete_df size: 2
-----------------------------------, 
-------- Node index: 17 --------
height: 0, sj: 77, 
right_ancestor_index: 18, left_ancestor_index: None, right_child: None, left_child: None, 
df size: 4, delete_df size: 4
-----------------------------------, 
-------- Node index: 18 --------
height: 1, sj: 85, 
right_ancestor_index: 20, left_ancestor_index: None, right_child: 19, left_child: 17, 
df size: 8, delete_df size: 4
-----------------------------------, 
-------- Node index: 19 --------
height: 0, sj: 94, 
right_ancestor_index: None, left_ancestor_index: 18, right_child: None, left_child: None, 
df size: 5, delete_df size: 4
-----------------------------------, 
-------- Node index: 20 --------
height: 2, sj: 103, 
right_ancestor_index: 24, left_ancestor_index: None, right_child: 22, left_child: 18, 
df size: 17, delete_df size: 3
-----------------------------------, 
-------- Node index: 21 --------
height: 0, sj: 112, 
right_ancestor_index: 22, left_ancestor_index: None, right_child: None, left_child: None, 
df size: 5, delete_df size: 4
-----------------------------------, 
-------- Node index: 22 --------
height: 1, sj: 122, 
right_ancestor_index: None, left_ancestor_index: 20, right_child: 23, left_child: 21, 
df size: 8, delete_df size: 6
-----------------------------------, 
-------- Node index: 23 --------
height: 0, sj: 133, 
right_ancestor_index: None, left_ancestor_index: 22, right_child: None, left_child: None, 
df size: 3, delete_df size: 8
-----------------------------------, 
-------- Node index: 24 --------
height: 3, sj: 144, 
right_ancestor_index: None, left_ancestor_index: 16, right_child: 28, left_child: 20, 
df size: 24, delete_df size: 6
-----------------------------------, 
-------- Node index: 25 --------
height: 0, sj: 155, 
right_ancestor_index: 26, left_ancestor_index: None, right_child: None, left_child: None, 
df size: 2, delete_df size: 9
-----------------------------------, 
-------- Node index: 26 --------
height: 1, sj: 167, 
right_ancestor_index: 28, left_ancestor_index: None, right_child: 27, left_child: 25, 
df size: 1, delete_df size: 11
-----------------------------------, 
-------- Node index: 27 --------
height: 0, sj: 179, 
right_ancestor_index: None, left_ancestor_index: 26, right_child: None, left_child: None, 
df size: 1, delete_df size: 10
-----------------------------------, 
-------- Node index: 28 --------
height: 2, sj: 192, 
right_ancestor_index: None, left_ancestor_index: 24, right_child: 30, left_child: 26, 
df size: 2, delete_df size: 12
-----------------------------------, 
-------- Node index: 29 --------
height: 0, sj: 199, 
right_ancestor_index: 30, left_ancestor_index: None, right_child: None, left_child: None, 
df size: 0, delete_df size: 8
-----------------------------------]
[2023-04-09 02:02:58] - Infinite Private Partitioning: s0: 0, j: 29, T: 36864, beta: 3.4481488783380186e-70, C: 11.980587983290997, epsilon: 100.0, 
 segment: [0, 2, 4, 6, 9, 12, 15, 19, 23, 27, 32, 37, 43, 49, 55, 62, 69, 77, 85, 94, 103, 112, 122, 133, 144, 155, 167, 179, 192, 199]
[2023-04-09 02:02:58] - ******** Testing Started ********
[2023-04-09 02:02:58] - ++++++++ Testing on node 1 Started ++++++++
[2023-04-09 02:02:58] - At node with index 1, we implement queries on cliques dict_keys(['marital-status', 'age']):
[2023-04-09 02:02:59] - -------- New Mechanism: Testing on 1, node 1 is accessed --------
[2023-04-09 02:03:00] - -------- New Mechanism answer node query on node 1 finished --------
[2023-04-09 02:03:00] - The testing is implemented at marital-status
[2023-04-09 02:03:00] - output_answer:[1 0 1 0 0 0 0 1 1 0 0 2 2]
[2023-04-09 02:03:00] - query_instance.length_size[member]:{1: 7, 2: 10, 3: 11, 4: 12, 7: 13}
