[2023-03-29 15:49:22] - Arguments: Namespace(beta=0.05, data_size=100, dataset_path='./data/adult.csv', delta=0.1, domain_path='./data/adult-domain.json', epsilon=5.0, iteration=50, sparse_ratio=10)
[2023-03-29 15:49:22] - ******** Initialization ********
[2023-03-29 15:49:22] - Data sparsification complete
[2023-03-29 15:49:22] - Data information: {'age': 85, 'workclass': 9, 'fnlwgt': 100, 'education-num': 16, 'marital-status': 7, 'occupation': 15, 'relationship': 6, 'race': 5, 'sex': 2, 'capital-gain': 100, 'capital-loss': 100, 'hours-per-week': 99, 'native-country': 42, 'income>50K': 2}
[2023-03-29 15:49:22] - ******** Create Dynamic Tree ********
[2023-03-29 15:49:23] - The dynamic interval tree consists of nodes: [
-------- Node index: 1 --------
height: 0, sj: 2, 
right_ancestor_index: 2, left_ancestor_index: None, right_child: None, left_child: None, 
df size: 2, delete_df size: 0
-----------------------------------, 
-------- Node index: 2 --------
height: 1, sj: 4, 
right_ancestor_index: 4, left_ancestor_index: None, right_child: 3, left_child: 1, 
df size: 4, delete_df size: 0
-----------------------------------, 
-------- Node index: 3 --------
height: 0, sj: 16, 
right_ancestor_index: None, left_ancestor_index: 2, right_child: None, left_child: None, 
df size: 12, delete_df size: 0
-----------------------------------, 
-------- Node index: 4 --------
height: 2, sj: 43, 
right_ancestor_index: 8, left_ancestor_index: None, right_child: 6, left_child: 2, 
df size: 31, delete_df size: 6
-----------------------------------, 
-------- Node index: 5 --------
height: 0, sj: 77, 
right_ancestor_index: 6, left_ancestor_index: None, right_child: None, left_child: None, 
df size: 18, delete_df size: 12
-----------------------------------, 
-------- Node index: 6 --------
height: 1, sj: 118, 
right_ancestor_index: None, left_ancestor_index: 4, right_child: 7, left_child: 5, 
df size: 26, delete_df size: 20
-----------------------------------, 
-------- Node index: 7 --------
height: 0, sj: 167, 
right_ancestor_index: None, left_ancestor_index: 6, right_child: None, left_child: None, 
df size: 12, delete_df size: 31
-----------------------------------, 
-------- Node index: 8 --------
height: 3, sj: 199, 
right_ancestor_index: 16, left_ancestor_index: None, right_child: 12, left_child: 4, 
df size: 0, delete_df size: 31
-----------------------------------]
[2023-03-29 15:49:23] - Infinite Private Partitioning: s0: 0, j: 8, T: 27889, beta: 5.737741753080488e-13, C: 54.76194542588547, epsilon: 5.0, 
 segment: [0, 2, 4, 16, 43, 77, 118, 167, 199]
[2023-03-29 15:49:23] - ******** Testing Started ********
[2023-03-29 15:49:23] - ++++++++ Testing on node 1 Started ++++++++
[2023-03-29 15:49:23] - At node with index 1, we implement queries on cliques dict_keys(['hours-per-week']):
[2023-03-29 15:49:25] - -------- New Mechanism: Testing on 1, node 1 is accessed --------
[2023-03-29 15:49:25] - -------- New Mechanism answer node query on node 1 finished --------
[2023-03-29 15:49:25] - The testing is implemented at hours-per-week
[2023-03-29 15:49:25] - Range size 1, answer [0 0 0 0 0 0 0 0 0 0 0 0 0 0 0 0 0 0 0 1 0 0 0 0 0 0 0 0 0 0 0 0 0 0 0 0 0
 0 0 1 0 0 0 0 0 0 0 0 0 0 0 0 0 0 0 0 0 0 0 0 0 0 0 0 0 0 0 0 0 0 0 0 0 0
 0 0 0 0 0 0 0 0 0 0 0 0 0 0 0 0 0 0 0 0 0 0 0 0 0]:
[2023-03-29 15:49:25] - Range size 2, answer [0 0 0 0 0 0 0 1 0 0 0 0 0 0 1 0 0 0 0 0 0 0 0 0 0 0 0 0 0 0 0 0 0 0 0]:
[2023-03-29 15:49:25] - Range size 3, answer [0 0 0 0 0 1 0 0 0 0 1 0 0 0 0 0 0 0 0 0 0 0 0 0 0 0 0 0 0]:
[2023-03-29 15:49:25] - Range size 4, answer [0 0 0]:
[2023-03-29 15:49:25] - Range size 6, answer [0 0 1 0 1 0 0 0 0 0 0 0 0]:
[2023-03-29 15:49:25] - Range size 7, answer [0 0 0]:
[2023-03-29 15:49:25] - Range size 12, answer [1 1 0 0 0]:
[2023-03-29 15:49:25] - Range size 13, answer [0 0 0]:
[2023-03-29 15:49:25] - Range size 24, answer [0]:
[2023-03-29 15:49:25] - Range size 25, answer [1 1 0]:
[2023-03-29 15:49:25] - Range size 49, answer [0]:
[2023-03-29 15:49:25] - Range size 50, answer [2]:
[2023-03-29 15:49:25] - Range size 99, answer [2]:
[2023-03-29 15:49:25] - Ground truth: gives answer: 
None
[2023-03-29 15:49:25] - Range size 1, answer [0 0 0 0 0 0 0 0 0 0 0 0 0 0 0 0 0 0 0 1 0 0 0 0 1 0 0 0 0 0 0 0 0 0 0 0 0
 0 0 1 0 0 0 0 0 0 0 0 0 0 0 0 0 0 0 0 0 0 0 0 0 0 0 0 0 0 0 0 0 0 0 0 0 0
 0 0 0 0 0 0 0 0 0 0 0 0 0 0 0 0 0 0 0 0 0 0 0 0 0]:
[2023-03-29 15:49:25] - Range size 2, answer [0 0 0 0 0 0 0 1 0 0 0 0 0 0 1 0 0 0 0 0 0 0 0 0 0 0 0 0 0 0 0 0 0 0 0]:
[2023-03-29 15:49:25] - Range size 3, answer [0 0 0 0 0 1 1 0 0 0 1 0 0 0 0 0 0 0 0 0 0 0 0 0 0 0 0 0 0]:
[2023-03-29 15:49:25] - Range size 4, answer [0 0 0]:
[2023-03-29 15:49:25] - Range size 6, answer [0 0 2 0 1 0 0 0 0 0 0 0 0]:
[2023-03-29 15:49:25] - Range size 7, answer [0 0 0]:
[2023-03-29 15:49:25] - Range size 12, answer [2 1 0 0 0]:
[2023-03-29 15:49:25] - Range size 13, answer [0 0 0]:
[2023-03-29 15:49:25] - Range size 24, answer [0]:
[2023-03-29 15:49:25] - Range size 25, answer [2 1 0]:
[2023-03-29 15:49:25] - Range size 49, answer [0]:
[2023-03-29 15:49:25] - Range size 50, answer [3]:
[2023-03-29 15:49:25] - Range size 99, answer [3]:
[2023-03-29 15:49:25] - Golden standard: gives answer: 
None
[2023-03-29 15:49:25] - Range size 1, answer [0 0 0 0 0 0 0 0 0 0 0 0 0 0 0 0 0 0 0 0 0 0 0 0 0 0 0 0 0 0 0 0 0 0 0 0 0
 0 0 0 0 0 0 0 0 0 0 0 0 0 0 0 0 0 0 0 0 0 0 0 1 0 0 0 0 0 0 0 0 0 0 0 0 0
 0 0 0 0 0 1 0 0 0 0 0 0 0 0 0 1 0 0 0 0 0 0 0 0 0]:
[2023-03-29 15:49:25] - Range size 2, answer [0 0 0 0 0 0 0 0 0 0 0 0 0 0 0 0 0 0 0 0 0 0 1 0 0 0 0 0 1 0 0 0 0 0 0]:
[2023-03-29 15:49:25] - Range size 3, answer [0 0 0 0 0 0 0 0 0 0 0 0 0 0 0 0 1 0 0 0 0 0 1 0 0 1 0 0 0]:
[2023-03-29 15:49:25] - Range size 4, answer [0 0 0]:
[2023-03-29 15:49:25] - Range size 6, answer [0 0 0 0 0 0 1 0 0 1 0 1 0]:
[2023-03-29 15:49:25] - Range size 7, answer [0 0 0]:
[2023-03-29 15:49:25] - Range size 12, answer [0 0 0 1 1]:
[2023-03-29 15:49:25] - Range size 13, answer [0 0 1]:
[2023-03-29 15:49:25] - Range size 24, answer [2]:
[2023-03-29 15:49:25] - Range size 25, answer [0 0 1]:
[2023-03-29 15:49:25] - Range size 49, answer [3]:
[2023-03-29 15:49:25] - Range size 50, answer [0]:
[2023-03-29 15:49:25] - Range size 99, answer [3]:
[2023-03-29 15:49:25] - Mechanism: gives answer: 
None
[2023-03-29 15:49:25] - Mean Square Error of ground truth and golden standard: 0.03553299492385787
[2023-03-29 15:49:25] - Mean Square Error of ground truth and mechanism: 0.22842639593908629
[2023-03-29 15:49:25] - Mean Square Error of golden standard and mechanism: 0.30456852791878175
[2023-03-29 15:49:25] - Measurement3: golden_standard and mechanism
0.0
[2023-03-29 15:49:25] - ++++++++ Testing on node 1 Finished ++++++++
[2023-03-29 15:49:25] - ++++++++ Testing on node 2 Started ++++++++
[2023-03-29 15:49:25] - At node with index 2, we implement queries on cliques dict_keys(['hours-per-week']):
[2023-03-29 15:49:27] - -------- New Mechanism: Testing on 2, node 2 is accessed --------
[2023-03-29 15:49:28] - -------- New Mechanism answer node query on node 2 finished --------
[2023-03-29 15:49:28] - The testing is implemented at hours-per-week
[2023-03-29 15:49:28] - Range size 1, answer [0 0 0 0 0 0 0 0 0 0 0 0 1 0 0 0 0 0 0 1 0 0 0 0 0 0 0 0 0 0 0 0 0 0 0 0 0
 0 0 1 0 0 0 0 0 0 0 0 0 0 0 1 0 0 0 0 0 0 0 0 0 0 0 0 0 0 0 0 0 0 0 0 0 0
 0 0 0 0 0 0 0 0 0 0 0 0 0 0 0 0 0 0 0 0 0 0 0 0 0]:
[2023-03-29 15:49:28] - Range size 2, answer [0 0 0 0 0 0 0 1 0 0 0 0 0 0 1 0 0 0 1 0 0 0 0 0 0 0 0 0 0 0 0 0 0 0 0]:
[2023-03-29 15:49:28] - Range size 3, answer [0 0 1 0 0 1 0 0 0 0 1 0 0 0 0 0 0 0 0 0 0 0 0 0 0 0 0 0 0]:
[2023-03-29 15:49:28] - Range size 4, answer [0 0 1]:
[2023-03-29 15:49:28] - Range size 6, answer [1 0 1 0 1 0 0 0 0 0 0 0 0]:
[2023-03-29 15:49:28] - Range size 7, answer [0 0 1]:
[2023-03-29 15:49:28] - Range size 12, answer [1 1 0 0 0]:
[2023-03-29 15:49:28] - Range size 13, answer [1 0 1]:
[2023-03-29 15:49:28] - Range size 24, answer [0]:
[2023-03-29 15:49:28] - Range size 25, answer [2 1 1]:
[2023-03-29 15:49:28] - Range size 49, answer [1]:
[2023-03-29 15:49:28] - Range size 50, answer [3]:
[2023-03-29 15:49:28] - Range size 99, answer [4]:
[2023-03-29 15:49:28] - Ground truth: gives answer: 
None
[2023-03-29 15:49:28] - Range size 1, answer [0 0 0 0 0 0 0 0 0 0 0 0 0 0 0 0 0 0 0 1 0 0 0 0 0 0 0 0 1 0 0 0 0 0 0 0 0
 0 0 1 0 0 0 0 0 0 0 0 0 0 0 1 0 0 0 0 1 0 0 0 0 0 0 0 0 0 0 0 0 0 0 0 0 0
 0 0 0 0 0 0 0 0 0 0 0 0 0 0 0 0 0 0 0 0 0 0 0 0 0]:
[2023-03-29 15:49:28] - Range size 2, answer [0 0 0 0 0 0 0 1 0 0 1 0 0 0 1 0 0 0 1 0 0 0 0 0 0 0 0 0 0 0 0 0 0 0 0]:
[2023-03-29 15:49:28] - Range size 3, answer [0 0 0 0 0 1 0 0 0 0 1 0 0 0 1 0 0 0 0 0 0 0 0 0 0 0 0 0 0]:
[2023-03-29 15:49:28] - Range size 4, answer [0 1 1]:
[2023-03-29 15:49:28] - Range size 6, answer [0 0 1 0 1 0 0 0 0 0 0 0 0]:
[2023-03-29 15:49:28] - Range size 7, answer [0 1 2]:
[2023-03-29 15:49:28] - Range size 12, answer [1 1 0 0 0]:
[2023-03-29 15:49:28] - Range size 13, answer [0 1 2]:
[2023-03-29 15:49:28] - Range size 24, answer [0]:
[2023-03-29 15:49:28] - Range size 25, answer [1 2 2]:
[2023-03-29 15:49:28] - Range size 49, answer [2]:
[2023-03-29 15:49:28] - Range size 50, answer [3]:
[2023-03-29 15:49:28] - Range size 99, answer [5]:
[2023-03-29 15:49:28] - Golden standard: gives answer: 
None
[2023-03-29 15:49:28] - Range size 1, answer [0 0 0 0 0 0 1 0 0 0 0 0 0 0 0 0 0 0 0 0 0 0 0 0 0 0 0 0 0 0 0 0 0 0 0 0 0
 0 0 0 0 0 0 0 0 0 0 0 0 0 0 0 0 0 0 0 0 0 0 0 0 0 0 0 0 0 0 0 0 0 0 0 0 0
 0 0 0 0 0 0 0 0 0 0 0 0 0 1 0 0 0 0 0 0 0 0 0 0 3]:
[2023-03-29 15:49:28] - Range size 2, answer [0 0 0 0 0 0 0 0 0 0 0 0 0 0 0 0 0 0 0 0 0 0 0 0 0 0 0 0 0 0 0 1 0 0 0]:
[2023-03-29 15:49:28] - Range size 3, answer [1 0 0 0 0 0 0 0 0 0 0 0 0 0 0 0 0 0 0 0 0 0 0 0 0 1 0 0 3]:
[2023-03-29 15:49:28] - Range size 4, answer [0 0 0]:
[2023-03-29 15:49:28] - Range size 6, answer [0 0 0 0 0 0 0 0 0 0 0 1 3]:
[2023-03-29 15:49:28] - Range size 7, answer [1 0 0]:
[2023-03-29 15:49:28] - Range size 12, answer [0 0 0 0 4]:
[2023-03-29 15:49:28] - Range size 13, answer [1 0 0]:
[2023-03-29 15:49:28] - Range size 24, answer [4]:
[2023-03-29 15:49:28] - Range size 25, answer [1 0 0]:
[2023-03-29 15:49:28] - Range size 49, answer [4]:
[2023-03-29 15:49:28] - Range size 50, answer [1]:
[2023-03-29 15:49:28] - Range size 99, answer [5]:
[2023-03-29 15:49:28] - Mechanism: gives answer: 
None
[2023-03-29 15:49:28] - Mean Square Error of ground truth and golden standard: 0.09137055837563451
[2023-03-29 15:49:28] - Mean Square Error of ground truth and mechanism: 0.5126903553299492
[2023-03-29 15:49:28] - Mean Square Error of golden standard and mechanism: 0.5634517766497462
[2023-03-29 15:49:28] - Measurement3: golden_standard and mechanism
0.0
[2023-03-29 15:49:28] - ++++++++ Testing on node 2 Finished ++++++++
[2023-03-29 15:49:28] - ++++++++ Testing on node 3 Started ++++++++
[2023-03-29 15:49:28] - At node with index 3, we implement queries on cliques dict_keys(['hours-per-week']):
[2023-03-29 15:49:29] - -------- New Mechanism: Testing on 3, node 2 is accessed --------
[2023-03-29 15:49:30] - -------- New Mechanism answer node query on node 2 finished --------
[2023-03-29 15:49:30] - -------- New Mechanism: Testing on 3, node 3 is accessed --------
[2023-03-29 15:49:31] - -------- New Mechanism answer node query on node 3 finished --------
[2023-03-29 15:49:31] - The testing is implemented at hours-per-week
[2023-03-29 15:49:31] - Range size 1, answer [0 0 0 0 0 0 0 0 0 0 0 0 1 0 0 0 0 0 0 1 0 0 0 0 1 0 0 0 0 1 0 0 0 0 3 0 0
 1 0 5 0 0 0 0 0 0 0 0 0 0 0 1 0 0 0 0 0 0 0 1 0 0 0 0 0 0 0 0 0 1 0 0 0 0
 0 0 0 0 0 0 0 0 0 0 0 0 0 0 0 0 0 0 0 0 0 0 0 0 0]:
[2023-03-29 15:49:31] - Range size 2, answer [0 0 0 0 0 0 0 1 0 0 0 1 0 0 5 0 0 0 1 0 0 0 0 0 0 1 0 0 0 0 0 0 0 0 0]:
[2023-03-29 15:49:31] - Range size 3, answer [0 0 1 0 0 1 1 1 3 1 5 0 0 0 0 1 0 0 0 1 0 0 0 0 0 0 0 0 0]:
[2023-03-29 15:49:31] - Range size 4, answer [0 0 1]:
[2023-03-29 15:49:31] - Range size 6, answer [1 0 2 4 5 0 1 0 1 0 0 0 0]:
[2023-03-29 15:49:31] - Range size 7, answer [0 1 1]:
[2023-03-29 15:49:31] - Range size 12, answer [2 5 1 0 0]:
[2023-03-29 15:49:31] - Range size 13, answer [1 5 2]:
[2023-03-29 15:49:31] - Range size 24, answer [0]:
[2023-03-29 15:49:31] - Range size 25, answer [ 3 10  3]:
[2023-03-29 15:49:31] - Range size 49, answer [3]:
[2023-03-29 15:49:31] - Range size 50, answer [13]:
[2023-03-29 15:49:31] - Range size 99, answer [16]:
[2023-03-29 15:49:31] - Ground truth: gives answer: 
None
[2023-03-29 15:49:31] - Range size 1, answer [0 0 0 0 0 0 0 0 0 0 0 0 1 0 0 0 0 0 0 2 0 0 0 0 2 0 0 0 0 1 0 0 0 0 2 0 0
 0 0 4 0 0 0 1 0 0 0 0 0 0 0 1 0 0 0 0 0 0 0 0 0 0 0 0 1 0 0 0 0 1 0 0 0 0
 0 0 0 0 0 0 0 0 0 0 0 0 0 0 0 0 0 0 0 1 0 0 0 0 0]:
[2023-03-29 15:49:31] - Range size 2, answer [0 0 0 0 0 0 0 2 0 0 0 1 0 0 4 0 0 0 1 0 0 0 0 1 0 1 0 0 0 0 0 0 0 1 0]:
[2023-03-29 15:49:31] - Range size 3, answer [0 0 1 0 0 2 2 1 2 0 4 1 0 0 0 0 0 1 0 1 0 0 0 0 0 0 0 1 0]:
[2023-03-29 15:49:31] - Range size 4, answer [0 0 1]:
[2023-03-29 15:49:31] - Range size 6, answer [1 0 4 2 5 0 0 1 1 0 0 0 1]:
[2023-03-29 15:49:31] - Range size 7, answer [0 1 1]:
[2023-03-29 15:49:31] - Range size 12, answer [4 5 2 0 1]:
[2023-03-29 15:49:31] - Range size 13, answer [1 3 1]:
[2023-03-29 15:49:31] - Range size 24, answer [1]:
[2023-03-29 15:49:31] - Range size 25, answer [5 8 3]:
[2023-03-29 15:49:31] - Range size 49, answer [4]:
[2023-03-29 15:49:31] - Range size 50, answer [13]:
[2023-03-29 15:49:31] - Range size 99, answer [17]:
[2023-03-29 15:49:31] - Golden standard: gives answer: 
None
[2023-03-29 15:49:31] - Range size 1, answer [0 1 0 0 0 0 0 0 0 0 0 0 0 0 0 0 0 0 0 0 0 0 0 0 0 0 0 0 0 0 4 0 0 0 0 0 0
 0 0 3 0 0 0 0 0 0 0 0 0 0 0 0 0 0 0 0 0 0 0 2 0 0 0 0 0 2 0 0 0 0 0 0 0 0
 0 3 1 0 0 0 0 0 0 0 0 0 0 0 0 0 0 0 0 0 0 0 0 1 1]:
[2023-03-29 15:49:31] - Range size 2, answer [1 0 0 0 0 0 0 0 0 0 0 4 0 0 3 0 0 0 0 0 0 0 0 0 0 0 0 4 0 0 0 0 0 0 1]:
[2023-03-29 15:49:31] - Range size 3, answer [0 0 0 0 0 0 0 4 0 0 3 0 0 0 0 2 0 2 0 0 0 4 0 0 0 0 0 0 2]:
[2023-03-29 15:49:31] - Range size 4, answer [1 0 0]:
[2023-03-29 15:49:31] - Range size 6, answer [0 0 0 0 3 0 2 2 0 4 0 0 2]:
[2023-03-29 15:49:31] - Range size 7, answer [1 4 0]:
[2023-03-29 15:49:31] - Range size 12, answer [0 3 2 4 2]:
[2023-03-29 15:49:31] - Range size 13, answer [1 4 2]:
[2023-03-29 15:49:31] - Range size 24, answer [6]:
[2023-03-29 15:49:31] - Range size 25, answer [1 7 4]:
[2023-03-29 15:49:31] - Range size 49, answer [10]:
[2023-03-29 15:49:31] - Range size 50, answer [8]:
[2023-03-29 15:49:31] - Range size 99, answer [18]:
[2023-03-29 15:49:31] - Mechanism: gives answer: 
None
[2023-03-29 15:49:31] - Mean Square Error of ground truth and golden standard: 0.27918781725888325
[2023-03-29 15:49:31] - Mean Square Error of ground truth and mechanism: 1.8375634517766497
[2023-03-29 15:49:31] - Mean Square Error of golden standard and mechanism: 1.7715736040609138
[2023-03-29 15:49:31] - Measurement3: golden_standard and mechanism
0.0
[2023-03-29 15:49:31] - ++++++++ Testing on node 3 Finished ++++++++
[2023-03-29 15:49:31] - ++++++++ Testing on node 4 Started ++++++++
[2023-03-29 15:49:31] - At node with index 4, we implement queries on cliques dict_keys(['hours-per-week']):
[2023-03-29 15:49:32] - -------- New Mechanism: Testing on 4, node 4 is accessed --------
[2023-03-29 15:49:33] - -------- New Mechanism answer node query on node 4 finished --------
[2023-03-29 15:49:33] - The testing is implemented at hours-per-week
[2023-03-29 15:49:33] - Range size 1, answer [ 0  1  0  0  0  0  0  0  0  0  0  0  1  0  0  1  0  0  0  1  0  1  0  0
  1  0  0  0  0  0  0  0  0  0  3  0  0  1  0 12  0  0  0  0  2  0  0  2
  0  2  0  1  0  0  0  0  0  0  0  1  0  0  0  0  0  0  0  0  0  1  0  0
  0  0  0  0  0  0  0  0  0  0  0  0  0  0  0  0  0  0  0  0  0  0  0  0
  0  0  0]:
[2023-03-29 15:49:33] - Range size 2, answer [ 1  0  0  0  0  0  0  1  0  0  0  0  0  0 12  0  2  2  1  0  0  0  0  0
  0  1  0  0  0  0  0  0  0  0  0]:
[2023-03-29 15:49:33] - Range size 3, answer [ 0  0  1  1  0  2  1  0  3  1 12  0  2  4  0  1  0  0  0  1  0  0  0  0
  0  0  0  0  0]:
[2023-03-29 15:49:33] - Range size 4, answer [1 0 1]:
[2023-03-29 15:49:33] - Range size 6, answer [ 1  1  3  4 12  6  1  0  1  0  0  0  0]:
[2023-03-29 15:49:33] - Range size 7, answer [1 0 1]:
[2023-03-29 15:49:33] - Range size 12, answer [ 4 18  1  0  0]:
[2023-03-29 15:49:33] - Range size 13, answer [2 4 2]:
[2023-03-29 15:49:33] - Range size 24, answer [0]:
[2023-03-29 15:49:33] - Range size 25, answer [ 6 22  3]:
[2023-03-29 15:49:33] - Range size 49, answer [3]:
[2023-03-29 15:49:33] - Range size 50, answer [28]:
[2023-03-29 15:49:33] - Range size 99, answer [31]:
[2023-03-29 15:49:33] - Ground truth: gives answer: 
None
[2023-03-29 15:49:33] - Range size 1, answer [ 0  1  0  0  0  0  0  0  0  0  0  0  1  0  0  1  0  0  0  1  0  1  0  0
  1  0  0  0  0  0  0  0  0  0  2  0  0  0  0 11  0  0  0  0  3  0  0  1
  0  3  0  1  0  0  0  0  0  0  0  1  0  0  0  0  0  0  1  0  0  1  0  0
  0  0  0  0  0  0  0  0  0  0  0  0  0  0  0  1  0  1  0  0  0  0  0  0
  0  0  0]:
[2023-03-29 15:49:33] - Range size 2, answer [ 1  0  0  0  0  0  0  1  0  0  0  0  0  0 11  0  3  1  1  0  0  0  0  0
  1  1  0  0  0  0  0  1  0  0  0]:
[2023-03-29 15:49:33] - Range size 3, answer [ 0  0  1  1  0  2  1  0  2  0 11  0  3  4  0  1  0  0  1  1  0  0  0  0
  0  2  0  0  0]:
[2023-03-29 15:49:33] - Range size 4, answer [1 0 1]:
[2023-03-29 15:49:33] - Range size 6, answer [ 1  1  3  2 11  7  1  1  1  0  0  2  0]:
[2023-03-29 15:49:33] - Range size 7, answer [1 0 1]:
[2023-03-29 15:49:33] - Range size 12, answer [ 4 18  2  0  2]:
[2023-03-29 15:49:33] - Range size 13, answer [2 2 2]:
[2023-03-29 15:49:33] - Range size 24, answer [2]:
[2023-03-29 15:49:33] - Range size 25, answer [ 6 20  4]:
[2023-03-29 15:49:33] - Range size 49, answer [6]:
[2023-03-29 15:49:33] - Range size 50, answer [26]:
[2023-03-29 15:49:33] - Range size 99, answer [32]:
[2023-03-29 15:49:33] - Golden standard: gives answer: 
None
[2023-03-29 15:49:33] - Range size 1, answer [ 0  0  0  0  0  0  0  0  1  0  0  0  0  0  0  0  0  0  0  0  0  0  0  4
  0  0  0  0 23  0  0  0  0  0  0  0  0  0  0  2  0  0  0  0  0  0  0  0
  0  0  0  0  0  0  0  0  0  0  0  0  0  0  0  1  0  0  0  0  0  0  0  0
  0  0  0  0  0  0  1  0  0  0  0  0  0  0  0  0  0  0  0  0  0  0  0  0
  0  0  0]:
[2023-03-29 15:49:33] - Range size 2, answer [ 0  0  0  1  0  0  0  0  4  0 23  0  0  0  2  0  0  0  0  0  0  0  0  1
  0  0  0  0  1  0  0  0  0  0  0]:
[2023-03-29 15:49:33] - Range size 3, answer [0 1 0 0 0 0 4 0 0 0 2 0 0 0 0 0 0 1 0 0 0 0 1 0 0 0 0 0 0]:
[2023-03-29 15:49:33] - Range size 4, answer [ 0 23  0]:
[2023-03-29 15:49:33] - Range size 6, answer [1 0 4 0 2 0 0 1 0 1 0 0 0]:
[2023-03-29 15:49:33] - Range size 7, answer [ 0 23  0]:
[2023-03-29 15:49:33] - Range size 12, answer [4 2 1 1 0]:
[2023-03-29 15:49:33] - Range size 13, answer [ 1 23  0]:
[2023-03-29 15:49:33] - Range size 24, answer [1]:
[2023-03-29 15:49:33] - Range size 25, answer [ 5 25  1]:
[2023-03-29 15:49:33] - Range size 49, answer [2]:
[2023-03-29 15:49:33] - Range size 50, answer [30]:
[2023-03-29 15:49:33] - Range size 99, answer [32]:
[2023-03-29 15:49:33] - Mechanism: gives answer: 
None
[2023-03-29 15:49:33] - Mean Square Error of ground truth and golden standard: 0.3350253807106599
[2023-03-29 15:49:33] - Mean Square Error of ground truth and mechanism: 17.02030456852792
[2023-03-29 15:49:33] - Mean Square Error of golden standard and mechanism: 17.385786802030456
[2023-03-29 15:49:33] - Measurement3: golden_standard and mechanism
0.0
[2023-03-29 15:49:33] - ++++++++ Testing on node 4 Finished ++++++++
[2023-03-29 15:49:33] - ++++++++ Testing on node 5 Started ++++++++
[2023-03-29 15:49:33] - At node with index 5, we implement queries on cliques dict_keys(['hours-per-week']):
[2023-03-29 15:49:35] - -------- New Mechanism: Testing on 5, node 4 is accessed --------
[2023-03-29 15:49:37] - -------- New Mechanism answer node query on node 4 finished --------
[2023-03-29 15:49:37] - -------- New Mechanism: Testing on 5, node 5 is accessed --------
[2023-03-29 15:49:38] - -------- New Mechanism answer node query on node 5 finished --------
[2023-03-29 15:49:38] - The testing is implemented at hours-per-week
[2023-03-29 15:49:38] - Range size 1, answer [ 0  1  0  0  0  0  0  0  0  0  0  0  0  0  0  1  0  0  0  1  0  1  0  0
  1  0  0  0  0  2  0  0  0  0  2  0  0  1  0 15  0  0  0  0  4  0  0  2
  0  3  0  1  0  0  0  0  0  0  0  5  0  0  0  0  0  0  0  0  0  0  0  0
  0  0  0  0  0  0  0  1  0  0  0  0  0  0  0  0  0  0  0  0  0  0  0  0
  0  0  0]:
[2023-03-29 15:49:38] - Range size 2, answer [ 1  0  0  0  0  0  0  1  0  0  0  2  0  0 15  0  4  2  1  0  0  0  0  0
  0  0  0  0  1  0  0  0  0  0  0]:
[2023-03-29 15:49:38] - Range size 3, answer [ 0  0  0  1  0  2  1  2  2  1 15  0  4  5  0  5  0  0  0  0  0  0  1  0
  0  0  0  0  0]:
[2023-03-29 15:49:38] - Range size 4, answer [1 0 1]:
[2023-03-29 15:49:38] - Range size 6, answer [ 0  1  3  3 15  9  5  0  0  1  0  0  0]:
[2023-03-29 15:49:38] - Range size 7, answer [1 2 1]:
[2023-03-29 15:49:38] - Range size 12, answer [ 4 24  0  1  0]:
[2023-03-29 15:49:38] - Range size 13, answer [1 5 6]:
[2023-03-29 15:49:38] - Range size 24, answer [1]:
[2023-03-29 15:49:38] - Range size 25, answer [ 5 29  6]:
[2023-03-29 15:49:38] - Range size 49, answer [7]:
[2023-03-29 15:49:38] - Range size 50, answer [34]:
[2023-03-29 15:49:38] - Range size 99, answer [41]:
[2023-03-29 15:49:38] - Ground truth: gives answer: 
None
[2023-03-29 15:49:38] - Range size 1, answer [ 0  0  0  0  0  0  0  0  0  0  0  0  0  0  0  2  0  0  0  1  0  0  0  0
  1  0  0  1  0  2  0  0  0  0  2  1  1  0  0 14  0  0  0  0  3  0  0  3
  0  3  0  0  0  0  0  0  0  0  0  4  0  0  0  0  0  0  0  0  0  0  0  0
  0  0  0  0  1  0  0  1  1  0  0  0  1  0  0  0  0  0  0  0  0  0  0  0
  0  0  0]:
[2023-03-29 15:49:38] - Range size 2, answer [ 0  0  0  0  0  0  0  1  0  0  1  2  0  2 14  0  3  3  0  0  0  0  0  0
  0  0  0  1  1  0  1  0  0  0  0]:
[2023-03-29 15:49:38] - Range size 3, answer [ 0  0  0  2  0  1  1  2  2  2 14  0  3  6  0  4  0  0  0  0  0  1  2  0
  1  0  0  0  0]:
[2023-03-29 15:49:38] - Range size 4, answer [0 1 0]:
[2023-03-29 15:49:38] - Range size 6, answer [ 0  2  2  4 14  9  4  0  0  3  1  0  0]:
[2023-03-29 15:49:38] - Range size 7, answer [0 3 0]:
[2023-03-29 15:49:38] - Range size 12, answer [ 4 23  0  4  0]:
[2023-03-29 15:49:38] - Range size 13, answer [0 7 4]:
[2023-03-29 15:49:38] - Range size 24, answer [4]:
[2023-03-29 15:49:38] - Range size 25, answer [ 4 30  4]:
[2023-03-29 15:49:38] - Range size 49, answer [8]:
[2023-03-29 15:49:38] - Range size 50, answer [34]:
[2023-03-29 15:49:38] - Range size 99, answer [42]:
[2023-03-29 15:49:38] - Golden standard: gives answer: 
None
[2023-03-29 15:49:38] - Range size 1, answer [ 0  3  0  0  0  0  0  0  0  0  0  0 -1  0  0  0  0  1  0  1  0  0  0  0
  0  0  0  2  0  0  0  3  0  0 -1  0  0  1  0 -2  0  0  0  3  0  0  0  1
  0  0  0  0  0  0  0  0  0  3  0  3  0  0  0  0  3  0  0  0  0 -1  0  0
  0  0  0  0  0  0  0  0  0  0  0  0  0  0  0  5  0  0  0  0  0 15  0  0
  2  0  2]:
[2023-03-29 15:49:38] - Range size 2, answer [ 3  0  0  0  0  0  1  1  0  0  2  0  0  0 -2  0  0  1  0  0  0  3  0  3
  0 -1  0  0  0  0  0  5  0 15  2]:
[2023-03-29 15:49:38] - Range size 3, answer [ 0  0 -1  0  1  1  0  3 -1  1 -2  3  0  1  0  6  0  3  0 -1  0  0  0  0
  0  5  0 15  4]:
[2023-03-29 15:49:38] - Range size 4, answer [3 2 0]:
[2023-03-29 15:49:38] - Range size 6, answer [-1  1  1  0  1  1  6  3 -1  0  0  5 19]:
[2023-03-29 15:49:38] - Range size 7, answer [3 5 0]:
[2023-03-29 15:49:38] - Range size 12, answer [ 2  2  2  0 24]:
[2023-03-29 15:49:38] - Range size 13, answer [2 5 6]:
[2023-03-29 15:49:38] - Range size 24, answer [24]:
[2023-03-29 15:49:38] - Range size 25, answer [4 7 8]:
[2023-03-29 15:49:38] - Range size 49, answer [32]:
[2023-03-29 15:49:38] - Range size 50, answer [11]:
[2023-03-29 15:49:38] - Range size 99, answer [43]:
[2023-03-29 15:49:38] - Mechanism: gives answer: 
None
[2023-03-29 15:49:38] - Mean Square Error of ground truth and golden standard: 0.4517766497461929
[2023-03-29 15:49:38] - Mean Square Error of ground truth and mechanism: 29.441624365482234
[2023-03-29 15:49:38] - Mean Square Error of golden standard and mechanism: 28.258883248730964
[2023-03-29 15:49:38] - Measurement3: golden_standard and mechanism
0.0
[2023-03-29 15:49:38] - ++++++++ Testing on node 5 Finished ++++++++
[2023-03-29 15:49:38] - ++++++++ Testing on node 6 Started ++++++++
[2023-03-29 15:49:38] - At node with index 6, we implement queries on cliques dict_keys(['hours-per-week']):
[2023-03-29 15:49:39] - -------- New Mechanism: Testing on 6, node 4 is accessed --------
[2023-03-29 15:49:41] - -------- New Mechanism answer node query on node 4 finished --------
[2023-03-29 15:49:41] - -------- New Mechanism: Testing on 6, node 6 is accessed --------
[2023-03-29 15:49:42] - -------- New Mechanism answer node query on node 6 finished --------
[2023-03-29 15:49:42] - The testing is implemented at hours-per-week
[2023-03-29 15:49:42] - Range size 1, answer [ 0  1  0  0  0  0  0  0  0  0  0  0  0  0  1  1  0  0  0  0  0  1  0  0
  1  0  0  0  0  2  0  1  0  0  1  0  0  0  0 22  0  0  2  1  2  0  0  2
  0  2  0  1  0  0  0  0  0  0  0  1  0  0  0  0  0  0  0  0  0  0  0  0
  0  0  0  0  0  0  0  0  0  0  0  0  0  0  0  0  0  0  0  0  0  0  0  0
  0  0  0]:
[2023-03-29 15:49:42] - Range size 2, answer [ 1  0  0  0  0  1  0  0  0  0  0  2  0  0 22  2  2  2  1  0  0  0  0  0
  0  0  0  0  0  0  0  0  0  0  0]:
[2023-03-29 15:49:42] - Range size 3, answer [ 0  0  0  2  0  1  1  3  1  0 22  3  2  4  0  1  0  0  0  0  0  0  0  0
  0  0  0  0  0]:
[2023-03-29 15:49:42] - Range size 4, answer [1 0 1]:
[2023-03-29 15:49:42] - Range size 6, answer [ 0  2  2  1 25  6  1  0  0  0  0  0  0]:
[2023-03-29 15:49:42] - Range size 7, answer [1 3 1]:
[2023-03-29 15:49:42] - Range size 12, answer [ 4 31  0  0  0]:
[2023-03-29 15:49:42] - Range size 13, answer [1 4 2]:
[2023-03-29 15:49:42] - Range size 24, answer [0]:
[2023-03-29 15:49:42] - Range size 25, answer [ 5 35  2]:
[2023-03-29 15:49:42] - Range size 49, answer [2]:
[2023-03-29 15:49:42] - Range size 50, answer [40]:
[2023-03-29 15:49:42] - Range size 99, answer [42]:
[2023-03-29 15:49:42] - Ground truth: gives answer: 
None
[2023-03-29 15:49:42] - Range size 1, answer [ 0  0  1  0  0  0  0  0  0  0  0  0  0  0  1  0  0  0  1  0  1  0  0  0
  0  0  0  0  0  2  0  1  0  0  0  0  0  0  0 21  0  0  1  1  2  0  0  2
  0  2  0  1  0  0  0  0  0  0  0  2  0  0  0  0  1  0  0  0  1  0  0  0
  0  0  0  0  1  0  0  0  0  1  0  0  0  0  0  0  0  0  0  0  0  0  0  0
  0  0  0]:
[2023-03-29 15:49:42] - Range size 2, answer [ 0  1  0  0  0  1  0  1  0  0  0  2  0  0 21  1  2  2  1  0  0  0  0  1
  0  0  0  1  0  1  0  0  0  0  0]:
[2023-03-29 15:49:42] - Range size 3, answer [ 0  0  0  1  1  1  0  3  0  0 21  2  2  4  0  2  0  1  1  0  0  1  0  1
  0  0  0  0  0]:
[2023-03-29 15:49:42] - Range size 4, answer [1 0 1]:
[2023-03-29 15:49:42] - Range size 6, answer [ 0  2  1  0 23  6  2  2  0  1  1  0  0]:
[2023-03-29 15:49:42] - Range size 7, answer [1 3 1]:
[2023-03-29 15:49:42] - Range size 12, answer [ 3 29  2  2  0]:
[2023-03-29 15:49:42] - Range size 13, answer [1 3 3]:
[2023-03-29 15:49:42] - Range size 24, answer [2]:
[2023-03-29 15:49:42] - Range size 25, answer [ 4 32  5]:
[2023-03-29 15:49:42] - Range size 49, answer [7]:
[2023-03-29 15:49:42] - Range size 50, answer [36]:
[2023-03-29 15:49:42] - Range size 99, answer [43]:
[2023-03-29 15:49:42] - Golden standard: gives answer: 
None
[2023-03-29 15:49:42] - Range size 1, answer [ 3  0  0  0  0  0  0  0  0  0  0  0 -1  0  0  0  1  0  0 -1  0  0  0  0
  0  1  0  0  0 11  0  0  0  0 -2  0  0 -1  0 -6  7  0  1  0  0  9  0 -1
  0 -1  0  0  0  0  0  1  4  0  0 -1  0  0  1  0  0  0  9  0  0 -1  0  0
  0  0  1  0  0  0  0  0  1  0  0  0  0  0  0  0  2  0  0  0  0  0  0  0
  1  6  0]:
[2023-03-29 15:49:42] - Range size 2, answer [ 3  0  0  0  0  0  1 -1  0  1  0 11  0  0 -6  1  9 -1  0  0  1  0  0  0
  9 -1  0  0  0  0  0  2  0  0  7]:
[2023-03-29 15:49:42] - Range size 3, answer [ 0  0 -1  0  1 -1  0 11 -2 -1  1  1  9 -2  5 -1  1  0  9 -1  1  0  1  0
  0  2  0  0  7]:
[2023-03-29 15:49:42] - Range size 4, answer [3 1 0]:
[2023-03-29 15:49:42] - Range size 6, answer [-1  1 -1 -3  2  7  0  9  0  1  0  2  7]:
[2023-03-29 15:49:42] - Range size 7, answer [ 3 12  5]:
[2023-03-29 15:49:42] - Range size 12, answer [0 9 9 1 9]:
[2023-03-29 15:49:42] - Range size 13, answer [2 9 5]:
[2023-03-29 15:49:42] - Range size 24, answer [10]:
[2023-03-29 15:49:42] - Range size 25, answer [ 2 18 14]:
[2023-03-29 15:49:42] - Range size 49, answer [24]:
[2023-03-29 15:49:42] - Range size 50, answer [20]:
[2023-03-29 15:49:42] - Range size 99, answer [44]:
[2023-03-29 15:49:42] - Mechanism: gives answer: 
None
[2023-03-29 15:49:42] - Mean Square Error of ground truth and golden standard: 0.6446700507614214
[2023-03-29 15:49:42] - Mean Square Error of ground truth and mechanism: 30.32994923857868
[2023-03-29 15:49:42] - Mean Square Error of golden standard and mechanism: 25.532994923857867
[2023-03-29 15:49:42] - Measurement3: golden_standard and mechanism
0.0
[2023-03-29 15:49:42] - ++++++++ Testing on node 6 Finished ++++++++
[2023-03-29 15:49:42] - ++++++++ Testing on node 7 Started ++++++++
[2023-03-29 15:49:42] - At node with index 7, we implement queries on cliques dict_keys(['hours-per-week']):
[2023-03-29 15:49:43] - -------- New Mechanism: Testing on 7, node 4 is accessed --------
[2023-03-29 15:49:46] - -------- New Mechanism answer node query on node 4 finished --------
[2023-03-29 15:49:46] - -------- New Mechanism: Testing on 7, node 6 is accessed --------
[2023-03-29 15:49:47] - -------- New Mechanism answer node query on node 6 finished --------
[2023-03-29 15:49:47] - -------- New Mechanism: Testing on 7, node 7 is accessed --------
[2023-03-29 15:49:48] - -------- New Mechanism answer node query on node 7 finished --------
[2023-03-29 15:49:48] - The testing is implemented at hours-per-week
[2023-03-29 15:49:48] - Range size 1, answer [ 0  0  0  0  0  0  0  0  0  0  0  0  0  0  1  1  0  0  0  1  0  0  0  0
  0  0  0  0  0  1  0  1  0  0  0  0  0  0  0 20  0  0  0  0  0  0  0  0
  0  3  0  0  0  0  1  0  0  0  0  0  0  0  0  0  0  0  0  0  0  0  0  0
  0  0  0  0  0  0  0  0  0  0  0  0  0  0  0  0  0  0  0  0  0  0  0  0
  0  0  0]:
[2023-03-29 15:49:48] - Range size 2, answer [ 0  0  0  0  0  1  0  1  0  0  0  1  0  0 20  0  0  0  0  0  1  0  0  0
  0  0  0  0  0  0  0  0  0  0  0]:
[2023-03-29 15:49:48] - Range size 3, answer [ 0  0  0  2  0  1  0  2  0  0 20  0  0  3  1  0  0  0  0  0  0  0  0  0
  0  0  0  0  0]:
[2023-03-29 15:49:48] - Range size 4, answer [0 0 0]:
[2023-03-29 15:49:48] - Range size 6, answer [ 0  2  1  0 20  3  0  0  0  0  0  0  0]:
[2023-03-29 15:49:48] - Range size 7, answer [0 2 1]:
[2023-03-29 15:49:48] - Range size 12, answer [ 3 23  0  0  0]:
[2023-03-29 15:49:48] - Range size 13, answer [0 2 1]:
[2023-03-29 15:49:48] - Range size 24, answer [0]:
[2023-03-29 15:49:48] - Range size 25, answer [ 3 25  1]:
[2023-03-29 15:49:48] - Range size 49, answer [1]:
[2023-03-29 15:49:48] - Range size 50, answer [28]:
[2023-03-29 15:49:48] - Range size 99, answer [29]:
[2023-03-29 15:49:48] - Ground truth: gives answer: 
None
[2023-03-29 15:49:48] - Range size 1, answer [ 0  0  0  0  0  0  0  0  0  0  0  0  0  0  0  1  0  0  0  1  0  1  0  0
  1  0  0  0  0  0  0  1  0  0  0  1  0  0  0 19  0  0  0  0  0  0  0  0
  0  2  0  0  0  0  1  0  0  0  0  0  0  0  0  0  0  0  0  0  0  0  1  0
  0  0  0  0  0  0  0  0  0  0  0  0  0  0  0  0  0  0  0  0  1  0  0  0
  0  0  0]:
[2023-03-29 15:49:48] - Range size 2, answer [ 0  0  0  0  0  0  0  1  0  0  0  0  0  1 19  0  0  0  0  0  1  0  0  0
  0  1  0  0  0  0  0  0  0  0  0]:
[2023-03-29 15:49:48] - Range size 3, answer [ 0  0  0  1  0  2  1  1  0  1 19  0  0  2  1  0  0  0  0  1  0  0  0  0
  0  0  1  0  0]:
[2023-03-29 15:49:48] - Range size 4, answer [0 0 0]:
[2023-03-29 15:49:48] - Range size 6, answer [ 0  1  3  1 19  2  0  0  1  0  0  1  0]:
[2023-03-29 15:49:48] - Range size 7, answer [0 1 1]:
[2023-03-29 15:49:48] - Range size 12, answer [ 4 21  1  0  1]:
[2023-03-29 15:49:48] - Range size 13, answer [0 2 1]:
[2023-03-29 15:49:48] - Range size 24, answer [1]:
[2023-03-29 15:49:48] - Range size 25, answer [ 4 23  2]:
[2023-03-29 15:49:48] - Range size 49, answer [3]:
[2023-03-29 15:49:48] - Range size 50, answer [27]:
[2023-03-29 15:49:48] - Range size 99, answer [30]:
[2023-03-29 15:49:48] - Golden standard: gives answer: 
None
[2023-03-29 15:49:48] - Range size 1, answer [  4  -1   0   0   0   0   0   0   0   0   7   0  -1   0   0   0   3   1
   3  -1   0   8   0   0  -1   0   0   0   0  -1   0   0   1   0  -3   0
   0  -1   2 -11   0   4  -1  -1  -2   0   0  -3   0  -1   0  -1   0   0
   0   0   0   0   0  -2   1   1   1   0   0   0  21   0   0  -1   0   0
   0   0   0   0   0   4   0   0   0   0   1   0   0   1   0   0   0   0
   0   0   0   0   0   0   1   0   0]:
[2023-03-29 15:49:48] - Range size 2, answer [ 3  0  0  0  7  0  4 -1  0  0  0 -1  1  0 -9  3 -2 -3 -1  0  0  0  2  0
 21 -1  0  0  0  1  1  0  0  0  1]:
[2023-03-29 15:49:48] - Range size 3, answer [ 0  0  6  0  7  7 -1 -1 -2 -1 -9  2 -2 -4  0 -2  3  0 21 -1  0  4  0  1
  1  0  0  0  1]:
[2023-03-29 15:49:48] - Range size 4, answer [ 3  0 -1]:
[2023-03-29 15:49:48] - Range size 6, answer [ 6  7  6 -3 -7 -6  1 21 -1  4  2  0  1]:
[2023-03-29 15:49:48] - Range size 7, answer [ 3 -1 -1]:
[2023-03-29 15:49:48] - Range size 12, answer [ 13 -13  20   6   1]:
[2023-03-29 15:49:48] - Range size 13, answer [ 9 -4  0]:
[2023-03-29 15:49:48] - Range size 24, answer [7]:
[2023-03-29 15:49:48] - Range size 25, answer [ 22 -17  20]:
[2023-03-29 15:49:48] - Range size 49, answer [27]:
[2023-03-29 15:49:48] - Range size 50, answer [5]:
[2023-03-29 15:49:48] - Range size 99, answer [32]:
[2023-03-29 15:49:48] - Mechanism: gives answer: 
None
[2023-03-29 15:49:48] - Mean Square Error of ground truth and golden standard: 0.27411167512690354
[2023-03-29 15:49:48] - Mean Square Error of ground truth and mechanism: 59.223350253807105
[2023-03-29 15:49:48] - Mean Square Error of golden standard and mechanism: 54.7258883248731
[2023-03-29 15:49:48] - Measurement3: golden_standard and mechanism
0.0
[2023-03-29 15:49:48] - ++++++++ Testing on node 7 Finished ++++++++
[2023-03-29 15:49:48] - ******** Testing Finished ********
[2023-03-29 15:49:48] - ******** Drawing Figure start ********
[2023-03-29 15:49:48] - ******** Drawing Figure finish ********
