[2023-04-19 01:07:26] - Arguments: Namespace(beta=0.05, column_number=1, data_size=1000, dataset_path='./data/adult.csv', delta=0.1, domain_path='./data/adult-domain.json', each_query_size=10, epsilon=1.0, iteration=100, sparse_ratio=10)
[2023-04-19 01:07:26] - ******** Initialization ********
[2023-04-19 01:07:27] - Data sparsification complete
[2023-04-19 01:07:27] - Data information: {'age': 85, 'workclass': 9, 'fnlwgt': 100, 'education-num': 16, 'marital-status': 7, 'occupation': 15, 'relationship': 6, 'race': 5, 'sex': 2, 'capital-gain': 100, 'capital-loss': 100, 'hours-per-week': 99, 'native-country': 42, 'income>50K': 2}
[2023-04-19 01:07:27] - ******** Create Dynamic Tree ********
[2023-04-19 01:07:27] - 2
[2023-04-19 01:07:27] - 3
[2023-04-19 01:07:27] - 4
[2023-04-19 01:07:27] - 5
[2023-04-19 01:07:27] - 6
[2023-04-19 01:07:27] - 7
[2023-04-19 01:07:27] - 8
[2023-04-19 01:07:27] - 9
[2023-04-19 01:07:27] - 10
[2023-04-19 01:07:27] - 9
[2023-04-19 01:07:27] - 10
[2023-04-19 01:07:27] - 9
[2023-04-19 01:07:27] - 10
[2023-04-19 01:07:27] - 9
[2023-04-19 01:07:27] - 10
[2023-04-19 01:07:27] - 9
[2023-04-19 01:07:27] - 10
[2023-04-19 01:07:27] - 9
[2023-04-19 01:07:27] - 10
[2023-04-19 01:07:27] - 9
[2023-04-19 01:07:27] - 10
[2023-04-19 01:07:27] - 9
[2023-04-19 01:07:27] - 10
[2023-04-19 01:07:27] - 11
[2023-04-19 01:07:27] - 10
[2023-04-19 01:07:27] - 11
[2023-04-19 01:07:27] - 10
[2023-04-19 01:07:27] - 11
[2023-04-19 01:07:27] - 10
[2023-04-19 01:07:27] - 11
[2023-04-19 01:07:27] - 10
[2023-04-19 01:07:27] - 11
[2023-04-19 01:07:27] - 10
[2023-04-19 01:07:27] - 11
[2023-04-19 01:07:27] - 12
[2023-04-19 01:07:27] - 11
[2023-04-19 01:07:27] - 12
[2023-04-19 01:07:27] - 11
[2023-04-19 01:07:27] - 12
[2023-04-19 01:07:27] - 11
[2023-04-19 01:07:27] - 12
[2023-04-19 01:07:27] - 11
[2023-04-19 01:07:27] - 12
[2023-04-19 01:07:27] - 11
[2023-04-19 01:07:27] - 12
[2023-04-19 01:07:27] - 11
[2023-04-19 01:07:27] - 12
[2023-04-19 01:07:27] - 11
[2023-04-19 01:07:27] - 12
[2023-04-19 01:07:27] - 13
[2023-04-19 01:07:27] - 12
[2023-04-19 01:07:27] - 13
[2023-04-19 01:07:27] - 12
[2023-04-19 01:07:27] - 13
[2023-04-19 01:07:27] - 12
[2023-04-19 01:07:27] - 13
[2023-04-19 01:07:27] - 12
[2023-04-19 01:07:27] - 13
[2023-04-19 01:07:27] - 12
[2023-04-19 01:07:27] - 13
[2023-04-19 01:07:27] - 12
[2023-04-19 01:07:27] - 13
[2023-04-19 01:07:27] - 12
[2023-04-19 01:07:27] - 13
[2023-04-19 01:07:27] - 12
[2023-04-19 01:07:27] - 13
[2023-04-19 01:07:27] - 12
[2023-04-19 01:07:27] - 13
[2023-04-19 01:07:27] - 12
[2023-04-19 01:07:27] - 13
[2023-04-19 01:07:27] - 12
[2023-04-19 01:07:27] - 13
[2023-04-19 01:07:27] - 12
[2023-04-19 01:07:27] - 13
[2023-04-19 01:07:27] - 12
[2023-04-19 01:07:27] - 13
[2023-04-19 01:07:27] - 14
[2023-04-19 01:07:27] - 13
[2023-04-19 01:07:27] - 14
[2023-04-19 01:07:27] - 13
[2023-04-19 01:07:27] - 14
[2023-04-19 01:07:27] - 13
[2023-04-19 01:07:27] - 14
[2023-04-19 01:07:27] - 13
[2023-04-19 01:07:27] - 14
[2023-04-19 01:07:27] - 13
[2023-04-19 01:07:27] - 14
[2023-04-19 01:07:27] - 13
[2023-04-19 01:07:27] - 14
[2023-04-19 01:07:27] - 13
[2023-04-19 01:07:27] - 14
[2023-04-19 01:07:27] - 13
[2023-04-19 01:07:27] - 14
[2023-04-19 01:07:27] - 13
[2023-04-19 01:07:27] - 14
[2023-04-19 01:07:27] - 13
[2023-04-19 01:07:27] - 14
[2023-04-19 01:07:27] - 13
[2023-04-19 01:07:27] - 14
[2023-04-19 01:07:27] - 15
[2023-04-19 01:07:27] - 14
[2023-04-19 01:07:27] - 15
[2023-04-19 01:07:27] - 14
[2023-04-19 01:07:27] - 15
[2023-04-19 01:07:27] - 14
[2023-04-19 01:07:27] - 15
[2023-04-19 01:07:27] - 14
[2023-04-19 01:07:27] - 15
[2023-04-19 01:07:27] - 14
[2023-04-19 01:07:27] - 15
[2023-04-19 01:07:27] - 14
[2023-04-19 01:07:27] - 15
[2023-04-19 01:07:27] - 14
[2023-04-19 01:07:27] - 15
[2023-04-19 01:07:27] - 14
[2023-04-19 01:07:27] - 15
[2023-04-19 01:07:27] - 14
[2023-04-19 01:07:27] - 15
[2023-04-19 01:07:27] - 14
[2023-04-19 01:07:27] - 15
[2023-04-19 01:07:27] - 14
[2023-04-19 01:07:27] - 15
[2023-04-19 01:07:27] - 16
[2023-04-19 01:07:27] - 15
[2023-04-19 01:07:27] - 16
[2023-04-19 01:07:27] - 15
[2023-04-19 01:07:27] - 16
[2023-04-19 01:07:27] - 15
[2023-04-19 01:07:27] - 16
[2023-04-19 01:07:27] - 15
[2023-04-19 01:07:27] - 16
[2023-04-19 01:07:27] - 15
[2023-04-19 01:07:27] - 16
[2023-04-19 01:07:27] - 15
[2023-04-19 01:07:27] - 16
[2023-04-19 01:07:27] - 15
[2023-04-19 01:07:27] - 16
[2023-04-19 01:07:27] - 15
[2023-04-19 01:07:27] - 16
[2023-04-19 01:07:27] - 15
[2023-04-19 01:07:27] - 16
[2023-04-19 01:07:27] - 15
[2023-04-19 01:07:27] - 16
[2023-04-19 01:07:27] - 15
[2023-04-19 01:07:27] - 16
[2023-04-19 01:07:27] - 17
[2023-04-19 01:07:27] - 16
[2023-04-19 01:07:27] - 17
[2023-04-19 01:07:27] - 16
[2023-04-19 01:07:27] - 17
[2023-04-19 01:07:27] - 16
[2023-04-19 01:07:27] - 17
[2023-04-19 01:07:27] - 16
[2023-04-19 01:07:27] - 17
[2023-04-19 01:07:27] - 16
[2023-04-19 01:07:27] - 17
[2023-04-19 01:07:27] - 16
[2023-04-19 01:07:27] - 17
[2023-04-19 01:07:27] - 16
[2023-04-19 01:07:27] - 17
[2023-04-19 01:07:27] - 16
[2023-04-19 01:07:27] - 17
[2023-04-19 01:07:27] - 16
[2023-04-19 01:07:27] - 17
[2023-04-19 01:07:27] - 16
[2023-04-19 01:07:27] - 17
[2023-04-19 01:07:27] - 16
[2023-04-19 01:07:27] - 17
[2023-04-19 01:07:27] - 16
[2023-04-19 01:07:27] - 17
[2023-04-19 01:07:27] - 16
[2023-04-19 01:07:27] - 17
[2023-04-19 01:07:27] - 16
[2023-04-19 01:07:27] - 17
[2023-04-19 01:07:27] - 16
[2023-04-19 01:07:27] - 17
[2023-04-19 01:07:27] - 18
[2023-04-19 01:07:27] - 17
[2023-04-19 01:07:27] - 18
[2023-04-19 01:07:27] - 19
[2023-04-19 01:07:27] - 18
[2023-04-19 01:07:27] - 19
[2023-04-19 01:07:27] - 18
[2023-04-19 01:07:27] - 19
[2023-04-19 01:07:27] - 18
[2023-04-19 01:07:27] - 19
[2023-04-19 01:07:27] - 18
[2023-04-19 01:07:27] - 19
[2023-04-19 01:07:27] - 18
[2023-04-19 01:07:27] - 19
[2023-04-19 01:07:27] - 18
[2023-04-19 01:07:27] - 19
[2023-04-19 01:07:27] - 18
[2023-04-19 01:07:27] - 19
[2023-04-19 01:07:27] - 18
[2023-04-19 01:07:27] - 19
[2023-04-19 01:07:27] - 18
[2023-04-19 01:07:27] - 19
[2023-04-19 01:07:27] - 18
[2023-04-19 01:07:27] - 19
[2023-04-19 01:07:27] - 18
[2023-04-19 01:07:27] - 19
[2023-04-19 01:07:27] - 20
[2023-04-19 01:07:27] - 19
[2023-04-19 01:07:27] - 20
[2023-04-19 01:07:27] - 21
[2023-04-19 01:07:27] - 20
[2023-04-19 01:07:27] - 21
[2023-04-19 01:07:27] - 20
[2023-04-19 01:07:27] - 21
[2023-04-19 01:07:27] - 20
[2023-04-19 01:07:27] - 21
[2023-04-19 01:07:27] - 20
[2023-04-19 01:07:27] - 21
[2023-04-19 01:07:27] - 20
[2023-04-19 01:07:27] - 21
[2023-04-19 01:07:27] - 20
[2023-04-19 01:07:27] - 21
[2023-04-19 01:07:27] - 20
[2023-04-19 01:07:27] - 21
[2023-04-19 01:07:27] - 20
[2023-04-19 01:07:27] - 21
[2023-04-19 01:07:27] - 20
[2023-04-19 01:07:27] - 21
[2023-04-19 01:07:27] - 20
[2023-04-19 01:07:27] - 21
[2023-04-19 01:07:27] - 20
[2023-04-19 01:07:27] - 21
[2023-04-19 01:07:27] - 20
[2023-04-19 01:07:27] - 21
[2023-04-19 01:07:27] - 22
[2023-04-19 01:07:27] - 21
[2023-04-19 01:07:27] - 22
[2023-04-19 01:07:27] - 21
[2023-04-19 01:07:27] - 22
[2023-04-19 01:07:27] - 23
[2023-04-19 01:07:27] - 22
[2023-04-19 01:07:27] - 23
[2023-04-19 01:07:27] - 22
[2023-04-19 01:07:27] - 23
[2023-04-19 01:07:27] - 22
[2023-04-19 01:07:27] - 23
[2023-04-19 01:07:27] - 22
[2023-04-19 01:07:27] - 23
[2023-04-19 01:07:27] - 22
[2023-04-19 01:07:27] - 23
[2023-04-19 01:07:27] - 22
[2023-04-19 01:07:27] - 23
[2023-04-19 01:07:27] - 22
[2023-04-19 01:07:27] - 23
[2023-04-19 01:07:27] - 22
[2023-04-19 01:07:27] - 23
[2023-04-19 01:07:27] - 22
[2023-04-19 01:07:27] - 23
[2023-04-19 01:07:27] - 24
[2023-04-19 01:07:27] - 23
[2023-04-19 01:07:27] - 24
[2023-04-19 01:07:27] - 23
[2023-04-19 01:07:27] - 24
[2023-04-19 01:07:27] - 23
[2023-04-19 01:07:27] - 24
[2023-04-19 01:07:27] - 25
[2023-04-19 01:07:27] - 24
[2023-04-19 01:07:27] - 25
[2023-04-19 01:07:27] - 24
[2023-04-19 01:07:27] - 25
[2023-04-19 01:07:27] - 24
[2023-04-19 01:07:27] - 25
[2023-04-19 01:07:27] - 24
[2023-04-19 01:07:27] - 25
[2023-04-19 01:07:27] - 24
[2023-04-19 01:07:27] - 25
[2023-04-19 01:07:27] - 24
[2023-04-19 01:07:27] - 25
[2023-04-19 01:07:27] - 24
[2023-04-19 01:07:27] - 25
[2023-04-19 01:07:27] - 24
[2023-04-19 01:07:27] - 25
[2023-04-19 01:07:27] - 24
[2023-04-19 01:07:27] - 25
[2023-04-19 01:07:27] - 24
[2023-04-19 01:07:27] - 25
[2023-04-19 01:07:27] - 24
[2023-04-19 01:07:27] - 25
[2023-04-19 01:07:27] - 24
[2023-04-19 01:07:27] - 25
[2023-04-19 01:07:27] - 26
[2023-04-19 01:07:27] - 25
[2023-04-19 01:07:27] - 26
[2023-04-19 01:07:27] - 25
[2023-04-19 01:07:27] - 26
[2023-04-19 01:07:27] - 25
[2023-04-19 01:07:27] - 26
[2023-04-19 01:07:27] - 25
[2023-04-19 01:07:27] - 26
[2023-04-19 01:07:27] - 25
[2023-04-19 01:07:27] - 26
[2023-04-19 01:07:27] - 25
[2023-04-19 01:07:27] - 26
[2023-04-19 01:07:27] - 25
[2023-04-19 01:07:27] - 26
[2023-04-19 01:07:27] - 25
[2023-04-19 01:07:27] - 26
[2023-04-19 01:07:27] - 25
[2023-04-19 01:07:27] - 26
[2023-04-19 01:07:27] - 25
[2023-04-19 01:07:27] - 26
[2023-04-19 01:07:27] - 25
[2023-04-19 01:07:27] - 26
[2023-04-19 01:07:27] - 25
[2023-04-19 01:07:27] - 26
[2023-04-19 01:07:27] - 25
[2023-04-19 01:07:27] - 26
[2023-04-19 01:07:27] - 25
[2023-04-19 01:07:27] - 26
[2023-04-19 01:07:27] - 25
[2023-04-19 01:07:27] - 26
[2023-04-19 01:07:27] - 25
[2023-04-19 01:07:27] - 26
[2023-04-19 01:07:27] - 27
[2023-04-19 01:07:27] - 26
[2023-04-19 01:07:27] - 27
[2023-04-19 01:07:27] - 26
[2023-04-19 01:07:27] - 27
[2023-04-19 01:07:27] - 26
[2023-04-19 01:07:27] - 27
[2023-04-19 01:07:27] - 26
[2023-04-19 01:07:27] - 27
[2023-04-19 01:07:27] - 26
[2023-04-19 01:07:27] - 27
[2023-04-19 01:07:27] - 26
[2023-04-19 01:07:27] - 27
[2023-04-19 01:07:27] - 26
[2023-04-19 01:07:27] - 27
[2023-04-19 01:07:27] - 26
[2023-04-19 01:07:27] - 27
[2023-04-19 01:07:27] - 26
[2023-04-19 01:07:27] - 27
[2023-04-19 01:07:27] - 26
[2023-04-19 01:07:27] - 27
[2023-04-19 01:07:27] - 26
[2023-04-19 01:07:27] - 27
[2023-04-19 01:07:27] - 26
[2023-04-19 01:07:27] - 27
[2023-04-19 01:07:27] - 26
[2023-04-19 01:07:27] - 27
[2023-04-19 01:07:27] - 26
[2023-04-19 01:07:27] - 27
[2023-04-19 01:07:27] - 26
[2023-04-19 01:07:27] - 27
[2023-04-19 01:07:27] - 26
[2023-04-19 01:07:27] - 27
[2023-04-19 01:07:27] - 26
[2023-04-19 01:07:27] - 27
[2023-04-19 01:07:27] - 28
[2023-04-19 01:07:27] - 27
[2023-04-19 01:07:27] - 28
[2023-04-19 01:07:27] - 27
[2023-04-19 01:07:27] - 28
[2023-04-19 01:07:27] - 27
[2023-04-19 01:07:27] - 28
[2023-04-19 01:07:27] - 27
[2023-04-19 01:07:27] - 28
[2023-04-19 01:07:27] - 27
[2023-04-19 01:07:27] - 28
[2023-04-19 01:07:27] - 27
[2023-04-19 01:07:27] - 28
[2023-04-19 01:07:27] - 27
[2023-04-19 01:07:27] - 28
[2023-04-19 01:07:27] - 27
[2023-04-19 01:07:27] - 28
[2023-04-19 01:07:27] - 27
[2023-04-19 01:07:27] - 28
[2023-04-19 01:07:27] - 29
[2023-04-19 01:07:27] - 28
[2023-04-19 01:07:27] - 29
[2023-04-19 01:07:27] - 28
[2023-04-19 01:07:27] - 29
[2023-04-19 01:07:27] - 28
[2023-04-19 01:07:27] - 29
[2023-04-19 01:07:27] - 28
[2023-04-19 01:07:27] - 29
[2023-04-19 01:07:27] - 28
[2023-04-19 01:07:27] - 29
[2023-04-19 01:07:27] - 28
[2023-04-19 01:07:27] - 29
[2023-04-19 01:07:27] - 28
[2023-04-19 01:07:27] - 29
[2023-04-19 01:07:27] - 28
[2023-04-19 01:07:27] - 29
[2023-04-19 01:07:27] - 28
[2023-04-19 01:07:27] - 29
[2023-04-19 01:07:27] - 28
[2023-04-19 01:07:27] - 29
[2023-04-19 01:07:27] - 28
[2023-04-19 01:07:27] - 29
[2023-04-19 01:07:27] - 28
[2023-04-19 01:07:27] - 29
[2023-04-19 01:07:27] - 30
[2023-04-19 01:07:27] - 29
[2023-04-19 01:07:27] - 30
[2023-04-19 01:07:27] - 29
[2023-04-19 01:07:27] - 30
[2023-04-19 01:07:27] - 29
[2023-04-19 01:07:27] - 30
[2023-04-19 01:07:27] - 29
[2023-04-19 01:07:27] - 30
[2023-04-19 01:07:27] - 29
[2023-04-19 01:07:27] - 30
[2023-04-19 01:07:27] - 29
[2023-04-19 01:07:27] - 30
[2023-04-19 01:07:27] - 31
[2023-04-19 01:07:27] - 30
[2023-04-19 01:07:27] - 31
[2023-04-19 01:07:27] - 30
[2023-04-19 01:07:27] - 31
[2023-04-19 01:07:27] - 30
[2023-04-19 01:07:27] - 31
[2023-04-19 01:07:27] - 30
[2023-04-19 01:07:27] - 31
[2023-04-19 01:07:27] - 30
[2023-04-19 01:07:27] - 31
[2023-04-19 01:07:27] - 30
[2023-04-19 01:07:27] - 31
[2023-04-19 01:07:27] - 30
[2023-04-19 01:07:27] - 31
[2023-04-19 01:07:27] - 32
[2023-04-19 01:07:27] - 31
[2023-04-19 01:07:27] - 32
[2023-04-19 01:07:27] - 31
[2023-04-19 01:07:27] - 32
[2023-04-19 01:07:27] - 31
[2023-04-19 01:07:27] - 32
[2023-04-19 01:07:27] - 31
[2023-04-19 01:07:27] - 32
[2023-04-19 01:07:27] - 31
[2023-04-19 01:07:27] - 32
[2023-04-19 01:07:27] - 31
[2023-04-19 01:07:27] - 32
[2023-04-19 01:07:27] - 31
[2023-04-19 01:07:27] - 32
[2023-04-19 01:07:27] - 31
[2023-04-19 01:07:27] - 32
[2023-04-19 01:07:27] - 31
[2023-04-19 01:07:27] - 32
[2023-04-19 01:07:27] - 31
[2023-04-19 01:07:27] - 32
[2023-04-19 01:07:27] - 33
[2023-04-19 01:07:27] - 32
[2023-04-19 01:07:27] - 33
[2023-04-19 01:07:27] - 32
[2023-04-19 01:07:27] - 33
[2023-04-19 01:07:27] - 32
[2023-04-19 01:07:27] - 33
[2023-04-19 01:07:27] - 32
[2023-04-19 01:07:27] - 33
[2023-04-19 01:07:27] - 32
[2023-04-19 01:07:27] - 33
[2023-04-19 01:07:27] - 32
[2023-04-19 01:07:27] - 33
[2023-04-19 01:07:27] - 32
[2023-04-19 01:07:27] - 33
[2023-04-19 01:07:27] - 32
[2023-04-19 01:07:27] - 33
[2023-04-19 01:07:27] - 32
[2023-04-19 01:07:27] - 33
[2023-04-19 01:07:27] - 32
[2023-04-19 01:07:27] - 33
[2023-04-19 01:07:27] - 32
[2023-04-19 01:07:27] - 33
[2023-04-19 01:07:27] - 32
[2023-04-19 01:07:27] - 33
[2023-04-19 01:07:27] - 32
[2023-04-19 01:07:27] - 33
[2023-04-19 01:07:27] - 32
[2023-04-19 01:07:27] - 33
[2023-04-19 01:07:27] - 32
[2023-04-19 01:07:27] - 33
[2023-04-19 01:07:27] - 34
[2023-04-19 01:07:27] - 33
[2023-04-19 01:07:27] - 34
[2023-04-19 01:07:27] - 35
[2023-04-19 01:07:27] - 34
[2023-04-19 01:07:27] - 35
[2023-04-19 01:07:27] - 34
[2023-04-19 01:07:27] - 35
[2023-04-19 01:07:27] - 34
[2023-04-19 01:07:27] - 35
[2023-04-19 01:07:27] - 34
[2023-04-19 01:07:27] - 35
[2023-04-19 01:07:27] - 34
[2023-04-19 01:07:27] - 35
[2023-04-19 01:07:27] - 34
[2023-04-19 01:07:27] - 35
[2023-04-19 01:07:27] - 34
[2023-04-19 01:07:27] - 35
[2023-04-19 01:07:27] - 34
[2023-04-19 01:07:27] - 35
[2023-04-19 01:07:27] - 34
[2023-04-19 01:07:27] - 35
[2023-04-19 01:07:27] - 34
[2023-04-19 01:07:27] - 35
[2023-04-19 01:07:27] - 34
[2023-04-19 01:07:27] - 35
[2023-04-19 01:07:27] - 34
[2023-04-19 01:07:27] - 35
[2023-04-19 01:07:27] - 34
[2023-04-19 01:07:27] - 35
[2023-04-19 01:07:27] - 34
[2023-04-19 01:07:27] - 35
[2023-04-19 01:07:27] - 34
[2023-04-19 01:07:27] - 35
[2023-04-19 01:07:27] - 34
[2023-04-19 01:07:27] - 35
[2023-04-19 01:07:27] - 34
[2023-04-19 01:07:27] - 35
[2023-04-19 01:07:27] - 36
[2023-04-19 01:07:27] - 35
[2023-04-19 01:07:27] - 36
[2023-04-19 01:07:27] - 35
[2023-04-19 01:07:27] - 36
[2023-04-19 01:07:27] - 37
[2023-04-19 01:07:27] - 36
[2023-04-19 01:07:27] - 37
[2023-04-19 01:07:27] - 36
[2023-04-19 01:07:27] - 37
[2023-04-19 01:07:27] - 36
[2023-04-19 01:07:27] - 37
[2023-04-19 01:07:27] - 36
[2023-04-19 01:07:27] - 37
[2023-04-19 01:07:27] - 36
[2023-04-19 01:07:27] - 37
[2023-04-19 01:07:27] - 36
[2023-04-19 01:07:27] - 37
[2023-04-19 01:07:27] - 36
[2023-04-19 01:07:27] - 37
[2023-04-19 01:07:27] - 36
[2023-04-19 01:07:27] - 37
[2023-04-19 01:07:27] - 36
[2023-04-19 01:07:27] - 37
[2023-04-19 01:07:27] - 36
[2023-04-19 01:07:27] - 37
[2023-04-19 01:07:27] - 36
[2023-04-19 01:07:27] - 37
[2023-04-19 01:07:27] - 36
[2023-04-19 01:07:27] - 37
[2023-04-19 01:07:27] - 36
[2023-04-19 01:07:27] - 37
[2023-04-19 01:07:27] - 36
[2023-04-19 01:07:27] - 37
[2023-04-19 01:07:27] - 36
[2023-04-19 01:07:27] - 37
[2023-04-19 01:07:27] - 36
[2023-04-19 01:07:27] - 37
[2023-04-19 01:07:27] - 36
[2023-04-19 01:07:27] - 37
[2023-04-19 01:07:27] - 36
[2023-04-19 01:07:27] - 37
[2023-04-19 01:07:27] - 36
[2023-04-19 01:07:27] - 37
[2023-04-19 01:07:27] - 36
[2023-04-19 01:07:28] - 37
[2023-04-19 01:07:28] - 36
[2023-04-19 01:07:28] - 37
[2023-04-19 01:07:28] - 36
[2023-04-19 01:07:28] - 37
[2023-04-19 01:07:28] - 38
[2023-04-19 01:07:28] - 37
[2023-04-19 01:07:28] - 38
[2023-04-19 01:07:28] - 37
[2023-04-19 01:07:28] - 38
[2023-04-19 01:07:28] - 37
[2023-04-19 01:07:28] - 38
[2023-04-19 01:07:28] - 37
[2023-04-19 01:07:28] - 38
[2023-04-19 01:07:28] - 37
[2023-04-19 01:07:28] - 38
[2023-04-19 01:07:28] - 37
[2023-04-19 01:07:28] - 38
[2023-04-19 01:07:28] - 37
[2023-04-19 01:07:28] - 38
[2023-04-19 01:07:28] - 37
[2023-04-19 01:07:28] - 38
[2023-04-19 01:07:28] - 37
[2023-04-19 01:07:28] - 38
[2023-04-19 01:07:28] - 37
[2023-04-19 01:07:28] - 38
[2023-04-19 01:07:28] - 37
[2023-04-19 01:07:28] - 38
[2023-04-19 01:07:28] - 37
[2023-04-19 01:07:28] - 38
[2023-04-19 01:07:28] - 37
[2023-04-19 01:07:28] - 38
[2023-04-19 01:07:28] - 37
[2023-04-19 01:07:28] - 38
[2023-04-19 01:07:28] - 37
[2023-04-19 01:07:28] - 38
[2023-04-19 01:07:28] - 37
[2023-04-19 01:07:28] - 38
[2023-04-19 01:07:28] - 37
[2023-04-19 01:07:28] - 38
[2023-04-19 01:07:28] - 37
[2023-04-19 01:07:28] - 38
[2023-04-19 01:07:28] - 37
[2023-04-19 01:07:28] - 38
[2023-04-19 01:07:28] - 37
[2023-04-19 01:07:28] - 38
[2023-04-19 01:07:28] - 39
[2023-04-19 01:07:28] - 38
[2023-04-19 01:07:28] - 39
[2023-04-19 01:07:28] - 38
[2023-04-19 01:07:28] - 39
[2023-04-19 01:07:28] - 38
[2023-04-19 01:07:28] - 39
[2023-04-19 01:07:28] - 38
[2023-04-19 01:07:28] - 39
[2023-04-19 01:07:28] - 38
[2023-04-19 01:07:28] - 39
[2023-04-19 01:07:28] - 38
[2023-04-19 01:07:28] - 39
[2023-04-19 01:07:28] - 38
[2023-04-19 01:07:28] - 39
[2023-04-19 01:07:28] - 38
[2023-04-19 01:07:28] - 39
[2023-04-19 01:07:28] - 38
[2023-04-19 01:07:28] - 39
[2023-04-19 01:07:28] - 38
[2023-04-19 01:07:28] - 39
[2023-04-19 01:07:28] - 38
[2023-04-19 01:07:28] - 39
[2023-04-19 01:07:28] - 38
[2023-04-19 01:07:28] - 39
[2023-04-19 01:07:28] - 38
[2023-04-19 01:07:28] - 39
[2023-04-19 01:07:28] - 40
[2023-04-19 01:07:28] - 39
[2023-04-19 01:07:28] - 40
[2023-04-19 01:07:28] - 39
[2023-04-19 01:07:28] - 40
[2023-04-19 01:07:28] - 39
[2023-04-19 01:07:28] - 40
[2023-04-19 01:07:28] - 39
[2023-04-19 01:07:28] - 40
[2023-04-19 01:07:28] - 39
[2023-04-19 01:07:28] - 40
[2023-04-19 01:07:28] - 41
[2023-04-19 01:07:28] - 40
[2023-04-19 01:07:28] - 41
[2023-04-19 01:07:28] - 40
[2023-04-19 01:07:28] - 41
[2023-04-19 01:07:28] - 40
[2023-04-19 01:07:28] - 41
[2023-04-19 01:07:28] - 40
[2023-04-19 01:07:28] - 41
[2023-04-19 01:07:28] - 40
[2023-04-19 01:07:28] - 41
[2023-04-19 01:07:28] - 40
[2023-04-19 01:07:28] - 41
[2023-04-19 01:07:28] - 40
[2023-04-19 01:07:28] - 41
[2023-04-19 01:07:28] - 40
[2023-04-19 01:07:28] - 41
[2023-04-19 01:07:28] - 40
[2023-04-19 01:07:28] - 41
[2023-04-19 01:07:28] - 40
[2023-04-19 01:07:28] - 41
[2023-04-19 01:07:28] - 40
[2023-04-19 01:07:28] - 41
[2023-04-19 01:07:28] - 40
[2023-04-19 01:07:28] - 41
[2023-04-19 01:07:28] - 40
[2023-04-19 01:07:28] - 41
[2023-04-19 01:07:28] - 40
[2023-04-19 01:07:28] - 41
[2023-04-19 01:07:28] - 40
[2023-04-19 01:07:28] - 41
[2023-04-19 01:07:28] - 40
[2023-04-19 01:07:28] - 41
[2023-04-19 01:07:28] - 40
[2023-04-19 01:07:28] - 41
[2023-04-19 01:07:28] - 40
[2023-04-19 01:07:28] - 41
[2023-04-19 01:07:28] - 42
[2023-04-19 01:07:28] - 41
[2023-04-19 01:07:28] - 42
[2023-04-19 01:07:28] - 41
[2023-04-19 01:07:28] - 42
[2023-04-19 01:07:28] - 41
[2023-04-19 01:07:28] - 42
[2023-04-19 01:07:28] - 41
[2023-04-19 01:07:28] - 42
[2023-04-19 01:07:28] - 41
[2023-04-19 01:07:28] - 42
[2023-04-19 01:07:28] - 41
[2023-04-19 01:07:28] - 42
[2023-04-19 01:07:28] - 41
[2023-04-19 01:07:28] - 42
[2023-04-19 01:07:28] - 41
[2023-04-19 01:07:28] - 42
[2023-04-19 01:07:28] - 41
[2023-04-19 01:07:28] - 42
[2023-04-19 01:07:28] - 41
[2023-04-19 01:07:28] - 42
[2023-04-19 01:07:28] - 41
[2023-04-19 01:07:28] - 42
[2023-04-19 01:07:28] - 41
[2023-04-19 01:07:28] - 42
[2023-04-19 01:07:28] - 41
[2023-04-19 01:07:28] - 42
[2023-04-19 01:07:28] - 41
[2023-04-19 01:07:28] - 42
[2023-04-19 01:07:28] - 41
[2023-04-19 01:07:28] - 42
[2023-04-19 01:07:28] - 43
[2023-04-19 01:07:28] - 42
[2023-04-19 01:07:28] - 43
[2023-04-19 01:07:28] - 42
[2023-04-19 01:07:28] - 43
[2023-04-19 01:07:28] - 42
[2023-04-19 01:07:28] - 43
[2023-04-19 01:07:28] - 42
[2023-04-19 01:07:28] - 43
[2023-04-19 01:07:28] - 42
[2023-04-19 01:07:28] - 43
[2023-04-19 01:07:28] - 42
[2023-04-19 01:07:28] - 43
[2023-04-19 01:07:28] - 42
[2023-04-19 01:07:28] - 43
[2023-04-19 01:07:28] - 42
[2023-04-19 01:07:28] - 43
[2023-04-19 01:07:28] - 42
[2023-04-19 01:07:28] - 43
[2023-04-19 01:07:28] - 42
[2023-04-19 01:07:28] - 43
[2023-04-19 01:07:28] - 42
[2023-04-19 01:07:28] - 43
[2023-04-19 01:07:28] - 42
[2023-04-19 01:07:28] - 43
[2023-04-19 01:07:28] - 44
[2023-04-19 01:07:28] - 43
[2023-04-19 01:07:28] - 44
[2023-04-19 01:07:28] - 45
[2023-04-19 01:07:28] - 44
[2023-04-19 01:07:28] - 45
[2023-04-19 01:07:28] - 44
[2023-04-19 01:07:28] - 45
[2023-04-19 01:07:28] - 46
[2023-04-19 01:07:28] - 45
[2023-04-19 01:07:28] - 46
[2023-04-19 01:07:28] - 45
[2023-04-19 01:07:28] - 46
[2023-04-19 01:07:28] - 45
[2023-04-19 01:07:28] - 46
[2023-04-19 01:07:28] - 45
[2023-04-19 01:07:28] - 46
[2023-04-19 01:07:28] - 45
[2023-04-19 01:07:28] - 46
[2023-04-19 01:07:28] - 45
[2023-04-19 01:07:28] - 46
[2023-04-19 01:07:28] - 45
[2023-04-19 01:07:28] - 46
[2023-04-19 01:07:28] - 45
[2023-04-19 01:07:28] - 46
[2023-04-19 01:07:28] - 45
[2023-04-19 01:07:28] - 46
[2023-04-19 01:07:28] - 45
[2023-04-19 01:07:28] - 46
[2023-04-19 01:07:28] - 45
[2023-04-19 01:07:28] - 46
[2023-04-19 01:07:28] - 45
[2023-04-19 01:07:28] - 46
[2023-04-19 01:07:28] - 45
[2023-04-19 01:07:28] - 46
[2023-04-19 01:07:28] - 45
[2023-04-19 01:07:28] - 46
[2023-04-19 01:07:28] - 45
[2023-04-19 01:07:28] - 46
[2023-04-19 01:07:28] - 45
[2023-04-19 01:07:28] - 46
[2023-04-19 01:07:28] - 45
[2023-04-19 01:07:28] - 46
[2023-04-19 01:07:28] - 45
[2023-04-19 01:07:28] - 46
[2023-04-19 01:07:28] - 45
[2023-04-19 01:07:28] - 46
[2023-04-19 01:07:28] - 45
[2023-04-19 01:07:28] - 46
[2023-04-19 01:07:28] - 45
[2023-04-19 01:07:28] - 46
[2023-04-19 01:07:28] - 45
[2023-04-19 01:07:28] - 46
[2023-04-19 01:07:28] - 45
[2023-04-19 01:07:28] - 46
[2023-04-19 01:07:28] - 45
[2023-04-19 01:07:28] - 46
[2023-04-19 01:07:28] - 45
[2023-04-19 01:07:28] - 46
[2023-04-19 01:07:28] - 45
[2023-04-19 01:07:28] - 46
[2023-04-19 01:07:28] - 45
[2023-04-19 01:07:28] - 46
[2023-04-19 01:07:28] - 45
[2023-04-19 01:07:28] - 46
[2023-04-19 01:07:28] - 45
[2023-04-19 01:07:28] - 46
[2023-04-19 01:07:28] - 45
[2023-04-19 01:07:28] - 46
[2023-04-19 01:07:28] - 45
[2023-04-19 01:07:28] - 46
[2023-04-19 01:07:28] - 45
[2023-04-19 01:07:28] - 46
[2023-04-19 01:07:28] - 45
[2023-04-19 01:07:28] - 46
[2023-04-19 01:07:28] - 45
[2023-04-19 01:07:28] - 46
[2023-04-19 01:07:28] - 45
[2023-04-19 01:07:28] - 46
[2023-04-19 01:07:28] - 45
[2023-04-19 01:07:28] - 46
[2023-04-19 01:07:28] - 45
[2023-04-19 01:07:28] - 46
[2023-04-19 01:07:28] - 45
[2023-04-19 01:07:28] - 46
[2023-04-19 01:07:28] - 45
[2023-04-19 01:07:28] - 46
[2023-04-19 01:07:28] - 45
[2023-04-19 01:07:28] - 46
[2023-04-19 01:07:28] - 45
[2023-04-19 01:07:28] - 46
[2023-04-19 01:07:28] - 45
[2023-04-19 01:07:28] - 46
[2023-04-19 01:07:28] - 47
[2023-04-19 01:07:28] - 46
[2023-04-19 01:07:28] - 47
[2023-04-19 01:07:28] - 46
[2023-04-19 01:07:28] - 47
[2023-04-19 01:07:28] - 46
[2023-04-19 01:07:28] - 47
[2023-04-19 01:07:28] - 46
[2023-04-19 01:07:28] - 47
[2023-04-19 01:07:28] - 46
