[2023-04-26 12:31:56] - Arguments: Namespace(beta=0.05, column_number=1, data_size=100, dataset_path='./data/adult.csv', delta=0.1, domain_path='./data/adult-domain.json', dynamic_size=32, epsilon=1.0, iteration=100, query_size=20, sparse_ratio=10)
[2023-04-26 12:31:56] - ******** Initialization ********
[2023-04-26 12:31:56] - Data sparsification complete
[2023-04-26 12:31:56] - Data information: {'age': 85, 'workclass': 9, 'fnlwgt': 100, 'education-num': 16, 'marital-status': 7, 'occupation': 15, 'relationship': 6, 'race': 5, 'sex': 2, 'capital-gain': 100, 'capital-loss': 100, 'hours-per-week': 99, 'native-country': 42, 'income>50K': 2}
[2023-04-26 12:31:56] - Query instance consist of clique: ['age']
[2023-04-26 12:31:56] - query_instance.length_size[age]: {8: 2, 12: 3, 13: 4, 15: 5, 16: 6, 23: 7, 25: 8, 28: 9, 42: 10, 45: 11, 49: 12, 51: 14, 58: 15, 63: 16, 66: 17, 68: 18, 69: 19, 78: 20}
[2023-04-26 12:31:56] - for query with length 8:
[2023-04-26 12:31:56] - query parameters is with bounds: [[26, 33], [4, 11]]
[2023-04-26 12:31:56] - for query with length 12:
[2023-04-26 12:31:56] - query parameters is with bounds: [[16, 27]]
[2023-04-26 12:31:56] - for query with length 13:
[2023-04-26 12:31:56] - query parameters is with bounds: [[31, 43]]
[2023-04-26 12:31:56] - for query with length 15:
[2023-04-26 12:31:56] - query parameters is with bounds: [[1, 15]]
[2023-04-26 12:31:56] - for query with length 16:
[2023-04-26 12:31:56] - query parameters is with bounds: [[52, 67]]
[2023-04-26 12:31:56] - for query with length 23:
[2023-04-26 12:31:56] - query parameters is with bounds: [[5, 27]]
[2023-04-26 12:31:56] - for query with length 25:
[2023-04-26 12:31:56] - query parameters is with bounds: [[60, 84]]
[2023-04-26 12:31:56] - for query with length 28:
[2023-04-26 12:31:56] - query parameters is with bounds: [[37, 64]]
[2023-04-26 12:31:56] - for query with length 42:
[2023-04-26 12:31:56] - query parameters is with bounds: [[43, 84]]
[2023-04-26 12:31:56] - for query with length 45:
[2023-04-26 12:31:56] - query parameters is with bounds: [[1, 45]]
[2023-04-26 12:31:56] - for query with length 49:
[2023-04-26 12:31:56] - query parameters is with bounds: [[11, 59]]
[2023-04-26 12:31:56] - for query with length 51:
[2023-04-26 12:31:56] - query parameters is with bounds: [[1, 51], [12, 62]]
[2023-04-26 12:31:56] - for query with length 58:
[2023-04-26 12:31:56] - query parameters is with bounds: [[5, 62]]
[2023-04-26 12:31:56] - for query with length 63:
[2023-04-26 12:31:56] - query parameters is with bounds: [[2, 64]]
[2023-04-26 12:31:56] - for query with length 66:
[2023-04-26 12:31:56] - query parameters is with bounds: [[10, 75]]
[2023-04-26 12:31:56] - for query with length 68:
[2023-04-26 12:31:56] - query parameters is with bounds: [[0, 67]]
[2023-04-26 12:31:56] - for query with length 69:
[2023-04-26 12:31:56] - query parameters is with bounds: [[8, 76]]
[2023-04-26 12:31:56] - for query with length 78:
[2023-04-26 12:31:56] - query parameters is with bounds: [[5, 82]]
[2023-04-26 12:31:56] - ******** Create Dynamic Tree ********
[2023-04-26 12:31:56] - The dynamic interval tree consists of nodes: [
-------- Node index: 1 --------
height: 0, sj: 2, 
right_ancestor_index: 2, left_ancestor_index: None, right_child: None, left_child: None, 
df size: 2, delete_df size: 0
-----------------------------------, 
-------- Node index: 2 --------
height: 1, sj: 4, 
right_ancestor_index: 4, left_ancestor_index: None, right_child: 3, left_child: 1, 
df size: 4, delete_df size: 0
-----------------------------------, 
-------- Node index: 3 --------
height: 0, sj: 16, 
right_ancestor_index: None, left_ancestor_index: 2, right_child: None, left_child: None, 
df size: 12, delete_df size: 0
-----------------------------------, 
-------- Node index: 4 --------
height: 2, sj: 137, 
right_ancestor_index: 8, left_ancestor_index: None, right_child: 6, left_child: 2, 
df size: 31, delete_df size: 53
-----------------------------------, 
-------- Node index: 5 --------
height: 0, sj: 167, 
right_ancestor_index: 6, left_ancestor_index: None, right_child: None, left_child: None, 
df size: 14, delete_df size: 15
-----------------------------------]
[2023-04-26 12:31:56] - The insertion tree consists of nodes: [
-------- Node index: 1 --------
height: 0, sj: 2, 
right_ancestor_index: 2, left_ancestor_index: None, right_child: None, left_child: None, 
df size: 2, delete_df size: 0
-----------------------------------, 
-------- Node index: 2 --------
height: 1, sj: 4, 
right_ancestor_index: 4, left_ancestor_index: None, right_child: 3, left_child: 1, 
df size: 4, delete_df size: 0
-----------------------------------, 
-------- Node index: 3 --------
height: 0, sj: 16, 
right_ancestor_index: None, left_ancestor_index: 2, right_child: None, left_child: None, 
df size: 12, delete_df size: 0
-----------------------------------, 
-------- Node index: 4 --------
height: 2, sj: 137, 
right_ancestor_index: 8, left_ancestor_index: None, right_child: 6, left_child: 2, 
df size: 84, delete_df size: 0
-----------------------------------, 
-------- Node index: 5 --------
height: 0, sj: 167, 
right_ancestor_index: 6, left_ancestor_index: None, right_child: None, left_child: None, 
df size: 15, delete_df size: 0
-----------------------------------] 
[2023-04-26 12:31:56] - The deletion tree consists of nodes: [
-------- Node index: 1 --------
height: 0, sj: 2, 
right_ancestor_index: 2, left_ancestor_index: None, right_child: None, left_child: None, 
df size: 0, delete_df size: 0
-----------------------------------, 
-------- Node index: 2 --------
height: 1, sj: 4, 
right_ancestor_index: 4, left_ancestor_index: None, right_child: 3, left_child: 1, 
df size: 0, delete_df size: 0
-----------------------------------, 
-------- Node index: 3 --------
height: 0, sj: 16, 
right_ancestor_index: None, left_ancestor_index: 2, right_child: None, left_child: None, 
df size: 0, delete_df size: 0
-----------------------------------, 
-------- Node index: 4 --------
height: 2, sj: 137, 
right_ancestor_index: 8, left_ancestor_index: None, right_child: 6, left_child: 2, 
df size: 53, delete_df size: 0
-----------------------------------, 
-------- Node index: 5 --------
height: 0, sj: 167, 
right_ancestor_index: 6, left_ancestor_index: None, right_child: None, left_child: None, 
df size: 15, delete_df size: 0
-----------------------------------] 
[2023-04-26 12:31:56] - Infinite Private Partitioning: s0: 0, j: 5, T: 18769, beta: 2.883135391252616e-07, C: 179.14628412581604, epsilon: 1.0, 
 segment: [0, 2, 4, 16, 137, 167]
[2023-04-26 12:31:56] - ******** Testing Started ********
[2023-04-26 12:31:56] - ++++++++ Testing on node 1 Started ++++++++
[2023-04-26 12:31:56] - At node with index 1, we implement queries on cliques dict_keys(['age']):
[2023-04-26 12:31:57] - -------- New Mechanism: Testing on node 1 started --------
[2023-04-26 12:31:57] - Passed node 1, gives answer: 
[0 0 0 0 0 3 0 0 3 3 0 3 0 3 3 3 3 3 3 3]
[2023-04-26 12:31:57] - -------- New Mechanism: Testing on node 1 finished --------
[2023-04-26 12:31:57] - The testing is implemented at age
[2023-04-26 12:31:57] - Ground truth: gives answer
[2023-04-26 12:31:57] - output_answer:
[0 0 1 1 0 0 1 0 0 0 2 2 2 2 2 2 2 2 2 2]
[2023-04-26 12:31:57] - Range size 8, answer [0 0]:
[2023-04-26 12:31:57] - Range size 12, answer [1]:
[2023-04-26 12:31:57] - Range size 13, answer [1]:
[2023-04-26 12:31:57] - Range size 15, answer [0]:
[2023-04-26 12:31:57] - Range size 16, answer [0]:
[2023-04-26 12:31:57] - Range size 23, answer [1]:
[2023-04-26 12:31:57] - Range size 25, answer [0]:
[2023-04-26 12:31:57] - Range size 28, answer [0]:
[2023-04-26 12:31:57] - Range size 42, answer [0]:
[2023-04-26 12:31:57] - Range size 45, answer [2]:
[2023-04-26 12:31:57] - Range size 49, answer [2]:
[2023-04-26 12:31:57] - Range size 51, answer [2 2]:
[2023-04-26 12:31:57] - Range size 58, answer [2]:
[2023-04-26 12:31:57] - Range size 63, answer [2]:
[2023-04-26 12:31:57] - Range size 66, answer [2]:
[2023-04-26 12:31:57] - Range size 68, answer [2]:
[2023-04-26 12:31:57] - Range size 69, answer [2]:
[2023-04-26 12:31:57] - Range size 78, answer [2]:
[2023-04-26 12:31:57] - Golden standard: gives answer
[2023-04-26 12:31:57] - output_answer:
[0 0 0 0 0 0 0 0 3 3 0 3 3 3 3 3 3 3 3 3]
[2023-04-26 12:31:57] - Range size 8, answer [0 0]:
[2023-04-26 12:31:57] - Range size 12, answer [0]:
[2023-04-26 12:31:57] - Range size 13, answer [0]:
[2023-04-26 12:31:57] - Range size 15, answer [0]:
[2023-04-26 12:31:57] - Range size 16, answer [0]:
[2023-04-26 12:31:57] - Range size 23, answer [0]:
[2023-04-26 12:31:57] - Range size 25, answer [0]:
[2023-04-26 12:31:57] - Range size 28, answer [3]:
[2023-04-26 12:31:57] - Range size 42, answer [3]:
[2023-04-26 12:31:57] - Range size 45, answer [0]:
[2023-04-26 12:31:57] - Range size 49, answer [3]:
[2023-04-26 12:31:57] - Range size 51, answer [3 3]:
[2023-04-26 12:31:57] - Range size 58, answer [3]:
[2023-04-26 12:31:57] - Range size 63, answer [3]:
[2023-04-26 12:31:57] - Range size 66, answer [3]:
[2023-04-26 12:31:57] - Range size 68, answer [3]:
[2023-04-26 12:31:57] - Range size 69, answer [3]:
[2023-04-26 12:31:57] - Range size 78, answer [3]:
[2023-04-26 12:31:57] - Mechanism: gives answer
[2023-04-26 12:31:57] - output_answer:
[0 0 0 0 0 3 0 0 3 3 0 3 0 3 3 3 3 3 3 3]
[2023-04-26 12:31:57] - Range size 8, answer [0 0]:
[2023-04-26 12:31:57] - Range size 12, answer [0]:
[2023-04-26 12:31:57] - Range size 13, answer [0]:
[2023-04-26 12:31:57] - Range size 15, answer [0]:
[2023-04-26 12:31:57] - Range size 16, answer [3]:
[2023-04-26 12:31:57] - Range size 23, answer [0]:
[2023-04-26 12:31:57] - Range size 25, answer [0]:
[2023-04-26 12:31:57] - Range size 28, answer [3]:
[2023-04-26 12:31:57] - Range size 42, answer [3]:
[2023-04-26 12:31:57] - Range size 45, answer [0]:
[2023-04-26 12:31:57] - Range size 49, answer [3]:
[2023-04-26 12:31:57] - Range size 51, answer [0 3]:
[2023-04-26 12:31:57] - Range size 58, answer [3]:
[2023-04-26 12:31:57] - Range size 63, answer [3]:
[2023-04-26 12:31:57] - Range size 66, answer [3]:
[2023-04-26 12:31:57] - Range size 68, answer [3]:
[2023-04-26 12:31:57] - Range size 69, answer [3]:
[2023-04-26 12:31:57] - Range size 78, answer [3]:
[2023-04-26 12:31:57] - Mean Square Error of ground truth and golden standard: 1.7
[2023-04-26 12:31:57] - Mean Square Error of ground truth and mechanism: 2.3
[2023-04-26 12:31:57] - Mean Square Error of golden standard and mechanism: 0.9
[2023-04-26 12:31:57] - Measurement3: golden_standard and mechanism
0.0
[2023-04-26 12:31:57] - ++++++++ Testing on node 1 Finished ++++++++
[2023-04-26 12:31:57] - ++++++++ Testing on node 2 Started ++++++++
[2023-04-26 12:31:57] - At node with index 2, we implement queries on cliques dict_keys(['age']):
[2023-04-26 12:31:58] - -------- New Mechanism: Testing on node 2 started --------
[2023-04-26 12:31:58] - Passed node 2, gives answer: 
[0 0 0 0 0 5 0 0 5 5 0 5 0 5 5 5 5 5 5 5]
[2023-04-26 12:31:58] - -------- New Mechanism: Testing on node 2 finished --------
[2023-04-26 12:31:58] - The testing is implemented at age
[2023-04-26 12:31:58] - Ground truth: gives answer
[2023-04-26 12:31:58] - output_answer:
[0 0 2 2 0 0 2 0 1 0 4 4 4 4 4 4 4 4 4 4]
[2023-04-26 12:31:58] - Range size 8, answer [0 0]:
[2023-04-26 12:31:58] - Range size 12, answer [2]:
[2023-04-26 12:31:58] - Range size 13, answer [2]:
[2023-04-26 12:31:58] - Range size 15, answer [0]:
[2023-04-26 12:31:58] - Range size 16, answer [0]:
[2023-04-26 12:31:58] - Range size 23, answer [2]:
[2023-04-26 12:31:58] - Range size 25, answer [0]:
[2023-04-26 12:31:58] - Range size 28, answer [1]:
[2023-04-26 12:31:58] - Range size 42, answer [0]:
[2023-04-26 12:31:58] - Range size 45, answer [4]:
[2023-04-26 12:31:58] - Range size 49, answer [4]:
[2023-04-26 12:31:58] - Range size 51, answer [4 4]:
[2023-04-26 12:31:58] - Range size 58, answer [4]:
[2023-04-26 12:31:58] - Range size 63, answer [4]:
[2023-04-26 12:31:58] - Range size 66, answer [4]:
[2023-04-26 12:31:58] - Range size 68, answer [4]:
[2023-04-26 12:31:58] - Range size 69, answer [4]:
[2023-04-26 12:31:58] - Range size 78, answer [4]:
[2023-04-26 12:31:58] - Golden standard: gives answer
[2023-04-26 12:31:58] - output_answer:
[0 0 0 0 0 4 0 0 4 4 0 4 0 4 4 4 4 5 4 4]
[2023-04-26 12:31:58] - Range size 8, answer [0 0]:
[2023-04-26 12:31:58] - Range size 12, answer [0]:
[2023-04-26 12:31:58] - Range size 13, answer [0]:
[2023-04-26 12:31:58] - Range size 15, answer [0]:
[2023-04-26 12:31:58] - Range size 16, answer [4]:
[2023-04-26 12:31:58] - Range size 23, answer [0]:
[2023-04-26 12:31:58] - Range size 25, answer [0]:
[2023-04-26 12:31:58] - Range size 28, answer [4]:
[2023-04-26 12:31:58] - Range size 42, answer [4]:
[2023-04-26 12:31:58] - Range size 45, answer [0]:
[2023-04-26 12:31:58] - Range size 49, answer [4]:
[2023-04-26 12:31:58] - Range size 51, answer [0 4]:
[2023-04-26 12:31:58] - Range size 58, answer [4]:
[2023-04-26 12:31:58] - Range size 63, answer [4]:
[2023-04-26 12:31:58] - Range size 66, answer [4]:
[2023-04-26 12:31:58] - Range size 68, answer [5]:
[2023-04-26 12:31:58] - Range size 69, answer [4]:
[2023-04-26 12:31:58] - Range size 78, answer [4]:
[2023-04-26 12:31:58] - Mechanism: gives answer
[2023-04-26 12:31:58] - output_answer:
[0 0 0 0 0 5 0 0 5 5 0 5 0 5 5 5 5 5 5 5]
[2023-04-26 12:31:58] - Range size 8, answer [0 0]:
[2023-04-26 12:31:58] - Range size 12, answer [0]:
[2023-04-26 12:31:58] - Range size 13, answer [0]:
[2023-04-26 12:31:58] - Range size 15, answer [0]:
[2023-04-26 12:31:58] - Range size 16, answer [5]:
[2023-04-26 12:31:58] - Range size 23, answer [0]:
[2023-04-26 12:31:58] - Range size 25, answer [0]:
[2023-04-26 12:31:58] - Range size 28, answer [5]:
[2023-04-26 12:31:58] - Range size 42, answer [5]:
[2023-04-26 12:31:58] - Range size 45, answer [0]:
[2023-04-26 12:31:58] - Range size 49, answer [5]:
[2023-04-26 12:31:58] - Range size 51, answer [0 5]:
[2023-04-26 12:31:58] - Range size 58, answer [5]:
[2023-04-26 12:31:58] - Range size 63, answer [5]:
[2023-04-26 12:31:58] - Range size 66, answer [5]:
[2023-04-26 12:31:58] - Range size 68, answer [5]:
[2023-04-26 12:31:58] - Range size 69, answer [5]:
[2023-04-26 12:31:58] - Range size 78, answer [5]:
[2023-04-26 12:31:58] - Mean Square Error of ground truth and golden standard: 4.3
[2023-04-26 12:31:58] - Mean Square Error of ground truth and mechanism: 5.9
[2023-04-26 12:31:58] - Mean Square Error of golden standard and mechanism: 0.5
[2023-04-26 12:31:58] - Measurement3: golden_standard and mechanism
0.0
[2023-04-26 12:31:58] - ++++++++ Testing on node 2 Finished ++++++++
[2023-04-26 12:31:58] - ++++++++ Testing on node 3 Started ++++++++
[2023-04-26 12:31:58] - At node with index 3, we implement queries on cliques dict_keys(['age']):
[2023-04-26 12:31:59] - -------- New Mechanism: Testing on node 3 started --------
[2023-04-26 12:31:59] - Passed node 2, gives answer: 
[0 0 0 5 0 0 0 0 5 0 5 5 5 5 5 5 5 5 5 5]
[2023-04-26 12:32:00] - Passed node 3, gives answer: 
[ 0  0  0  0  0 12  0 12 13 13  0  1  1 13 13 13 13 13 13 13]
[2023-04-26 12:32:00] - -------- New Mechanism: Testing on node 3 finished --------
[2023-04-26 12:32:00] - The testing is implemented at age
[2023-04-26 12:32:00] - Ground truth: gives answer
[2023-04-26 12:32:00] - output_answer:
[ 2  1  8  4  4  0 12  0  1  0 16 15 16 15 16 16 15 16 15 16]
[2023-04-26 12:32:00] - Range size 8, answer [2 1]:
[2023-04-26 12:32:00] - Range size 12, answer [8]:
[2023-04-26 12:32:00] - Range size 13, answer [4]:
[2023-04-26 12:32:00] - Range size 15, answer [4]:
[2023-04-26 12:32:00] - Range size 16, answer [0]:
[2023-04-26 12:32:00] - Range size 23, answer [12]:
[2023-04-26 12:32:00] - Range size 25, answer [0]:
[2023-04-26 12:32:00] - Range size 28, answer [1]:
[2023-04-26 12:32:00] - Range size 42, answer [0]:
[2023-04-26 12:32:00] - Range size 45, answer [16]:
[2023-04-26 12:32:00] - Range size 49, answer [15]:
[2023-04-26 12:32:00] - Range size 51, answer [16 15]:
[2023-04-26 12:32:00] - Range size 58, answer [16]:
[2023-04-26 12:32:00] - Range size 63, answer [16]:
[2023-04-26 12:32:00] - Range size 66, answer [15]:
[2023-04-26 12:32:00] - Range size 68, answer [16]:
[2023-04-26 12:32:00] - Range size 69, answer [15]:
[2023-04-26 12:32:00] - Range size 78, answer [16]:
[2023-04-26 12:32:00] - Golden standard: gives answer
[2023-04-26 12:32:00] - output_answer:
[ 0  0  4  7  2  3  6  4  5  6 13 13 13 16 16 16 16 16 16 17]
[2023-04-26 12:32:00] - Range size 8, answer [0 0]:
[2023-04-26 12:32:00] - Range size 12, answer [4]:
[2023-04-26 12:32:00] - Range size 13, answer [7]:
[2023-04-26 12:32:00] - Range size 15, answer [2]:
[2023-04-26 12:32:00] - Range size 16, answer [3]:
[2023-04-26 12:32:00] - Range size 23, answer [6]:
[2023-04-26 12:32:00] - Range size 25, answer [4]:
[2023-04-26 12:32:00] - Range size 28, answer [5]:
[2023-04-26 12:32:00] - Range size 42, answer [6]:
[2023-04-26 12:32:00] - Range size 45, answer [13]:
[2023-04-26 12:32:00] - Range size 49, answer [13]:
[2023-04-26 12:32:00] - Range size 51, answer [13 16]:
[2023-04-26 12:32:00] - Range size 58, answer [16]:
[2023-04-26 12:32:00] - Range size 63, answer [16]:
[2023-04-26 12:32:00] - Range size 66, answer [16]:
[2023-04-26 12:32:00] - Range size 68, answer [16]:
[2023-04-26 12:32:00] - Range size 69, answer [16]:
[2023-04-26 12:32:00] - Range size 78, answer [17]:
[2023-04-26 12:32:00] - Mechanism: gives answer
[2023-04-26 12:32:00] - output_answer:
[ 0  0  0  5  0 12  0 12 18 13  5  6  6 18 18 18 18 18 18 18]
[2023-04-26 12:32:00] - Range size 8, answer [0 0]:
[2023-04-26 12:32:00] - Range size 12, answer [0]:
[2023-04-26 12:32:00] - Range size 13, answer [5]:
[2023-04-26 12:32:00] - Range size 15, answer [0]:
[2023-04-26 12:32:00] - Range size 16, answer [12]:
[2023-04-26 12:32:00] - Range size 23, answer [0]:
[2023-04-26 12:32:00] - Range size 25, answer [12]:
[2023-04-26 12:32:00] - Range size 28, answer [18]:
[2023-04-26 12:32:00] - Range size 42, answer [13]:
[2023-04-26 12:32:00] - Range size 45, answer [5]:
[2023-04-26 12:32:00] - Range size 49, answer [6]:
[2023-04-26 12:32:00] - Range size 51, answer [ 6 18]:
[2023-04-26 12:32:00] - Range size 58, answer [18]:
[2023-04-26 12:32:00] - Range size 63, answer [18]:
[2023-04-26 12:32:00] - Range size 66, answer [18]:
[2023-04-26 12:32:00] - Range size 68, answer [18]:
[2023-04-26 12:32:00] - Range size 69, answer [18]:
[2023-04-26 12:32:00] - Range size 78, answer [18]:
[2023-04-26 12:32:00] - Mean Square Error of ground truth and golden standard: 8.65
[2023-04-26 12:32:00] - Mean Square Error of ground truth and mechanism: 66.05
[2023-04-26 12:32:00] - Mean Square Error of golden standard and mechanism: 30.5
[2023-04-26 12:32:00] - Measurement3: golden_standard and mechanism
0.0
[2023-04-26 12:32:00] - ++++++++ Testing on node 3 Finished ++++++++
[2023-04-26 12:32:00] - ++++++++ Testing on node 4 Started ++++++++
[2023-04-26 12:32:00] - At node with index 4, we implement queries on cliques dict_keys(['age']):
[2023-04-26 12:32:00] - -------- New Mechanism: Testing on node 4 started --------
[2023-04-26 12:32:01] - Passed node 4, gives answer: 
[ 1  4  0  1  6 22  6 23 15 24  8  5  8  5  9 22 30 30 30 32]
[2023-04-26 12:32:01] - -------- New Mechanism: Testing on node 4 finished --------
[2023-04-26 12:32:01] - The testing is implemented at age
[2023-04-26 12:32:01] - Ground truth: gives answer
[2023-04-26 12:32:01] - output_answer:
[ 5  4  6  8 15  1 17  1  3  2 30 23 30 22 26 31 24 31 26 27]
[2023-04-26 12:32:01] - Range size 8, answer [5 4]:
[2023-04-26 12:32:01] - Range size 12, answer [6]:
[2023-04-26 12:32:01] - Range size 13, answer [8]:
[2023-04-26 12:32:01] - Range size 15, answer [15]:
[2023-04-26 12:32:01] - Range size 16, answer [1]:
[2023-04-26 12:32:01] - Range size 23, answer [17]:
[2023-04-26 12:32:01] - Range size 25, answer [1]:
[2023-04-26 12:32:01] - Range size 28, answer [3]:
[2023-04-26 12:32:01] - Range size 42, answer [2]:
[2023-04-26 12:32:01] - Range size 45, answer [30]:
[2023-04-26 12:32:01] - Range size 49, answer [23]:
[2023-04-26 12:32:01] - Range size 51, answer [30 22]:
[2023-04-26 12:32:01] - Range size 58, answer [26]:
[2023-04-26 12:32:01] - Range size 63, answer [31]:
[2023-04-26 12:32:01] - Range size 66, answer [24]:
[2023-04-26 12:32:01] - Range size 68, answer [31]:
[2023-04-26 12:32:01] - Range size 69, answer [26]:
[2023-04-26 12:32:01] - Range size 78, answer [27]:
[2023-04-26 12:32:01] - Golden standard: gives answer
[2023-04-26 12:32:01] - output_answer:
[ 1  9  0  3 17  7 16  5 12 12 23 17 23 17 26 30 20 30 23 31]
[2023-04-26 12:32:01] - Range size 8, answer [1 9]:
[2023-04-26 12:32:01] - Range size 12, answer [0]:
[2023-04-26 12:32:01] - Range size 13, answer [3]:
[2023-04-26 12:32:01] - Range size 15, answer [17]:
[2023-04-26 12:32:01] - Range size 16, answer [7]:
[2023-04-26 12:32:01] - Range size 23, answer [16]:
[2023-04-26 12:32:01] - Range size 25, answer [5]:
[2023-04-26 12:32:01] - Range size 28, answer [12]:
[2023-04-26 12:32:01] - Range size 42, answer [12]:
[2023-04-26 12:32:01] - Range size 45, answer [23]:
[2023-04-26 12:32:01] - Range size 49, answer [17]:
[2023-04-26 12:32:01] - Range size 51, answer [23 17]:
[2023-04-26 12:32:01] - Range size 58, answer [26]:
[2023-04-26 12:32:01] - Range size 63, answer [30]:
[2023-04-26 12:32:01] - Range size 66, answer [20]:
[2023-04-26 12:32:01] - Range size 68, answer [30]:
[2023-04-26 12:32:01] - Range size 69, answer [23]:
[2023-04-26 12:32:01] - Range size 78, answer [31]:
[2023-04-26 12:32:01] - Mechanism: gives answer
[2023-04-26 12:32:01] - output_answer:
[ 1  4  0  1  6 22  6 23 15 24  8  5  8  5  9 22 30 30 30 32]
[2023-04-26 12:32:01] - Range size 8, answer [1 4]:
[2023-04-26 12:32:01] - Range size 12, answer [0]:
[2023-04-26 12:32:01] - Range size 13, answer [1]:
[2023-04-26 12:32:01] - Range size 15, answer [6]:
[2023-04-26 12:32:01] - Range size 16, answer [22]:
[2023-04-26 12:32:01] - Range size 23, answer [6]:
[2023-04-26 12:32:01] - Range size 25, answer [23]:
[2023-04-26 12:32:01] - Range size 28, answer [15]:
[2023-04-26 12:32:01] - Range size 42, answer [24]:
[2023-04-26 12:32:01] - Range size 45, answer [8]:
[2023-04-26 12:32:01] - Range size 49, answer [5]:
[2023-04-26 12:32:01] - Range size 51, answer [8 5]:
[2023-04-26 12:32:01] - Range size 58, answer [9]:
[2023-04-26 12:32:01] - Range size 63, answer [22]:
[2023-04-26 12:32:01] - Range size 66, answer [30]:
[2023-04-26 12:32:01] - Range size 68, answer [30]:
[2023-04-26 12:32:01] - Range size 69, answer [30]:
[2023-04-26 12:32:01] - Range size 78, answer [32]:
[2023-04-26 12:32:01] - Mean Square Error of ground truth and golden standard: 27.1
[2023-04-26 12:32:01] - Mean Square Error of ground truth and mechanism: 194.25
[2023-04-26 12:32:01] - Mean Square Error of golden standard and mechanism: 109.65
[2023-04-26 12:32:01] - Measurement3: golden_standard and mechanism
0.0
[2023-04-26 12:32:01] - ++++++++ Testing on node 4 Finished ++++++++
[2023-04-26 12:32:01] - ++++++++ Testing on node 1 Started ++++++++
[2023-04-26 12:32:01] - At node index 1 current size of dataset is: 2
[2023-04-26 12:32:01] - The testing is implemented at age
[2023-04-26 12:32:01] - Ground truth: gives answer
[2023-04-26 12:32:01] - output_answer:
[0 0 1 1 0 0 1 0 0 0 2 2 2 2 2 2 2 2 2 2]
[2023-04-26 12:32:01] - Range size 8, answer [0 0]:
[2023-04-26 12:32:01] - Range size 12, answer [1]:
[2023-04-26 12:32:01] - Range size 13, answer [1]:
[2023-04-26 12:32:01] - Range size 15, answer [0]:
[2023-04-26 12:32:01] - Range size 16, answer [0]:
[2023-04-26 12:32:01] - Range size 23, answer [1]:
[2023-04-26 12:32:01] - Range size 25, answer [0]:
[2023-04-26 12:32:01] - Range size 28, answer [0]:
[2023-04-26 12:32:01] - Range size 42, answer [0]:
[2023-04-26 12:32:01] - Range size 45, answer [2]:
[2023-04-26 12:32:01] - Range size 49, answer [2]:
[2023-04-26 12:32:01] - Range size 51, answer [2 2]:
[2023-04-26 12:32:01] - Range size 58, answer [2]:
[2023-04-26 12:32:01] - Range size 63, answer [2]:
[2023-04-26 12:32:01] - Range size 66, answer [2]:
[2023-04-26 12:32:01] - Range size 68, answer [2]:
[2023-04-26 12:32:01] - Range size 69, answer [2]:
[2023-04-26 12:32:01] - Range size 78, answer [2]:
[2023-04-26 12:32:01] - Mechanism: gives answer
[2023-04-26 12:32:01] - output_answer:
[1 2 0 0 2 0 2 0 0 0 3 3 3 1 3 3 3 3 3 3]
[2023-04-26 12:32:01] - Range size 8, answer [1 2]:
[2023-04-26 12:32:01] - Range size 12, answer [0]:
[2023-04-26 12:32:01] - Range size 13, answer [0]:
[2023-04-26 12:32:01] - Range size 15, answer [2]:
[2023-04-26 12:32:01] - Range size 16, answer [0]:
[2023-04-26 12:32:01] - Range size 23, answer [2]:
[2023-04-26 12:32:01] - Range size 25, answer [0]:
[2023-04-26 12:32:01] - Range size 28, answer [0]:
[2023-04-26 12:32:01] - Range size 42, answer [0]:
[2023-04-26 12:32:01] - Range size 45, answer [3]:
[2023-04-26 12:32:01] - Range size 49, answer [3]:
[2023-04-26 12:32:01] - Range size 51, answer [3 1]:
[2023-04-26 12:32:01] - Range size 58, answer [3]:
[2023-04-26 12:32:01] - Range size 63, answer [3]:
[2023-04-26 12:32:01] - Range size 66, answer [3]:
[2023-04-26 12:32:01] - Range size 68, answer [3]:
[2023-04-26 12:32:01] - Range size 69, answer [3]:
[2023-04-26 12:32:01] - Range size 78, answer [3]:
[2023-04-26 12:32:01] - ++++++++ Testing on node 1 Finished ++++++++
[2023-04-26 12:32:01] - ++++++++ Testing on node 2 Started ++++++++
[2023-04-26 12:32:01] - At node index 2 current size of dataset is: 4
[2023-04-26 12:32:02] - The testing is implemented at age
[2023-04-26 12:32:02] - Ground truth: gives answer
[2023-04-26 12:32:02] - output_answer:
[0 0 2 2 0 0 2 0 1 0 4 4 4 4 4 4 4 4 4 4]
[2023-04-26 12:32:02] - Range size 8, answer [0 0]:
[2023-04-26 12:32:02] - Range size 12, answer [2]:
[2023-04-26 12:32:02] - Range size 13, answer [2]:
[2023-04-26 12:32:02] - Range size 15, answer [0]:
[2023-04-26 12:32:02] - Range size 16, answer [0]:
[2023-04-26 12:32:02] - Range size 23, answer [2]:
[2023-04-26 12:32:02] - Range size 25, answer [0]:
[2023-04-26 12:32:02] - Range size 28, answer [1]:
[2023-04-26 12:32:02] - Range size 42, answer [0]:
[2023-04-26 12:32:02] - Range size 45, answer [4]:
[2023-04-26 12:32:02] - Range size 49, answer [4]:
[2023-04-26 12:32:02] - Range size 51, answer [4 4]:
[2023-04-26 12:32:02] - Range size 58, answer [4]:
[2023-04-26 12:32:02] - Range size 63, answer [4]:
[2023-04-26 12:32:02] - Range size 66, answer [4]:
[2023-04-26 12:32:02] - Range size 68, answer [4]:
[2023-04-26 12:32:02] - Range size 69, answer [4]:
[2023-04-26 12:32:02] - Range size 78, answer [4]:
[2023-04-26 12:32:02] - Mechanism: gives answer
[2023-04-26 12:32:02] - output_answer:
[2 0 3 0 0 2 3 2 0 2 3 3 3 3 3 3 5 5 5 5]
[2023-04-26 12:32:02] - Range size 8, answer [2 0]:
[2023-04-26 12:32:02] - Range size 12, answer [3]:
[2023-04-26 12:32:02] - Range size 13, answer [0]:
[2023-04-26 12:32:02] - Range size 15, answer [0]:
[2023-04-26 12:32:02] - Range size 16, answer [2]:
[2023-04-26 12:32:02] - Range size 23, answer [3]:
[2023-04-26 12:32:02] - Range size 25, answer [2]:
[2023-04-26 12:32:02] - Range size 28, answer [0]:
[2023-04-26 12:32:02] - Range size 42, answer [2]:
[2023-04-26 12:32:02] - Range size 45, answer [3]:
[2023-04-26 12:32:02] - Range size 49, answer [3]:
[2023-04-26 12:32:02] - Range size 51, answer [3 3]:
[2023-04-26 12:32:02] - Range size 58, answer [3]:
[2023-04-26 12:32:02] - Range size 63, answer [3]:
[2023-04-26 12:32:02] - Range size 66, answer [5]:
[2023-04-26 12:32:02] - Range size 68, answer [5]:
[2023-04-26 12:32:02] - Range size 69, answer [5]:
[2023-04-26 12:32:02] - Range size 78, answer [5]:
[2023-04-26 12:32:02] - ++++++++ Testing on node 2 Finished ++++++++
[2023-04-26 12:32:02] - ++++++++ Testing on node 3 Started ++++++++
[2023-04-26 12:32:02] - At node index 3 current size of dataset is: 16
[2023-04-26 12:32:03] - The testing is implemented at age
[2023-04-26 12:32:03] - Ground truth: gives answer
[2023-04-26 12:32:03] - output_answer:
[ 2  1  8  4  4  0 12  0  1  0 16 15 16 15 16 16 15 16 15 16]
[2023-04-26 12:32:03] - Range size 8, answer [2 1]:
[2023-04-26 12:32:03] - Range size 12, answer [8]:
[2023-04-26 12:32:03] - Range size 13, answer [4]:
[2023-04-26 12:32:03] - Range size 15, answer [4]:
[2023-04-26 12:32:03] - Range size 16, answer [0]:
[2023-04-26 12:32:03] - Range size 23, answer [12]:
[2023-04-26 12:32:03] - Range size 25, answer [0]:
[2023-04-26 12:32:03] - Range size 28, answer [1]:
[2023-04-26 12:32:03] - Range size 42, answer [0]:
[2023-04-26 12:32:03] - Range size 45, answer [16]:
[2023-04-26 12:32:03] - Range size 49, answer [15]:
[2023-04-26 12:32:03] - Range size 51, answer [16 15]:
[2023-04-26 12:32:03] - Range size 58, answer [16]:
[2023-04-26 12:32:03] - Range size 63, answer [16]:
[2023-04-26 12:32:03] - Range size 66, answer [15]:
[2023-04-26 12:32:03] - Range size 68, answer [16]:
[2023-04-26 12:32:03] - Range size 69, answer [15]:
[2023-04-26 12:32:03] - Range size 78, answer [16]:
[2023-04-26 12:32:03] - Mechanism: gives answer
[2023-04-26 12:32:03] - output_answer:
[ 0  0  0  0 15  3 15  1  2  3 15 17 15 17 17 17 18 18 18 18]
[2023-04-26 12:32:03] - Range size 8, answer [0 0]:
[2023-04-26 12:32:03] - Range size 12, answer [0]:
[2023-04-26 12:32:03] - Range size 13, answer [0]:
[2023-04-26 12:32:03] - Range size 15, answer [15]:
[2023-04-26 12:32:03] - Range size 16, answer [3]:
[2023-04-26 12:32:03] - Range size 23, answer [15]:
[2023-04-26 12:32:03] - Range size 25, answer [1]:
[2023-04-26 12:32:03] - Range size 28, answer [2]:
[2023-04-26 12:32:03] - Range size 42, answer [3]:
[2023-04-26 12:32:03] - Range size 45, answer [15]:
[2023-04-26 12:32:03] - Range size 49, answer [17]:
[2023-04-26 12:32:03] - Range size 51, answer [15 17]:
[2023-04-26 12:32:03] - Range size 58, answer [17]:
[2023-04-26 12:32:03] - Range size 63, answer [17]:
[2023-04-26 12:32:03] - Range size 66, answer [18]:
[2023-04-26 12:32:03] - Range size 68, answer [18]:
[2023-04-26 12:32:03] - Range size 69, answer [18]:
[2023-04-26 12:32:03] - Range size 78, answer [18]:
[2023-04-26 12:32:03] - ++++++++ Testing on node 3 Finished ++++++++
[2023-04-26 12:32:03] - ++++++++ Testing on node 4 Started ++++++++
[2023-04-26 12:32:03] - At node index 4 current size of dataset is: 84
[2023-04-26 12:32:03] - The testing is implemented at age
[2023-04-26 12:32:03] - Ground truth: gives answer
[2023-04-26 12:32:03] - output_answer:
[18 12 23 23 32  1 48  1 12  4 82 66 83 65 76 84 67 84 72 77]
[2023-04-26 12:32:03] - Range size 8, answer [18 12]:
[2023-04-26 12:32:03] - Range size 12, answer [23]:
[2023-04-26 12:32:03] - Range size 13, answer [23]:
[2023-04-26 12:32:03] - Range size 15, answer [32]:
[2023-04-26 12:32:03] - Range size 16, answer [1]:
[2023-04-26 12:32:03] - Range size 23, answer [48]:
[2023-04-26 12:32:03] - Range size 25, answer [1]:
[2023-04-26 12:32:03] - Range size 28, answer [12]:
[2023-04-26 12:32:03] - Range size 42, answer [4]:
[2023-04-26 12:32:03] - Range size 45, answer [82]:
[2023-04-26 12:32:03] - Range size 49, answer [66]:
[2023-04-26 12:32:03] - Range size 51, answer [83 65]:
[2023-04-26 12:32:03] - Range size 58, answer [76]:
[2023-04-26 12:32:03] - Range size 63, answer [84]:
[2023-04-26 12:32:03] - Range size 66, answer [67]:
[2023-04-26 12:32:03] - Range size 68, answer [84]:
[2023-04-26 12:32:03] - Range size 69, answer [72]:
[2023-04-26 12:32:03] - Range size 78, answer [77]:
[2023-04-26 12:32:03] - Mechanism: gives answer
[2023-04-26 12:32:03] - output_answer:
[58  5  2 13  6  8  7 19  1 20 65 65 66 60 65 66 84 74 84 84]
[2023-04-26 12:32:03] - Range size 8, answer [58  5]:
[2023-04-26 12:32:03] - Range size 12, answer [2]:
[2023-04-26 12:32:03] - Range size 13, answer [13]:
[2023-04-26 12:32:03] - Range size 15, answer [6]:
[2023-04-26 12:32:03] - Range size 16, answer [8]:
[2023-04-26 12:32:03] - Range size 23, answer [7]:
[2023-04-26 12:32:03] - Range size 25, answer [19]:
[2023-04-26 12:32:03] - Range size 28, answer [1]:
[2023-04-26 12:32:03] - Range size 42, answer [20]:
[2023-04-26 12:32:03] - Range size 45, answer [65]:
[2023-04-26 12:32:03] - Range size 49, answer [65]:
[2023-04-26 12:32:03] - Range size 51, answer [66 60]:
[2023-04-26 12:32:03] - Range size 58, answer [65]:
[2023-04-26 12:32:03] - Range size 63, answer [66]:
[2023-04-26 12:32:03] - Range size 66, answer [84]:
[2023-04-26 12:32:03] - Range size 68, answer [74]:
[2023-04-26 12:32:03] - Range size 69, answer [84]:
[2023-04-26 12:32:03] - Range size 78, answer [84]:
[2023-04-26 12:32:03] - ++++++++ Testing on node 4 Finished ++++++++
[2023-04-26 12:32:03] - ++++++++ Testing on node 1 Started ++++++++
[2023-04-26 12:32:03] - At node index 1 current size of dataset is: 0
[2023-04-26 12:32:03] - The testing is implemented at age
[2023-04-26 12:32:03] - Ground truth: gives answer
[2023-04-26 12:32:03] - output_answer:
[0 0 0 0 0 0 0 0 0 0 0 0 0 0 0 0 0 0 0 0]
[2023-04-26 12:32:03] - Range size 8, answer [0 0]:
[2023-04-26 12:32:03] - Range size 12, answer [0]:
[2023-04-26 12:32:03] - Range size 13, answer [0]:
[2023-04-26 12:32:03] - Range size 15, answer [0]:
[2023-04-26 12:32:03] - Range size 16, answer [0]:
[2023-04-26 12:32:03] - Range size 23, answer [0]:
[2023-04-26 12:32:03] - Range size 25, answer [0]:
[2023-04-26 12:32:03] - Range size 28, answer [0]:
[2023-04-26 12:32:03] - Range size 42, answer [0]:
[2023-04-26 12:32:03] - Range size 45, answer [0]:
[2023-04-26 12:32:03] - Range size 49, answer [0]:
[2023-04-26 12:32:03] - Range size 51, answer [0 0]:
[2023-04-26 12:32:03] - Range size 58, answer [0]:
[2023-04-26 12:32:03] - Range size 63, answer [0]:
[2023-04-26 12:32:03] - Range size 66, answer [0]:
[2023-04-26 12:32:03] - Range size 68, answer [0]:
[2023-04-26 12:32:03] - Range size 69, answer [0]:
[2023-04-26 12:32:03] - Range size 78, answer [0]:
[2023-04-26 12:32:03] - Mechanism: gives answer
[2023-04-26 12:32:03] - output_answer:
[0 0 0 0 0 1 0 0 1 1 0 1 0 1 1 1 1 1 1 1]
[2023-04-26 12:32:03] - Range size 8, answer [0 0]:
[2023-04-26 12:32:03] - Range size 12, answer [0]:
[2023-04-26 12:32:03] - Range size 13, answer [0]:
[2023-04-26 12:32:03] - Range size 15, answer [0]:
[2023-04-26 12:32:03] - Range size 16, answer [1]:
[2023-04-26 12:32:03] - Range size 23, answer [0]:
[2023-04-26 12:32:03] - Range size 25, answer [0]:
[2023-04-26 12:32:03] - Range size 28, answer [1]:
[2023-04-26 12:32:03] - Range size 42, answer [1]:
[2023-04-26 12:32:03] - Range size 45, answer [0]:
[2023-04-26 12:32:03] - Range size 49, answer [1]:
[2023-04-26 12:32:03] - Range size 51, answer [0 1]:
[2023-04-26 12:32:03] - Range size 58, answer [1]:
[2023-04-26 12:32:03] - Range size 63, answer [1]:
[2023-04-26 12:32:03] - Range size 66, answer [1]:
[2023-04-26 12:32:03] - Range size 68, answer [1]:
[2023-04-26 12:32:03] - Range size 69, answer [1]:
[2023-04-26 12:32:03] - Range size 78, answer [1]:
[2023-04-26 12:32:03] - ++++++++ Testing on node 1 Finished ++++++++
[2023-04-26 12:32:03] - ++++++++ Testing on node 2 Started ++++++++
[2023-04-26 12:32:03] - At node index 2 current size of dataset is: 0
[2023-04-26 12:32:04] - The testing is implemented at age
[2023-04-26 12:32:04] - Ground truth: gives answer
[2023-04-26 12:32:04] - output_answer:
[0 0 0 0 0 0 0 0 0 0 0 0 0 0 0 0 0 0 0 0]
[2023-04-26 12:32:04] - Range size 8, answer [0 0]:
[2023-04-26 12:32:04] - Range size 12, answer [0]:
[2023-04-26 12:32:04] - Range size 13, answer [0]:
[2023-04-26 12:32:04] - Range size 15, answer [0]:
[2023-04-26 12:32:04] - Range size 16, answer [0]:
[2023-04-26 12:32:04] - Range size 23, answer [0]:
[2023-04-26 12:32:04] - Range size 25, answer [0]:
[2023-04-26 12:32:04] - Range size 28, answer [0]:
[2023-04-26 12:32:04] - Range size 42, answer [0]:
[2023-04-26 12:32:04] - Range size 45, answer [0]:
[2023-04-26 12:32:04] - Range size 49, answer [0]:
[2023-04-26 12:32:04] - Range size 51, answer [0 0]:
[2023-04-26 12:32:04] - Range size 58, answer [0]:
[2023-04-26 12:32:04] - Range size 63, answer [0]:
[2023-04-26 12:32:04] - Range size 66, answer [0]:
[2023-04-26 12:32:04] - Range size 68, answer [0]:
[2023-04-26 12:32:04] - Range size 69, answer [0]:
[2023-04-26 12:32:04] - Range size 78, answer [0]:
[2023-04-26 12:32:04] - Mechanism: gives answer
[2023-04-26 12:32:04] - output_answer:
[0 0 0 0 0 0 0 0 1 1 1 1 1 1 1 1 1 1 1 1]
[2023-04-26 12:32:04] - Range size 8, answer [0 0]:
[2023-04-26 12:32:04] - Range size 12, answer [0]:
[2023-04-26 12:32:04] - Range size 13, answer [0]:
[2023-04-26 12:32:04] - Range size 15, answer [0]:
[2023-04-26 12:32:04] - Range size 16, answer [0]:
[2023-04-26 12:32:04] - Range size 23, answer [0]:
[2023-04-26 12:32:04] - Range size 25, answer [0]:
[2023-04-26 12:32:04] - Range size 28, answer [1]:
[2023-04-26 12:32:04] - Range size 42, answer [1]:
[2023-04-26 12:32:04] - Range size 45, answer [1]:
[2023-04-26 12:32:04] - Range size 49, answer [1]:
[2023-04-26 12:32:04] - Range size 51, answer [1 1]:
[2023-04-26 12:32:04] - Range size 58, answer [1]:
[2023-04-26 12:32:04] - Range size 63, answer [1]:
[2023-04-26 12:32:04] - Range size 66, answer [1]:
[2023-04-26 12:32:04] - Range size 68, answer [1]:
[2023-04-26 12:32:04] - Range size 69, answer [1]:
[2023-04-26 12:32:04] - Range size 78, answer [1]:
[2023-04-26 12:32:04] - ++++++++ Testing on node 2 Finished ++++++++
[2023-04-26 12:32:04] - ++++++++ Testing on node 3 Started ++++++++
[2023-04-26 12:32:04] - At node index 3 current size of dataset is: 0
[2023-04-26 12:32:05] - The testing is implemented at age
[2023-04-26 12:32:05] - Ground truth: gives answer
[2023-04-26 12:32:05] - output_answer:
[0 0 0 0 0 0 0 0 0 0 0 0 0 0 0 0 0 0 0 0]
[2023-04-26 12:32:05] - Range size 8, answer [0 0]:
[2023-04-26 12:32:05] - Range size 12, answer [0]:
[2023-04-26 12:32:05] - Range size 13, answer [0]:
[2023-04-26 12:32:05] - Range size 15, answer [0]:
[2023-04-26 12:32:05] - Range size 16, answer [0]:
[2023-04-26 12:32:05] - Range size 23, answer [0]:
[2023-04-26 12:32:05] - Range size 25, answer [0]:
[2023-04-26 12:32:05] - Range size 28, answer [0]:
[2023-04-26 12:32:05] - Range size 42, answer [0]:
[2023-04-26 12:32:05] - Range size 45, answer [0]:
[2023-04-26 12:32:05] - Range size 49, answer [0]:
[2023-04-26 12:32:05] - Range size 51, answer [0 0]:
[2023-04-26 12:32:05] - Range size 58, answer [0]:
[2023-04-26 12:32:05] - Range size 63, answer [0]:
[2023-04-26 12:32:05] - Range size 66, answer [0]:
[2023-04-26 12:32:05] - Range size 68, answer [0]:
[2023-04-26 12:32:05] - Range size 69, answer [0]:
[2023-04-26 12:32:05] - Range size 78, answer [0]:
[2023-04-26 12:32:05] - Mechanism: gives answer
[2023-04-26 12:32:05] - output_answer:
[0 0 0 0 0 0 0 2 0 2 0 0 0 0 0 0 0 0 0 2]
[2023-04-26 12:32:05] - Range size 8, answer [0 0]:
[2023-04-26 12:32:05] - Range size 12, answer [0]:
[2023-04-26 12:32:05] - Range size 13, answer [0]:
[2023-04-26 12:32:05] - Range size 15, answer [0]:
[2023-04-26 12:32:05] - Range size 16, answer [0]:
[2023-04-26 12:32:05] - Range size 23, answer [0]:
[2023-04-26 12:32:05] - Range size 25, answer [2]:
[2023-04-26 12:32:05] - Range size 28, answer [0]:
[2023-04-26 12:32:05] - Range size 42, answer [2]:
[2023-04-26 12:32:05] - Range size 45, answer [0]:
[2023-04-26 12:32:05] - Range size 49, answer [0]:
[2023-04-26 12:32:05] - Range size 51, answer [0 0]:
[2023-04-26 12:32:05] - Range size 58, answer [0]:
[2023-04-26 12:32:05] - Range size 63, answer [0]:
[2023-04-26 12:32:05] - Range size 66, answer [0]:
[2023-04-26 12:32:05] - Range size 68, answer [0]:
[2023-04-26 12:32:05] - Range size 69, answer [0]:
[2023-04-26 12:32:05] - Range size 78, answer [2]:
[2023-04-26 12:32:05] - ++++++++ Testing on node 3 Finished ++++++++
[2023-04-26 12:32:05] - ++++++++ Testing on node 4 Started ++++++++
[2023-04-26 12:32:05] - At node index 4 current size of dataset is: 53
[2023-04-26 12:32:05] - The testing is implemented at age
[2023-04-26 12:32:05] - Ground truth: gives answer
[2023-04-26 12:32:05] - output_answer:
[13  8 17 15 17  0 31  0  9  2 52 43 53 43 50 53 43 53 46 50]
[2023-04-26 12:32:05] - Range size 8, answer [13  8]:
[2023-04-26 12:32:05] - Range size 12, answer [17]:
