[2023-04-23 01:40:59] - Arguments: Namespace(beta=0.05, column_number=1, data_size=100, dataset_path='./data/adult.csv', delta=0.1, domain_path='./data/adult-domain.json', each_query_size=10, epsilon=1.0, iteration=100, sparse_ratio=10)
[2023-04-23 01:40:59] - ******** Initialization ********
[2023-04-23 01:41:00] - Data sparsification complete
[2023-04-23 01:41:00] - Data information: {'age': 85, 'workclass': 9, 'fnlwgt': 100, 'education-num': 16, 'marital-status': 7, 'occupation': 15, 'relationship': 6, 'race': 5, 'sex': 2, 'capital-gain': 100, 'capital-loss': 100, 'hours-per-week': 99, 'native-country': 42, 'income>50K': 2}
[2023-04-23 01:41:00] - ******** Create Dynamic Tree ********
[2023-04-23 01:41:00] - The dynamic interval tree consists of nodes: [
-------- Node index: 1 --------
height: 0, sj: 2, 
right_ancestor_index: 2, left_ancestor_index: None, right_child: None, left_child: None, 
df size: 2, delete_df size: 0
-----------------------------------, 
-------- Node index: 2 --------
height: 1, sj: 4, 
right_ancestor_index: 4, left_ancestor_index: None, right_child: 3, left_child: 1, 
df size: 4, delete_df size: 0
-----------------------------------, 
-------- Node index: 3 --------
height: 0, sj: 16, 
right_ancestor_index: None, left_ancestor_index: 2, right_child: None, left_child: None, 
df size: 7, delete_df size: 3
-----------------------------------, 
-------- Node index: 4 --------
height: 2, sj: 137, 
right_ancestor_index: 8, left_ancestor_index: None, right_child: 6, left_child: 2, 
df size: 9, delete_df size: 61
-----------------------------------, 
-------- Node index: 5 --------
height: 0, sj: 189, 
right_ancestor_index: 6, left_ancestor_index: None, right_child: None, left_child: None, 
df size: 10, delete_df size: 26
-----------------------------------]
[2023-04-23 01:41:00] - The insertion tree consists of nodes: [
-------- Node index: 1 --------
height: 0, sj: 2, 
right_ancestor_index: 2, left_ancestor_index: None, right_child: None, left_child: None, 
df size: 2, delete_df size: 0
-----------------------------------, 
-------- Node index: 2 --------
height: 1, sj: 4, 
right_ancestor_index: 4, left_ancestor_index: None, right_child: 3, left_child: 1, 
df size: 4, delete_df size: 0
-----------------------------------, 
-------- Node index: 3 --------
height: 0, sj: 16, 
right_ancestor_index: None, left_ancestor_index: 2, right_child: None, left_child: None, 
df size: 9, delete_df size: 0
-----------------------------------, 
-------- Node index: 4 --------
height: 2, sj: 137, 
right_ancestor_index: 8, left_ancestor_index: None, right_child: 6, left_child: 2, 
df size: 73, delete_df size: 0
-----------------------------------, 
-------- Node index: 5 --------
height: 0, sj: 189, 
right_ancestor_index: 6, left_ancestor_index: None, right_child: None, left_child: None, 
df size: 26, delete_df size: 0
-----------------------------------] 
[2023-04-23 01:41:00] - The deletion tree consists of nodes: [
-------- Node index: 1 --------
height: 0, sj: 2, 
right_ancestor_index: 2, left_ancestor_index: None, right_child: None, left_child: None, 
df size: 0, delete_df size: 0
-----------------------------------, 
-------- Node index: 2 --------
height: 1, sj: 4, 
right_ancestor_index: 4, left_ancestor_index: None, right_child: 3, left_child: 1, 
df size: 0, delete_df size: 0
-----------------------------------, 
-------- Node index: 3 --------
height: 0, sj: 16, 
right_ancestor_index: None, left_ancestor_index: 2, right_child: None, left_child: None, 
df size: 3, delete_df size: 0
-----------------------------------, 
-------- Node index: 4 --------
height: 2, sj: 137, 
right_ancestor_index: 8, left_ancestor_index: None, right_child: 6, left_child: 2, 
df size: 64, delete_df size: 0
-----------------------------------, 
-------- Node index: 5 --------
height: 0, sj: 189, 
right_ancestor_index: 6, left_ancestor_index: None, right_child: None, left_child: None, 
df size: 26, delete_df size: 0
-----------------------------------] 
[2023-04-23 01:41:00] - Infinite Private Partitioning: s0: 0, j: 5, T: 18769, beta: 2.883135391252616e-07, C: 179.14628412581604, epsilon: 1.0, 
 segment: [0, 2, 4, 16, 137, 189]
[2023-04-23 01:41:00] - ******** Testing Started ********
[2023-04-23 01:41:00] - ++++++++ Testing on node 1 Started ++++++++
[2023-04-23 01:41:00] - At node with index 1, we implement queries on cliques dict_keys(['marital-status', 'age']):
[2023-04-23 01:41:00] - -------- New Mechanism: Testing on 1, node 1 is accessed --------
[2023-04-23 01:41:01] - -------- New Mechanism answer node query on node 1 finished --------
[2023-04-23 01:41:01] - The testing is implemented at marital-status
[2023-04-23 01:41:01] - Ground truth: gives answer
[2023-04-23 01:41:01] - output_answer:[1 0 1 0 0 0 0 1 1 0 0 2 2]
[2023-04-23 01:41:01] - Range size 1, answer [1 0 1 0 0 0 0]:
[2023-04-23 01:41:01] - Range size 2, answer [1 1 0]:
[2023-04-23 01:41:01] - Range size 3, answer [0]:
[2023-04-23 01:41:01] - Range size 4, answer [2]:
[2023-04-23 01:41:01] - Range size 7, answer [2]:
[2023-04-23 01:41:01] - Golden standard: gives answer
[2023-04-23 01:41:01] - output_answer:[0 0 1 1 1 0 0 0 2 1 1 2 3]
[2023-04-23 01:41:01] - Range size 1, answer [0 0 1 1 1 0 0]:
[2023-04-23 01:41:01] - Range size 2, answer [0 2 1]:
[2023-04-23 01:41:01] - Range size 3, answer [1]:
[2023-04-23 01:41:01] - Range size 4, answer [2]:
[2023-04-23 01:41:01] - Range size 7, answer [3]:
[2023-04-23 01:41:01] - Mechanism: gives answer
[2023-04-23 01:41:01] - output_answer:[3 0 0 0 0 0 0 3 0 0 0 3 3]
[2023-04-23 01:41:01] - Range size 1, answer [3 0 0 0 0 0 0]:
[2023-04-23 01:41:01] - Range size 2, answer [3 0 0]:
[2023-04-23 01:41:01] - Range size 3, answer [0]:
[2023-04-23 01:41:01] - Range size 4, answer [3]:
[2023-04-23 01:41:01] - Range size 7, answer [3]:
[2023-04-23 01:41:01] - Mean Square Error of ground truth and golden standard: 0.6153846153846154
[2023-04-23 01:41:01] - Mean Square Error of ground truth and mechanism: 0.9230769230769231
[2023-04-23 01:41:01] - Mean Square Error of golden standard and mechanism: 2.1538461538461537
[2023-04-23 01:41:01] - Measurement3: golden_standard and mechanism
0.0
[2023-04-23 01:41:02] - -------- New Mechanism: Testing on 1, node 1 is accessed --------
[2023-04-23 01:41:02] - -------- New Mechanism answer node query on node 1 finished --------
[2023-04-23 01:41:02] - The testing is implemented at age
[2023-04-23 01:41:02] - Ground truth: gives answer
[2023-04-23 01:41:02] - output_answer:[0 0 0 0 0 0 0 0 0 0 0 0 0 0 0 0 0 0 0 0 0 0 0 1 0 0 0 0 0 0 0 0 0 0 1 0 0
 0 0 0 0 0 0 0 0 0 0 0 0 0 0 0 0 0 0 0 0 0 0 0 0 0 0 0 0 0 0 0 0 0 0 0 0 0
 0 0 0 0 0 0 0 0 0 0 0 0 0 0 0 0 0 0 0 1 0 0 0 1 0 0 0 0 0 0 0 0 0 0 0 0 0
 0 0 0 0 0 0 0 0 0 0 0 0 1 0 0 1 0 0 0 0 0 0 0 0 0 0 0 0 0 0 1 0 0 0 0 0 0
 0 0 0 1 0 0 1 0 0 0 0 1 0 0 2 0 0 0 0 2 2]
[2023-04-23 01:41:02] - Range size 1, answer [0 0 0 0 0 0 0 0 0 0 0 0 0 0 0 0 0 0 0 0 0 0 0 1 0 0 0 0 0 0 0 0 0 0 1 0 0
 0 0 0 0 0 0 0 0 0 0 0 0 0 0 0 0 0 0 0 0 0 0 0 0 0 0 0 0 0 0 0 0 0 0 0 0 0
 0 0 0 0 0 0 0 0 0 0 0]:
[2023-04-23 01:41:02] - Range size 2, answer [0 0 0 0 0 0 0 0 1 0 0 0 1 0 0 0 0 0 0 0 0 0 0 0 0 0 0 0 0 0 0 0]:
[2023-04-23 01:41:02] - Range size 3, answer [0 0 0 0 0 0 1 0 0 1 0 0 0 0 0 0 0 0 0 0 0]:
[2023-04-23 01:41:02] - Range size 5, answer [0 0 0 1 0 0 0 0 0 0 0]:
[2023-04-23 01:41:02] - Range size 6, answer [0 0 1 0 0]:
[2023-04-23 01:41:02] - Range size 10, answer [1 0 0]:
[2023-04-23 01:41:02] - Range size 11, answer [0 0 1 0 0]:
[2023-04-23 01:41:02] - Range size 21, answer [2 0 0]:
[2023-04-23 01:41:02] - Range size 22, answer [0]:
[2023-04-23 01:41:02] - Range size 42, answer [0]:
[2023-04-23 01:41:02] - Range size 43, answer [2]:
[2023-04-23 01:41:02] - Range size 85, answer [2]:
[2023-04-23 01:41:02] - Golden standard: gives answer
[2023-04-23 01:41:02] - output_answer:[0 0 0 0 0 0 0 0 0 0 0 0 0 1 0 0 0 0 0 0 0 0 0 0 0 0 0 0 0 0 0 0 0 0 0 0 0
 0 0 0 0 0 0 0 0 0 0 0 0 0 0 0 0 0 0 0 0 0 0 0 0 0 0 0 0 0 0 0 2 0 0 0 0 0
 0 0 0 0 0 0 0 0 0 0 0 0 0 0 0 0 0 0 0 0 0 0 0 0 0 0 0 0 0 0 0 0 0 0 0 0 2
 0 0 0 0 0 0 0 0 0 1 0 0 0 0 0 0 0 0 0 0 0 0 0 2 0 0 0 0 0 0 0 0 0 0 0 0 0
 0 0 1 0 0 2 0 0 0 0 1 0 0 2 0 0 2 1 2 1 3]
[2023-04-23 01:41:02] - Range size 1, answer [0 0 0 0 0 0 0 0 0 0 0 0 0 1 0 0 0 0 0 0 0 0 0 0 0 0 0 0 0 0 0 0 0 0 0 0 0
 0 0 0 0 0 0 0 0 0 0 0 0 0 0 0 0 0 0 0 0 0 0 0 0 0 0 0 0 0 0 0 2 0 0 0 0 0
 0 0 0 0 0 0 0 0 0 0 0]:
[2023-04-23 01:41:02] - Range size 2, answer [0 0 0 0 0 0 0 0 0 0 0 0 0 0 0 0 0 0 0 0 0 0 0 0 0 2 0 0 0 0 0 0]:
[2023-04-23 01:41:02] - Range size 3, answer [0 0 0 1 0 0 0 0 0 0 0 0 0 0 0 0 0 2 0 0 0]:
[2023-04-23 01:41:02] - Range size 5, answer [0 0 0 0 0 0 0 0 0 0 0]:
[2023-04-23 01:41:02] - Range size 6, answer [0 1 0 0 2]:
[2023-04-23 01:41:02] - Range size 10, answer [0 0 0]:
[2023-04-23 01:41:02] - Range size 11, answer [0 1 0 0 2]:
[2023-04-23 01:41:02] - Range size 21, answer [0 0 2]:
[2023-04-23 01:41:02] - Range size 22, answer [1]:
[2023-04-23 01:41:02] - Range size 42, answer [2]:
[2023-04-23 01:41:02] - Range size 43, answer [1]:
[2023-04-23 01:41:02] - Range size 85, answer [3]:
[2023-04-23 01:41:02] - Mechanism: gives answer
[2023-04-23 01:41:02] - output_answer:[0 0 0 0 0 0 0 0 0 0 0 0 0 0 0 0 0 0 0 1 0 0 0 0 0 0 0 0 0 0 0 0 0 0 0 0 1
 0 0 0 0 0 0 0 0 0 0 0 0 0 0 0 0 0 0 0 0 0 0 0 0 0 0 0 0 0 0 0 0 0 0 0 0 0
 0 0 0 1 0 0 0 0 0 0 0 0 0 0 0 0 0 0 0 0 0 0 0 0 1 0 0 0 0 0 0 0 0 0 0 0 0
 0 0 0 0 0 0 0 0 0 0 0 1 0 0 0 0 0 0 0 0 0 0 0 0 0 1 0 0 1 0 1 0 0 0 0 0 1
 0 0 0 0 0 0 1 0 1 0 1 0 0 0 1 0 1 1 1 2 3]
[2023-04-23 01:41:02] - Range size 1, answer [0 0 0 0 0 0 0 0 0 0 0 0 0 0 0 0 0 0 0 1 0 0 0 0 0 0 0 0 0 0 0 0 0 0 0 0 1
 0 0 0 0 0 0 0 0 0 0 0 0 0 0 0 0 0 0 0 0 0 0 0 0 0 0 0 0 0 0 0 0 0 0 0 0 0
 0 0 0 1 0 0 0 0 0 0 0]:
[2023-04-23 01:41:02] - Range size 2, answer [0 0 0 0 0 0 0 0 0 0 0 0 0 1 0 0 0 0 0 0 0 0 0 0 0 0 0 0 0 0 0 0]:
[2023-04-23 01:41:02] - Range size 3, answer [0 0 0 0 0 1 0 0 0 0 0 0 0 0 0 0 0 0 0 1 0]:
[2023-04-23 01:41:02] - Range size 5, answer [0 1 0 1 0 0 0 0 0 1 0]:
[2023-04-23 01:41:02] - Range size 6, answer [0 0 0 0 0]:
[2023-04-23 01:41:02] - Range size 10, answer [1 0 1]:
[2023-04-23 01:41:02] - Range size 11, answer [0 1 0 0 0]:
[2023-04-23 01:41:02] - Range size 21, answer [1 0 1]:
[2023-04-23 01:41:02] - Range size 22, answer [1]:
[2023-04-23 01:41:02] - Range size 42, answer [1]:
[2023-04-23 01:41:02] - Range size 43, answer [2]:
[2023-04-23 01:41:02] - Range size 85, answer [3]:
[2023-04-23 01:41:02] - Mean Square Error of ground truth and golden standard: 0.28994082840236685
[2023-04-23 01:41:02] - Mean Square Error of ground truth and mechanism: 0.13609467455621302
[2023-04-23 01:41:02] - Mean Square Error of golden standard and mechanism: 0.22485207100591717
[2023-04-23 01:41:02] - Measurement3: golden_standard and mechanism
0.0
[2023-04-23 01:41:02] - ++++++++ Testing on node 1 Finished ++++++++
[2023-04-23 01:41:02] - ++++++++ Testing on node 2 Started ++++++++
[2023-04-23 01:41:02] - At node with index 2, we implement queries on cliques dict_keys(['marital-status', 'age']):
[2023-04-23 01:41:03] - -------- New Mechanism: Testing on 2, node 2 is accessed --------
[2023-04-23 01:41:03] - -------- New Mechanism answer node query on node 2 finished --------
[2023-04-23 01:41:03] - The testing is implemented at marital-status
[2023-04-23 01:41:03] - Ground truth: gives answer
[2023-04-23 01:41:03] - output_answer:[2 1 1 0 0 0 0 3 1 0 0 4 4]
[2023-04-23 01:41:03] - Range size 1, answer [2 1 1 0 0 0 0]:
[2023-04-23 01:41:03] - Range size 2, answer [3 1 0]:
[2023-04-23 01:41:03] - Range size 3, answer [0]:
[2023-04-23 01:41:03] - Range size 4, answer [4]:
[2023-04-23 01:41:03] - Range size 7, answer [4]:
[2023-04-23 01:41:03] - Golden standard: gives answer
[2023-04-23 01:41:03] - output_answer:[0 0 3 0 1 0 1 0 3 1 2 3 5]
[2023-04-23 01:41:03] - Range size 1, answer [0 0 3 0 1 0 1]:
[2023-04-23 01:41:03] - Range size 2, answer [0 3 1]:
[2023-04-23 01:41:03] - Range size 3, answer [2]:
[2023-04-23 01:41:03] - Range size 4, answer [3]:
[2023-04-23 01:41:03] - Range size 7, answer [5]:
[2023-04-23 01:41:03] - Mechanism: gives answer
[2023-04-23 01:41:03] - output_answer:[4 0 0 0 0 1 0 4 0 1 1 4 5]
[2023-04-23 01:41:03] - Range size 1, answer [4 0 0 0 0 1 0]:
[2023-04-23 01:41:03] - Range size 2, answer [4 0 1]:
[2023-04-23 01:41:03] - Range size 3, answer [1]:
[2023-04-23 01:41:03] - Range size 4, answer [4]:
[2023-04-23 01:41:03] - Range size 7, answer [5]:
[2023-04-23 01:41:03] - Mean Square Error of ground truth and golden standard: 2.3846153846153846
[2023-04-23 01:41:03] - Mean Square Error of ground truth and mechanism: 0.9230769230769231
[2023-04-23 01:41:03] - Mean Square Error of golden standard and mechanism: 4.230769230769231
[2023-04-23 01:41:03] - Measurement3: golden_standard and mechanism
0.0
[2023-04-23 01:41:04] - -------- New Mechanism: Testing on 2, node 2 is accessed --------
[2023-04-23 01:41:05] - -------- New Mechanism answer node query on node 2 finished --------
[2023-04-23 01:41:05] - The testing is implemented at age
[2023-04-23 01:41:05] - Ground truth: gives answer
[2023-04-23 01:41:05] - output_answer:[0 0 0 0 0 0 0 0 0 0 0 0 0 0 0 0 0 0 0 0 0 0 1 1 0 0 0 0 0 0 0 0 0 0 1 0 0
 1 0 0 0 0 0 0 0 0 0 0 0 0 0 0 0 0 0 0 0 0 0 0 0 0 0 0 0 0 0 0 0 0 0 0 0 0
 0 0 0 0 0 0 0 0 0 0 0 0 0 0 0 0 0 0 0 2 0 0 0 1 1 0 0 0 0 0 0 0 0 0 0 0 0
 0 0 0 0 0 0 0 0 0 0 0 0 2 0 0 1 0 0 0 0 0 0 0 0 0 0 0 0 0 0 2 0 0 0 0 0 0
 0 0 0 2 0 0 2 0 0 0 0 2 0 0 4 0 0 0 0 4 4]
[2023-04-23 01:41:05] - Range size 1, answer [0 0 0 0 0 0 0 0 0 0 0 0 0 0 0 0 0 0 0 0 0 0 1 1 0 0 0 0 0 0 0 0 0 0 1 0 0
 1 0 0 0 0 0 0 0 0 0 0 0 0 0 0 0 0 0 0 0 0 0 0 0 0 0 0 0 0 0 0 0 0 0 0 0 0
 0 0 0 0 0 0 0 0 0 0 0]:
[2023-04-23 01:41:05] - Range size 2, answer [0 0 0 0 0 0 0 0 2 0 0 0 1 1 0 0 0 0 0 0 0 0 0 0 0 0 0 0 0 0 0 0]:
[2023-04-23 01:41:05] - Range size 3, answer [0 0 0 0 0 0 2 0 0 1 0 0 0 0 0 0 0 0 0 0 0]:
[2023-04-23 01:41:05] - Range size 5, answer [0 0 0 2 0 0 0 0 0 0 0]:
[2023-04-23 01:41:05] - Range size 6, answer [0 0 2 0 0]:
[2023-04-23 01:41:05] - Range size 10, answer [2 0 0]:
[2023-04-23 01:41:05] - Range size 11, answer [0 0 2 0 0]:
[2023-04-23 01:41:05] - Range size 21, answer [4 0 0]:
[2023-04-23 01:41:05] - Range size 22, answer [0]:
[2023-04-23 01:41:05] - Range size 42, answer [0]:
[2023-04-23 01:41:05] - Range size 43, answer [4]:
[2023-04-23 01:41:05] - Range size 85, answer [4]:
[2023-04-23 01:41:05] - Golden standard: gives answer
[2023-04-23 01:41:05] - output_answer:[0 0 0 0 0 0 0 0 0 0 0 0 0 0 0 0 0 0 0 0 0 0 0 0 0 0 0 0 0 0 0 0 0 0 0 0 0
 0 0 4 0 0 0 0 0 0 0 1 0 0 0 0 0 0 0 0 0 0 0 0 0 0 0 0 0 0 0 0 0 0 0 0 0 0
 0 0 0 0 0 0 0 0 0 0 0 0 0 0 0 0 0 0 0 0 0 0 0 0 0 4 0 0 1 0 0 0 0 0 0 0 0
 0 0 0 0 0 0 0 0 0 0 0 0 0 0 0 0 4 0 1 0 0 0 0 0 0 0 0 0 0 0 0 4 0 0 0 0 0
 0 0 0 0 1 0 4 0 0 0 0 0 1 0 4 1 0 0 1 4 5]
[2023-04-23 01:41:05] - Range size 1, answer [0 0 0 0 0 0 0 0 0 0 0 0 0 0 0 0 0 0 0 0 0 0 0 0 0 0 0 0 0 0 0 0 0 0 0 0 0
 0 0 4 0 0 0 0 0 0 0 1 0 0 0 0 0 0 0 0 0 0 0 0 0 0 0 0 0 0 0 0 0 0 0 0 0 0
 0 0 0 0 0 0 0 0 0 0 0]:
[2023-04-23 01:41:05] - Range size 2, answer [0 0 0 0 0 0 0 0 0 0 0 0 0 0 4 0 0 1 0 0 0 0 0 0 0 0 0 0 0 0 0 0]:
[2023-04-23 01:41:05] - Range size 3, answer [0 0 0 0 0 0 0 0 0 0 4 0 1 0 0 0 0 0 0 0 0]:
[2023-04-23 01:41:05] - Range size 5, answer [0 0 0 0 4 0 0 0 0 0 0]:
[2023-04-23 01:41:05] - Range size 6, answer [0 0 0 1 0]:
[2023-04-23 01:41:05] - Range size 10, answer [4 0 0]:
[2023-04-23 01:41:05] - Range size 11, answer [0 0 0 1 0]:
[2023-04-23 01:41:05] - Range size 21, answer [4 1 0]:
[2023-04-23 01:41:05] - Range size 22, answer [0]:
[2023-04-23 01:41:05] - Range size 42, answer [1]:
[2023-04-23 01:41:05] - Range size 43, answer [4]:
[2023-04-23 01:41:05] - Range size 85, answer [5]:
[2023-04-23 01:41:05] - Mechanism: gives answer
[2023-04-23 01:41:05] - output_answer:[0 0 0 0 0 0 0 0 0 0 0 0 0 1 0 0 0 0 0 0 0 0 0 0 0 0 0 2 0 0 0 0 0 0 0 0 0
 0 0 0 0 0 0 0 0 0 0 0 0 0 0 0 0 0 0 0 0 0 0 0 0 0 0 0 0 0 0 2 0 0 0 0 0 0
 0 0 0 0 0 0 0 0 0 0 0 0 0 0 0 0 0 0 0 0 0 0 0 0 0 0 0 0 0 0 0 0 0 0 0 0 2
 0 0 0 0 0 0 0 0 0 1 0 0 0 2 0 0 0 0 0 0 0 0 0 2 0 0 0 0 0 0 0 0 0 0 0 0 0
 0 0 1 2 0 2 0 0 0 0 1 2 0 2 2 0 2 1 2 3 5]
[2023-04-23 01:41:05] - Range size 1, answer [0 0 0 0 0 0 0 0 0 0 0 0 0 1 0 0 0 0 0 0 0 0 0 0 0 0 0 2 0 0 0 0 0 0 0 0 0
 0 0 0 0 0 0 0 0 0 0 0 0 0 0 0 0 0 0 0 0 0 0 0 0 0 0 0 0 0 0 2 0 0 0 0 0 0
 0 0 0 0 0 0 0 0 0 0 0]:
[2023-04-23 01:41:05] - Range size 2, answer [0 0 0 0 0 0 0 0 0 0 0 0 0 0 0 0 0 0 0 0 0 0 0 0 0 2 0 0 0 0 0 0]:
[2023-04-23 01:41:05] - Range size 3, answer [0 0 0 1 0 0 0 2 0 0 0 0 0 0 0 0 0 2 0 0 0]:
[2023-04-23 01:41:05] - Range size 5, answer [0 0 0 0 0 0 0 0 0 0 0]:
[2023-04-23 01:41:05] - Range size 6, answer [0 1 2 0 2]:
[2023-04-23 01:41:05] - Range size 10, answer [0 0 0]:
[2023-04-23 01:41:05] - Range size 11, answer [0 1 2 0 2]:
[2023-04-23 01:41:05] - Range size 21, answer [2 0 2]:
[2023-04-23 01:41:05] - Range size 22, answer [1]:
[2023-04-23 01:41:05] - Range size 42, answer [2]:
[2023-04-23 01:41:05] - Range size 43, answer [3]:
[2023-04-23 01:41:05] - Range size 85, answer [5]:
[2023-04-23 01:41:05] - Mean Square Error of ground truth and golden standard: 0.6094674556213018
[2023-04-23 01:41:05] - Mean Square Error of ground truth and mechanism: 0.41420118343195267
[2023-04-23 01:41:05] - Mean Square Error of golden standard and mechanism: 0.8106508875739645
[2023-04-23 01:41:05] - Measurement3: golden_standard and mechanism
0.0
[2023-04-23 01:41:05] - ++++++++ Testing on node 2 Finished ++++++++
[2023-04-23 01:41:05] - ++++++++ Testing on node 3 Started ++++++++
[2023-04-23 01:41:05] - At node with index 3, we implement queries on cliques dict_keys(['marital-status', 'age']):
[2023-04-23 01:41:05] - -------- New Mechanism: Testing on 3, node 2 is accessed --------
[2023-04-23 01:41:06] - -------- New Mechanism answer node query on node 2 finished --------
[2023-04-23 01:41:06] - -------- New Mechanism: Testing on 3, node 3 is accessed --------
[2023-04-23 01:41:06] - -------- New Mechanism answer node query on node 3 finished --------
[2023-04-23 01:41:06] - The testing is implemented at marital-status
[2023-04-23 01:41:06] - Ground truth: gives answer
[2023-04-23 01:41:06] - output_answer:[ 6  1  2  0  0  1  0  7  2  1  1  9 10]
[2023-04-23 01:41:06] - Range size 1, answer [6 1 2 0 0 1 0]:
[2023-04-23 01:41:06] - Range size 2, answer [7 2 1]:
[2023-04-23 01:41:06] - Range size 3, answer [1]:
[2023-04-23 01:41:06] - Range size 4, answer [9]:
[2023-04-23 01:41:06] - Range size 7, answer [10]:
[2023-04-23 01:41:06] - Golden standard: gives answer
[2023-04-23 01:41:06] - output_answer:[ 6  4  1  0  0  0  0 10  1  0  0 11 11]
[2023-04-23 01:41:06] - Range size 1, answer [6 4 1 0 0 0 0]:
[2023-04-23 01:41:06] - Range size 2, answer [10  1  0]:
[2023-04-23 01:41:06] - Range size 3, answer [0]:
[2023-04-23 01:41:06] - Range size 4, answer [11]:
[2023-04-23 01:41:06] - Range size 7, answer [11]:
[2023-04-23 01:41:06] - Mechanism: gives answer
[2023-04-23 01:41:06] - output_answer:[ 0  0  0  0  5  8  0  0  0 13 13  0 12]
[2023-04-23 01:41:06] - Range size 1, answer [0 0 0 0 5 8 0]:
[2023-04-23 01:41:06] - Range size 2, answer [ 0  0 13]:
[2023-04-23 01:41:06] - Range size 3, answer [13]:
[2023-04-23 01:41:06] - Range size 4, answer [0]:
[2023-04-23 01:41:06] - Range size 7, answer [12]:
[2023-04-23 01:41:06] - Mean Square Error of ground truth and golden standard: 2.1538461538461537
[2023-04-23 01:41:06] - Mean Square Error of ground truth and mechanism: 41.61538461538461
[2023-04-23 01:41:06] - Mean Square Error of golden standard and mechanism: 54.07692307692308
[2023-04-23 01:41:06] - Measurement3: golden_standard and mechanism
0.0
[2023-04-23 01:41:07] - -------- New Mechanism: Testing on 3, node 2 is accessed --------
[2023-04-23 01:41:07] - -------- New Mechanism answer node query on node 2 finished --------
[2023-04-23 01:41:07] - -------- New Mechanism: Testing on 3, node 3 is accessed --------
[2023-04-23 01:41:08] - -------- New Mechanism answer node query on node 3 finished --------
[2023-04-23 01:41:08] - The testing is implemented at age
[2023-04-23 01:41:08] - Ground truth: gives answer
[2023-04-23 01:41:08] - output_answer:[ 0  0  0  0  0  0  0  1  0  0  0  0  0  0  1  1  0  0  0  0  0  2  1  0
  0  0  0  0  0  0  0  0  0  1  1  0  1  1  0  0  0  0  0  0  0  0  0  0
  0  0  0  0  0  0  0  0  0  0  0  0  0  0  0  0  0  0  0  0  0  0  0  0
  0  0  0  0  0  0  0  0  0  0  0  0  0  0  0  1  0  0  2  0  2  1  0  0
  0  2  2  0  0  0  0  0  0  0  0  0  0  0  0  0  0  0  0  0  0  0  0  1
  0  2  0  1  0  0  2  0  0  0  0  0  0  0  0  0  0  0  1  2  0  4  0  0
  0  0  0  0  0  0  2  1  0  0  4  0  0  1  4  1  0  0  5  0  0  5  0 10
 10]
[2023-04-23 01:41:08] - Range size 1, answer [0 0 0 0 0 0 0 1 0 0 0 0 0 0 1 1 0 0 0 0 0 2 1 0 0 0 0 0 0 0 0 0 0 1 1 0 1
 1 0 0 0 0 0 0 0 0 0 0 0 0 0 0 0 0 0 0 0 0 0 0 0 0 0 0 0 0 0 0 0 0 0 0 0 0
 0 0 0 0 0 0 0 0 0 0 0]:
[2023-04-23 01:41:08] - Range size 2, answer [0 0 1 0 0 2 0 2 1 0 0 0 2 2 0 0 0 0 0 0 0 0 0 0 0 0 0 0 0 0 0 0]:
[2023-04-23 01:41:08] - Range size 3, answer [0 0 1 0 2 0 1 0 0 2 0 0 0 0 0 0 0 0 0 0 0]:
[2023-04-23 01:41:08] - Range size 5, answer [1 2 0 4 0 0 0 0 0 0 0]:
[2023-04-23 01:41:08] - Range size 6, answer [0 2 1 0 0]:
[2023-04-23 01:41:08] - Range size 10, answer [4 0 0]:
[2023-04-23 01:41:08] - Range size 11, answer [1 4 1 0 0]:
[2023-04-23 01:41:08] - Range size 21, answer [5 0 0]:
[2023-04-23 01:41:08] - Range size 22, answer [5]:
[2023-04-23 01:41:08] - Range size 42, answer [0]:
[2023-04-23 01:41:08] - Range size 43, answer [10]:
[2023-04-23 01:41:08] - Range size 85, answer [10]:
[2023-04-23 01:41:08] - Golden standard: gives answer
[2023-04-23 01:41:08] - output_answer:[ 1  0  0  0  0  0  0  0  0  0  0  0  0  0  0  0  0  0  0  0  0  1  0  0
  0  0  0  0  0  0  0  0  0  0  0  0  0  0  0  0  0  0  0  0  0  0  0  0
  0  0  0  0  0  0  3  3  0  0  0  1  0  0  0  0  0  0  0  0  0  0  0  0
  0  0  0  1  0  0  1  0  0  0  0  0  0  1  0  0  0  0  0  0  1  0  0  0
  0  0  0  0  0  0  0  0  0  6  0  1  0  0  0  0  0  1  1  0  0  1  0  0
  0  0  0  0  0  0  0  0  0  0  0  6  1  0  0  0  1  0  0  1  0  0  0  0
  6  1  0  2  0  1  0  0  0  0  0  7  2  1  1  0  0  0  0  7  2  2  9  2
 11]
[2023-04-23 01:41:08] - Range size 1, answer [1 0 0 0 0 0 0 0 0 0 0 0 0 0 0 0 0 0 0 0 0 1 0 0 0 0 0 0 0 0 0 0 0 0 0 0 0
 0 0 0 0 0 0 0 0 0 0 0 0 0 0 0 0 0 3 3 0 0 0 1 0 0 0 0 0 0 0 0 0 0 0 0 0 0
 0 1 0 0 1 0 0 0 0 0 0]:
[2023-04-23 01:41:08] - Range size 2, answer [1 0 0 0 0 0 0 1 0 0 0 0 0 0 0 0 0 0 0 0 6 0 1 0 0 0 0 0 1 1 0 0]:
[2023-04-23 01:41:08] - Range size 3, answer [1 0 0 0 0 0 0 0 0 0 0 0 0 0 6 1 0 0 0 1 0]:
[2023-04-23 01:41:08] - Range size 5, answer [0 1 0 0 0 0 6 1 0 2 0]:
[2023-04-23 01:41:08] - Range size 6, answer [1 0 0 0 0]:
[2023-04-23 01:41:08] - Range size 10, answer [0 7 2]:
[2023-04-23 01:41:08] - Range size 11, answer [1 1 0 0 0]:
[2023-04-23 01:41:08] - Range size 21, answer [0 7 2]:
[2023-04-23 01:41:08] - Range size 22, answer [2]:
[2023-04-23 01:41:08] - Range size 42, answer [9]:
[2023-04-23 01:41:08] - Range size 43, answer [2]:
[2023-04-23 01:41:08] - Range size 85, answer [11]:
[2023-04-23 01:41:08] - Mechanism: gives answer
[2023-04-23 01:41:08] - output_answer:[ 0  0  0  0  0  0  0  0  0  0  0  0  0  0  0  0  0  5  0  0  0  0  0  0
  0  0  0  0  0  4  0  0  0  0  0  0  0  0  0  0  0  0  0  0  0  0  0  0
  0  0  4  0  0  0  0  0  0  0  0  0  0  0  0  0  0  0  0  0  0  0  0  0
  0  0  0  0  0  0  0  0  0  0  0  0  0  0  0  0  0  0  0  5  0  0  0  4
  0  0  0  0  0  0  0  4  0  0  0  0  0  0  0  0  0  0  0  0  0  0  0  0
  0  0  5  0  0  4  0  0  0  0  4  0  0  0  0  0  0  0  0  5  4  0  0  4
  0  0  0  0  0  0  0  0  0  0  0  0  0  0  5  4  4  0  4  4  0  5  4  8
 12]
[2023-04-23 01:41:08] - Range size 1, answer [0 0 0 0 0 0 0 0 0 0 0 0 0 0 0 0 0 5 0 0 0 0 0 0 0 0 0 0 0 4 0 0 0 0 0 0 0
 0 0 0 0 0 0 0 0 0 0 0 0 0 4 0 0 0 0 0 0 0 0 0 0 0 0 0 0 0 0 0 0 0 0 0 0 0
 0 0 0 0 0 0 0 0 0 0 0]:
[2023-04-23 01:41:08] - Range size 2, answer [0 0 0 0 0 0 5 0 0 0 4 0 0 0 0 0 0 0 4 0 0 0 0 0 0 0 0 0 0 0 0 0]:
[2023-04-23 01:41:08] - Range size 3, answer [0 0 0 0 0 5 0 0 4 0 0 0 0 4 0 0 0 0 0 0 0]:
[2023-04-23 01:41:08] - Range size 5, answer [0 5 4 0 0 4 0 0 0 0 0]:
[2023-04-23 01:41:08] - Range size 6, answer [0 0 0 0 0]:
[2023-04-23 01:41:08] - Range size 10, answer [0 0 0]:
[2023-04-23 01:41:08] - Range size 11, answer [0 5 4 4 0]:
[2023-04-23 01:41:08] - Range size 21, answer [4 4 0]:
[2023-04-23 01:41:08] - Range size 22, answer [5]:
[2023-04-23 01:41:08] - Range size 42, answer [4]:
[2023-04-23 01:41:08] - Range size 43, answer [8]:
[2023-04-23 01:41:08] - Range size 85, answer [12]:
[2023-04-23 01:41:08] - Mean Square Error of ground truth and golden standard: 3.029585798816568
[2023-04-23 01:41:08] - Mean Square Error of ground truth and mechanism: 2.1183431952662723
[2023-04-23 01:41:08] - Mean Square Error of golden standard and mechanism: 3.3491124260355027
[2023-04-23 01:41:08] - Measurement3: golden_standard and mechanism
0.0
[2023-04-23 01:41:08] - ++++++++ Testing on node 3 Finished ++++++++
[2023-04-23 01:41:08] - ++++++++ Testing on node 4 Started ++++++++
[2023-04-23 01:41:08] - At node with index 4, we implement queries on cliques dict_keys(['marital-status', 'age']):
[2023-04-23 01:41:08] - -------- New Mechanism: Testing on 4, node 4 is accessed --------
[2023-04-23 01:41:09] - -------- New Mechanism answer node query on node 4 finished --------
[2023-04-23 01:41:09] - The testing is implemented at marital-status
[2023-04-23 01:41:09] - Ground truth: gives answer
[2023-04-23 01:41:09] - output_answer:[5 0 2 1 0 1 0 5 3 1 1 8 9]
[2023-04-23 01:41:09] - Range size 1, answer [5 0 2 1 0 1 0]:
[2023-04-23 01:41:09] - Range size 2, answer [5 3 1]:
[2023-04-23 01:41:09] - Range size 3, answer [1]:
[2023-04-23 01:41:09] - Range size 4, answer [8]:
[2023-04-23 01:41:09] - Range size 7, answer [9]:
[2023-04-23 01:41:09] - Golden standard: gives answer
[2023-04-23 01:41:09] - output_answer:[ 4  4  0  0  1  1  0  8  0  2  2  8 10]
[2023-04-23 01:41:09] - Range size 1, answer [4 4 0 0 1 1 0]:
[2023-04-23 01:41:09] - Range size 2, answer [8 0 2]:
[2023-04-23 01:41:09] - Range size 3, answer [2]:
[2023-04-23 01:41:09] - Range size 4, answer [8]:
[2023-04-23 01:41:09] - Range size 7, answer [10]:
[2023-04-23 01:41:09] - Mechanism: gives answer
[2023-04-23 01:41:09] - output_answer:[ 0  0  0  0  3  7  0  0  0 10 10  0 10]
[2023-04-23 01:41:09] - Range size 1, answer [0 0 0 0 3 7 0]:
[2023-04-23 01:41:09] - Range size 2, answer [ 0  0 10]:
[2023-04-23 01:41:09] - Range size 3, answer [10]:
[2023-04-23 01:41:09] - Range size 4, answer [0]:
[2023-04-23 01:41:09] - Range size 7, answer [10]:
[2023-04-23 01:41:09] - Mean Square Error of ground truth and golden standard: 3.3846153846153846
[2023-04-23 01:41:09] - Mean Square Error of ground truth and mechanism: 25.846153846153847
[2023-04-23 01:41:09] - Mean Square Error of golden standard and mechanism: 25.23076923076923
[2023-04-23 01:41:09] - Measurement3: golden_standard and mechanism
0.0
[2023-04-23 01:41:10] - -------- New Mechanism: Testing on 4, node 4 is accessed --------
[2023-04-23 01:41:10] - -------- New Mechanism answer node query on node 4 finished --------
[2023-04-23 01:41:10] - The testing is implemented at age
[2023-04-23 01:41:10] - Ground truth: gives answer
[2023-04-23 01:41:10] - output_answer:[0 0 0 1 0 0 0 0 0 1 0 0 0 1 0 1 1 0 0 0 0 0 0 0 0 1 0 1 0 0 0 0 0 1 0 0 0
 1 0 0 0 0 0 0 0 0 0 0 0 0 0 0 0 0 0 0 0 0 0 0 0 0 0 0 0 0 0 0 0 0 0 0 0 0
 0 0 0 0 0 0 0 0 0 0 0 0 1 0 1 0 1 0 0 0 1 0 0 1 1 0 0 0 0 0 0 0 0 0 0 0 0
 0 0 0 0 0 0 0 1 0 1 2 0 0 2 0 1 0 0 0 0 0 0 0 0 0 0 0 1 0 0 2 0 0 0 0 0 0
 0 1 3 2 0 0 2 0 0 2 3 2 0 0 4 0 0 5 0 9 9]
[2023-04-23 01:41:10] - Range size 1, answer [0 0 0 1 0 0 0 0 0 1 0 0 0 1 0 1 1 0 0 0 0 0 0 0 0 1 0 1 0 0 0 0 0 1 0 0 0
 1 0 0 0 0 0 0 0 0 0 0 0 0 0 0 0 0 0 0 0 0 0 0 0 0 0 0 0 0 0 0 0 0 0 0 0 0
 0 0 0 0 0 0 0 0 0 0 0]:
[2023-04-23 01:41:10] - Range size 2, answer [0 1 0 1 0 1 0 0 0 1 0 0 1 1 0 0 0 0 0 0 0 0 0 0 0 0 0 0 0 0 0 0]:
[2023-04-23 01:41:10] - Range size 3, answer [0 1 0 1 2 0 0 2 0 1 0 0 0 0 0 0 0 0 0 0 0]:
[2023-04-23 01:41:10] - Range size 5, answer [1 0 0 2 0 0 0 0 0 0 0]:
[2023-04-23 01:41:10] - Range size 6, answer [1 3 2 0 0]:
[2023-04-23 01:41:10] - Range size 10, answer [2 0 0]:
[2023-04-23 01:41:10] - Range size 11, answer [2 3 2 0 0]:
[2023-04-23 01:41:10] - Range size 21, answer [4 0 0]:
[2023-04-23 01:41:10] - Range size 22, answer [5]:
[2023-04-23 01:41:10] - Range size 42, answer [0]:
[2023-04-23 01:41:10] - Range size 43, answer [9]:
[2023-04-23 01:41:10] - Range size 85, answer [9]:
[2023-04-23 01:41:10] - Golden standard: gives answer
[2023-04-23 01:41:10] - output_answer:[ 0  0  0  0  0  0  0  0  0  0  0  0  3  0  0  0  0  0  0  1  0  0  0  0
  0  0  0  0  0  0  0  0  0  0  0  0  0  0  0  0  0  0  0  1  0  0  0  0
  0  0  0  2  0  0  0  0  0  0  0  0  2  0  0  0  0  0  0  0  0  0  0  0
  0  0  0  0  0  0  0  0  1  0  0  0  0  0  0  0  0  3  0  0  0  0  0  0
  0  0  0  0  0  1  0  0  0  0  0  2  0  0  0  0  0  0  0  1  0  0  0  0
  3  0  1  0  0  0  0  0  1  0  2  0  2  0  0  0  0  1  0  1  0  0  0  2
  0  2  0  0  1  0  3  0  1  0  0  2  1  0  4  0  3  0  0  5  1  4  6  4
 10]
[2023-04-23 01:41:10] - Range size 1, answer [0 0 0 0 0 0 0 0 0 0 0 0 3 0 0 0 0 0 0 1 0 0 0 0 0 0 0 0 0 0 0 0 0 0 0 0 0
 0 0 0 0 0 0 1 0 0 0 0 0 0 0 2 0 0 0 0 0 0 0 0 2 0 0 0 0 0 0 0 0 0 0 0 0 0
 0 0 0 0 0 0 1 0 0 0 0]:
[2023-04-23 01:41:10] - Range size 2, answer [0 0 0 0 3 0 0 0 0 0 0 0 0 0 0 0 1 0 0 0 0 0 2 0 0 0 0 0 0 0 1 0]:
[2023-04-23 01:41:10] - Range size 3, answer [0 0 0 3 0 1 0 0 0 0 0 1 0 2 0 2 0 0 0 0 1]:
[2023-04-23 01:41:10] - Range size 5, answer [0 1 0 0 0 2 0 2 0 0 1]:
[2023-04-23 01:41:10] - Range size 6, answer [0 3 0 1 0]:
[2023-04-23 01:41:10] - Range size 10, answer [0 2 1]:
[2023-04-23 01:41:10] - Range size 11, answer [0 4 0 3 0]:
[2023-04-23 01:41:10] - Range size 21, answer [0 5 1]:
[2023-04-23 01:41:10] - Range size 22, answer [4]:
[2023-04-23 01:41:10] - Range size 42, answer [6]:
[2023-04-23 01:41:10] - Range size 43, answer [4]:
[2023-04-23 01:41:10] - Range size 85, answer [10]:
[2023-04-23 01:41:10] - Mechanism: gives answer
[2023-04-23 01:41:10] - output_answer:[ 0  0  0  0  0  0  0  0  0  0  0  0  0  0  0  0  0  0  1  0  0  0  0  0
  0  0  0  0  0  0  0  0  0  0  0  0  0  0  0  0  0  4  0  0  0  0  0  0
  0  0  0  0  0  0  0  0  0  0  0  0  0  0  0  0  0  0  0  0  0  0  0  0
  0  0  0  0  0  0  0  0  0  5  0  0  0  0  0  0  0  0  0  1  0  0  0  0
  0  0  0  0  4  0  0  0  0  0  0  0  0  0  0  0  0  0  0  5  0  0  0  0
  0  0  1  0  0  0  0  0  0  0  0  0  0  0  0  0  0  5  0  1  0  0  4  0
  0  0  0  0  5  0  0  0  0  0  4  0  5  0  1  0  0  0  4  0  5  1  5  5
 10]
[2023-04-23 01:41:10] - Range size 1, answer [0 0 0 0 0 0 0 0 0 0 0 0 0 0 0 0 0 0 1 0 0 0 0 0 0 0 0 0 0 0 0 0 0 0 0 0 0
 0 0 0 0 4 0 0 0 0 0 0 0 0 0 0 0 0 0 0 0 0 0 0 0 0 0 0 0 0 0 0 0 0 0 0 0 0
 0 0 0 0 0 0 0 5 0 0 0]:
[2023-04-23 01:41:10] - Range size 2, answer [0 0 0 0 0 0 1 0 0 0 0 0 0 0 0 4 0 0 0 0 0 0 0 0 0 0 0 0 0 0 5 0]:
[2023-04-23 01:41:10] - Range size 3, answer [0 0 0 0 0 1 0 0 0 0 0 0 0 0 0 0 0 0 0 0 5]:
[2023-04-23 01:41:10] - Range size 5, answer [0 1 0 0 4 0 0 0 0 0 5]:
[2023-04-23 01:41:10] - Range size 6, answer [0 0 0 0 0]:
[2023-04-23 01:41:10] - Range size 10, answer [4 0 5]:
[2023-04-23 01:41:10] - Range size 11, answer [0 1 0 0 0]:
[2023-04-23 01:41:10] - Range size 21, answer [4 0 5]:
[2023-04-23 01:41:10] - Range size 22, answer [1]:
[2023-04-23 01:41:10] - Range size 42, answer [5]:
[2023-04-23 01:41:10] - Range size 43, answer [5]:
[2023-04-23 01:41:10] - Range size 85, answer [10]:
[2023-04-23 01:41:10] - Mean Square Error of ground truth and golden standard: 1.349112426035503
[2023-04-23 01:41:10] - Mean Square Error of ground truth and mechanism: 1.8994082840236686
[2023-04-23 01:41:10] - Mean Square Error of golden standard and mechanism: 1.863905325443787
[2023-04-23 01:41:10] - Measurement3: golden_standard and mechanism
0.0
[2023-04-23 01:41:10] - ++++++++ Testing on node 4 Finished ++++++++
[2023-04-23 01:41:10] - ++++++++ Testing on node 1 Started ++++++++
[2023-04-23 01:41:10] - At node index 1 current size of dataset is: 2
[2023-04-23 01:41:11] - The testing is implemented at marital-status
[2023-04-23 01:41:11] - Ground truth: gives answer
[2023-04-23 01:41:11] - output_answer:[1 0 1 0 0 0 0 1 1 0 0 2 2]
[2023-04-23 01:41:11] - Range size 1, answer [1 0 1 0 0 0 0]:
[2023-04-23 01:41:11] - Range size 2, answer [1 1 0]:
[2023-04-23 01:41:11] - Range size 3, answer [0]:
[2023-04-23 01:41:11] - Range size 4, answer [2]:
[2023-04-23 01:41:11] - Range size 7, answer [2]:
[2023-04-23 01:41:11] - Mechanism: gives answer
[2023-04-23 01:41:11] - output_answer:[0 3 0 0 0 0 0 3 0 0 0 3 3]
[2023-04-23 01:41:11] - Range size 1, answer [0 3 0 0 0 0 0]:
[2023-04-23 01:41:11] - Range size 2, answer [3 0 0]:
[2023-04-23 01:41:11] - Range size 3, answer [0]:
[2023-04-23 01:41:11] - Range size 4, answer [3]:
[2023-04-23 01:41:11] - Range size 7, answer [3]:
[2023-04-23 01:41:11] - At node index 1 current size of dataset is: 2
[2023-04-23 01:41:11] - The testing is implemented at age
[2023-04-23 01:41:11] - Ground truth: gives answer
[2023-04-23 01:41:11] - output_answer:[0 0 0 0 0 0 0 0 0 0 0 0 0 0 0 0 0 0 0 0 0 0 0 1 0 0 0 0 0 0 0 0 0 0 1 0 0
 0 0 0 0 0 0 0 0 0 0 0 0 0 0 0 0 0 0 0 0 0 0 0 0 0 0 0 0 0 0 0 0 0 0 0 0 0
 0 0 0 0 0 0 0 0 0 0 0 0 0 0 0 0 0 0 0 1 0 0 0 1 0 0 0 0 0 0 0 0 0 0 0 0 0
 0 0 0 0 0 0 0 0 0 0 0 0 1 0 0 1 0 0 0 0 0 0 0 0 0 0 0 0 0 0 1 0 0 0 0 0 0
 0 0 0 1 0 0 1 0 0 0 0 1 0 0 2 0 0 0 0 2 2]
[2023-04-23 01:41:11] - Range size 1, answer [0 0 0 0 0 0 0 0 0 0 0 0 0 0 0 0 0 0 0 0 0 0 0 1 0 0 0 0 0 0 0 0 0 0 1 0 0
 0 0 0 0 0 0 0 0 0 0 0 0 0 0 0 0 0 0 0 0 0 0 0 0 0 0 0 0 0 0 0 0 0 0 0 0 0
 0 0 0 0 0 0 0 0 0 0 0]:
[2023-04-23 01:41:11] - Range size 2, answer [0 0 0 0 0 0 0 0 1 0 0 0 1 0 0 0 0 0 0 0 0 0 0 0 0 0 0 0 0 0 0 0]:
[2023-04-23 01:41:11] - Range size 3, answer [0 0 0 0 0 0 1 0 0 1 0 0 0 0 0 0 0 0 0 0 0]:
[2023-04-23 01:41:11] - Range size 5, answer [0 0 0 1 0 0 0 0 0 0 0]:
[2023-04-23 01:41:11] - Range size 6, answer [0 0 1 0 0]:
[2023-04-23 01:41:11] - Range size 10, answer [1 0 0]:
[2023-04-23 01:41:11] - Range size 11, answer [0 0 1 0 0]:
[2023-04-23 01:41:11] - Range size 21, answer [2 0 0]:
[2023-04-23 01:41:11] - Range size 22, answer [0]:
[2023-04-23 01:41:11] - Range size 42, answer [0]:
[2023-04-23 01:41:11] - Range size 43, answer [2]:
[2023-04-23 01:41:11] - Range size 85, answer [2]:
[2023-04-23 01:41:11] - Mechanism: gives answer
[2023-04-23 01:41:11] - output_answer:[0 2 0 0 0 0 0 0 0 0 0 0 0 0 0 0 0 0 0 0 0 0 0 0 0 0 0 0 0 0 0 0 0 0 0 0 0
 0 0 0 0 0 0 0 0 0 0 0 0 0 0 0 0 0 0 0 0 0 0 0 0 0 0 0 0 0 0 0 0 0 0 0 0 0
 0 1 0 0 0 0 0 0 0 0 0 2 0 0 0 0 0 0 0 0 0 0 0 0 0 0 0 0 0 0 0 0 0 0 0 0 0
 0 0 1 0 0 0 2 0 0 0 0 0 0 0 0 0 0 0 0 0 0 0 0 0 0 1 0 0 0 0 0 0 0 0 0 0 1
 0 2 0 0 0 0 0 0 1 2 0 0 0 0 0 0 1 2 1 2 3]
[2023-04-23 01:41:11] - Range size 1, answer [0 2 0 0 0 0 0 0 0 0 0 0 0 0 0 0 0 0 0 0 0 0 0 0 0 0 0 0 0 0 0 0 0 0 0 0 0
 0 0 0 0 0 0 0 0 0 0 0 0 0 0 0 0 0 0 0 0 0 0 0 0 0 0 0 0 0 0 0 0 0 0 0 0 0
 0 1 0 0 0 0 0 0 0 0 0]:
[2023-04-23 01:41:11] - Range size 2, answer [2 0 0 0 0 0 0 0 0 0 0 0 0 0 0 0 0 0 0 0 0 0 0 0 0 0 0 0 1 0 0 0]:
[2023-04-23 01:41:11] - Range size 3, answer [2 0 0 0 0 0 0 0 0 0 0 0 0 0 0 0 0 0 0 1 0]:
[2023-04-23 01:41:11] - Range size 5, answer [0 0 0 0 0 0 0 0 0 1 0]:
[2023-04-23 01:41:11] - Range size 6, answer [2 0 0 0 0]:
[2023-04-23 01:41:11] - Range size 10, answer [0 0 1]:
[2023-04-23 01:41:11] - Range size 11, answer [2 0 0 0 0]:
[2023-04-23 01:41:11] - Range size 21, answer [0 0 1]:
[2023-04-23 01:41:11] - Range size 22, answer [2]:
[2023-04-23 01:41:11] - Range size 42, answer [1]:
[2023-04-23 01:41:11] - Range size 43, answer [2]:
[2023-04-23 01:41:11] - Range size 85, answer [3]:
[2023-04-23 01:41:11] - ++++++++ Testing on node 1 Finished ++++++++
[2023-04-23 01:41:11] - ++++++++ Testing on node 2 Started ++++++++
[2023-04-23 01:41:11] - At node index 2 current size of dataset is: 4
[2023-04-23 01:41:12] - The testing is implemented at marital-status
[2023-04-23 01:41:12] - Ground truth: gives answer
[2023-04-23 01:41:12] - output_answer:[2 1 1 0 0 0 0 3 1 0 0 4 4]
[2023-04-23 01:41:12] - Range size 1, answer [2 1 1 0 0 0 0]:
[2023-04-23 01:41:12] - Range size 2, answer [3 1 0]:
[2023-04-23 01:41:12] - Range size 3, answer [0]:
[2023-04-23 01:41:12] - Range size 4, answer [4]:
[2023-04-23 01:41:12] - Range size 7, answer [4]:
[2023-04-23 01:41:12] - Mechanism: gives answer
[2023-04-23 01:41:12] - output_answer:[0 1 0 2 0 2 0 1 2 2 2 3 5]
[2023-04-23 01:41:12] - Range size 1, answer [0 1 0 2 0 2 0]:
[2023-04-23 01:41:12] - Range size 2, answer [1 2 2]:
[2023-04-23 01:41:12] - Range size 3, answer [2]:
[2023-04-23 01:41:12] - Range size 4, answer [3]:
[2023-04-23 01:41:12] - Range size 7, answer [5]:
[2023-04-23 01:41:12] - At node index 2 current size of dataset is: 4
[2023-04-23 01:41:13] - The testing is implemented at age
[2023-04-23 01:41:13] - Ground truth: gives answer
[2023-04-23 01:41:13] - output_answer:[0 0 0 0 0 0 0 0 0 0 0 0 0 0 0 0 0 0 0 0 0 0 1 1 0 0 0 0 0 0 0 0 0 0 1 0 0
 1 0 0 0 0 0 0 0 0 0 0 0 0 0 0 0 0 0 0 0 0 0 0 0 0 0 0 0 0 0 0 0 0 0 0 0 0
 0 0 0 0 0 0 0 0 0 0 0 0 0 0 0 0 0 0 0 2 0 0 0 1 1 0 0 0 0 0 0 0 0 0 0 0 0
 0 0 0 0 0 0 0 0 0 0 0 0 2 0 0 1 0 0 0 0 0 0 0 0 0 0 0 0 0 0 2 0 0 0 0 0 0
 0 0 0 2 0 0 2 0 0 0 0 2 0 0 4 0 0 0 0 4 4]
[2023-04-23 01:41:13] - Range size 1, answer [0 0 0 0 0 0 0 0 0 0 0 0 0 0 0 0 0 0 0 0 0 0 1 1 0 0 0 0 0 0 0 0 0 0 1 0 0
 1 0 0 0 0 0 0 0 0 0 0 0 0 0 0 0 0 0 0 0 0 0 0 0 0 0 0 0 0 0 0 0 0 0 0 0 0
 0 0 0 0 0 0 0 0 0 0 0]:
[2023-04-23 01:41:13] - Range size 2, answer [0 0 0 0 0 0 0 0 2 0 0 0 1 1 0 0 0 0 0 0 0 0 0 0 0 0 0 0 0 0 0 0]:
[2023-04-23 01:41:13] - Range size 3, answer [0 0 0 0 0 0 2 0 0 1 0 0 0 0 0 0 0 0 0 0 0]:
[2023-04-23 01:41:13] - Range size 5, answer [0 0 0 2 0 0 0 0 0 0 0]:
[2023-04-23 01:41:13] - Range size 6, answer [0 0 2 0 0]:
[2023-04-23 01:41:13] - Range size 10, answer [2 0 0]:
[2023-04-23 01:41:13] - Range size 11, answer [0 0 2 0 0]:
[2023-04-23 01:41:13] - Range size 21, answer [4 0 0]:
[2023-04-23 01:41:13] - Range size 22, answer [0]:
[2023-04-23 01:41:13] - Range size 42, answer [0]:
[2023-04-23 01:41:13] - Range size 43, answer [4]:
[2023-04-23 01:41:13] - Range size 85, answer [4]:
[2023-04-23 01:41:13] - Mechanism: gives answer
[2023-04-23 01:41:13] - output_answer:[0 0 0 0 0 0 0 0 0 0 0 0 0 0 0 0 0 5 0 0 0 0 0 0 0 0 0 0 0 0 0 0 0 0 0 0 0
 0 0 0 0 0 0 0 0 0 0 0 0 0 0 0 0 0 0 0 0 0 0 0 0 0 0 0 0 0 0 0 0 0 0 0 0 0
 0 0 0 0 0 0 0 0 0 0 0 0 0 0 0 0 0 5 0 0 0 0 0 0 0 0 0 0 0 0 0 0 0 0 0 0 0
 0 0 0 0 0 0 0 0 0 0 0 5 0 0 0 0 0 0 0 0 0 0 0 0 0 0 0 0 5 0 0 0 0 0 0 0 0
 0 0 0 0 0 0 0 0 0 0 5 0 0 0 0 0 0 5 0 5 5]
[2023-04-23 01:41:13] - Range size 1, answer [0 0 0 0 0 0 0 0 0 0 0 0 0 0 0 0 0 5 0 0 0 0 0 0 0 0 0 0 0 0 0 0 0 0 0 0 0
 0 0 0 0 0 0 0 0 0 0 0 0 0 0 0 0 0 0 0 0 0 0 0 0 0 0 0 0 0 0 0 0 0 0 0 0 0
 0 0 0 0 0 0 0 0 0 0 0]:
[2023-04-23 01:41:13] - Range size 2, answer [0 0 0 0 0 0 5 0 0 0 0 0 0 0 0 0 0 0 0 0 0 0 0 0 0 0 0 0 0 0 0 0]:
[2023-04-23 01:41:13] - Range size 3, answer [0 0 0 0 0 5 0 0 0 0 0 0 0 0 0 0 0 0 0 0 0]:
[2023-04-23 01:41:13] - Range size 5, answer [0 5 0 0 0 0 0 0 0 0 0]:
[2023-04-23 01:41:13] - Range size 6, answer [0 0 0 0 0]:
[2023-04-23 01:41:13] - Range size 10, answer [0 0 0]:
[2023-04-23 01:41:13] - Range size 11, answer [0 5 0 0 0]:
[2023-04-23 01:41:13] - Range size 21, answer [0 0 0]:
[2023-04-23 01:41:13] - Range size 22, answer [5]:
[2023-04-23 01:41:13] - Range size 42, answer [0]:
[2023-04-23 01:41:13] - Range size 43, answer [5]:
[2023-04-23 01:41:13] - Range size 85, answer [5]:
[2023-04-23 01:41:13] - ++++++++ Testing on node 2 Finished ++++++++
[2023-04-23 01:41:13] - ++++++++ Testing on node 3 Started ++++++++
[2023-04-23 01:41:13] - At node index 3 current size of dataset is: 13
[2023-04-23 01:41:13] - The testing is implemented at marital-status
[2023-04-23 01:41:13] - Ground truth: gives answer
[2023-04-23 01:41:13] - output_answer:[ 8  1  3  0  0  1  0  9  3  1  1 12 13]
[2023-04-23 01:41:13] - Range size 1, answer [8 1 3 0 0 1 0]:
[2023-04-23 01:41:13] - Range size 2, answer [9 3 1]:
[2023-04-23 01:41:13] - Range size 3, answer [1]:
[2023-04-23 01:41:13] - Range size 4, answer [12]:
[2023-04-23 01:41:13] - Range size 7, answer [13]:
[2023-04-23 01:41:13] - Mechanism: gives answer
[2023-04-23 01:41:13] - output_answer:[ 9  0  4  2  0  0  0  9  6  0  0 15 15]
[2023-04-23 01:41:13] - Range size 1, answer [9 0 4 2 0 0 0]:
[2023-04-23 01:41:13] - Range size 2, answer [9 6 0]:
[2023-04-23 01:41:13] - Range size 3, answer [0]:
[2023-04-23 01:41:13] - Range size 4, answer [15]:
[2023-04-23 01:41:13] - Range size 7, answer [15]:
[2023-04-23 01:41:13] - At node index 3 current size of dataset is: 13
[2023-04-23 01:41:15] - The testing is implemented at age
[2023-04-23 01:41:15] - Ground truth: gives answer
[2023-04-23 01:41:15] - output_answer:[ 0  0  0  0  0  0  0  1  0  0  0  0  1  0  1  1  0  0  0  0  0  2  1  1
  0  0  1  0  0  0  0  0  0  1  1  0  1  1  0  0  0  0  0  0  0  0  0  0
  0  0  0  0  0  0  0  0  0  0  0  0  0  0  0  0  0  0  0  0  0  0  0  0
  0  0  0  0  0  0  0  0  0  0  0  0  0  0  0  1  0  1  2  0  2  2  1  0
  0  2  2  0  0  0  0  0  0  0  0  0  0  0  0  0  0  0  0  0  0  0  0  1
  1  2  0  2  1  0  2  0  0  0  0  0  0  0  0  0  0  0  1  2  0  4  0  0
  0  0  0  0  0  0  3  3  0  0  4  0  0  1  5  3  0  0  7  0  0  6  0 13
 13]
[2023-04-23 01:41:15] - Range size 1, answer [0 0 0 0 0 0 0 1 0 0 0 0 1 0 1 1 0 0 0 0 0 2 1 1 0 0 1 0 0 0 0 0 0 1 1 0 1
 1 0 0 0 0 0 0 0 0 0 0 0 0 0 0 0 0 0 0 0 0 0 0 0 0 0 0 0 0 0 0 0 0 0 0 0 0
 0 0 0 0 0 0 0 0 0 0 0]:
[2023-04-23 01:41:15] - Range size 2, answer [0 0 1 0 1 2 0 2 2 1 0 0 2 2 0 0 0 0 0 0 0 0 0 0 0 0 0 0 0 0 0 0]:
[2023-04-23 01:41:15] - Range size 3, answer [0 0 1 1 2 0 2 1 0 2 0 0 0 0 0 0 0 0 0 0 0]:
[2023-04-23 01:41:15] - Range size 5, answer [1 2 0 4 0 0 0 0 0 0 0]:
[2023-04-23 01:41:15] - Range size 6, answer [0 3 3 0 0]:
[2023-04-23 01:41:15] - Range size 10, answer [4 0 0]:
[2023-04-23 01:41:15] - Range size 11, answer [1 5 3 0 0]:
[2023-04-23 01:41:15] - Range size 21, answer [7 0 0]:
[2023-04-23 01:41:15] - Range size 22, answer [6]:
[2023-04-23 01:41:15] - Range size 42, answer [0]:
[2023-04-23 01:41:15] - Range size 43, answer [13]:
[2023-04-23 01:41:15] - Range size 85, answer [13]:
[2023-04-23 01:41:15] - Mechanism: gives answer
[2023-04-23 01:41:15] - output_answer:[ 5  0  0  0  0  0  0  0  0  0  0  5  0  0  0  0  0  0  0  0  0  0  0  0
  0  0  0  0  0  0  0  0  0  0  5  0  0  0  0  0  0  0  0  0  0  0  0  0
  0  0  0  0  0  0  0  0  0  0  0  0  0  0  0  0  0  0  0  0  0  0  0  0
  0  0  0  0  0  0  0  0  0  0  0  0  0  5  0  0  0  5  0  0  0  0  0  0
  0  5  0  0  0  0  0  0  0  0  0  0  0  0  0  0  0  0  0  0  0  5  0  0
  5  0  0  0  0  0  5  0  0  0  0  0  0  0  0  0  0  0  0  0  0  5  0  0
  0  0  0  0  0  5  5  0  0  0  5  0  0  5  5  0  0  0  5  0  0 10  0 15
 15]
[2023-04-23 01:41:15] - Range size 1, answer [5 0 0 0 0 0 0 0 0 0 0 5 0 0 0 0 0 0 0 0 0 0 0 0 0 0 0 0 0 0 0 0 0 0 5 0 0
 0 0 0 0 0 0 0 0 0 0 0 0 0 0 0 0 0 0 0 0 0 0 0 0 0 0 0 0 0 0 0 0 0 0 0 0 0
 0 0 0 0 0 0 0 0 0 0 0]:
[2023-04-23 01:41:15] - Range size 2, answer [5 0 0 0 5 0 0 0 0 0 0 0 5 0 0 0 0 0 0 0 0 0 0 0 0 0 0 0 0 0 0 0]:
[2023-04-23 01:41:15] - Range size 3, answer [5 0 0 5 0 0 0 0 0 5 0 0 0 0 0 0 0 0 0 0 0]:
[2023-04-23 01:41:15] - Range size 5, answer [0 0 0 5 0 0 0 0 0 0 0]:
[2023-04-23 01:41:15] - Range size 6, answer [5 5 0 0 0]:
[2023-04-23 01:41:15] - Range size 10, answer [5 0 0]:
[2023-04-23 01:41:15] - Range size 11, answer [5 5 0 0 0]:
[2023-04-23 01:41:15] - Range size 21, answer [5 0 0]:
[2023-04-23 01:41:15] - Range size 22, answer [10]:
[2023-04-23 01:41:15] - Range size 42, answer [0]:
[2023-04-23 01:41:15] - Range size 43, answer [15]:
[2023-04-23 01:41:15] - Range size 85, answer [15]:
[2023-04-23 01:41:15] - ++++++++ Testing on node 3 Finished ++++++++
[2023-04-23 01:41:15] - ++++++++ Testing on node 4 Started ++++++++
[2023-04-23 01:41:15] - At node index 4 current size of dataset is: 73
[2023-04-23 01:41:15] - The testing is implemented at marital-status
[2023-04-23 01:41:15] - Ground truth: gives answer
[2023-04-23 01:41:15] - output_answer:[41 10 16  3  0  2  1 51 19  2  3 70 73]
[2023-04-23 01:41:15] - Range size 1, answer [41 10 16  3  0  2  1]:
[2023-04-23 01:41:15] - Range size 2, answer [51 19  2]:
[2023-04-23 01:41:15] - Range size 3, answer [3]:
[2023-04-23 01:41:15] - Range size 4, answer [70]:
[2023-04-23 01:41:15] - Range size 7, answer [73]:
[2023-04-23 01:41:15] - Mechanism: gives answer
[2023-04-23 01:41:15] - output_answer:[23  0 29  0  0 22  0 23 29 22 22 52 74]
[2023-04-23 01:41:15] - Range size 1, answer [23  0 29  0  0 22  0]:
[2023-04-23 01:41:15] - Range size 2, answer [23 29 22]:
[2023-04-23 01:41:15] - Range size 3, answer [22]:
[2023-04-23 01:41:15] - Range size 4, answer [52]:
[2023-04-23 01:41:15] - Range size 7, answer [74]:
[2023-04-23 01:41:15] - At node index 4 current size of dataset is: 73
[2023-04-23 01:41:16] - The testing is implemented at age
[2023-04-23 01:41:16] - Ground truth: gives answer
[2023-04-23 01:41:16] - output_answer:[ 0  0  1  3  1  1  1  2  1  4  0  0  2  3  4  4  3  0  1  2  1  2  2  2
  2  2  2  3  1  1  1  2  3  4  2  0  1  4  2  0  1  1  0  1  0  0  0  0
  0  0  0  0  0  0  0  0  0  0  0  0  0  0  0  0  0  0  0  0  0  0  0  0
  0  0  0  0  0  0  0  0  0  0  0  0  0  0  4  3  4  2  8  1  3  4  4  2
  5  6  5  2  1  1  0  0  0  0  0  0  0  0  0  0  0  0  0  0  0  1  5  4
  5 11  3  6  7  3  6  3  1  0  0  0  0  0  0  0  0  0  8  6  8 11  4  0
  0  0  0  0  0  6 16 13  1  0 15  0  0 14 22 21  1  0 36  1  0 36  1 72
 73]
[2023-04-23 01:41:16] - Range size 1, answer [0 0 1 3 1 1 1 2 1 4 0 0 2 3 4 4 3 0 1 2 1 2 2 2 2 2 2 3 1 1 1 2 3 4 2 0 1
 4 2 0 1 1 0 1 0 0 0 0 0 0 0 0 0 0 0 0 0 0 0 0 0 0 0 0 0 0 0 0 0 0 0 0 0 0
 0 0 0 0 0 0 0 0 0 0 0]:
[2023-04-23 01:41:16] - Range size 2, answer [0 4 3 4 2 8 1 3 4 4 2 5 6 5 2 1 1 0 0 0 0 0 0 0 0 0 0 0 0 0 0 0]:
[2023-04-23 01:41:16] - Range size 3, answer [ 1  5  4  5 11  3  6  7  3  6  3  1  0  0  0  0  0  0  0  0  0]:
[2023-04-23 01:41:16] - Range size 5, answer [ 8  6  8 11  4  0  0  0  0  0  0]:
[2023-04-23 01:41:16] - Range size 6, answer [ 6 16 13  1  0]:
[2023-04-23 01:41:16] - Range size 10, answer [15  0  0]:
[2023-04-23 01:41:16] - Range size 11, answer [14 22 21  1  0]:
[2023-04-23 01:41:16] - Range size 21, answer [36  1  0]:
[2023-04-23 01:41:16] - Range size 22, answer [36]:
[2023-04-23 01:41:16] - Range size 42, answer [1]:
[2023-04-23 01:41:16] - Range size 43, answer [72]:
[2023-04-23 01:41:16] - Range size 85, answer [73]:
[2023-04-23 01:41:16] - Mechanism: gives answer
[2023-04-23 01:41:16] - output_answer:[ 0  0  0  0  0  0  0  0  0  0  0  0 35  0  0  0  8  0  0  0  0  0  0  0
 20  0  0  0  0  0  0  0  0  0  0  0  0  0  0  0  0  0  0  0  0  0  0  0
  1  0  0  0  0  0  0  0  0  0  0  0 10  0  0  0  0  0  0  0  0  0  0  0
  0  0  0  0  0  0  0  0  0  0  0  0  0  0  0  0  0 35  0  0  0  0  0  0
  0  0  0  0  0  0  0  0  0  0  0 10  0  0  0  0  0  0  0  0  0  0  0  0
 35  8  0 20  0  0  0  0  0  1  0  0 10  0  0  0  0  0  0  0  0  0  0  0
  0 10  0  0  0  0 43 20  1  0  0 10  0  0 43 20  1  0 20 11  0 43 11 63
 74]
[2023-04-23 01:41:16] - Range size 1, answer [ 0  0  0  0  0  0  0  0  0  0  0  0 35  0  0  0  8  0  0  0  0  0  0  0
 20  0  0  0  0  0  0  0  0  0  0  0  0  0  0  0  0  0  0  0  0  0  0  0
  1  0  0  0  0  0  0  0  0  0  0  0 10  0  0  0  0  0  0  0  0  0  0  0
  0  0  0  0  0  0  0  0  0  0  0  0  0]:
[2023-04-23 01:41:16] - Range size 2, answer [ 0  0  0  0 35  0  0  0  0  0  0  0  0  0  0  0  0  0  0  0  0  0 10  0
  0  0  0  0  0  0  0  0]:
[2023-04-23 01:41:16] - Range size 3, answer [ 0  0  0 35  8  0 20  0  0  0  0  0  1  0  0 10  0  0  0  0  0]:
[2023-04-23 01:41:16] - Range size 5, answer [ 0  0  0  0  0  0  0 10  0  0  0]:
[2023-04-23 01:41:16] - Range size 6, answer [ 0 43 20  1  0]:
[2023-04-23 01:41:16] - Range size 10, answer [ 0 10  0]:
[2023-04-23 01:41:16] - Range size 11, answer [ 0 43 20  1  0]:
[2023-04-23 01:41:16] - Range size 21, answer [20 11  0]:
[2023-04-23 01:41:16] - Range size 22, answer [43]:
[2023-04-23 01:41:16] - Range size 42, answer [11]:
[2023-04-23 01:41:16] - Range size 43, answer [63]:
[2023-04-23 01:41:16] - Range size 85, answer [74]:
[2023-04-23 01:41:16] - ++++++++ Testing on node 4 Finished ++++++++
[2023-04-23 01:41:16] - ++++++++ Testing on node 1 Started ++++++++
[2023-04-23 01:41:16] - At node index 1 current size of dataset is: 0
[2023-04-23 01:41:16] - The testing is implemented at marital-status
[2023-04-23 01:41:16] - Ground truth: gives answer
[2023-04-23 01:41:16] - output_answer:[0 0 0 0 0 0 0 0 0 0 0 0 0]
[2023-04-23 01:41:16] - Range size 1, answer [0 0 0 0 0 0 0]:
[2023-04-23 01:41:16] - Range size 2, answer [0 0 0]:
[2023-04-23 01:41:16] - Range size 3, answer [0]:
[2023-04-23 01:41:16] - Range size 4, answer [0]:
[2023-04-23 01:41:16] - Range size 7, answer [0]:
[2023-04-23 01:41:16] - Mechanism: gives answer
[2023-04-23 01:41:16] - output_answer:[0 0 0 1 0 0 0 0 1 0 0 1 1]
[2023-04-23 01:41:16] - Range size 1, answer [0 0 0 1 0 0 0]:
[2023-04-23 01:41:16] - Range size 2, answer [0 1 0]:
[2023-04-23 01:41:16] - Range size 3, answer [0]:
[2023-04-23 01:41:16] - Range size 4, answer [1]:
[2023-04-23 01:41:16] - Range size 7, answer [1]:
[2023-04-23 01:41:16] - At node index 1 current size of dataset is: 0
[2023-04-23 01:41:17] - The testing is implemented at age
[2023-04-23 01:41:17] - Ground truth: gives answer
[2023-04-23 01:41:17] - output_answer:[0 0 0 0 0 0 0 0 0 0 0 0 0 0 0 0 0 0 0 0 0 0 0 0 0 0 0 0 0 0 0 0 0 0 0 0 0
 0 0 0 0 0 0 0 0 0 0 0 0 0 0 0 0 0 0 0 0 0 0 0 0 0 0 0 0 0 0 0 0 0 0 0 0 0
 0 0 0 0 0 0 0 0 0 0 0 0 0 0 0 0 0 0 0 0 0 0 0 0 0 0 0 0 0 0 0 0 0 0 0 0 0
 0 0 0 0 0 0 0 0 0 0 0 0 0 0 0 0 0 0 0 0 0 0 0 0 0 0 0 0 0 0 0 0 0 0 0 0 0
 0 0 0 0 0 0 0 0 0 0 0 0 0 0 0 0 0 0 0 0 0]
[2023-04-23 01:41:17] - Range size 1, answer [0 0 0 0 0 0 0 0 0 0 0 0 0 0 0 0 0 0 0 0 0 0 0 0 0 0 0 0 0 0 0 0 0 0 0 0 0
 0 0 0 0 0 0 0 0 0 0 0 0 0 0 0 0 0 0 0 0 0 0 0 0 0 0 0 0 0 0 0 0 0 0 0 0 0
 0 0 0 0 0 0 0 0 0 0 0]:
[2023-04-23 01:41:17] - Range size 2, answer [0 0 0 0 0 0 0 0 0 0 0 0 0 0 0 0 0 0 0 0 0 0 0 0 0 0 0 0 0 0 0 0]:
[2023-04-23 01:41:17] - Range size 3, answer [0 0 0 0 0 0 0 0 0 0 0 0 0 0 0 0 0 0 0 0 0]:
[2023-04-23 01:41:17] - Range size 5, answer [0 0 0 0 0 0 0 0 0 0 0]:
[2023-04-23 01:41:17] - Range size 6, answer [0 0 0 0 0]:
[2023-04-23 01:41:17] - Range size 10, answer [0 0 0]:
[2023-04-23 01:41:17] - Range size 11, answer [0 0 0 0 0]:
[2023-04-23 01:41:17] - Range size 21, answer [0 0 0]:
[2023-04-23 01:41:17] - Range size 22, answer [0]:
[2023-04-23 01:41:17] - Range size 42, answer [0]:
[2023-04-23 01:41:17] - Range size 43, answer [0]:
[2023-04-23 01:41:17] - Range size 85, answer [0]:
[2023-04-23 01:41:17] - Mechanism: gives answer
[2023-04-23 01:41:17] - output_answer:[0 0 0 0 0 0 0 1 0 0 0 0 0 0 0 0 0 0 0 0 0 0 0 0 0 0 0 0 0 0 0 0 0 0 0 0 0
 0 0 0 0 0 0 0 0 0 0 0 0 0 0 0 0 0 0 0 0 0 0 0 0 0 0 0 0 0 0 0 0 0 0 0 0 0
 0 0 0 0 0 0 0 0 0 0 0 0 0 1 0 0 0 0 0 0 0 0 0 0 0 0 0 0 0 0 0 0 0 0 0 0 0
 0 0 0 0 0 0 0 0 1 0 0 0 0 0 0 0 0 0 0 0 0 0 0 0 0 0 0 1 0 0 0 0 0 0 0 0 0
 0 0 0 0 0 0 0 0 0 1 0 0 0 0 0 0 0 1 0 1 1]
[2023-04-23 01:41:17] - Range size 1, answer [0 0 0 0 0 0 0 1 0 0 0 0 0 0 0 0 0 0 0 0 0 0 0 0 0 0 0 0 0 0 0 0 0 0 0 0 0
 0 0 0 0 0 0 0 0 0 0 0 0 0 0 0 0 0 0 0 0 0 0 0 0 0 0 0 0 0 0 0 0 0 0 0 0 0
 0 0 0 0 0 0 0 0 0 0 0]:
[2023-04-23 01:41:17] - Range size 2, answer [0 0 1 0 0 0 0 0 0 0 0 0 0 0 0 0 0 0 0 0 0 0 0 0 0 0 0 0 0 0 0 0]:
[2023-04-23 01:41:17] - Range size 3, answer [0 0 1 0 0 0 0 0 0 0 0 0 0 0 0 0 0 0 0 0 0]:
[2023-04-23 01:41:17] - Range size 5, answer [1 0 0 0 0 0 0 0 0 0 0]:
[2023-04-23 01:41:17] - Range size 6, answer [0 0 0 0 0]:
[2023-04-23 01:41:17] - Range size 10, answer [0 0 0]:
[2023-04-23 01:41:17] - Range size 11, answer [1 0 0 0 0]:
[2023-04-23 01:41:17] - Range size 21, answer [0 0 0]:
[2023-04-23 01:41:17] - Range size 22, answer [1]:
[2023-04-23 01:41:17] - Range size 42, answer [0]:
[2023-04-23 01:41:17] - Range size 43, answer [1]:
[2023-04-23 01:41:17] - Range size 85, answer [1]:
[2023-04-23 01:41:17] - ++++++++ Testing on node 1 Finished ++++++++
[2023-04-23 01:41:17] - ++++++++ Testing on node 2 Started ++++++++
[2023-04-23 01:41:17] - At node index 2 current size of dataset is: 0
[2023-04-23 01:41:17] - The testing is implemented at marital-status
[2023-04-23 01:41:17] - Ground truth: gives answer
[2023-04-23 01:41:17] - output_answer:[0 0 0 0 0 0 0 0 0 0 0 0 0]
[2023-04-23 01:41:17] - Range size 1, answer [0 0 0 0 0 0 0]:
[2023-04-23 01:41:17] - Range size 2, answer [0 0 0]:
[2023-04-23 01:41:17] - Range size 3, answer [0]:
[2023-04-23 01:41:17] - Range size 4, answer [0]:
[2023-04-23 01:41:17] - Range size 7, answer [0]:
[2023-04-23 01:41:17] - Mechanism: gives answer
[2023-04-23 01:41:17] - output_answer:[0 0 0 0 0 0 1 0 0 0 1 0 1]
[2023-04-23 01:41:17] - Range size 1, answer [0 0 0 0 0 0 1]:
[2023-04-23 01:41:17] - Range size 2, answer [0 0 0]:
[2023-04-23 01:41:17] - Range size 3, answer [1]:
[2023-04-23 01:41:17] - Range size 4, answer [0]:
[2023-04-23 01:41:17] - Range size 7, answer [1]:
[2023-04-23 01:41:17] - At node index 2 current size of dataset is: 0
[2023-04-23 01:41:18] - The testing is implemented at age
[2023-04-23 01:41:18] - Ground truth: gives answer
[2023-04-23 01:41:18] - output_answer:[0 0 0 0 0 0 0 0 0 0 0 0 0 0 0 0 0 0 0 0 0 0 0 0 0 0 0 0 0 0 0 0 0 0 0 0 0
 0 0 0 0 0 0 0 0 0 0 0 0 0 0 0 0 0 0 0 0 0 0 0 0 0 0 0 0 0 0 0 0 0 0 0 0 0
 0 0 0 0 0 0 0 0 0 0 0 0 0 0 0 0 0 0 0 0 0 0 0 0 0 0 0 0 0 0 0 0 0 0 0 0 0
 0 0 0 0 0 0 0 0 0 0 0 0 0 0 0 0 0 0 0 0 0 0 0 0 0 0 0 0 0 0 0 0 0 0 0 0 0
 0 0 0 0 0 0 0 0 0 0 0 0 0 0 0 0 0 0 0 0 0]
[2023-04-23 01:41:18] - Range size 1, answer [0 0 0 0 0 0 0 0 0 0 0 0 0 0 0 0 0 0 0 0 0 0 0 0 0 0 0 0 0 0 0 0 0 0 0 0 0
 0 0 0 0 0 0 0 0 0 0 0 0 0 0 0 0 0 0 0 0 0 0 0 0 0 0 0 0 0 0 0 0 0 0 0 0 0
 0 0 0 0 0 0 0 0 0 0 0]:
[2023-04-23 01:41:18] - Range size 2, answer [0 0 0 0 0 0 0 0 0 0 0 0 0 0 0 0 0 0 0 0 0 0 0 0 0 0 0 0 0 0 0 0]:
[2023-04-23 01:41:18] - Range size 3, answer [0 0 0 0 0 0 0 0 0 0 0 0 0 0 0 0 0 0 0 0 0]:
[2023-04-23 01:41:18] - Range size 5, answer [0 0 0 0 0 0 0 0 0 0 0]:
[2023-04-23 01:41:18] - Range size 6, answer [0 0 0 0 0]:
[2023-04-23 01:41:18] - Range size 10, answer [0 0 0]:
[2023-04-23 01:41:18] - Range size 11, answer [0 0 0 0 0]:
[2023-04-23 01:41:18] - Range size 21, answer [0 0 0]:
[2023-04-23 01:41:18] - Range size 22, answer [0]:
[2023-04-23 01:41:18] - Range size 42, answer [0]:
[2023-04-23 01:41:18] - Range size 43, answer [0]:
[2023-04-23 01:41:18] - Range size 85, answer [0]:
[2023-04-23 01:41:18] - Mechanism: gives answer
[2023-04-23 01:41:18] - output_answer:[0 0 0 0 0 0 0 0 0 0 0 0 0 0 0 0 0 0 0 0 0 0 0 0 0 0 0 0 0 0 0 0 1 0 0 0 0
 0 0 0 0 0 0 0 0 0 0 0 0 0 0 0 0 0 0 0 0 0 0 0 0 0 0 0 0 0 0 0 0 0 0 0 0 0
 0 0 0 0 0 0 0 0 0 0 0 0 0 0 0 0 0 0 0 0 0 0 1 0 0 0 0 0 0 0 0 0 0 0 0 0 0
 0 0 0 0 0 0 0 0 0 0 0 0 0 0 0 0 0 0 0 0 0 0 0 0 0 0 0 0 0 1 0 0 0 0 0 0 0
 0 0 0 0 0 0 0 0 0 0 0 1 0 0 1 0 0 0 0 1 1]
[2023-04-23 01:41:18] - Range size 1, answer [0 0 0 0 0 0 0 0 0 0 0 0 0 0 0 0 0 0 0 0 0 0 0 0 0 0 0 0 0 0 0 0 1 0 0 0 0
 0 0 0 0 0 0 0 0 0 0 0 0 0 0 0 0 0 0 0 0 0 0 0 0 0 0 0 0 0 0 0 0 0 0 0 0 0
 0 0 0 0 0 0 0 0 0 0 0]:
[2023-04-23 01:41:18] - Range size 2, answer [0 0 0 0 0 0 0 0 0 0 0 1 0 0 0 0 0 0 0 0 0 0 0 0 0 0 0 0 0 0 0 0]:
[2023-04-23 01:41:18] - Range size 3, answer [0 0 0 0 0 0 0 0 0 0 0 0 0 0 0 0 0 0 0 0 0]:
[2023-04-23 01:41:18] - Range size 5, answer [0 0 1 0 0 0 0 0 0 0 0]:
[2023-04-23 01:41:18] - Range size 6, answer [0 0 0 0 0]:
[2023-04-23 01:41:18] - Range size 10, answer [0 0 0]:
[2023-04-23 01:41:18] - Range size 11, answer [0 0 1 0 0]:
[2023-04-23 01:41:18] - Range size 21, answer [1 0 0]:
[2023-04-23 01:41:18] - Range size 22, answer [0]:
[2023-04-23 01:41:18] - Range size 42, answer [0]:
[2023-04-23 01:41:18] - Range size 43, answer [1]:
[2023-04-23 01:41:18] - Range size 85, answer [1]:
[2023-04-23 01:41:18] - ++++++++ Testing on node 2 Finished ++++++++
[2023-04-23 01:41:18] - ++++++++ Testing on node 3 Started ++++++++
[2023-04-23 01:41:18] - At node index 3 current size of dataset is: 3
[2023-04-23 01:41:19] - The testing is implemented at marital-status
[2023-04-23 01:41:19] - Ground truth: gives answer
[2023-04-23 01:41:19] - output_answer:[2 0 1 0 0 0 0 2 1 0 0 3 3]
[2023-04-23 01:41:19] - Range size 1, answer [2 0 1 0 0 0 0]:
[2023-04-23 01:41:19] - Range size 2, answer [2 1 0]:
[2023-04-23 01:41:19] - Range size 3, answer [0]:
[2023-04-23 01:41:19] - Range size 4, answer [3]:
[2023-04-23 01:41:19] - Range size 7, answer [3]:
[2023-04-23 01:41:19] - Mechanism: gives answer
[2023-04-23 01:41:19] - output_answer:[0 1 0 4 0 0 0 1 4 0 0 5 5]
[2023-04-23 01:41:19] - Range size 1, answer [0 1 0 4 0 0 0]:
[2023-04-23 01:41:19] - Range size 2, answer [1 4 0]:
[2023-04-23 01:41:19] - Range size 3, answer [0]:
[2023-04-23 01:41:19] - Range size 4, answer [5]:
[2023-04-23 01:41:19] - Range size 7, answer [5]:
[2023-04-23 01:41:19] - At node index 3 current size of dataset is: 3
[2023-04-23 01:41:20] - The testing is implemented at age
[2023-04-23 01:41:20] - Ground truth: gives answer
[2023-04-23 01:41:20] - output_answer:[0 0 0 0 0 0 0 0 0 0 0 0 1 0 0 0 0 0 0 0 0 0 0 1 0 0 1 0 0 0 0 0 0 0 0 0 0
 0 0 0 0 0 0 0 0 0 0 0 0 0 0 0 0 0 0 0 0 0 0 0 0 0 0 0 0 0 0 0 0 0 0 0 0 0
 0 0 0 0 0 0 0 0 0 0 0 0 0 0 0 1 0 0 0 1 1 0 0 0 0 0 0 0 0 0 0 0 0 0 0 0 0
 0 0 0 0 0 0 0 0 0 1 0 0 1 1 0 0 0 0 0 0 0 0 0 0 0 0 0 0 0 0 0 0 0 0 0 0 0
 0 0 1 2 0 0 0 0 0 0 1 2 0 0 2 0 0 1 0 3 3]
[2023-04-23 01:41:20] - Range size 1, answer [0 0 0 0 0 0 0 0 0 0 0 0 1 0 0 0 0 0 0 0 0 0 0 1 0 0 1 0 0 0 0 0 0 0 0 0 0
 0 0 0 0 0 0 0 0 0 0 0 0 0 0 0 0 0 0 0 0 0 0 0 0 0 0 0 0 0 0 0 0 0 0 0 0 0
 0 0 0 0 0 0 0 0 0 0 0]:
[2023-04-23 01:41:20] - Range size 2, answer [0 0 0 0 1 0 0 0 1 1 0 0 0 0 0 0 0 0 0 0 0 0 0 0 0 0 0 0 0 0 0 0]:
[2023-04-23 01:41:20] - Range size 3, answer [0 0 0 1 0 0 1 1 0 0 0 0 0 0 0 0 0 0 0 0 0]:
[2023-04-23 01:41:20] - Range size 5, answer [0 0 0 0 0 0 0 0 0 0 0]:
[2023-04-23 01:41:20] - Range size 6, answer [0 1 2 0 0]:
[2023-04-23 01:41:20] - Range size 10, answer [0 0 0]:
[2023-04-23 01:41:20] - Range size 11, answer [0 1 2 0 0]:
[2023-04-23 01:41:20] - Range size 21, answer [2 0 0]:
[2023-04-23 01:41:20] - Range size 22, answer [1]:
[2023-04-23 01:41:20] - Range size 42, answer [0]:
[2023-04-23 01:41:20] - Range size 43, answer [3]:
[2023-04-23 01:41:20] - Range size 85, answer [3]:
[2023-04-23 01:41:20] - Mechanism: gives answer
[2023-04-23 01:41:20] - output_answer:[0 0 0 0 0 0 1 0 0 0 0 0 0 0 0 0 0 0 0 0 0 0 0 0 0 0 0 0 0 0 0 0 0 0 0 0 0
 0 0 0 0 0 0 0 0 0 0 0 0 0 0 0 0 0 3 0 0 0 0 0 0 0 0 0 0 0 0 0 0 0 0 0 0 0
 1 0 0 0 0 0 0 0 0 0 0 0 0 1 0 0 0 0 0 0 0 0 0 0 0 0 0 0 0 0 0 3 0 0 0 0 0
 0 1 0 0 0 0 0 0 1 0 0 0 0 0 0 0 0 0 0 0 3 0 0 0 0 0 0 1 0 0 0 0 0 3 0 1 0
 0 0 0 0 0 0 0 3 0 1 0 0 0 1 0 3 1 1 4 1 5]
[2023-04-23 01:41:20] - Range size 1, answer [0 0 0 0 0 0 1 0 0 0 0 0 0 0 0 0 0 0 0 0 0 0 0 0 0 0 0 0 0 0 0 0 0 0 0 0 0
 0 0 0 0 0 0 0 0 0 0 0 0 0 0 0 0 0 3 0 0 0 0 0 0 0 0 0 0 0 0 0 0 0 0 0 0 0
 1 0 0 0 0 0 0 0 0 0 0]:
[2023-04-23 01:41:20] - Range size 2, answer [0 0 1 0 0 0 0 0 0 0 0 0 0 0 0 0 0 0 0 0 3 0 0 0 0 0 0 1 0 0 0 0]:
[2023-04-23 01:41:20] - Range size 3, answer [0 0 1 0 0 0 0 0 0 0 0 0 0 0 3 0 0 0 0 0 0]:
[2023-04-23 01:41:20] - Range size 5, answer [1 0 0 0 0 0 3 0 1 0 0]:
[2023-04-23 01:41:20] - Range size 6, answer [0 0 0 0 0]:
[2023-04-23 01:41:20] - Range size 10, answer [0 3 0]:
[2023-04-23 01:41:20] - Range size 11, answer [1 0 0 0 1]:
[2023-04-23 01:41:20] - Range size 21, answer [0 3 1]:
[2023-04-23 01:41:20] - Range size 22, answer [1]:
[2023-04-23 01:41:20] - Range size 42, answer [4]:
[2023-04-23 01:41:20] - Range size 43, answer [1]:
[2023-04-23 01:41:20] - Range size 85, answer [5]:
[2023-04-23 01:41:20] - ++++++++ Testing on node 3 Finished ++++++++
[2023-04-23 01:41:20] - ++++++++ Testing on node 4 Started ++++++++
[2023-04-23 01:41:20] - At node index 4 current size of dataset is: 64
[2023-04-23 01:41:21] - The testing is implemented at marital-status
[2023-04-23 01:41:21] - Ground truth: gives answer
[2023-04-23 01:41:21] - output_answer:[36 10 14  2  0  1  1 46 16  1  2 62 64]
[2023-04-23 01:41:21] - Range size 1, answer [36 10 14  2  0  1  1]:
[2023-04-23 01:41:21] - Range size 2, answer [46 16  1]:
[2023-04-23 01:41:21] - Range size 3, answer [2]:
[2023-04-23 01:41:21] - Range size 4, answer [62]:
[2023-04-23 01:41:21] - Range size 7, answer [64]:
[2023-04-23 01:41:21] - Mechanism: gives answer
[2023-04-23 01:41:21] - output_answer:[ 3  1 26 28  0  0  7  4 54  0  7 58 65]
[2023-04-23 01:41:21] - Range size 1, answer [ 3  1 26 28  0  0  7]:
[2023-04-23 01:41:21] - Range size 2, answer [ 4 54  0]:
[2023-04-23 01:41:21] - Range size 3, answer [7]:
[2023-04-23 01:41:21] - Range size 4, answer [58]:
[2023-04-23 01:41:21] - Range size 7, answer [65]:
[2023-04-23 01:41:21] - At node index 4 current size of dataset is: 64
[2023-04-23 01:41:21] - The testing is implemented at age
[2023-04-23 01:41:21] - Ground truth: gives answer
[2023-04-23 01:41:21] - output_answer:[ 0  0  1  2  1  1  1  2  1  3  0  0  2  2  4  3  2  0  1  2  1  2  2  2
  2  1  2  2  1  1  1  2  3  3  2  0  1  3  2  0  1  1  0  1  0  0  0  0
  0  0  0  0  0  0  0  0  0  0  0  0  0  0  0  0  0  0  0  0  0  0  0  0
  0  0  0  0  0  0  0  0  0  0  0  0  0  0  3  3  3  2  7  1  3  4  3  2
  5  5  4  2  1  1  0  0  0  0  0  0  0  0  0  0  0  0  0  0  0  1  4  4
  4  9  3  6  5  3  5  3  1  0  0  0  0  0  0  0  0  0  7  6  8  9  4  0
  0  0  0  0  0  5 13 11  1  0 13  0  0 12 19 19  1  0 32  1  0 31  1 63
 64]
[2023-04-23 01:41:21] - Range size 1, answer [0 0 1 2 1 1 1 2 1 3 0 0 2 2 4 3 2 0 1 2 1 2 2 2 2 1 2 2 1 1 1 2 3 3 2 0 1
 3 2 0 1 1 0 1 0 0 0 0 0 0 0 0 0 0 0 0 0 0 0 0 0 0 0 0 0 0 0 0 0 0 0 0 0 0
 0 0 0 0 0 0 0 0 0 0 0]:
[2023-04-23 01:41:21] - Range size 2, answer [0 3 3 3 2 7 1 3 4 3 2 5 5 4 2 1 1 0 0 0 0 0 0 0 0 0 0 0 0 0 0 0]:
[2023-04-23 01:41:21] - Range size 3, answer [1 4 4 4 9 3 6 5 3 5 3 1 0 0 0 0 0 0 0 0 0]:
[2023-04-23 01:41:21] - Range size 5, answer [7 6 8 9 4 0 0 0 0 0 0]:
[2023-04-23 01:41:21] - Range size 6, answer [ 5 13 11  1  0]:
[2023-04-23 01:41:21] - Range size 10, answer [13  0  0]:
[2023-04-23 01:41:21] - Range size 11, answer [12 19 19  1  0]:
[2023-04-23 01:41:21] - Range size 21, answer [32  1  0]:
[2023-04-23 01:41:21] - Range size 22, answer [31]:
[2023-04-23 01:41:21] - Range size 42, answer [1]:
[2023-04-23 01:41:21] - Range size 43, answer [63]:
[2023-04-23 01:41:21] - Range size 85, answer [64]:
[2023-04-23 01:41:21] - Mechanism: gives answer
[2023-04-23 01:41:21] - output_answer:[ 0 39  0  0  0  0  0  0  0  0  0  0  0  0  0  0  0  0  0  0  0  0  0  0
  6  0  0  0  0  0  0  0  0  0 14  0  0  0  0  0  0  0  0  0  0  0  0  0
  0  0  0  0  0  0  0  0  0  0  0  0  0  0  0  0  0  0  0  0  0  0  0  0
  6  0  0  0  0  0  0  0  0  0  0  0  0 39  0  0  0  0  0  0  0  0  0  0
  0 14  0  0  0  0  0  0  0  0  0  0  0  0  0  0  0  0  0  0  0 39  0  0
  0  0  0  6  0  0 14  0  0  0  0  0  0  0  0  6  0  0  0  0  0 14  0  0
  0  0  6  0  0 39  0  6  0  0 14  0  0 39  0  6  0  6 20  0  6 39  6 59
 65]
[2023-04-23 01:41:21] - Range size 1, answer [ 0 39  0  0  0  0  0  0  0  0  0  0  0  0  0  0  0  0  0  0  0  0  0  0
  6  0  0  0  0  0  0  0  0  0 14  0  0  0  0  0  0  0  0  0  0  0  0  0
  0  0  0  0  0  0  0  0  0  0  0  0  0  0  0  0  0  0  0  0  0  0  0  0
  6  0  0  0  0  0  0  0  0  0  0  0  0]:
[2023-04-23 01:41:21] - Range size 2, answer [39  0  0  0  0  0  0  0  0  0  0  0 14  0  0  0  0  0  0  0  0  0  0  0
  0  0  0  0  0  0  0  0]:
[2023-04-23 01:41:21] - Range size 3, answer [39  0  0  0  0  0  6  0  0 14  0  0  0  0  0  0  0  0  6  0  0]:
[2023-04-23 01:41:21] - Range size 5, answer [ 0  0  0 14  0  0  0  0  6  0  0]:
[2023-04-23 01:41:21] - Range size 6, answer [39  0  6  0  0]:
[2023-04-23 01:41:21] - Range size 10, answer [14  0  0]:
[2023-04-23 01:41:21] - Range size 11, answer [39  0  6  0  6]:
[2023-04-23 01:41:21] - Range size 21, answer [20  0  6]:
[2023-04-23 01:41:21] - Range size 22, answer [39]:
[2023-04-23 01:41:21] - Range size 42, answer [6]:
[2023-04-23 01:41:21] - Range size 43, answer [59]:
[2023-04-23 01:41:21] - Range size 85, answer [65]:
[2023-04-23 01:41:21] - ++++++++ Testing on node 4 Finished ++++++++
[2023-04-23 01:41:21] - Insertion and Deletion Mechanism:
[2023-04-23 01:41:21] - Member marital-status
[2023-04-23 01:41:21] - For ground truth, queries on node 1 gives answer [1 0 1 0 0 0 0 1 1 0 0 2 2]
[2023-04-23 01:41:21] - For insertion-only mechanism, queries on node 1 gives answer [0 3 0 0 0 0 0 3 0 0 0 2 2]
[2023-04-23 01:41:21] - For ground truth, queries on node 2 gives answer [2 1 1 0 0 0 0 3 1 0 0 4 4]
[2023-04-23 01:41:21] - For insertion-only mechanism, queries on node 2 gives answer [0 1 0 2 0 2 0 1 2 2 1 3 4]
[2023-04-23 01:41:21] - For ground truth, queries on node 3 gives answer [ 6  1  2  0  0  1  0  7  2  1  1  9 10]
[2023-04-23 01:41:21] - For insertion-only mechanism, queries on node 3 gives answer [ 9  0  4  0  0  0  0  8  2  0  0 10 10]
[2023-04-23 01:41:21] - For ground truth, queries on node 4 gives answer [5 0 2 1 0 1 0 5 3 1 1 8 9]
[2023-04-23 01:41:21] - For insertion-only mechanism, queries on node 4 gives answer [20  0  3  0  0 22  0 19  0 22 15  0  9]
[2023-04-23 01:41:21] - Member age
[2023-04-23 01:41:21] - For ground truth, queries on node 1 gives answer [0 0 0 0 0 0 0 0 0 0 0 0 0 0 0 0 0 0 0 0 0 0 0 1 0 0 0 0 0 0 0 0 0 0 1 0 0
 0 0 0 0 0 0 0 0 0 0 0 0 0 0 0 0 0 0 0 0 0 0 0 0 0 0 0 0 0 0 0 0 0 0 0 0 0
 0 0 0 0 0 0 0 0 0 0 0 0 0 0 0 0 0 0 0 1 0 0 0 1 0 0 0 0 0 0 0 0 0 0 0 0 0
 0 0 0 0 0 0 0 0 0 0 0 0 1 0 0 1 0 0 0 0 0 0 0 0 0 0 0 0 0 0 1 0 0 0 0 0 0
 0 0 0 1 0 0 1 0 0 0 0 1 0 0 2 0 0 0 0 2 2]
[2023-04-23 01:41:21] - For insertion-only mechanism, queries on node 1 gives answer [0 2 0 0 0 0 0 0 0 0 0 0 0 0 0 0 0 0 0 0 0 0 0 0 0 0 0 0 0 0 0 0 0 0 0 0 0
 0 0 0 0 0 0 0 0 0 0 0 0 0 0 0 0 0 0 0 0 0 0 0 0 0 0 0 0 0 0 0 0 0 0 0 0 0
 0 1 0 0 0 0 0 0 0 0 0 2 0 0 0 0 0 0 0 0 0 0 0 0 0 0 0 0 0 0 0 0 0 0 0 0 0
 0 0 1 0 0 0 2 0 0 0 0 0 0 0 0 0 0 0 0 0 0 0 0 0 0 1 0 0 0 0 0 0 0 0 0 0 1
 0 2 0 0 0 0 0 0 1 1 0 0 0 0 0 0 1 1 1 1 2]
[2023-04-23 01:41:21] - For ground truth, queries on node 2 gives answer [0 0 0 0 0 0 0 0 0 0 0 0 0 0 0 0 0 0 0 0 0 0 1 1 0 0 0 0 0 0 0 0 0 0 1 0 0
 1 0 0 0 0 0 0 0 0 0 0 0 0 0 0 0 0 0 0 0 0 0 0 0 0 0 0 0 0 0 0 0 0 0 0 0 0
 0 0 0 0 0 0 0 0 0 0 0 0 0 0 0 0 0 0 0 2 0 0 0 1 1 0 0 0 0 0 0 0 0 0 0 0 0
 0 0 0 0 0 0 0 0 0 0 0 0 2 0 0 1 0 0 0 0 0 0 0 0 0 0 0 0 0 0 2 0 0 0 0 0 0
 0 0 0 2 0 0 2 0 0 0 0 2 0 0 4 0 0 0 0 4 4]
[2023-04-23 01:41:21] - For insertion-only mechanism, queries on node 2 gives answer [0 0 0 0 0 0 0 0 0 0 0 0 0 0 0 0 0 5 0 0 0 0 0 0 0 0 0 0 0 0 0 0 0 0 0 0 0
 0 0 0 0 0 0 0 0 0 0 0 0 0 0 0 0 0 0 0 0 0 0 0 0 0 0 0 0 0 0 0 0 0 0 0 0 0
 0 0 0 0 0 0 0 0 0 0 0 0 0 0 0 0 0 5 0 0 0 0 0 0 0 0 0 0 0 0 0 0 0 0 0 0 0
 0 0 0 0 0 0 0 0 0 0 0 5 0 0 0 0 0 0 0 0 0 0 0 0 0 0 0 0 5 0 0 0 0 0 0 0 0
 0 0 0 0 0 0 0 0 0 0 5 0 0 0 0 0 0 5 0 4 4]
[2023-04-23 01:41:21] - For ground truth, queries on node 3 gives answer [ 0  0  0  0  0  0  0  1  0  0  0  0  0  0  1  1  0  0  0  0  0  2  1  0
  0  0  0  0  0  0  0  0  0  1  1  0  1  1  0  0  0  0  0  0  0  0  0  0
  0  0  0  0  0  0  0  0  0  0  0  0  0  0  0  0  0  0  0  0  0  0  0  0
  0  0  0  0  0  0  0  0  0  0  0  0  0  0  0  1  0  0  2  0  2  1  0  0
  0  2  2  0  0  0  0  0  0  0  0  0  0  0  0  0  0  0  0  0  0  0  0  1
  0  2  0  1  0  0  2  0  0  0  0  0  0  0  0  0  0  0  1  2  0  4  0  0
  0  0  0  0  0  0  2  1  0  0  4  0  0  1  4  1  0  0  5  0  0  5  0 10
 10]
[2023-04-23 01:41:21] - For insertion-only mechanism, queries on node 3 gives answer [ 5  0  0  0  0  0  0  0  0  0  0  5  0  0  0  0  0  0  0  0  0  0  0  0
  0  0  0  0  0  0  0  0  0  0  5  0  0  0  0  0  0  0  0  0  0  0  0  0
  0  0  0  0  0  0  0  0  0  0  0  0  0  0  0  0  0  0  0  0  0  0  0  0
  0  0  0  0  0  0  0  0  0  0  0  0  0  5  0  0  0  5  0  0  0  0  0  0
  0  5  0  0  0  0  0  0  0  0  0  0  0  0  0  0  0  0  0  0  0  5  0  0
  5  0  0  0  0  0  5  0  0  0  0  0  0  0  0  0  0  0  0  0  0  5  0  0
  0  0  0  0  0  5  5  0  0  0  5  0  0  4  5  0  0  0  5  0  0  9  0 14
 10]
[2023-04-23 01:41:21] - For ground truth, queries on node 4 gives answer [0 0 0 1 0 0 0 0 0 1 0 0 0 1 0 1 1 0 0 0 0 0 0 0 0 1 0 1 0 0 0 0 0 1 0 0 0
 1 0 0 0 0 0 0 0 0 0 0 0 0 0 0 0 0 0 0 0 0 0 0 0 0 0 0 0 0 0 0 0 0 0 0 0 0
 0 0 0 0 0 0 0 0 0 0 0 0 1 0 1 0 1 0 0 0 1 0 0 1 1 0 0 0 0 0 0 0 0 0 0 0 0
 0 0 0 0 0 0 0 1 0 1 2 0 0 2 0 1 0 0 0 0 0 0 0 0 0 0 0 1 0 0 2 0 0 0 0 0 0
 0 1 3 2 0 0 2 0 0 2 3 2 0 0 4 0 0 5 0 9 9]
[2023-04-23 01:41:21] - For insertion-only mechanism, queries on node 4 gives answer [ 0  0  0  0  0  0  0  0  0  0  0  0 35  0  0  0  8  0  0  0  0  0  0  0
 14  0  0  0  0  0  0  0  0  0  0  0  0  0  0  0  0  0  0  0  0  0  0  0
  1  0  0  0  0  0  0  0  0  0  0  0 10  0  0  0  0  0  0  0  0  0  0  0
  0  0  0  0  0  0  0  0  0  0  0  0  0  0  0  0  0 35  0  0  0  0  0  0
  0  0  0  0  0  0  0  0  0  0  0 10  0  0  0  0  0  0  0  0  0  0  0  0
 35  8  0 14  0  0  0  0  0  1  0  0 10  0  0  0  0  0  0  0  0  0  0  0
  0 10  0  0  0  0 43 14  1  0  0 10  0  0 43 14  1  0  0 11  0  4  5  4
  9]
[2023-04-23 01:41:21] - Insertion and Deletion Mechanism finished
[2023-04-23 01:41:21] - Integrated answers stores here
[2023-04-23 01:41:21] - Member marital-status
[2023-04-23 01:41:21] - Node Index 1
[2023-04-23 01:41:21] - Dynamic Tree:
[2023-04-23 01:41:21] - Ground truth:
[1 0 1 0 0 0 0 1 1 0 0 2 2]
[2023-04-23 01:41:21] - Golden standard:
[0 0 1 1 1 0 0 0 2 1 1 2 3]
[2023-04-23 01:41:21] - Mechanism: 
[3 0 0 0 0 0 0 3 0 0 0 3 3]
[2023-04-23 01:41:21] - Insertion-Only Mechanism:
[2023-04-23 01:41:21] - Ground truth:
[1 0 1 0 0 0 0 1 1 0 0 2 2]
[2023-04-23 01:41:21] - Mechanism:
[0 3 0 0 0 0 0 3 0 0 0 2 2]
[2023-04-23 01:41:21] - Node Index 2
[2023-04-23 01:41:21] - Dynamic Tree:
[2023-04-23 01:41:21] - Ground truth:
[2 1 1 0 0 0 0 3 1 0 0 4 4]
[2023-04-23 01:41:21] - Golden standard:
[0 0 3 0 1 0 1 0 3 1 2 3 5]
[2023-04-23 01:41:21] - Mechanism: 
[4 0 0 0 0 1 0 4 0 1 1 4 5]
[2023-04-23 01:41:21] - Insertion-Only Mechanism:
[2023-04-23 01:41:21] - Ground truth:
[2 1 1 0 0 0 0 3 1 0 0 4 4]
[2023-04-23 01:41:21] - Mechanism:
[0 1 0 2 0 2 0 1 2 2 1 3 4]
[2023-04-23 01:41:21] - Node Index 3
[2023-04-23 01:41:21] - Dynamic Tree:
[2023-04-23 01:41:21] - Ground truth:
[ 6  1  2  0  0  1  0  7  2  1  1  9 10]
[2023-04-23 01:41:21] - Golden standard:
[ 6  4  1  0  0  0  0 10  1  0  0 11 11]
[2023-04-23 01:41:21] - Mechanism: 
[ 0  0  0  0  5  8  0  0  0 13 13  0 12]
[2023-04-23 01:41:21] - Insertion-Only Mechanism:
[2023-04-23 01:41:21] - Ground truth:
[ 6  1  2  0  0  1  0  7  2  1  1  9 10]
[2023-04-23 01:41:21] - Mechanism:
[ 9  0  4  0  0  0  0  8  2  0  0 10 10]
[2023-04-23 01:41:21] - Node Index 4
[2023-04-23 01:41:21] - Dynamic Tree:
[2023-04-23 01:41:21] - Ground truth:
[5 0 2 1 0 1 0 5 3 1 1 8 9]
[2023-04-23 01:41:21] - Golden standard:
[ 4  4  0  0  1  1  0  8  0  2  2  8 10]
[2023-04-23 01:41:21] - Mechanism: 
[ 0  0  0  0  3  7  0  0  0 10 10  0 10]
[2023-04-23 01:41:21] - Insertion-Only Mechanism:
[2023-04-23 01:41:21] - Ground truth:
[5 0 2 1 0 1 0 5 3 1 1 8 9]
[2023-04-23 01:41:21] - Mechanism:
[20  0  3  0  0 22  0 19  0 22 15  0  9]
[2023-04-23 01:41:21] - Member age
[2023-04-23 01:41:21] - Node Index 1
[2023-04-23 01:41:21] - Dynamic Tree:
[2023-04-23 01:41:21] - Ground truth:
[0 0 0 0 0 0 0 0 0 0 0 0 0 0 0 0 0 0 0 0 0 0 0 1 0 0 0 0 0 0 0 0 0 0 1 0 0
 0 0 0 0 0 0 0 0 0 0 0 0 0 0 0 0 0 0 0 0 0 0 0 0 0 0 0 0 0 0 0 0 0 0 0 0 0
 0 0 0 0 0 0 0 0 0 0 0 0 0 0 0 0 0 0 0 1 0 0 0 1 0 0 0 0 0 0 0 0 0 0 0 0 0
 0 0 0 0 0 0 0 0 0 0 0 0 1 0 0 1 0 0 0 0 0 0 0 0 0 0 0 0 0 0 1 0 0 0 0 0 0
 0 0 0 1 0 0 1 0 0 0 0 1 0 0 2 0 0 0 0 2 2]
[2023-04-23 01:41:21] - Golden standard:
[0 0 0 0 0 0 0 0 0 0 0 0 0 1 0 0 0 0 0 0 0 0 0 0 0 0 0 0 0 0 0 0 0 0 0 0 0
 0 0 0 0 0 0 0 0 0 0 0 0 0 0 0 0 0 0 0 0 0 0 0 0 0 0 0 0 0 0 0 2 0 0 0 0 0
 0 0 0 0 0 0 0 0 0 0 0 0 0 0 0 0 0 0 0 0 0 0 0 0 0 0 0 0 0 0 0 0 0 0 0 0 2
 0 0 0 0 0 0 0 0 0 1 0 0 0 0 0 0 0 0 0 0 0 0 0 2 0 0 0 0 0 0 0 0 0 0 0 0 0
 0 0 1 0 0 2 0 0 0 0 1 0 0 2 0 0 2 1 2 1 3]
[2023-04-23 01:41:21] - Mechanism: 
[0 0 0 0 0 0 0 0 0 0 0 0 0 0 0 0 0 0 0 1 0 0 0 0 0 0 0 0 0 0 0 0 0 0 0 0 1
 0 0 0 0 0 0 0 0 0 0 0 0 0 0 0 0 0 0 0 0 0 0 0 0 0 0 0 0 0 0 0 0 0 0 0 0 0
 0 0 0 1 0 0 0 0 0 0 0 0 0 0 0 0 0 0 0 0 0 0 0 0 1 0 0 0 0 0 0 0 0 0 0 0 0
 0 0 0 0 0 0 0 0 0 0 0 1 0 0 0 0 0 0 0 0 0 0 0 0 0 1 0 0 1 0 1 0 0 0 0 0 1
 0 0 0 0 0 0 1 0 1 0 1 0 0 0 1 0 1 1 1 2 3]
[2023-04-23 01:41:21] - Insertion-Only Mechanism:
[2023-04-23 01:41:21] - Ground truth:
[0 0 0 0 0 0 0 0 0 0 0 0 0 0 0 0 0 0 0 0 0 0 0 1 0 0 0 0 0 0 0 0 0 0 1 0 0
 0 0 0 0 0 0 0 0 0 0 0 0 0 0 0 0 0 0 0 0 0 0 0 0 0 0 0 0 0 0 0 0 0 0 0 0 0
 0 0 0 0 0 0 0 0 0 0 0 0 0 0 0 0 0 0 0 1 0 0 0 1 0 0 0 0 0 0 0 0 0 0 0 0 0
 0 0 0 0 0 0 0 0 0 0 0 0 1 0 0 1 0 0 0 0 0 0 0 0 0 0 0 0 0 0 1 0 0 0 0 0 0
 0 0 0 1 0 0 1 0 0 0 0 1 0 0 2 0 0 0 0 2 2]
[2023-04-23 01:41:21] - Mechanism:
[0 2 0 0 0 0 0 0 0 0 0 0 0 0 0 0 0 0 0 0 0 0 0 0 0 0 0 0 0 0 0 0 0 0 0 0 0
 0 0 0 0 0 0 0 0 0 0 0 0 0 0 0 0 0 0 0 0 0 0 0 0 0 0 0 0 0 0 0 0 0 0 0 0 0
 0 1 0 0 0 0 0 0 0 0 0 2 0 0 0 0 0 0 0 0 0 0 0 0 0 0 0 0 0 0 0 0 0 0 0 0 0
 0 0 1 0 0 0 2 0 0 0 0 0 0 0 0 0 0 0 0 0 0 0 0 0 0 1 0 0 0 0 0 0 0 0 0 0 1
 0 2 0 0 0 0 0 0 1 1 0 0 0 0 0 0 1 1 1 1 2]
[2023-04-23 01:41:21] - Node Index 2
[2023-04-23 01:41:21] - Dynamic Tree:
[2023-04-23 01:41:21] - Ground truth:
[0 0 0 0 0 0 0 0 0 0 0 0 0 0 0 0 0 0 0 0 0 0 1 1 0 0 0 0 0 0 0 0 0 0 1 0 0
 1 0 0 0 0 0 0 0 0 0 0 0 0 0 0 0 0 0 0 0 0 0 0 0 0 0 0 0 0 0 0 0 0 0 0 0 0
 0 0 0 0 0 0 0 0 0 0 0 0 0 0 0 0 0 0 0 2 0 0 0 1 1 0 0 0 0 0 0 0 0 0 0 0 0
 0 0 0 0 0 0 0 0 0 0 0 0 2 0 0 1 0 0 0 0 0 0 0 0 0 0 0 0 0 0 2 0 0 0 0 0 0
 0 0 0 2 0 0 2 0 0 0 0 2 0 0 4 0 0 0 0 4 4]
[2023-04-23 01:41:21] - Golden standard:
[0 0 0 0 0 0 0 0 0 0 0 0 0 0 0 0 0 0 0 0 0 0 0 0 0 0 0 0 0 0 0 0 0 0 0 0 0
 0 0 4 0 0 0 0 0 0 0 1 0 0 0 0 0 0 0 0 0 0 0 0 0 0 0 0 0 0 0 0 0 0 0 0 0 0
 0 0 0 0 0 0 0 0 0 0 0 0 0 0 0 0 0 0 0 0 0 0 0 0 0 4 0 0 1 0 0 0 0 0 0 0 0
 0 0 0 0 0 0 0 0 0 0 0 0 0 0 0 0 4 0 1 0 0 0 0 0 0 0 0 0 0 0 0 4 0 0 0 0 0
 0 0 0 0 1 0 4 0 0 0 0 0 1 0 4 1 0 0 1 4 5]
[2023-04-23 01:41:21] - Mechanism: 
[0 0 0 0 0 0 0 0 0 0 0 0 0 1 0 0 0 0 0 0 0 0 0 0 0 0 0 2 0 0 0 0 0 0 0 0 0
 0 0 0 0 0 0 0 0 0 0 0 0 0 0 0 0 0 0 0 0 0 0 0 0 0 0 0 0 0 0 2 0 0 0 0 0 0
 0 0 0 0 0 0 0 0 0 0 0 0 0 0 0 0 0 0 0 0 0 0 0 0 0 0 0 0 0 0 0 0 0 0 0 0 2
 0 0 0 0 0 0 0 0 0 1 0 0 0 2 0 0 0 0 0 0 0 0 0 2 0 0 0 0 0 0 0 0 0 0 0 0 0
 0 0 1 2 0 2 0 0 0 0 1 2 0 2 2 0 2 1 2 3 5]
[2023-04-23 01:41:21] - Insertion-Only Mechanism:
[2023-04-23 01:41:21] - Ground truth:
[0 0 0 0 0 0 0 0 0 0 0 0 0 0 0 0 0 0 0 0 0 0 1 1 0 0 0 0 0 0 0 0 0 0 1 0 0
 1 0 0 0 0 0 0 0 0 0 0 0 0 0 0 0 0 0 0 0 0 0 0 0 0 0 0 0 0 0 0 0 0 0 0 0 0
 0 0 0 0 0 0 0 0 0 0 0 0 0 0 0 0 0 0 0 2 0 0 0 1 1 0 0 0 0 0 0 0 0 0 0 0 0
 0 0 0 0 0 0 0 0 0 0 0 0 2 0 0 1 0 0 0 0 0 0 0 0 0 0 0 0 0 0 2 0 0 0 0 0 0
 0 0 0 2 0 0 2 0 0 0 0 2 0 0 4 0 0 0 0 4 4]
[2023-04-23 01:41:21] - Mechanism:
[0 0 0 0 0 0 0 0 0 0 0 0 0 0 0 0 0 5 0 0 0 0 0 0 0 0 0 0 0 0 0 0 0 0 0 0 0
 0 0 0 0 0 0 0 0 0 0 0 0 0 0 0 0 0 0 0 0 0 0 0 0 0 0 0 0 0 0 0 0 0 0 0 0 0
 0 0 0 0 0 0 0 0 0 0 0 0 0 0 0 0 0 5 0 0 0 0 0 0 0 0 0 0 0 0 0 0 0 0 0 0 0
 0 0 0 0 0 0 0 0 0 0 0 5 0 0 0 0 0 0 0 0 0 0 0 0 0 0 0 0 5 0 0 0 0 0 0 0 0
 0 0 0 0 0 0 0 0 0 0 5 0 0 0 0 0 0 5 0 4 4]
[2023-04-23 01:41:21] - Node Index 3
[2023-04-23 01:41:21] - Dynamic Tree:
[2023-04-23 01:41:21] - Ground truth:
[ 0  0  0  0  0  0  0  1  0  0  0  0  0  0  1  1  0  0  0  0  0  2  1  0
  0  0  0  0  0  0  0  0  0  1  1  0  1  1  0  0  0  0  0  0  0  0  0  0
  0  0  0  0  0  0  0  0  0  0  0  0  0  0  0  0  0  0  0  0  0  0  0  0
  0  0  0  0  0  0  0  0  0  0  0  0  0  0  0  1  0  0  2  0  2  1  0  0
  0  2  2  0  0  0  0  0  0  0  0  0  0  0  0  0  0  0  0  0  0  0  0  1
  0  2  0  1  0  0  2  0  0  0  0  0  0  0  0  0  0  0  1  2  0  4  0  0
  0  0  0  0  0  0  2  1  0  0  4  0  0  1  4  1  0  0  5  0  0  5  0 10
 10]
[2023-04-23 01:41:21] - Golden standard:
[ 1  0  0  0  0  0  0  0  0  0  0  0  0  0  0  0  0  0  0  0  0  1  0  0
  0  0  0  0  0  0  0  0  0  0  0  0  0  0  0  0  0  0  0  0  0  0  0  0
  0  0  0  0  0  0  3  3  0  0  0  1  0  0  0  0  0  0  0  0  0  0  0  0
  0  0  0  1  0  0  1  0  0  0  0  0  0  1  0  0  0  0  0  0  1  0  0  0
  0  0  0  0  0  0  0  0  0  6  0  1  0  0  0  0  0  1  1  0  0  1  0  0
  0  0  0  0  0  0  0  0  0  0  0  6  1  0  0  0  1  0  0  1  0  0  0  0
  6  1  0  2  0  1  0  0  0  0  0  7  2  1  1  0  0  0  0  7  2  2  9  2
 11]
[2023-04-23 01:41:21] - Mechanism: 
[ 0  0  0  0  0  0  0  0  0  0  0  0  0  0  0  0  0  5  0  0  0  0  0  0
  0  0  0  0  0  4  0  0  0  0  0  0  0  0  0  0  0  0  0  0  0  0  0  0
  0  0  4  0  0  0  0  0  0  0  0  0  0  0  0  0  0  0  0  0  0  0  0  0
  0  0  0  0  0  0  0  0  0  0  0  0  0  0  0  0  0  0  0  5  0  0  0  4
  0  0  0  0  0  0  0  4  0  0  0  0  0  0  0  0  0  0  0  0  0  0  0  0
  0  0  5  0  0  4  0  0  0  0  4  0  0  0  0  0  0  0  0  5  4  0  0  4
  0  0  0  0  0  0  0  0  0  0  0  0  0  0  5  4  4  0  4  4  0  5  4  8
 12]
[2023-04-23 01:41:21] - Insertion-Only Mechanism:
[2023-04-23 01:41:21] - Ground truth:
[ 0  0  0  0  0  0  0  1  0  0  0  0  0  0  1  1  0  0  0  0  0  2  1  0
  0  0  0  0  0  0  0  0  0  1  1  0  1  1  0  0  0  0  0  0  0  0  0  0
  0  0  0  0  0  0  0  0  0  0  0  0  0  0  0  0  0  0  0  0  0  0  0  0
  0  0  0  0  0  0  0  0  0  0  0  0  0  0  0  1  0  0  2  0  2  1  0  0
  0  2  2  0  0  0  0  0  0  0  0  0  0  0  0  0  0  0  0  0  0  0  0  1
  0  2  0  1  0  0  2  0  0  0  0  0  0  0  0  0  0  0  1  2  0  4  0  0
  0  0  0  0  0  0  2  1  0  0  4  0  0  1  4  1  0  0  5  0  0  5  0 10
 10]
[2023-04-23 01:41:21] - Mechanism:
[ 5  0  0  0  0  0  0  0  0  0  0  5  0  0  0  0  0  0  0  0  0  0  0  0
  0  0  0  0  0  0  0  0  0  0  5  0  0  0  0  0  0  0  0  0  0  0  0  0
  0  0  0  0  0  0  0  0  0  0  0  0  0  0  0  0  0  0  0  0  0  0  0  0
  0  0  0  0  0  0  0  0  0  0  0  0  0  5  0  0  0  5  0  0  0  0  0  0
  0  5  0  0  0  0  0  0  0  0  0  0  0  0  0  0  0  0  0  0  0  5  0  0
  5  0  0  0  0  0  5  0  0  0  0  0  0  0  0  0  0  0  0  0  0  5  0  0
  0  0  0  0  0  5  5  0  0  0  5  0  0  4  5  0  0  0  5  0  0  9  0 14
 10]
[2023-04-23 01:41:21] - Node Index 4
[2023-04-23 01:41:21] - Dynamic Tree:
[2023-04-23 01:41:21] - Ground truth:
[0 0 0 1 0 0 0 0 0 1 0 0 0 1 0 1 1 0 0 0 0 0 0 0 0 1 0 1 0 0 0 0 0 1 0 0 0
 1 0 0 0 0 0 0 0 0 0 0 0 0 0 0 0 0 0 0 0 0 0 0 0 0 0 0 0 0 0 0 0 0 0 0 0 0
 0 0 0 0 0 0 0 0 0 0 0 0 1 0 1 0 1 0 0 0 1 0 0 1 1 0 0 0 0 0 0 0 0 0 0 0 0
 0 0 0 0 0 0 0 1 0 1 2 0 0 2 0 1 0 0 0 0 0 0 0 0 0 0 0 1 0 0 2 0 0 0 0 0 0
 0 1 3 2 0 0 2 0 0 2 3 2 0 0 4 0 0 5 0 9 9]
[2023-04-23 01:41:21] - Golden standard:
[ 0  0  0  0  0  0  0  0  0  0  0  0  3  0  0  0  0  0  0  1  0  0  0  0
  0  0  0  0  0  0  0  0  0  0  0  0  0  0  0  0  0  0  0  1  0  0  0  0
  0  0  0  2  0  0  0  0  0  0  0  0  2  0  0  0  0  0  0  0  0  0  0  0
  0  0  0  0  0  0  0  0  1  0  0  0  0  0  0  0  0  3  0  0  0  0  0  0
  0  0  0  0  0  1  0  0  0  0  0  2  0  0  0  0  0  0  0  1  0  0  0  0
  3  0  1  0  0  0  0  0  1  0  2  0  2  0  0  0  0  1  0  1  0  0  0  2
  0  2  0  0  1  0  3  0  1  0  0  2  1  0  4  0  3  0  0  5  1  4  6  4
 10]
[2023-04-23 01:41:21] - Mechanism: 
[ 0  0  0  0  0  0  0  0  0  0  0  0  0  0  0  0  0  0  1  0  0  0  0  0
  0  0  0  0  0  0  0  0  0  0  0  0  0  0  0  0  0  4  0  0  0  0  0  0
  0  0  0  0  0  0  0  0  0  0  0  0  0  0  0  0  0  0  0  0  0  0  0  0
  0  0  0  0  0  0  0  0  0  5  0  0  0  0  0  0  0  0  0  1  0  0  0  0
  0  0  0  0  4  0  0  0  0  0  0  0  0  0  0  0  0  0  0  5  0  0  0  0
  0  0  1  0  0  0  0  0  0  0  0  0  0  0  0  0  0  5  0  1  0  0  4  0
  0  0  0  0  5  0  0  0  0  0  4  0  5  0  1  0  0  0  4  0  5  1  5  5
 10]
[2023-04-23 01:41:21] - Insertion-Only Mechanism:
[2023-04-23 01:41:21] - Ground truth:
[0 0 0 1 0 0 0 0 0 1 0 0 0 1 0 1 1 0 0 0 0 0 0 0 0 1 0 1 0 0 0 0 0 1 0 0 0
 1 0 0 0 0 0 0 0 0 0 0 0 0 0 0 0 0 0 0 0 0 0 0 0 0 0 0 0 0 0 0 0 0 0 0 0 0
 0 0 0 0 0 0 0 0 0 0 0 0 1 0 1 0 1 0 0 0 1 0 0 1 1 0 0 0 0 0 0 0 0 0 0 0 0
 0 0 0 0 0 0 0 1 0 1 2 0 0 2 0 1 0 0 0 0 0 0 0 0 0 0 0 1 0 0 2 0 0 0 0 0 0
 0 1 3 2 0 0 2 0 0 2 3 2 0 0 4 0 0 5 0 9 9]
[2023-04-23 01:41:21] - Mechanism:
[ 0  0  0  0  0  0  0  0  0  0  0  0 35  0  0  0  8  0  0  0  0  0  0  0
 14  0  0  0  0  0  0  0  0  0  0  0  0  0  0  0  0  0  0  0  0  0  0  0
  1  0  0  0  0  0  0  0  0  0  0  0 10  0  0  0  0  0  0  0  0  0  0  0
  0  0  0  0  0  0  0  0  0  0  0  0  0  0  0  0  0 35  0  0  0  0  0  0
  0  0  0  0  0  0  0  0  0  0  0 10  0  0  0  0  0  0  0  0  0  0  0  0
 35  8  0 14  0  0  0  0  0  1  0  0 10  0  0  0  0  0  0  0  0  0  0  0
  0 10  0  0  0  0 43 14  1  0  0 10  0  0 43 14  1  0  0 11  0  4  5  4
  9]
[2023-04-23 01:41:21] - ******** Testing Finished ********
[2023-04-23 01:41:21] - ******** Drawing Figure started ********
[2023-04-23 01:41:21] - ******** Drawing Figure finished ********
