[2023-03-29 01:12:38] - Arguments: Namespace(beta=0.05, data_size=100, dataset_path='./data/adult.csv', delta=0.1, domain_path='./data/adult-domain.json', epsilon=5.0, iteration=150, sparse_ratio=10)
[2023-03-29 01:12:38] - ******** Initialization ********
[2023-03-29 01:12:38] - Data sparsification complete
[2023-03-29 01:12:38] - Data information: {'age': 85, 'workclass': 9, 'fnlwgt': 100, 'education-num': 16, 'marital-status': 7, 'occupation': 15, 'relationship': 6, 'race': 5, 'sex': 2, 'capital-gain': 100, 'capital-loss': 100, 'hours-per-week': 99, 'native-country': 42, 'income>50K': 2}
[2023-03-29 01:12:38] - ******** Create Dynamic Tree ********
[2023-03-29 01:12:39] - The dynamic interval tree consists of nodes: [
-------- Node index: 1 --------
height: 0, sj: 2, 
right_ancestor_index: 2, left_ancestor_index: None, right_child: None, left_child: None, 
df size: 2, delete_df size: 0
-----------------------------------, 
-------- Node index: 2 --------
height: 1, sj: 4, 
right_ancestor_index: 4, left_ancestor_index: None, right_child: 3, left_child: 1, 
df size: 4, delete_df size: 0
-----------------------------------, 
-------- Node index: 3 --------
height: 0, sj: 16, 
right_ancestor_index: None, left_ancestor_index: 2, right_child: None, left_child: None, 
df size: 10, delete_df size: 1
-----------------------------------, 
-------- Node index: 4 --------
height: 2, sj: 43, 
right_ancestor_index: 8, left_ancestor_index: None, right_child: 6, left_child: 2, 
df size: 31, delete_df size: 5
-----------------------------------, 
-------- Node index: 5 --------
height: 0, sj: 78, 
right_ancestor_index: 6, left_ancestor_index: None, right_child: None, left_child: None, 
df size: 20, delete_df size: 12
-----------------------------------, 
-------- Node index: 6 --------
height: 1, sj: 120, 
right_ancestor_index: None, left_ancestor_index: 4, right_child: 7, left_child: 5, 
df size: 29, delete_df size: 20
-----------------------------------, 
-------- Node index: 7 --------
height: 0, sj: 169, 
right_ancestor_index: None, left_ancestor_index: 6, right_child: None, left_child: None, 
df size: 9, delete_df size: 34
-----------------------------------, 
-------- Node index: 8 --------
height: 3, sj: 199, 
right_ancestor_index: 16, left_ancestor_index: None, right_child: 12, left_child: 4, 
df size: 0, delete_df size: 28
-----------------------------------]
[2023-03-29 01:12:39] - Infinite Private Partitioning: s0: 0, j: 8, T: 28561, beta: 5.737741753080488e-13, C: 54.79527915290316, epsilon: 5.0, 
 segment: [0, 2, 4, 16, 43, 78, 120, 169, 199]
[2023-03-29 01:12:39] - ******** Testing Started ********
[2023-03-29 01:12:39] - ++++++++ Testing on node 1 Started ++++++++
[2023-03-29 01:12:39] - At node with index 1, we implement queries on cliques dict_keys(['workclass']):
[2023-03-29 01:12:40] - -------- New Mechanism: Testing on 1, node 1 is accessed --------
[2023-03-29 01:12:42] - -------- New Mechanism answer node query on node 1 finished --------
[2023-03-29 01:12:42] - The testing is implemented at workclass
[2023-03-29 01:12:42] - Range size 1, answer [1 0 0 0 1 0 0 0 0]:
[2023-03-29 01:12:42] - Range size 2, answer [1 1 0 0]:
[2023-03-29 01:12:42] - Range size 3, answer [1]:
[2023-03-29 01:12:42] - Range size 4, answer [0]:
[2023-03-29 01:12:42] - Range size 5, answer [2]:
[2023-03-29 01:12:42] - Range size 9, answer [2]:
[2023-03-29 01:12:42] - Ground truth: gives answer: 
None
[2023-03-29 01:12:42] - Range size 1, answer [1 0 0 0 1 0 0 0 1]:
[2023-03-29 01:12:42] - Range size 2, answer [1 1 0 1]:
[2023-03-29 01:12:42] - Range size 3, answer [1]:
[2023-03-29 01:12:42] - Range size 4, answer [1]:
[2023-03-29 01:12:42] - Range size 5, answer [2]:
[2023-03-29 01:12:42] - Range size 9, answer [3]:
[2023-03-29 01:12:42] - Golden standard: gives answer: 
None
[2023-03-29 01:12:42] - Range size 1, answer [0 0 0 0 0 0 0 0 3]:
[2023-03-29 01:12:42] - Range size 2, answer [0 0 0 3]:
[2023-03-29 01:12:42] - Range size 3, answer [0]:
[2023-03-29 01:12:42] - Range size 4, answer [3]:
[2023-03-29 01:12:42] - Range size 5, answer [0]:
[2023-03-29 01:12:42] - Range size 9, answer [3]:
[2023-03-29 01:12:42] - Mechanism: gives answer: 
None
[2023-03-29 01:12:42] - Mean Square Error of ground truth and golden standard: 0.23529411764705882
[2023-03-29 01:12:42] - Mean Square Error of ground truth and mechanism: 2.176470588235294
[2023-03-29 01:12:42] - Mean Square Error of golden standard and mechanism: 1.2352941176470589
[2023-03-29 01:12:42] - Measurement3: golden_standard and mechanism
0.0
[2023-03-29 01:12:42] - ++++++++ Testing on node 1 Finished ++++++++
[2023-03-29 01:12:42] - ++++++++ Testing on node 2 Started ++++++++
[2023-03-29 01:12:42] - At node with index 2, we implement queries on cliques dict_keys(['workclass']):
[2023-03-29 01:12:44] - -------- New Mechanism: Testing on 2, node 2 is accessed --------
[2023-03-29 01:12:46] - -------- New Mechanism answer node query on node 2 finished --------
[2023-03-29 01:12:46] - The testing is implemented at workclass
[2023-03-29 01:12:46] - Range size 1, answer [1 1 0 0 2 0 0 0 0]:
[2023-03-29 01:12:46] - Range size 2, answer [2 2 0 0]:
[2023-03-29 01:12:46] - Range size 3, answer [2]:
[2023-03-29 01:12:46] - Range size 4, answer [0]:
[2023-03-29 01:12:46] - Range size 5, answer [4]:
[2023-03-29 01:12:46] - Range size 9, answer [4]:
[2023-03-29 01:12:46] - Ground truth: gives answer: 
None
[2023-03-29 01:12:46] - Range size 1, answer [1 1 0 0 2 1 0 0 0]:
[2023-03-29 01:12:46] - Range size 2, answer [2 2 1 0]:
[2023-03-29 01:12:46] - Range size 3, answer [2]:
[2023-03-29 01:12:46] - Range size 4, answer [1]:
[2023-03-29 01:12:46] - Range size 5, answer [4]:
[2023-03-29 01:12:46] - Range size 9, answer [5]:
[2023-03-29 01:12:46] - Golden standard: gives answer: 
None
[2023-03-29 01:12:46] - Range size 1, answer [0 3 0 2 0 0 0 0 0]:
[2023-03-29 01:12:46] - Range size 2, answer [3 2 0 0]:
[2023-03-29 01:12:46] - Range size 3, answer [3]:
[2023-03-29 01:12:46] - Range size 4, answer [0]:
[2023-03-29 01:12:46] - Range size 5, answer [5]:
[2023-03-29 01:12:46] - Range size 9, answer [5]:
[2023-03-29 01:12:46] - Mechanism: gives answer: 
None
[2023-03-29 01:12:46] - Mean Square Error of ground truth and golden standard: 0.23529411764705882
[2023-03-29 01:12:46] - Mean Square Error of ground truth and mechanism: 1.0
[2023-03-29 01:12:46] - Mean Square Error of golden standard and mechanism: 1.1176470588235294
[2023-03-29 01:12:46] - Measurement3: golden_standard and mechanism
0.0
[2023-03-29 01:12:46] - ++++++++ Testing on node 2 Finished ++++++++
[2023-03-29 01:12:46] - ++++++++ Testing on node 3 Started ++++++++
[2023-03-29 01:12:46] - At node with index 3, we implement queries on cliques dict_keys(['workclass']):
[2023-03-29 01:12:48] - -------- New Mechanism: Testing on 3, node 2 is accessed --------
[2023-03-29 01:12:50] - -------- New Mechanism answer node query on node 2 finished --------
[2023-03-29 01:12:50] - -------- New Mechanism: Testing on 3, node 3 is accessed --------
[2023-03-29 01:12:52] - -------- New Mechanism answer node query on node 3 finished --------
[2023-03-29 01:12:52] - The testing is implemented at workclass
[2023-03-29 01:12:52] - Range size 1, answer [6 2 0 2 2 2 0 0 0]:
[2023-03-29 01:12:52] - Range size 2, answer [8 4 2 0]:
[2023-03-29 01:12:52] - Range size 3, answer [8]:
[2023-03-29 01:12:52] - Range size 4, answer [2]:
[2023-03-29 01:12:52] - Range size 5, answer [12]:
[2023-03-29 01:12:52] - Range size 9, answer [14]:
[2023-03-29 01:12:52] - Ground truth: gives answer: 
None
[2023-03-29 01:12:52] - Range size 1, answer [5 2 0 2 2 3 0 1 0]:
[2023-03-29 01:12:52] - Range size 2, answer [7 4 3 1]:
[2023-03-29 01:12:52] - Range size 3, answer [7]:
[2023-03-29 01:12:52] - Range size 4, answer [4]:
[2023-03-29 01:12:52] - Range size 5, answer [11]:
[2023-03-29 01:12:52] - Range size 9, answer [15]:
[2023-03-29 01:12:52] - Golden standard: gives answer: 
None
[2023-03-29 01:12:52] - Range size 1, answer [8 5 0 0 0 0 3 0 0]:
[2023-03-29 01:12:52] - Range size 2, answer [13  0  3  0]:
[2023-03-29 01:12:52] - Range size 3, answer [13]:
[2023-03-29 01:12:52] - Range size 4, answer [3]:
[2023-03-29 01:12:52] - Range size 5, answer [13]:
[2023-03-29 01:12:52] - Range size 9, answer [16]:
[2023-03-29 01:12:52] - Mechanism: gives answer: 
None
[2023-03-29 01:12:52] - Mean Square Error of ground truth and golden standard: 0.7647058823529411
[2023-03-29 01:12:52] - Mean Square Error of ground truth and mechanism: 6.294117647058823
[2023-03-29 01:12:52] - Mean Square Error of golden standard and mechanism: 8.235294117647058
[2023-03-29 01:12:52] - Measurement3: golden_standard and mechanism
0.0
[2023-03-29 01:12:52] - ++++++++ Testing on node 3 Finished ++++++++
[2023-03-29 01:12:52] - ++++++++ Testing on node 4 Started ++++++++
[2023-03-29 01:12:52] - At node with index 4, we implement queries on cliques dict_keys(['workclass']):
[2023-03-29 01:12:54] - -------- New Mechanism: Testing on 4, node 4 is accessed --------
[2023-03-29 01:12:56] - -------- New Mechanism answer node query on node 4 finished --------
[2023-03-29 01:12:56] - The testing is implemented at workclass
[2023-03-29 01:12:56] - Range size 1, answer [18  2  0  4  4  3  0  0  0]:
[2023-03-29 01:12:56] - Range size 2, answer [20  8  3  0]:
[2023-03-29 01:12:56] - Range size 3, answer [20]:
[2023-03-29 01:12:56] - Range size 4, answer [3]:
[2023-03-29 01:12:56] - Range size 5, answer [28]:
[2023-03-29 01:12:56] - Range size 9, answer [31]:
[2023-03-29 01:12:56] - Ground truth: gives answer: 
None
[2023-03-29 01:12:56] - Range size 1, answer [17  2  0  3  4  4  1  0  1]:
[2023-03-29 01:12:56] - Range size 2, answer [19  7  5  1]:
[2023-03-29 01:12:56] - Range size 3, answer [19]:
[2023-03-29 01:12:56] - Range size 4, answer [6]:
[2023-03-29 01:12:56] - Range size 5, answer [26]:
[2023-03-29 01:12:56] - Range size 9, answer [32]:
[2023-03-29 01:12:56] - Golden standard: gives answer: 
None
[2023-03-29 01:12:56] - Range size 1, answer [10  0  0  0 22  0  0  0  0]:
[2023-03-29 01:12:56] - Range size 2, answer [10 22  0  0]:
[2023-03-29 01:12:56] - Range size 3, answer [10]:
[2023-03-29 01:12:56] - Range size 4, answer [0]:
[2023-03-29 01:12:56] - Range size 5, answer [32]:
[2023-03-29 01:12:56] - Range size 9, answer [32]:
[2023-03-29 01:12:56] - Mechanism: gives answer: 
None
[2023-03-29 01:12:56] - Mean Square Error of ground truth and golden standard: 1.588235294117647
[2023-03-29 01:12:56] - Mean Square Error of ground truth and mechanism: 49.88235294117647
[2023-03-29 01:12:56] - Mean Square Error of golden standard and mechanism: 52.294117647058826
[2023-03-29 01:12:56] - Measurement3: golden_standard and mechanism
0.0
[2023-03-29 01:12:56] - ++++++++ Testing on node 4 Finished ++++++++
[2023-03-29 01:12:56] - ++++++++ Testing on node 5 Started ++++++++
[2023-03-29 01:12:56] - At node with index 5, we implement queries on cliques dict_keys(['workclass']):
[2023-03-29 01:12:58] - -------- New Mechanism: Testing on 5, node 4 is accessed --------
[2023-03-29 01:13:00] - -------- New Mechanism answer node query on node 4 finished --------
[2023-03-29 01:13:00] - -------- New Mechanism: Testing on 5, node 5 is accessed --------
[2023-03-29 01:13:01] - -------- New Mechanism answer node query on node 5 finished --------
[2023-03-29 01:13:01] - The testing is implemented at workclass
[2023-03-29 01:13:01] - Range size 1, answer [27  3  2  3  3  2  0  0  2]:
[2023-03-29 01:13:01] - Range size 2, answer [30  6  2  2]:
[2023-03-29 01:13:01] - Range size 3, answer [32]:
[2023-03-29 01:13:01] - Range size 4, answer [4]:
[2023-03-29 01:13:01] - Range size 5, answer [38]:
[2023-03-29 01:13:01] - Range size 9, answer [42]:
[2023-03-29 01:13:01] - Ground truth: gives answer: 
None
[2023-03-29 01:13:01] - Range size 1, answer [27  3  2  3  3  2  1  0  2]:
[2023-03-29 01:13:01] - Range size 2, answer [30  6  3  2]:
[2023-03-29 01:13:01] - Range size 3, answer [32]:
[2023-03-29 01:13:01] - Range size 4, answer [5]:
[2023-03-29 01:13:01] - Range size 5, answer [38]:
[2023-03-29 01:13:01] - Range size 9, answer [43]:
[2023-03-29 01:13:01] - Golden standard: gives answer: 
None
[2023-03-29 01:13:01] - Range size 1, answer [ 9  4  2 -2 -1 -1  0 33  0]:
[2023-03-29 01:13:01] - Range size 2, answer [13 -3 -1 33]:
[2023-03-29 01:13:01] - Range size 3, answer [15]:
[2023-03-29 01:13:01] - Range size 4, answer [32]:
[2023-03-29 01:13:01] - Range size 5, answer [12]:
[2023-03-29 01:13:01] - Range size 9, answer [44]:
[2023-03-29 01:13:01] - Mechanism: gives answer: 
None
[2023-03-29 01:13:01] - Mean Square Error of ground truth and golden standard: 0.23529411764705882
[2023-03-29 01:13:01] - Mean Square Error of ground truth and mechanism: 268.29411764705884
[2023-03-29 01:13:01] - Mean Square Error of golden standard and mechanism: 265.3529411764706
[2023-03-29 01:13:01] - Measurement3: golden_standard and mechanism
0.0
[2023-03-29 01:13:01] - ++++++++ Testing on node 5 Finished ++++++++
[2023-03-29 01:13:01] - ++++++++ Testing on node 6 Started ++++++++
[2023-03-29 01:13:01] - At node with index 6, we implement queries on cliques dict_keys(['workclass']):
[2023-03-29 01:13:03] - -------- New Mechanism: Testing on 6, node 4 is accessed --------
[2023-03-29 01:13:05] - -------- New Mechanism answer node query on node 4 finished --------
[2023-03-29 01:13:05] - -------- New Mechanism: Testing on 6, node 6 is accessed --------
[2023-03-29 01:13:07] - -------- New Mechanism answer node query on node 6 finished --------
[2023-03-29 01:13:07] - The testing is implemented at workclass
[2023-03-29 01:13:07] - Range size 1, answer [31  2  1  3  2  1  0  0  4]:
[2023-03-29 01:13:07] - Range size 2, answer [33  5  1  4]:
[2023-03-29 01:13:07] - Range size 3, answer [34]:
[2023-03-29 01:13:07] - Range size 4, answer [5]:
[2023-03-29 01:13:07] - Range size 5, answer [39]:
[2023-03-29 01:13:07] - Range size 9, answer [44]:
[2023-03-29 01:13:07] - Ground truth: gives answer: 
None
[2023-03-29 01:13:07] - Range size 1, answer [32  2  1  3  2  1  0  0  4]:
[2023-03-29 01:13:07] - Range size 2, answer [34  5  1  4]:
[2023-03-29 01:13:07] - Range size 3, answer [35]:
[2023-03-29 01:13:07] - Range size 4, answer [5]:
[2023-03-29 01:13:07] - Range size 5, answer [40]:
[2023-03-29 01:13:07] - Range size 9, answer [45]:
[2023-03-29 01:13:07] - Golden standard: gives answer: 
None
[2023-03-29 01:13:07] - Range size 1, answer [ 6  4  1  1  9 -1  0 24  2]:
[2023-03-29 01:13:07] - Range size 2, answer [10 10 -1 26]:
[2023-03-29 01:13:07] - Range size 3, answer [11]:
[2023-03-29 01:13:07] - Range size 4, answer [25]:
[2023-03-29 01:13:07] - Range size 5, answer [21]:
[2023-03-29 01:13:07] - Range size 9, answer [46]:
[2023-03-29 01:13:07] - Mechanism: gives answer: 
None
[2023-03-29 01:13:07] - Mean Square Error of ground truth and golden standard: 0.29411764705882354
[2023-03-29 01:13:07] - Mean Square Error of ground truth and mechanism: 209.7058823529412
[2023-03-29 01:13:07] - Mean Square Error of golden standard and mechanism: 220.23529411764707
[2023-03-29 01:13:07] - Measurement3: golden_standard and mechanism
0.0
[2023-03-29 01:13:07] - ++++++++ Testing on node 6 Finished ++++++++
[2023-03-29 01:13:07] - ++++++++ Testing on node 7 Started ++++++++
[2023-03-29 01:13:07] - At node with index 7, we implement queries on cliques dict_keys(['workclass']):
[2023-03-29 01:13:09] - -------- New Mechanism: Testing on 7, node 4 is accessed --------
[2023-03-29 01:13:11] - -------- New Mechanism answer node query on node 4 finished --------
[2023-03-29 01:13:11] - -------- New Mechanism: Testing on 7, node 6 is accessed --------
[2023-03-29 01:13:13] - -------- New Mechanism answer node query on node 6 finished --------
[2023-03-29 01:13:13] - -------- New Mechanism: Testing on 7, node 7 is accessed --------
[2023-03-29 01:13:15] - -------- New Mechanism answer node query on node 7 finished --------
[2023-03-29 01:13:15] - The testing is implemented at workclass
[2023-03-29 01:13:15] - Range size 1, answer [20  2  0  2  0  0  0  0  1]:
[2023-03-29 01:13:15] - Range size 2, answer [22  2  0  1]:
[2023-03-29 01:13:15] - Range size 3, answer [22]:
[2023-03-29 01:13:15] - Range size 4, answer [1]:
[2023-03-29 01:13:15] - Range size 5, answer [24]:
[2023-03-29 01:13:15] - Range size 9, answer [25]:
[2023-03-29 01:13:15] - Ground truth: gives answer: 
None
[2023-03-29 01:13:15] - Range size 1, answer [20  2  0  2  1  0  1  0  0]:
[2023-03-29 01:13:15] - Range size 2, answer [22  3  1  0]:
[2023-03-29 01:13:15] - Range size 3, answer [22]:
[2023-03-29 01:13:15] - Range size 4, answer [1]:
[2023-03-29 01:13:15] - Range size 5, answer [25]:
[2023-03-29 01:13:15] - Range size 9, answer [26]:
[2023-03-29 01:13:15] - Golden standard: gives answer: 
None
[2023-03-29 01:13:15] - Range size 1, answer [-15  -1  33  -3   7  -1  11   0  -3]:
[2023-03-29 01:13:15] - Range size 2, answer [-16   4  10  -3]:
[2023-03-29 01:13:15] - Range size 3, answer [17]:
[2023-03-29 01:13:15] - Range size 4, answer [7]:
[2023-03-29 01:13:15] - Range size 5, answer [21]:
[2023-03-29 01:13:15] - Range size 9, answer [28]:
[2023-03-29 01:13:15] - Mechanism: gives answer: 
None
[2023-03-29 01:13:15] - Mean Square Error of ground truth and golden standard: 0.47058823529411764
[2023-03-29 01:13:15] - Mean Square Error of ground truth and mechanism: 245.76470588235293
[2023-03-29 01:13:15] - Mean Square Error of golden standard and mechanism: 241.76470588235293
[2023-03-29 01:13:15] - Measurement3: golden_standard and mechanism
0.0
[2023-03-29 01:13:15] - ++++++++ Testing on node 7 Finished ++++++++
[2023-03-29 01:13:15] - ******** Testing Finished ********
[2023-03-29 01:13:15] - ******** Drawing Figure start ********
[2023-03-29 01:13:15] - ******** Drawing Figure finish ********
