[2023-03-21 15:09:03] - Arguments: Namespace(beta=0.05, data_size=5, dataset_path='./data/adult.csv', delta=0.1, domain_path='./data/adult-domain.json', epsilon=100.0, iteration=1500, sparse_ratio=10)
[2023-03-21 15:09:03] - ******** Initialization ********
[2023-03-21 15:09:03] - Data sparsification complete
[2023-03-21 15:09:03] - Data information: {'age': 85, 'workclass': 9, 'fnlwgt': 100, 'education-num': 16, 'marital-status': 7, 'occupation': 15, 'relationship': 6, 'race': 5, 'sex': 2, 'capital-gain': 100, 'capital-loss': 100, 'hours-per-week': 99, 'native-country': 42, 'income>50K': 2}
[2023-03-21 15:09:03] - ******** Create Dynamic Tree ********
[2023-03-21 15:09:03] - The dynamic interval tree consists of nodes: [
-------- Node index: 1 --------
height: 0, sj: 1, right_ancestor_index: 2, left_ancestor_index: None, right_child: None, left_child: None, 
df size: 1, delete_df size: 0
-----------------------------------, 
-------- Node index: 2 --------
height: 1, sj: 1, right_ancestor_index: 4, left_ancestor_index: None, right_child: 3, left_child: 1, 
df size: 1, delete_df size: 0
-----------------------------------, 
-------- Node index: 3 --------
height: 0, sj: 1, right_ancestor_index: None, left_ancestor_index: 2, right_child: None, left_child: None, 
df size: 0, delete_df size: 0
-----------------------------------, 
-------- Node index: 4 --------
height: 2, sj: 1, right_ancestor_index: 8, left_ancestor_index: None, right_child: 6, left_child: 2, 
df size: 0, delete_df size: 1
-----------------------------------, 
-------- Node index: 5 --------
height: 0, sj: 1, right_ancestor_index: 6, left_ancestor_index: None, right_child: None, left_child: None, 
df size: 0, delete_df size: 0
-----------------------------------, 
-------- Node index: 6 --------
height: 1, sj: 1, right_ancestor_index: None, left_ancestor_index: 4, right_child: 7, left_child: 5, 
df size: 1, delete_df size: 0
-----------------------------------, 
-------- Node index: 7 --------
height: 0, sj: 1, right_ancestor_index: None, left_ancestor_index: 6, right_child: None, left_child: None, 
df size: 0, delete_df size: 0
-----------------------------------, 
-------- Node index: 8 --------
height: 3, sj: 1, right_ancestor_index: 16, left_ancestor_index: None, right_child: 12, left_child: 4, 
df size: 1, delete_df size: 0
-----------------------------------, 
-------- Node index: 9 --------
height: 0, sj: 1, right_ancestor_index: 10, left_ancestor_index: None, right_child: None, left_child: None, 
df size: 0, delete_df size: 0
-----------------------------------, 
-------- Node index: 10 --------
height: 1, sj: 1, right_ancestor_index: 12, left_ancestor_index: None, right_child: 11, left_child: 9, 
df size: 0, delete_df size: 0
-----------------------------------, 
-------- Node index: 11 --------
height: 0, sj: 1, right_ancestor_index: None, left_ancestor_index: 10, right_child: None, left_child: None, 
df size: 0, delete_df size: 1
-----------------------------------, 
-------- Node index: 12 --------
height: 2, sj: 1, right_ancestor_index: None, left_ancestor_index: 8, right_child: 14, left_child: 10, 
df size: 1, delete_df size: 0
-----------------------------------, 
-------- Node index: 13 --------
height: 0, sj: 1, right_ancestor_index: 14, left_ancestor_index: None, right_child: None, left_child: None, 
df size: 1, delete_df size: 0
-----------------------------------, 
-------- Node index: 14 --------
height: 1, sj: 1, right_ancestor_index: None, left_ancestor_index: 12, right_child: 15, left_child: 13, 
df size: 0, delete_df size: 2
-----------------------------------, 
-------- Node index: 15 --------
height: 0, sj: 1, right_ancestor_index: None, left_ancestor_index: 14, right_child: None, left_child: None, 
df size: 0, delete_df size: 0
-----------------------------------]
[2023-03-21 15:09:03] - Infinite Private Partitioning: s0: 0, j: 15, T: 2809, beta: 1.6739533738285644e-29, C: 5.242545741017279, epsilon: 100.0, 
 segment: [0, 2, 4, 6, 9, 12, 15, 18, 22, 26, 31, 36, 41, 47, 53, 54]
[2023-03-21 15:09:03] - ******** Testing Started ********
[2023-03-21 15:09:03] - ******** Testing Finished ********
