[2023-03-18 23:22:42] - Arguments: Namespace(beta=0.05, data_size=100, dataset_path='./data/adult.csv', delta=0.1, domain_path='./data/adult-domain.json', epsilon=100.0, iteration=500, sparse_ratio=10)
[2023-03-18 23:22:42] - ******** Initialization ********
[2023-03-18 23:22:42] - Data sparsification complete
[2023-03-18 23:22:42] - Data information: {'age': 85, 'workclass': 9, 'fnlwgt': 100, 'education-num': 16, 'marital-status': 7, 'occupation': 15, 'relationship': 6, 'race': 5, 'sex': 2, 'capital-gain': 100, 'capital-loss': 100, 'hours-per-week': 99, 'native-country': 42, 'income>50K': 2}
[2023-03-18 23:22:42] - ******** Create Dynamic Tree ********
[2023-03-18 23:22:44] - The dynamic interval tree consists of nodes: [
Node index: 1, height: 0, right_ancestor_index: 2, left_ancestor_index: None, right_child: None, left_child: None, 
 df: Empty DataFrame
Columns: [age, workclass, fnlwgt, education-num, marital-status, occupation, relationship, race, sex, capital-gain, capital-loss, hours-per-week, native-country, income>50K]
Index: []
, 
Node index: 2, height: 1, right_ancestor_index: 4, left_ancestor_index: None, right_child: 3, left_child: 1, 
 df: Empty DataFrame
Columns: [age, workclass, fnlwgt, education-num, marital-status, occupation, relationship, race, sex, capital-gain, capital-loss, hours-per-week, native-country, income>50K]
Index: []
, 
Node index: 3, height: 0, right_ancestor_index: None, left_ancestor_index: 2, right_child: None, left_child: None, 
 df: Empty DataFrame
Columns: [age, workclass, fnlwgt, education-num, marital-status, occupation, relationship, race, sex, capital-gain, capital-loss, hours-per-week, native-country, income>50K]
Index: []
, 
Node index: 4, height: 2, right_ancestor_index: 8, left_ancestor_index: None, right_child: 6, left_child: 2, 
 df:    age workclass fnlwgt education-num marital-status occupation relationship race sex capital-gain capital-loss hours-per-week native-country income>50K
0   14         5      8            12              0          5            2    1   1            0            0             39              7          1
1   14         3      3             9              0          8            1    0   1            0            0             39              0          0
2   21         0     18             9              1          1            5    0   0            0            0             39              0          0
3    5         0     12             9              2          7            1    0   1            0            0             39              0          0
4   43         0      6             8              1          0            5    0   0            0            0             39              0          0
5   15         0     20            12              3          3            1    4   0            0            0             39              0          0
6   31         0      2            14              0          5            0    0   0            0           38             59             14          1
7   27         0     15             9              0          0            2    0   1            0            0             39              0          1
8   32         1     12            15              0          5            2    0   1            0           38             59              0          1
9   15         0      2            13              2          5            3    0   0           14            0             49              0          1
10   3         0      6             9              2          5            1    0   1            0            0             31              0          0
11  30         0      2             8              0          2            0    0   0            0            0             39              0          0
12   4         0     17             9              2          3            1    4   1            0            0             43              0          0
13  30         0     13             2              0          7            2    0   1            0            0             39             20          0
14  23         0     23             8              1          4            3    0   1            0            0             79              0          0
, 
Node index: 5, height: 0, right_ancestor_index: 6, left_ancestor_index: None, right_child: None, left_child: None, 
 df: Empty DataFrame
Columns: [age, workclass, fnlwgt, education-num, marital-status, occupation, relationship, race, sex, capital-gain, capital-loss, hours-per-week, native-country, income>50K]
Index: []
]
[2023-03-18 23:22:44] - Infinite Private Partitioning: s0: 0, j: 5, T: 65536, beta: 2.883135391252616e-07, C: 1878.9903538693616, epsilon: 0.1, 
 segment: [0, 2, 4, 16, 256, 1199]
[2023-03-18 23:22:44] - ******** Testing Started ********
[2023-03-18 23:22:44] - At node with index 4, we implement queries on cliques dict_keys(['age']):
[2023-03-18 23:22:45] - Ground truth: gives answer: 
[12  0  7 12  1  0  5 12  1  3  0  1  3  0  0  7 12  0 12  1  1  0  0  1
  0  2  5  0  0  1 14  0 15  0  0  3  7 10  6 10  0 11  5  0  3  6  0  5
  0  4  0  0  1  0  5 11  5  6  0  0  5  0  0 12  4  8  1  0  8  7  1 15
  7  1 12  3 12 12  8  6  8  0  0  1  9  1  8  8  6 11 12  6  6 12  6  0
  6  1  0  5]
[2023-03-18 23:22:50] - Golden standard: data vector for original dataset is: 
[0. 0. 0. 1. 1. 1. 0. 0. 0. 0. 0. 0. 0. 0. 2. 2. 0. 0. 0. 0. 0. 1. 0. 1.
 0. 0. 0. 1. 0. 0. 2. 1. 1. 0. 0. 0. 0. 0. 0. 0. 0. 0. 0. 1. 0. 0. 0. 0.
 0. 0. 0. 0. 0. 0. 0. 0. 0. 0. 0. 0. 0. 0. 0. 0. 0. 0. 0. 0. 0. 0. 0. 0.
 0. 0. 0. 0. 0. 0. 0. 0. 0. 0. 0. 0. 0.]
[2023-03-18 23:22:50] - Golden standard: data vector for approximate dataset is: 
[0. 1. 0. 1. 0. 0. 0. 0. 0. 0. 0. 0. 0. 0. 1. 0. 0. 0. 0. 0. 0. 0. 0. 0.
 0. 0. 0. 0. 1. 0. 0. 0. 0. 0. 0. 0. 0. 0. 1. 0. 0. 0. 0. 0. 0. 0. 0. 0.
 0. 0. 0. 0. 0. 0. 0. 0. 0. 0. 0. 4. 0. 0. 0. 1. 0. 0. 0. 1. 0. 0. 0. 0.
 0. 1. 0. 0. 0. 0. 0. 0. 4. 0. 0. 0. 0.]
[2023-03-18 23:22:50] - epsilon 1
[2023-03-18 23:22:51] - Golden standard: gives answer: 
[14  0  2  9  6  1  1 14 12  1  1  6  6  6  4  6  7  0  3  0  7  6  0  0
  0  0  1  7  3  0  4  5 11  0  6  5  9  2  1  8  7  3  1  0  1  2  7 13
  4  1  0  6  1  3  1  3  7  6  7  5  1  5  7  3  0  2  1  0  2  8  1 10
  2  0 14  7  7  9  9  1 13  0  1  7  2  8  7 13  1  2  3  2 13  9  2  0
  2  8  1  1]
[2023-03-18 23:22:57] - Mechanism: gives answer 
[16  0 16 16  1  0  8 16  1  8  1  0  1  0  0 16 16  0 16  0  1  0  0  0
  0  0  8  0  0  8 15  0 16  0  0  1  8 15  8 16  0 16  7  0 15  8  0  8
  0  0  0  0  1  0  0 15  1  8  0  0 15  0  0 16  0 16  1  0 16 16  1 16
 16  0 16  1 16 16 16  7 16  0  1  0 15  1 16 16  8 15 16  8  8 16  8  0
  8  1  0  1]
[2023-03-18 23:22:57] - The testing is implemented at age
[2023-03-18 23:22:57] - Ground truth: gives answer: 
[12  0  7 12  1  0  5 12  1  3  0  1  3  0  0  7 12  0 12  1  1  0  0  1
  0  2  5  0  0  1 14  0 15  0  0  3  7 10  6 10  0 11  5  0  3  6  0  5
  0  4  0  0  1  0  5 11  5  6  0  0  5  0  0 12  4  8  1  0  8  7  1 15
  7  1 12  3 12 12  8  6  8  0  0  1  9  1  8  8  6 11 12  6  6 12  6  0
  6  1  0  5]
[2023-03-18 23:22:57] - Golden standard: gives answer: 
[14  0  2  9  6  1  1 14 12  1  1  6  6  6  4  6  7  0  3  0  7  6  0  0
  0  0  1  7  3  0  4  5 11  0  6  5  9  2  1  8  7  3  1  0  1  2  7 13
  4  1  0  6  1  3  1  3  7  6  7  5  1  5  7  3  0  2  1  0  2  8  1 10
  2  0 14  7  7  9  9  1 13  0  1  7  2  8  7 13  1  2  3  2 13  9  2  0
  2  8  1  1]
[2023-03-18 23:22:57] - Mechanism: gives answer: 
[16  0 16 16  1  0  8 16  1  8  1  0  1  0  0 16 16  0 16  0  1  0  0  0
  0  0  8  0  0  8 15  0 16  0  0  1  8 15  8 16  0 16  7  0 15  8  0  8
  0  0  0  0  1  0  0 15  1  8  0  0 15  0  0 16  0 16  1  0 16 16  1 16
 16  0 16  1 16 16 16  7 16  0  1  0 15  1 16 16  8 15 16  8  8 16  8  0
  8  1  0  1]
[2023-03-18 23:22:57] - Mean Square Error of ground truth and golden standard: 22.6
[2023-03-18 23:22:57] - Mean Square Error of ground truth and mechanism: 15.36
[2023-03-18 23:22:57] - Mean Square Error of golden standard and mechanism: 49.58
[2023-03-18 23:22:57] - Measurement1: 0.9468720723720723
[2023-03-18 23:22:57] - Measurement2: 1.0335820895522387
[2023-03-18 23:22:57] - ******** Testing Finished ********
