[2023-03-20 16:06:56] - Arguments: Namespace(beta=0.05, data_size=100, dataset_path='./data/adult.csv', delta=0.1, domain_path='./data/adult-domain.json', epsilon=1.0, iteration=500, sparse_ratio=10)
[2023-03-20 16:06:56] - ******** Initialization ********
[2023-03-20 16:06:56] - Data sparsification complete
[2023-03-20 16:06:56] - Data information: {'age': 85, 'workclass': 9, 'fnlwgt': 100, 'education-num': 16, 'marital-status': 7, 'occupation': 15, 'relationship': 6, 'race': 5, 'sex': 2, 'capital-gain': 100, 'capital-loss': 100, 'hours-per-week': 99, 'native-country': 42, 'income>50K': 2}
[2023-03-20 16:06:56] - ******** Create Dynamic Tree ********
[2023-03-20 16:06:58] - The dynamic interval tree consists of nodes: [
Node index: 1, height: 0, right_ancestor_index: 2, left_ancestor_index: None, right_child: None, left_child: None, 
 df:   age workclass fnlwgt education-num marital-status occupation relationship race sex capital-gain capital-loss hours-per-week native-country income>50K
0  25         5      6            10              0          1            2    0   1            0            0             39              0          0
, 
Node index: 2, height: 1, right_ancestor_index: 4, left_ancestor_index: None, right_child: 3, left_child: 1, 
 df:   age workclass fnlwgt education-num marital-status occupation relationship race sex capital-gain capital-loss hours-per-week native-country income>50K
0  25         5      6            10              0          1            2    0   1            0            0             39              0          0
, 
Node index: 3, height: 0, right_ancestor_index: None, left_ancestor_index: 2, right_child: None, left_child: None, 
 df:   age workclass fnlwgt education-num marital-status occupation relationship race sex capital-gain capital-loss hours-per-week native-country income>50K
0   6         5     20             9              0          2            2    4   1            0            0             14              0          0
, 
Node index: 4, height: 2, right_ancestor_index: 8, left_ancestor_index: None, right_child: 6, left_child: 2, 
 df:    age workclass fnlwgt education-num marital-status occupation relationship race sex capital-gain capital-loss hours-per-week native-country income>50K
0    6         5     20             9              0          2            2    4   1            0            0             14              0          0
1   19         0      3            10              0          2            2    0   1            0            0             39              3          0
2   21         0     18            13              0          4            0    0   0            0            0             39              0          0
3    7         0     13             9              2          7            3    0   1            0            0             39              0          0
4   14         0      2             4              2          3            3    0   1            0            0             39              0          0
5   21         0     18             9              1          1            5    0   0            0            0             39              0          0
6   28         0      7            13              1          4            5    0   0            0            0             39              0          0
7   15         0     33             4              0          7            2    0   1            0            0             42              0          0
8    9         8     12             9              2         14            1    0   1            0            0             39              0          0
9   15         0     20            12              3          3            1    4   0            0            0             39              0          0
10  36         1     13             8              0          4            2    0   1            0            0             44              0          1
11  32         0     15             6              2          7            5    0   1            0            0             39              3          0
12  16         0     13            11              2          3            3    4   1            0            0             49              0          0
13   7         0      7            12              2          8            1    0   0            0            0             29              0          0
14  31         2      6             8              1          4            3    0   1            0            0             59              0          0
15  27         0      7             6              0         10            2    0   1            0           40             39              0          0
16  15         4      7             3              0          9            2    0   1            0            0             39              0          0
17  13         4      7             9              2          6            3    0   1            0            0             49              0          0
18  11         0     13             8              2          2            1    0   1            0            0             39             20          0
, 
Node index: 5, height: 0, right_ancestor_index: 6, left_ancestor_index: None, right_child: None, left_child: None, 
 df: Empty DataFrame
Columns: [age, workclass, fnlwgt, education-num, marital-status, occupation, relationship, race, sex, capital-gain, capital-loss, hours-per-week, native-country, income>50K]
Index: []
]
[2023-03-20 16:06:58] - Infinite Private Partitioning: s0: 0, j: 5, T: 65536, beta: 2.883135391252616e-07, C: 1878.9903538693616, epsilon: 0.1, 
 segment: [0, 2, 4, 16, 256, 1099]
[2023-03-20 16:06:58] - ******** Testing Started ********
[2023-03-20 16:06:58] - At node with index 3, we implement queries on cliques dict_keys(['age']):
[2023-03-20 16:06:59] - Ground truth: gives answer: 
[0 1 0 2 0 1 1 0 0 1 2 0 0 0 1 2 0 1 0 1 1 1 1 0 0 0 0 1 1 0 0 0 0 1 0 0 0
 2 2 0 0 0 0 1 1 0 0 0 0 2 0 1 0 0 1 2 1 1 1 1 0 0 0 1 1 2 1 1 0 0 0 1 0 0
 1 1 0 0 1 0 2 0 0 0 0 0 1 1 0 0 0 0 0 1 0 0 0 0 0 0]
[2023-03-20 16:07:05] - Golden standard: data vector for original dataset is: 
[0. 0. 0. 0. 0. 0. 1. 0. 0. 0. 0. 0. 0. 0. 0. 0. 0. 0. 0. 0. 0. 0. 0. 0.
 0. 1. 0. 0. 0. 0. 0. 0. 0. 0. 0. 0. 0. 0. 0. 0. 0. 0. 0. 0. 0. 0. 0. 0.
 0. 0. 0. 0. 0. 0. 0. 0. 0. 0. 0. 0. 0. 0. 0. 0. 0. 0. 0. 0. 0. 0. 0. 0.
 0. 0. 0. 0. 0. 0. 0. 0. 0. 0. 0. 0. 0.]
[2023-03-20 16:07:05] - Golden standard: data vector for approximate dataset is: 
[0. 0. 0. 0. 0. 0. 0. 0. 0. 0. 0. 0. 0. 0. 0. 0. 0. 0. 0. 0. 0. 0. 0. 0.
 0. 0. 0. 0. 0. 0. 0. 0. 0. 0. 0. 0. 1. 0. 0. 0. 0. 0. 0. 0. 0. 0. 0. 0.
 0. 0. 0. 1. 0. 0. 0. 0. 0. 0. 0. 0. 0. 0. 0. 0. 0. 0. 0. 0. 0. 1. 0. 0.
 0. 0. 0. 0. 0. 0. 0. 0. 0. 0. 0. 0. 0.]
[2023-03-20 16:07:05] - epsilon 1.0
[2023-03-20 16:07:05] - Golden standard: gives answer: 
[0 3 0 2 0 1 0 0 0 2 3 0 1 2 3 1 2 2 1 0 1 0 0 1 0 3 2 1 2 1 3 1 1 0 2 1 2
 3 1 1 1 1 0 3 0 1 1 0 1 2 2 2 2 2 2 0 1 0 0 0 3 2 1 3 1 2 2 2 0 1 2 3 0 1
 1 3 0 3 2 0 2 0 3 1 0 1 2 0 3 2 2 0 1 0 3 3 0 1 1 1]
