[2023-03-19 18:36:03] - Arguments: Namespace(beta=0.05, data_size=100, dataset_path='./data/adult.csv', delta=0.1, domain_path='./data/adult-domain.json', epsilon=1.0, iteration=2500, sparse_ratio=10)
[2023-03-19 18:36:03] - ******** Initialization ********
[2023-03-19 18:36:04] - Data sparsification complete
[2023-03-19 18:36:04] - Data information: {'age': 85, 'workclass': 9, 'fnlwgt': 100, 'education-num': 16, 'marital-status': 7, 'occupation': 15, 'relationship': 6, 'race': 5, 'sex': 2, 'capital-gain': 100, 'capital-loss': 100, 'hours-per-week': 99, 'native-country': 42, 'income>50K': 2}
[2023-03-19 18:36:04] - ******** Create Dynamic Tree ********
[2023-03-19 18:36:06] - The dynamic interval tree consists of nodes: [
Node index: 1, height: 0, right_ancestor_index: 2, left_ancestor_index: None, right_child: None, left_child: None, 
 df: Empty DataFrame
Columns: [age, workclass, fnlwgt, education-num, marital-status, occupation, relationship, race, sex, capital-gain, capital-loss, hours-per-week, native-country, income>50K]
Index: []
, 
Node index: 2, height: 1, right_ancestor_index: 4, left_ancestor_index: None, right_child: 3, left_child: 1, 
 df: Empty DataFrame
Columns: [age, workclass, fnlwgt, education-num, marital-status, occupation, relationship, race, sex, capital-gain, capital-loss, hours-per-week, native-country, income>50K]
Index: []
, 
Node index: 3, height: 0, right_ancestor_index: None, left_ancestor_index: 2, right_child: None, left_child: None, 
 df: Empty DataFrame
Columns: [age, workclass, fnlwgt, education-num, marital-status, occupation, relationship, race, sex, capital-gain, capital-loss, hours-per-week, native-country, income>50K]
Index: []
, 
Node index: 4, height: 2, right_ancestor_index: 8, left_ancestor_index: None, right_child: 6, left_child: 2, 
 df:    age workclass fnlwgt education-num marital-status occupation relationship race sex capital-gain capital-loss hours-per-week native-country income>50K
0   14         0      3            12              0          3            2    0   1            2            0             39              0          0
1   33         4     17             8              0         12            2    0   1            0            0             39              0          1
2   19         0      3            10              0          2            2    0   1            0            0             39              3          0
3   13         4      7             9              2          6            3    0   1            0            0             49              0          0
4   37         1      5            12              0          5            2    0   1            0            0             39              0          0
5    3         0      6             9              2          5            1    0   1            0            0             31              0          0
6   25         0      9             8              0          8            2    0   1            0            0             47              0          0
7   43         0      6             8              1          0            5    0   0            0            0             39              0          0
8   13         0      6             9              1          0            3    0   1            0            0             57              0          0
9   31         0      2            14              0          5            0    0   0            0           38             59             14          1
10  15         0     33             4              0          7            2    0   1            0            0             42              0          0
11   7         4     12            11              2         12            3    0   1            0            0             51              0          0
12  36         0     17            12              0          2            2    0   1            0            0             39             12          0
13   3         0     35             8              6          8            0    0   0            0            0             24              0          0
14   9         8     12             9              2         14            1    0   1            0            0             39              0          0
15   6         5     20             9              0          2            2    4   1            0            0             14              0          0
16  14         3      3             9              0          8            1    0   1            0            0             39              0          0
17  32         0      9             8              0         10            2    0   1            0            0             39              0          0
18  34         1      4            12              0          4            2    0   1            0            0             12              0          0
19  23         5      4            12              2          8            3    0   1            2            0             39              0          0
, 
Node index: 5, height: 0, right_ancestor_index: 6, left_ancestor_index: None, right_child: None, left_child: None, 
 df: Empty DataFrame
Columns: [age, workclass, fnlwgt, education-num, marital-status, occupation, relationship, race, sex, capital-gain, capital-loss, hours-per-week, native-country, income>50K]
Index: []
]
[2023-03-19 18:36:06] - Infinite Private Partitioning: s0: 0, j: 5, T: 65536, beta: 2.883135391252616e-07, C: 1878.9903538693616, epsilon: 0.1, 
 segment: [0, 2, 4, 16, 256, 1199]
[2023-03-19 18:36:06] - ******** Testing Started ********
