[2023-03-21 16:12:41] - Arguments: Namespace(beta=0.05, data_size=5, dataset_path='./data/adult.csv', delta=0.1, domain_path='./data/adult-domain.json', epsilon=1.0, iteration=1500, sparse_ratio=10)
[2023-03-21 16:12:41] - ******** Initialization ********
[2023-03-21 16:12:41] - Data sparsification complete
[2023-03-21 16:12:41] - Data information: {'age': 85, 'workclass': 9, 'fnlwgt': 100, 'education-num': 16, 'marital-status': 7, 'occupation': 15, 'relationship': 6, 'race': 5, 'sex': 2, 'capital-gain': 100, 'capital-loss': 100, 'hours-per-week': 99, 'native-country': 42, 'income>50K': 2}
[2023-03-21 16:12:41] - ******** Create Dynamic Tree ********
[2023-03-21 16:12:41] - The dynamic interval tree consists of nodes: [
-------- Node index: 1 --------
height: 0, sj: 2, right_ancestor_index: 2, left_ancestor_index: None, right_child: None, left_child: None, 
df size: 0, delete_df size: 0
df: Empty DataFrame
Columns: [age, workclass, fnlwgt, education-num, marital-status, occupation, relationship, race, sex, capital-gain, capital-loss, hours-per-week, native-country, income>50K]
Index: [], 
delete_df: Empty DataFrame
Columns: [age, workclass, fnlwgt, education-num, marital-status, occupation, relationship, race, sex, capital-gain, capital-loss, hours-per-week, native-country, income>50K]
Index: []-----------------------------------, 
-------- Node index: 2 --------
height: 1, sj: 4, right_ancestor_index: 4, left_ancestor_index: None, right_child: 3, left_child: 1, 
df size: 0, delete_df size: 0
df: Empty DataFrame
Columns: [age, workclass, fnlwgt, education-num, marital-status, occupation, relationship, race, sex, capital-gain, capital-loss, hours-per-week, native-country, income>50K]
Index: [], 
delete_df: Empty DataFrame
Columns: [age, workclass, fnlwgt, education-num, marital-status, occupation, relationship, race, sex, capital-gain, capital-loss, hours-per-week, native-country, income>50K]
Index: []-----------------------------------, 
-------- Node index: 3 --------
height: 0, sj: 16, right_ancestor_index: None, left_ancestor_index: 2, right_child: None, left_child: None, 
df size: 0, delete_df size: 0
df: Empty DataFrame
Columns: [age, workclass, fnlwgt, education-num, marital-status, occupation, relationship, race, sex, capital-gain, capital-loss, hours-per-week, native-country, income>50K]
Index: [], 
delete_df: Empty DataFrame
Columns: [age, workclass, fnlwgt, education-num, marital-status, occupation, relationship, race, sex, capital-gain, capital-loss, hours-per-week, native-country, income>50K]
Index: []-----------------------------------, 
-------- Node index: 4 --------
height: 2, sj: 55, right_ancestor_index: 8, left_ancestor_index: None, right_child: 6, left_child: 2, 
df size: 0, delete_df size: 4
df: Empty DataFrame
Columns: [age, workclass, fnlwgt, education-num, marital-status, occupation, relationship, race, sex, capital-gain, capital-loss, hours-per-week, native-country, income>50K]
Index: [], 
delete_df:   age workclass fnlwgt education-num marital-status occupation relationship race sex capital-gain capital-loss hours-per-week native-country income>50K
0  37         0     15             6              0          6            2    4   1            0            0             39              0          0
1  22         0     13             8              1          6            3    0   1            0            0             39              0          0
2  23         5      4            12              2          8            3    0   1            2            0             39              0          0
3  34         1      4            12              0          4            2    0   1            0            0             12              0          0-----------------------------------]
[2023-03-21 16:12:41] - Infinite Private Partitioning: s0: 0, j: 4, T: 256, beta: 1.1856419061018045e-05, C: 123.06676038420659, epsilon: 1.0, 
 segment: [0, 2, 4, 16, 55]
[2023-03-21 16:12:41] - ******** Testing Started ********
[2023-03-21 16:12:41] - ******** Testing Finished ********
