[2023-03-29 00:28:42] - Arguments: Namespace(beta=0.05, data_size=10, dataset_path='./data/adult.csv', delta=0.1, domain_path='./data/adult-domain.json', epsilon=5.0, iteration=500, sparse_ratio=10)
[2023-03-29 00:28:42] - ******** Initialization ********
[2023-03-29 00:28:42] - Data sparsification complete
[2023-03-29 00:28:42] - Data information: {'age': 85, 'workclass': 9, 'fnlwgt': 100, 'education-num': 16, 'marital-status': 7, 'occupation': 15, 'relationship': 6, 'race': 5, 'sex': 2, 'capital-gain': 100, 'capital-loss': 100, 'hours-per-week': 99, 'native-country': 42, 'income>50K': 2}
[2023-03-29 00:28:42] - ******** Create Dynamic Tree ********
[2023-03-29 00:28:42] - The dynamic interval tree consists of nodes: [
-------- Node index: 1 --------
height: 0, sj: 2, 
right_ancestor_index: 2, left_ancestor_index: None, right_child: None, left_child: None, 
df size: 2, delete_df size: 0
-----------------------------------, 
-------- Node index: 2 --------
height: 1, sj: 4, 
right_ancestor_index: 4, left_ancestor_index: None, right_child: 3, left_child: 1, 
df size: 4, delete_df size: 0
-----------------------------------, 
-------- Node index: 3 --------
height: 0, sj: 16, 
right_ancestor_index: None, left_ancestor_index: 2, right_child: None, left_child: None, 
df size: 3, delete_df size: 6
-----------------------------------, 
-------- Node index: 4 --------
height: 2, sj: 19, 
right_ancestor_index: 8, left_ancestor_index: None, right_child: 6, left_child: 2, 
df size: 0, delete_df size: 4
-----------------------------------]
[2023-03-29 00:28:42] - Infinite Private Partitioning: s0: 0, j: 4, T: 256, beta: 1.1856419061018045e-05, C: 24.613352076841316, epsilon: 5.0, 
 segment: [0, 2, 4, 16, 19]
[2023-03-29 00:28:42] - ******** Testing Started ********
[2023-03-29 00:28:42] - ++++++++ Testing on node 1 Started ++++++++
[2023-03-29 00:28:42] - At node with index 1, we implement queries on cliques dict_keys(['workclass']):
