[2023-03-18 23:44:02] - Arguments: Namespace(beta=0.05, data_size=100, dataset_path='./data/adult.csv', delta=0.1, domain_path='./data/adult-domain.json', epsilon=100.0, iteration=500, sparse_ratio=10)
[2023-03-18 23:44:02] - ******** Initialization ********
[2023-03-18 23:44:03] - Data sparsification complete
[2023-03-18 23:44:03] - Data information: {'age': 85, 'workclass': 9, 'fnlwgt': 100, 'education-num': 16, 'marital-status': 7, 'occupation': 15, 'relationship': 6, 'race': 5, 'sex': 2, 'capital-gain': 100, 'capital-loss': 100, 'hours-per-week': 99, 'native-country': 42, 'income>50K': 2}
[2023-03-18 23:44:03] - ******** Create Dynamic Tree ********
[2023-03-18 23:44:05] - The dynamic interval tree consists of nodes: [
Node index: 1, height: 0, right_ancestor_index: 2, left_ancestor_index: None, right_child: None, left_child: None, 
 df:   age workclass fnlwgt education-num marital-status occupation relationship race sex capital-gain capital-loss hours-per-week native-country income>50K
0  28         0     22             8              1          1            3    0   0           14            0             39              0          1
, 
Node index: 2, height: 1, right_ancestor_index: 4, left_ancestor_index: None, right_child: 3, left_child: 1, 
 df:   age workclass fnlwgt education-num marital-status occupation relationship race sex capital-gain capital-loss hours-per-week native-country income>50K
0  28         0     22             8              1          1            3    0   0           14            0             39              0          1
, 
Node index: 3, height: 0, right_ancestor_index: None, left_ancestor_index: 2, right_child: None, left_child: None, 
 df:   age workclass fnlwgt education-num marital-status occupation relationship race sex capital-gain capital-loss hours-per-week native-country income>50K
0  14         0      7             8              0          3            0    1   0            0           31             34             41          0
1  28         0      7            13              1          4            5    0   0            0            0             39              0          0
, 
Node index: 4, height: 2, right_ancestor_index: 8, left_ancestor_index: None, right_child: 6, left_child: 2, 
 df:    age workclass fnlwgt education-num marital-status occupation relationship race sex capital-gain capital-loss hours-per-week native-country income>50K
0   28         0     22             8              1          1            3    0   0           14            0             39              0          1
1   28         0      7            13              1          4            5    0   0            0            0             39              0          0
2   32         1     17            11              0          5            2    0   1            0            0             39              0          0
3   15         0      2            13              2          5            3    0   0           14            0             49              0          1
4   24         0      1            11              0          8            2    0   1            0            0             39              0          0
5   37         0     15             6              0          6            2    4   1            0            0             39              0          0
6   16         3     16             8              2          2            1    4   1            0            0             39              0          0
7    2         0     29             8              2          3            3    0   1            0            0             29              0          0
8   31         0      2            14              0          5            0    0   0            0           38             59             14          1
9    9         0     18             8              2          6            3    0   1            0            0             34              0          0
10  33         2     12             9              0          4            2    0   1            0            0             49              0          1
11  26         0      7            15              0          5            2    0   1            0            0             44              0          1
12  33         4     17             8              0         12            2    0   1            0            0             39              0          1
13  63         0      7             9              0          5            4    0   1            0            0             19              0          0
14   9         1     11             8              2          9            1    0   1            0            0             34              0          0
15   2         0     14             8              2          2            1    0   0            0            0             29             41          0
16  14         5      8            12              0          5            2    1   1            0            0             39              7          1
17  12         0     11             9              1          8            3    0   0            0            0             39              0          0
18  20         0      9             8              0          1            2    0   1            0            0             39              0          0
, 
Node index: 5, height: 0, right_ancestor_index: 6, left_ancestor_index: None, right_child: None, left_child: None, 
 df: Empty DataFrame
Columns: [age, workclass, fnlwgt, education-num, marital-status, occupation, relationship, race, sex, capital-gain, capital-loss, hours-per-week, native-country, income>50K]
Index: []
]
[2023-03-18 23:44:05] - Infinite Private Partitioning: s0: 0, j: 5, T: 65536, beta: 2.883135391252616e-07, C: 1878.9903538693616, epsilon: 0.1, 
 segment: [0, 2, 4, 16, 256, 1199]
[2023-03-18 23:44:05] - ******** Testing Started ********
[2023-03-18 23:44:05] - At node with index 4, we implement queries on cliques dict_keys(['age']):
[2023-03-18 23:44:06] - Ground truth: gives answer: 
[ 200  670 1193 9812  192 8510 3977 1990 4953  331 4259  190  149  112
 2494    0 3192   15 4071 4342 5152   20 7000   23 1525 1987   69 6610
 5955  175  590 3665 7788 5605 1507 6389 4058 2043 1412 8348 1065 2927
   14 2279 6686   21  826 7655 1105   15  852   23 4073 8387 2817 4870
 1748 5793 4473   91 4611 3036 1642  101    0 1171 5605    0  633 1090
 7714  232 8444 7269  246   42 6970 7886 2671 1105 5035 2145 4237  190
 1734 2876 8418   73 7457 9440 1187   15 4025  230 4054   14 2715 9931
   95 3995]
[2023-03-18 23:44:12] - Golden standard: data vector for original dataset is: 
[  0. 100. 162. 231. 253. 210. 241. 271. 242. 270. 241. 250. 252. 254.
 265. 293. 258. 277. 272. 277. 251. 270. 230. 242. 248. 256. 233. 240.
 226. 205. 242. 239. 154. 192. 167. 185. 146. 143. 122. 123. 109. 111.
 111. 101.  91.  87.  66.  81.  69.  48.  44.  43.  30.  33.  24.  17.
  18.  21.  15.  17.  17.  11.   8.   7.   6.   6.   2.   2.   3.   1.
   0.   0.   1.   0.  14.   0.   0.   0.   0.   0.   0.   0.   0.   0.
   0.]
[2023-03-18 23:44:12] - Golden standard: data vector for approximate dataset is: 
[  0. 100. 162. 231. 253. 210. 241. 271. 242. 270. 241. 250. 252. 254.
 265. 293. 258. 277. 272. 277. 251. 270. 230. 242. 248. 256. 233. 240.
 226. 205. 242. 239. 154. 192. 167. 185. 146. 143. 122. 123. 109. 111.
 111. 101.  91.  87.  66.  81.  69.  48.  44.  43.  30.  33.  24.  17.
  18.  21.  15.  17.  17.  11.   8.   7.   6.   6.   2.   2.   3.   1.
   0.   0.   1.   0.  14.   0.   0.   0.   0.   0.   0.   0.   0.   0.
   0.]
[2023-03-18 23:44:12] - epsilon 100.0
[2023-03-18 23:44:12] - Golden standard: gives answer: 
[ 198  668 1190 9806  191 8505 3973 1987 4951  330 4259  192  152  110
 2492    0 3192   15 4065 4341 5151   20 6999   26 1523 1986   69 6606
 5951  174  589 3661 7783 5600 1505 6383 4052 2042 1410 8345 1064 2923
   14 2279 6681   26  825 7653 1107   16  851   28 4068 8382 2813 4869
 1746 5791 4469   91 4608 3035 1642  101    0 1169 5604    4  633 1087
 7709  230 8438 7264  245   45 6970 7882 2666 1106 5030 2141 4233  193
 1731 2874 8412   73 7450 9434 1185   15 4021  230 4053   18 2711 9924
   97 3991]
[2023-03-18 23:44:12] - Mechanism: 
      age  workclass  fnlwgt  education-num  marital-status  occupation  relationship  race  sex  capital-gain  capital-loss  hours-per-week  native-country  income>50K
0      23          5       4             12               2           8             3     0    1             2             0              39               0           0
1      34          1       4             12               0           4             2     0    1             0             0              12               0           0
2      22          0      13              8               1           6             3     0    1             0             0              39               0           0
3      37          0      15              6               0           6             2     4    1             0             0              39               0           0
4      12          0      22             12               0           5             0     4    0             0             0              39              12           0
...   ...        ...     ...            ...             ...         ...           ...   ...  ...           ...           ...             ...             ...         ...
9995   22          0       4              9               0           3             2     0    1             0             0              59               0           1
9996    9          0      27              8               2           2             1     0    0             0             0               7               0           0
9997    5          0      20              9               2          10             1     4    1             0             0              39               0           0
9998   21          0       7              1               0           2             2     0    1             0             0              52              20           0
9999   23          0      19              9               1           3             5     0    0             0             0              39               0           0

[10000 rows x 14 columns]
[2023-03-18 23:44:12] - Mechanism: epsilon during the algorithm 15
[2023-03-18 23:44:18] - Mechanism: gives answer 
[ 202  673 1200 9860  194 8552 3992 1999 4971  333 4273  195  154  113
 2502    0 3206   15 4086 4367 5174   20 7037   26 1530 1993   69 6635
 5978  177  591 3678 7822 5632 1514 6414 4073 2051 1417 8389 1070 2940
   16 2289 6714   24  831 7696 1116   15  858   26 4088 8425 2828 4888
 1758 5815 4491   91 4628 3052 1644  103    0 1176 5633    1  634 1098
 7745  234 8481 7298  248   45 7001 7917 2682 1116 5054 2153 4252  195
 1741 2886 8455   73 7486 9489 1188   17 4041  232 4070   17 2725 9981
   98 4010]
[2023-03-18 23:44:18] - The testing is implemented at age
[2023-03-18 23:44:18] - Ground truth: gives answer: 
[ 200  670 1193 9812  192 8510 3977 1990 4953  331 4259  190  149  112
 2494    0 3192   15 4071 4342 5152   20 7000   23 1525 1987   69 6610
 5955  175  590 3665 7788 5605 1507 6389 4058 2043 1412 8348 1065 2927
   14 2279 6686   21  826 7655 1105   15  852   23 4073 8387 2817 4870
 1748 5793 4473   91 4611 3036 1642  101    0 1171 5605    0  633 1090
 7714  232 8444 7269  246   42 6970 7886 2671 1105 5035 2145 4237  190
 1734 2876 8418   73 7457 9440 1187   15 4025  230 4054   14 2715 9931
   95 3995]
[2023-03-18 23:44:18] - Golden standard: gives answer: 
[ 198  668 1190 9806  191 8505 3973 1987 4951  330 4259  192  152  110
 2492    0 3192   15 4065 4341 5151   20 6999   26 1523 1986   69 6606
 5951  174  589 3661 7783 5600 1505 6383 4052 2042 1410 8345 1064 2923
   14 2279 6681   26  825 7653 1107   16  851   28 4068 8382 2813 4869
 1746 5791 4469   91 4608 3035 1642  101    0 1169 5604    4  633 1087
 7709  230 8438 7264  245   45 6970 7882 2666 1106 5030 2141 4233  193
 1731 2874 8412   73 7450 9434 1185   15 4021  230 4053   18 2711 9924
   97 3991]
[2023-03-18 23:44:18] - Mechanism: gives answer: 
[ 202  673 1200 9860  194 8552 3992 1999 4971  333 4273  195  154  113
 2502    0 3206   15 4086 4367 5174   20 7037   26 1530 1993   69 6635
 5978  177  591 3678 7822 5632 1514 6414 4073 2051 1417 8389 1070 2940
   16 2289 6714   24  831 7696 1116   15  858   26 4088 8425 2828 4888
 1758 5815 4491   91 4628 3052 1644  103    0 1176 5633    1  634 1098
 7745  234 8481 7298  248   45 7001 7917 2682 1116 5054 2153 4252  195
 1741 2886 8455   73 7486 9489 1188   17 4041  232 4070   17 2725 9981
   98 4010]
[2023-03-18 23:44:18] - Mean Square Error of ground truth and golden standard: 10.71
[2023-03-18 23:44:18] - Mean Square Error of ground truth and mechanism: 354.94
[2023-03-18 23:44:18] - Mean Square Error of golden standard and mechanism: 460.37
[2023-03-18 23:44:18] - Measurement1: 0.01788691434635336
[2023-03-18 23:44:18] - Measurement2: 1.0006074695772669
[2023-03-18 23:44:18] - ******** Testing Finished ********
