[2023-03-18 23:44:54] - Arguments: Namespace(beta=0.05, data_size=100, dataset_path='./data/adult.csv', delta=0.1, domain_path='./data/adult-domain.json', epsilon=1.0, iteration=2500, sparse_ratio=10)
[2023-03-18 23:44:54] - ******** Initialization ********
[2023-03-18 23:44:54] - Data sparsification complete
[2023-03-18 23:44:54] - Data information: {'age': 85, 'workclass': 9, 'fnlwgt': 100, 'education-num': 16, 'marital-status': 7, 'occupation': 15, 'relationship': 6, 'race': 5, 'sex': 2, 'capital-gain': 100, 'capital-loss': 100, 'hours-per-week': 99, 'native-country': 42, 'income>50K': 2}
[2023-03-18 23:44:54] - ******** Create Dynamic Tree ********
[2023-03-18 23:44:57] - The dynamic interval tree consists of nodes: [
Node index: 1, height: 0, right_ancestor_index: 2, left_ancestor_index: None, right_child: None, left_child: None, 
 df:   age workclass fnlwgt education-num marital-status occupation relationship race sex capital-gain capital-loss hours-per-week native-country income>50K
0  13         0      6             9              1          0            3    0   1            0            0             57              0          0
, 
Node index: 2, height: 1, right_ancestor_index: 4, left_ancestor_index: None, right_child: 3, left_child: 1, 
 df:   age workclass fnlwgt education-num marital-status occupation relationship race sex capital-gain capital-loss hours-per-week native-country income>50K
0  13         0      6             9              1          0            3    0   1            0            0             57              0          0
1  17         0     12            13              0          5            2    0   1            0            0             49              0          0
, 
Node index: 3, height: 0, right_ancestor_index: None, left_ancestor_index: 2, right_child: None, left_child: None, 
 df: Empty DataFrame
Columns: [age, workclass, fnlwgt, education-num, marital-status, occupation, relationship, race, sex, capital-gain, capital-loss, hours-per-week, native-country, income>50K]
Index: []
, 
Node index: 4, height: 2, right_ancestor_index: 8, left_ancestor_index: None, right_child: 6, left_child: 2, 
 df:    age workclass fnlwgt education-num marital-status occupation relationship race sex capital-gain capital-loss hours-per-week native-country income>50K
0   13         0      6             9              1          0            3    0   1            0            0             57              0          0
1   17         0     12            13              0          5            2    0   1            0            0             49              0          0
2   21         0     18             9              1          1            5    0   0            0            0             39              0          0
3   16         3     16             8              2          2            1    4   1            0            0             39              0          0
4   63         0      7             9              0          5            4    0   1            0            0             19              0          0
5   28         0      7            13              1          4            5    0   0            0            0             39              0          0
6   14         0      2             4              2          3            3    0   1            0            0             39              0          0
7    2         0     29             8              2          3            3    0   1            0            0             29              0          0
8   26         0      7            15              0          5            2    0   1            0            0             44              0          1
9   31         0      2            14              0          5            0    0   0            0           38             59             14          1
10  31         2      6             8              1          4            3    0   1            0            0             59              0          0
11  14         0      7             8              0          3            0    1   0            0           31             34             41          0
12  20         0      9             8              0          1            2    0   1            0            0             39              0          0
13  15         0     33             4              0          7            2    0   1            0            0             42              0          0
14  37         0     10             8              0          8            0    0   0            0            0             39              0          1
15  13         1     10            12              0          3            2    0   1            0            0             69              0          1
16  36         0     17            12              0          2            2    0   1            0            0             39             12          0
17  30         0      2             8              0          2            0    0   0            0            0             39              0          0
, 
Node index: 5, height: 0, right_ancestor_index: 6, left_ancestor_index: None, right_child: None, left_child: None, 
 df: Empty DataFrame
Columns: [age, workclass, fnlwgt, education-num, marital-status, occupation, relationship, race, sex, capital-gain, capital-loss, hours-per-week, native-country, income>50K]
Index: []
]
[2023-03-18 23:44:57] - Infinite Private Partitioning: s0: 0, j: 5, T: 65536, beta: 2.883135391252616e-07, C: 1878.9903538693616, epsilon: 0.1, 
 segment: [0, 2, 4, 16, 256, 1199]
[2023-03-18 23:44:57] - ******** Testing Started ********
[2023-03-18 23:44:57] - At node with index 4, we implement queries on cliques dict_keys(['age']):
[2023-03-18 23:44:57] - Ground truth: gives answer: 
[ 181 9404 3641 1409   35 7093 1642 1710  253 8964 6941 9439  128 8127
 5368 9345 7374   12   94    0  438 1385 9186 7867   16 2883 2632 1835
 8750 6593  979  646 1444 3639   76   70 2596    4 3598  535  976    0
 1732   61 4724 3258 7205   14 8106  961 8387 2276 4577 3071 6069 1214
  232    0 4070 9685 3556  242 4473 1743 4548   15 2462 2778    0 9947
   27 1409 1871  994 2908 7162 1602 4320 8510   61  130 9454 5328 3467
 6955  994 4511 5077    0 2675 2027  131 1078  812 1090 4020 4799 3802
 7599 8603]
[2023-03-18 23:45:26] - Golden standard: data vector for original dataset is: 
[  0. 100. 162. 231. 253. 210. 241. 271. 242. 270. 241. 250. 252. 254.
 265. 293. 258. 277. 272. 277. 251. 270. 230. 242. 248. 256. 233. 240.
 226. 205. 242. 239. 154. 192. 167. 185. 146. 143. 122. 123. 109. 111.
 111. 101.  91.  87.  66.  81.  69.  48.  44.  43.  30.  33.  24.  17.
  18.  21.  15.  17.  17.  11.   8.   7.   6.   6.   2.   2.   3.   1.
   0.   0.   1.   0.  14.   0.   0.   0.   0.   0.   0.   0.   0.   0.
   0.]
[2023-03-18 23:45:26] - Golden standard: data vector for approximate dataset is: 
[  0. 103. 161. 223. 249. 209. 239. 272. 242. 269. 242. 250. 253. 251.
 265. 293. 258. 278. 273. 277. 250. 269. 231. 242. 247. 264. 233. 241.
 226. 205. 241. 240. 155. 192. 167. 187. 148. 141. 122. 125. 110. 111.
 108. 105.  89.  88.  67.  85.  70.  48.  45.  42.  32.  32.  26.  17.
  15.  21.  14.  17.  18.  10.   8.   7.   5.   2.   1.   0.   1.   0.
   1.   1.   3.   0.  14.   3.   0.   1.   1.   0.   0.   0.   1.   0.
   0.]
[2023-03-18 23:45:26] - epsilon 1.0
[2023-03-18 23:45:26] - Golden standard: gives answer: 
[ 176 9413 3654 1413   28 7108 1643 1699  247 8958 6956 9438  124 8142
 5377 9349 7383    7   83    1  428 1384 9189 7875   23 2882 2631 1834
 8760 6601  972  650 1442 3636   67   69 2593    1 3601  535  985    0
 1731   56 4736 3271 7210    4 8122  969 8396 2276 4592 3082 6071 1215
  223    0 4057 9684 3566  241 4487 1757 4564   18 2478 2794    0 9948
   16 1418 1870  995 2910 7151 1607 4326 8518   58  132 9460 5336 3479
 6961  994 4533 5087    0 2687 2033  126 1083  809 1085 4025 4803 3810
 7604 8618]
[2023-03-18 23:45:26] - Mechanism: 
      age  workclass  fnlwgt  education-num  marital-status  occupation  relationship  race  sex  capital-gain  capital-loss  hours-per-week  native-country  income>50K
0      23          5       4             12               2           8             3     0    1             2             0              39               0           0
1      34          1       4             12               0           4             2     0    1             0             0              12               0           0
2      22          0      13              8               1           6             3     0    1             0             0              39               0           0
3      37          0      15              6               0           6             2     4    1             0             0              39               0           0
4      12          0      22             12               0           5             0     4    0             0             0              39              12           0
...   ...        ...     ...            ...             ...         ...           ...   ...  ...           ...           ...             ...             ...         ...
9995   22          0       4              9               0           3             2     0    1             0             0              59               0           1
9996    9          0      27              8               2           2             1     0    0             0             0               7               0           0
9997    5          0      20              9               2          10             1     4    1             0             0              39               0           0
9998   21          0       7              1               0           2             2     0    1             0             0              52              20           0
9999   23          0      19              9               1           3             5     0    0             0             0              39               0           0

[10000 rows x 14 columns]
[2023-03-18 23:45:26] - Mechanism: epsilon during the algorithm 0
[2023-03-18 23:45:58] - Mechanism: gives answer 
[ 257 9386 3519 1308   65 7036 1630 1677  355 8953 6908 9426  138 8027
 5391 9254 7371   13  170   20  470 1446 9180 7866   63 2933 2576 1864
 8749 6577  975  625 1418 3672  159   98 2591    0 3566  511 1017    0
 1674  106 4731 3147 7215   40 8018  857 8381 2166 4585 2989 6109 1212
  307    0 3999 9745 3501  253 4477 1606 4482   25 2303 2659    0 9937
   40 1378 1814 1018 2853 7211 1620 4273 8518  144  147 9489 5343 3362
 6948  994 4422 5089    0 2600 1998  222  979  829 1073 4077 4834 3732
 7622 8569]
[2023-03-18 23:45:58] - The testing is implemented at age
[2023-03-18 23:45:58] - Ground truth: gives answer: 
[ 181 9404 3641 1409   35 7093 1642 1710  253 8964 6941 9439  128 8127
 5368 9345 7374   12   94    0  438 1385 9186 7867   16 2883 2632 1835
 8750 6593  979  646 1444 3639   76   70 2596    4 3598  535  976    0
 1732   61 4724 3258 7205   14 8106  961 8387 2276 4577 3071 6069 1214
  232    0 4070 9685 3556  242 4473 1743 4548   15 2462 2778    0 9947
   27 1409 1871  994 2908 7162 1602 4320 8510   61  130 9454 5328 3467
 6955  994 4511 5077    0 2675 2027  131 1078  812 1090 4020 4799 3802
 7599 8603]
[2023-03-18 23:45:58] - Golden standard: gives answer: 
[ 176 9413 3654 1413   28 7108 1643 1699  247 8958 6956 9438  124 8142
 5377 9349 7383    7   83    1  428 1384 9189 7875   23 2882 2631 1834
 8760 6601  972  650 1442 3636   67   69 2593    1 3601  535  985    0
 1731   56 4736 3271 7210    4 8122  969 8396 2276 4592 3082 6071 1215
  223    0 4057 9684 3566  241 4487 1757 4564   18 2478 2794    0 9948
   16 1418 1870  995 2910 7151 1607 4326 8518   58  132 9460 5336 3479
 6961  994 4533 5087    0 2687 2033  126 1083  809 1085 4025 4803 3810
 7604 8618]
[2023-03-18 23:45:58] - Mechanism: gives answer: 
[ 257 9386 3519 1308   65 7036 1630 1677  355 8953 6908 9426  138 8027
 5391 9254 7371   13  170   20  470 1446 9180 7866   63 2933 2576 1864
 8749 6577  975  625 1418 3672  159   98 2591    0 3566  511 1017    0
 1674  106 4731 3147 7215   40 8018  857 8381 2166 4585 2989 6109 1212
  307    0 3999 9745 3501  253 4477 1606 4482   25 2303 2659    0 9937
   40 1378 1814 1018 2853 7211 1620 4273 8518  144  147 9489 5343 3362
 6948  994 4422 5089    0 2600 1998  222  979  829 1073 4077 4834 3732
 7622 8569]
[2023-03-18 23:45:58] - Mean Square Error of ground truth and golden standard: 68.97
[2023-03-18 23:45:58] - Mean Square Error of ground truth and mechanism: 3151.36
[2023-03-18 23:45:58] - Mean Square Error of golden standard and mechanism: 3755.37
[2023-03-18 23:45:58] - Measurement1: 0.06758345450715346
[2023-03-18 23:45:58] - Measurement2: 0.999076340875055
[2023-03-18 23:45:58] - ******** Testing Finished ********
