[2023-03-21 16:16:35] - Arguments: Namespace(beta=0.05, data_size=100, dataset_path='./data/adult.csv', delta=0.1, domain_path='./data/adult-domain.json', epsilon=1.0, iteration=1500, sparse_ratio=10)
[2023-03-21 16:16:35] - ******** Initialization ********
[2023-03-21 16:16:35] - Data sparsification complete
[2023-03-21 16:16:35] - Data information: {'age': 85, 'workclass': 9, 'fnlwgt': 100, 'education-num': 16, 'marital-status': 7, 'occupation': 15, 'relationship': 6, 'race': 5, 'sex': 2, 'capital-gain': 100, 'capital-loss': 100, 'hours-per-week': 99, 'native-country': 42, 'income>50K': 2}
[2023-03-21 16:16:35] - ******** Create Dynamic Tree ********
[2023-03-21 16:16:38] - The dynamic interval tree consists of nodes: [
-------- Node index: 1 --------
height: 0, sj: 2, right_ancestor_index: 2, left_ancestor_index: None, right_child: None, left_child: None, 
df size: 0, delete_df size: 0
df: Empty DataFrame
Columns: [age, workclass, fnlwgt, education-num, marital-status, occupation, relationship, race, sex, capital-gain, capital-loss, hours-per-week, native-country, income>50K]
Index: [], 
delete_df: Empty DataFrame
Columns: [age, workclass, fnlwgt, education-num, marital-status, occupation, relationship, race, sex, capital-gain, capital-loss, hours-per-week, native-country, income>50K]
Index: []-----------------------------------, 
-------- Node index: 2 --------
height: 1, sj: 4, right_ancestor_index: 4, left_ancestor_index: None, right_child: 3, left_child: 1, 
df size: 0, delete_df size: 0
df: Empty DataFrame
Columns: [age, workclass, fnlwgt, education-num, marital-status, occupation, relationship, race, sex, capital-gain, capital-loss, hours-per-week, native-country, income>50K]
Index: [], 
delete_df: Empty DataFrame
Columns: [age, workclass, fnlwgt, education-num, marital-status, occupation, relationship, race, sex, capital-gain, capital-loss, hours-per-week, native-country, income>50K]
Index: []-----------------------------------, 
-------- Node index: 3 --------
height: 0, sj: 16, right_ancestor_index: None, left_ancestor_index: 2, right_child: None, left_child: None, 
df size: 0, delete_df size: 0
df: Empty DataFrame
Columns: [age, workclass, fnlwgt, education-num, marital-status, occupation, relationship, race, sex, capital-gain, capital-loss, hours-per-week, native-country, income>50K]
Index: [], 
delete_df: Empty DataFrame
Columns: [age, workclass, fnlwgt, education-num, marital-status, occupation, relationship, race, sex, capital-gain, capital-loss, hours-per-week, native-country, income>50K]
Index: []-----------------------------------, 
-------- Node index: 4 --------
height: 2, sj: 134, right_ancestor_index: 8, left_ancestor_index: None, right_child: 6, left_child: 2, 
df size: 12, delete_df size: 0
df:    age workclass fnlwgt education-num marital-status occupation relationship race sex capital-gain capital-loss hours-per-week native-country income>50K
0   32         0      9             8              0         10            2    0   1            0            0             39              0          0
1   22         0     13             8              1          6            3    0   1            0            0             39              0          0
2   33         0     12             8              0          1            2    0   1            0            0             39              0          0
3   19         3      4             4              0          9            2    4   1            0            0             39              0          0
4   27         0     15             9              0          0            2    0   1            0            0             39              0          1
5   37         1      5            12              0          5            2    0   1            0            0             39              0          0
6    6         5     20             9              0          2            2    4   1            0            0             14              0          0
7   33         4     17             8              0         12            2    0   1            0            0             39              0          1
8   25         5      6            10              0          1            2    0   1            0            0             39              0          0
9   36         0     17            12              0          2            2    0   1            0            0             39             12          0
10   2         0     14             8              2          2            1    0   0            0            0             29             41          0
11  30         0     13             2              0          7            2    0   1            0            0             39             20          0, 
delete_df: Empty DataFrame
Columns: [age, workclass, fnlwgt, education-num, marital-status, occupation, relationship, race, sex, capital-gain, capital-loss, hours-per-week, native-country, income>50K]
Index: []-----------------------------------, 
-------- Node index: 5 --------
height: 0, sj: 306, right_ancestor_index: 6, left_ancestor_index: None, right_child: None, left_child: None, 
df size: 13, delete_df size: 6
df:    age workclass fnlwgt education-num marital-status occupation relationship race sex capital-gain capital-loss hours-per-week native-country income>50K
0   41         0     16            10              0          5            2    0   1            0            0             39              0          0
1   28         0      7            13              1          4            5    0   0            0            0             39              0          0
2   24         0      7            10              0          1            2    1   1            0            0             39             41          1
3    7         0     13             9              2          7            3    0   1            0            0             39              0          0
4   38         8     11             9              0         14            2    1   1            0            0             59             10          1
5   25         0      9             8              0          8            2    0   1            0            0             47              0          0
6   37         0     15             6              0          6            2    4   1            0            0             39              0          0
7   14         5      8            12              0          5            2    1   1            0            0             39              7          1
8    7         4     12            11              2         12            3    0   1            0            0             51              0          0
9   41         3     22            12              0          5            2    4   1            0            0             39              0          1
10  22         0      1             6              0          3            2    0   1            0            0             49              0          0
11   5         0     12             9              2          7            1    0   1            0            0             39              0          0
12  27         3     26            15              2          5            3    0   0            0            0             49              0          1, 
delete_df:   age workclass fnlwgt education-num marital-status occupation relationship race sex capital-gain capital-loss hours-per-week native-country income>50K
0  30         0     13             2              0          7            2    0   1            0            0             39             20          0
1  27         1     18            13              1          4            5    0   0            0            0             44              0          1
2   6         5     20             9              0          2            2    4   1            0            0             14              0          0
3  37         0      9             8              0          7            2    0   1            0            0             37              0          0
4  33         0     12             8              0          1            2    0   1            0            0             39              0          0
5  19         3      4             4              0          9            2    4   1            0            0             39              0          0-----------------------------------, 
-------- Node index: 6 --------
height: 1, sj: 519, right_ancestor_index: None, left_ancestor_index: 4, right_child: 7, left_child: 5, 
df size: 24, delete_df size: 11
df:    age workclass fnlwgt education-num marital-status occupation relationship race sex capital-gain capital-loss hours-per-week native-country income>50K
0   41         0     16            10              0          5            2    0   1            0            0             39              0          0
1   28         0      7            13              1          4            5    0   0            0            0             39              0          0
2   38         8     11             9              0         14            2    1   1            0            0             59             10          1
3   25         0      9             8              0          8            2    0   1            0            0             47              0          0
4   37         0     15             6              0          6            2    4   1            0            0             39              0          0
5   41         3     22            12              0          5            2    4   1            0            0             39              0          1
6    5         0     12             9              2          7            1    0   1            0            0             39              0          0
7    9         0     18             8              2          6            3    0   1            0            0             34              0          0
8   32         0     15             6              2          7            5    0   1            0            0             39              3          0
9   43         0     10             8              0          3            2    0   1            0            0             47              0          0
10   9         0      1             9              0          4            0    3   0            0            0             39              0          0
11  21         0     18             9              1          1            5    0   0            0            0             39              0          0
12  23         0     23             8              1          4            3    0   1            0            0             79              0          0
13  13         4      7             9              2          6            3    0   1            0            0             49              0          0
14  14         0     11             8              0          7            2    0   1            5            0             39              0          0
15   9         8     12             9              2         14            1    0   1            0            0             39              0          0
16  16         8     19             3              5         14            3    0   1            0            0             39             41          0
17   3         0     10             8              2          1            1    0   1            0            0             39              0          0
18  12         0     11             9              1          8            3    0   0            0            0             39              0          0
19  13         0     17            10              2          5            3    0   1            0            0             42              0          0
20  28         0     22             8              1          1            3    0   0           14            0             39              0          1
21  15         0     33             4              0          7            2    0   1            0            0             42              0          0
22  26         0      7            15              0          5            2    0   1            0            0             44              0          1
23  21         0     18            13              0          4            0    0   0            0            0             39              0          0, 
delete_df:    age workclass fnlwgt education-num marital-status occupation relationship race sex capital-gain capital-loss hours-per-week native-country income>50K
0   14         5      8            12              0          5            2    1   1            0            0             39              7          1
1   22         0      1             6              0          3            2    0   1            0            0             49              0          0
2   27         3     26            15              2          5            3    0   0            0            0             49              0          1
3   33         4     17             8              0         12            2    0   1            0            0             39              0          1
4    7         4     12            11              2         12            3    0   1            0            0             51              0          0
5    7         0      7            12              2          8            1    0   0            0            0             29              0          0
6   37         1      5            12              0          5            2    0   1            0            0             39              0          0
7    2         0     14             8              2          2            1    0   0            0            0             29             41          0
8   24         0      7            10              0          1            2    1   1            0            0             39             41          1
9    7         0     13             9              2          7            3    0   1            0            0             39              0          0
10  16         0     13            11              2          3            3    4   1            0            0             49              0          0-----------------------------------, 
-------- Node index: 7 --------
height: 0, sj: 772, right_ancestor_index: None, left_ancestor_index: 6, right_child: None, left_child: None, 
df size: 16, delete_df size: 17
df:    age workclass fnlwgt education-num marital-status occupation relationship race sex capital-gain capital-loss hours-per-week native-country income>50K
0   14         0      7             8              0          3            0    1   0            0           31             34             41          0
1   16         0     11             8              2          7            5    0   1            0            0             39              0          0
2   15         0      4             9              0          3            2    0   1            0            0             37             41          1
3   31         0      2            14              0          5            0    0   0            0           38             59             14          1
4    3         0     35             8              6          8            0    0   0            0            0             24              0          0
5   23         5      4            12              2          8            3    0   1            2            0             39              0          0
6   21         0     18             9              0          4            2    4   1            0            0             79              0          1
7   16         3     16             8              2          2            1    4   1            0            0             39              0          0
8   40         4     13            12              0          0            2    0   1            0            0             39              0          1
9    2         0     29             8              2          3            3    0   1            0            0             29              0          0
10  63         0      7             9              0          5            4    0   1            0            0             19              0          0
11  34         3     16            12              1          4            3    0   1            0            0             54              0          1
12  32         0     10            11              1          4            5    0   0            0            0             39              2          0
13  20         0      9             8              0          1            2    0   1            0            0             39              0          0
14  43         0      6             8              1          0            5    0   0            0            0             39              0          0
15  33         2     12             9              0          4            2    0   1            0            0             49              0          1, 
delete_df:    age workclass fnlwgt education-num marital-status occupation relationship race sex capital-gain capital-loss hours-per-week native-country income>50K
0    9         1     11             8              2          9            1    0   1            0            0             34              0          0
1   21         0     18            13              0          4            0    0   0            0            0             39              0          0
2    9         8     12             9              2         14            1    0   1            0            0             39              0          0
3   43         0     10             8              0          3            2    0   1            0            0             47              0          0
4   15         4      7             3              0          9            2    0   1            0            0             39              0          0
5    4         0     17             9              2          3            1    4   1            0            0             43              0          0
6   25         0      9             8              0          8            2    0   1            0            0             47              0          0
7   13         0     17            10              2          5            3    0   1            0            0             42              0          0
8   23         0     23             8              1          4            3    0   1            0            0             79              0          0
9   38         8     11             9              0         14            2    1   1            0            0             59             10          1
10  31         2      6             8              1          4            3    0   1            0            0             59              0          0
11  41         3     22            12              0          5            2    4   1            0            0             39              0          1
12  18         0     15             3              0         10            2    2   1            0            0             44             20          0
13  15         0     33             4              0          7            2    0   1            0            0             42              0          0
14  24         0      1            11              0          8            2    0   1            0            0             39              0          0
15  12         0     11             9              1          8            3    0   0            0            0             39              0          0
16  21         0     18             9              1          1            5    0   0            0            0             39              0          0-----------------------------------, 
-------- Node index: 8 --------
height: 3, sj: 1063, right_ancestor_index: 16, left_ancestor_index: None, right_child: 12, left_child: 4, 
df size: 10, delete_df size: 54
df:   age workclass fnlwgt education-num marital-status occupation relationship race sex capital-gain capital-loss hours-per-week native-country income>50K
0  32         0      9             8              0         10            2    0   1            0            0             39              0          0
1  22         0     13             8              1          6            3    0   1            0            0             39              0          0
2  14         0     11             8              0          7            2    0   1            5            0             39              0          0
3  24         0     12            15              0          5            2    0   1            0            0             59              0          1
4  32         1     17            11              0          5            2    0   1            0            0             39              0          0
5  51         8     13             5              0         14            2    0   1            0            0              1              0          0
6  37         0     10             8              0          8            0    0   0            0            0             39              0          1
7  18         4     14            12              0         12            2    0   1            0            0             39              0          1
8  33         0     10             4              5          2            3    4   0            0            0             15             18          0
9  12         0     22            12              0          5            0    4   0            0            0             39             12          0, 
delete_df:    age workclass fnlwgt education-num marital-status occupation relationship race sex capital-gain capital-loss hours-per-week native-country income>50K
0    8         0     10            12              0          0            2    0   1            0            0             49              0          0
1   16         8     19             3              5         14            3    0   1            0            0             39             41          0
2    5         0     12             9              2          7            1    0   1            0            0             39              0          0
3    9         0     18             8              2          6            3    0   1            0            0             34              0          0
4   14         0      7             8              0          3            0    1   0            0           31             34             41          0
5   40         4     13            12              0          0            2    0   1            0            0             39              0          1
6   15         0     20            12              3          3            1    4   0            0            0             39              0          0
7   13         4      7             9              2          6            3    0   1            0            0             49              0          0
8   21         0     18             9              0          4            2    4   1            0            0             79              0          1
9   15         0      4             9              0          3            2    0   1            0            0             37             41          1
10  11         0     13             8              2          2            1    0   1            0            0             39             20          0
11  28         0      7            13              1          4            5    0   0            0            0             39              0          0
12  27         0     15             9              0          0            2    0   1            0            0             39              0          1
13  14         0      2             4              2          3            3    0   1            0            0             39              0          0
14  37         0     15             6              0          6            2    4   1            0            0             39              0          0
15  25         5      6            10              0          1            2    0   1            0            0             39              0          0
16  14         0      3            12              0          3            2    0   1            2            0             39              0          0
17  31         0      2            14              0          5            0    0   0            0           38             59             14          1
18  43         0      6             8              1          0            5    0   0            0            0             39              0          0
19  33         2     12             9              0          4            2    0   1            0            0             49              0          1
20  20         0      9             8              0          1            2    0   1            0            0             39              0          0
21  36         1     13             8              0          4            2    0   1            0            0             44              0          1
22  28         0     22             8              1          1            3    0   0           14            0             39              0          1
23   9         0      1             9              0          4            0    3   0            0            0             39              0          0
24  41         0     16            10              0          5            2    0   1            0            0             39              0          0
25  27         0      7             6              0         10            2    0   1            0           40             39              0          0
26  16         0     11             8              2          7            5    0   1            0            0             39              0          0
27  63         0      7             9              0          5            4    0   1            0            0             19              0          0
28  16         3     16             8              2          2            1    4   1            0            0             39              0          0
29  34         3     16            12              1          4            3    0   1            0            0             54              0          1
30  23         5      4            12              2          8            3    0   1            2            0             39              0          0
31   3         0     35             8              6          8            0    0   0            0            0             24              0          0
32  13         1     10            12              0          3            2    0   1            0            0             69              0          1
33  33         0      5             8              3          8            5    0   0            0            0             39              0          0
34   3         0     10             8              2          1            1    0   1            0            0             39              0          0
35  32         1     12            15              0          5            2    0   1            0           38             59              0          1
36  13         0      6             9              1          0            3    0   1            0            0             57              0          0
37  32         0     10            11              1          4            5    0   0            0            0             39              2          0
38  19         0      3            10              0          2            2    0   1            0            0             39              3          0
39   2         0     29             8              2          3            3    0   1            0            0             29              0          0
40  30         0      2             8              0          2            0    0   0            0            0             39              0          0
41  38         0     19             8              3          2            5    4   0            0            0             19              0          0
42  32         0     15             6              2          7            5    0   1            0            0             39              3          0
43   2         0     20             6              2          2            1    0   0            0            0             21              0          0
44  21         0     12             9              0          3            2    0   1            0            0             47              0          1
45  17         0     12            13              0          5            2    0   1            0            0             49              0          0
46  37         0     22             8              1          3            1    0   0            0            0             34              0          0
47  12         0     13             9              1          7            5    4   0            0            0             24              0          0
48  15         0      2            13              2          5            3    0   0           14            0             49              0          1
49  26         0      7            15              0          5            2    0   1            0            0             44              0          1
50  34         1      4            12              0          4            2    0   1            0            0             12              0          0
51  29         0     25            12              1          4            1    0   1            0           28             39              0          0
52  36         0     17            12              0          2            2    0   1            0            0             39             12          0
53  14         3      3             9              0          8            1    0   1            0            0             39              0          0-----------------------------------, 
-------- Node index: 9 --------
height: 0, sj: 1099, right_ancestor_index: 10, left_ancestor_index: None, right_child: None, left_child: None, 
df size: 0, delete_df size: 12
df: Empty DataFrame
Columns: [age, workclass, fnlwgt, education-num, marital-status, occupation, relationship, race, sex, capital-gain, capital-loss, hours-per-week, native-country, income>50K]
Index: [], 
delete_df:    age workclass fnlwgt education-num marital-status occupation relationship race sex capital-gain capital-loss hours-per-week native-country income>50K
0   32         0      9             8              0         10            2    0   1            0            0             39              0          0
1   12         0     22            12              0          5            0    4   0            0            0             39             12          0
2   37         0     10             8              0          8            0    0   0            0            0             39              0          1
3   22         0     13             8              1          6            3    0   1            0            0             39              0          0
4   26         0     10            12              0          4            2    0   1            5            0             39              0          1
5   32         1     17            11              0          5            2    0   1            0            0             39              0          0
6   33         0     10             4              5          2            3    4   0            0            0             15             18          0
7    3         0      6             9              2          5            1    0   1            0            0             31              0          0
8   18         4     14            12              0         12            2    0   1            0            0             39              0          1
9   24         0     12            15              0          5            2    0   1            0            0             59              0          1
10  51         8     13             5              0         14            2    0   1            0            0              1              0          0
11  14         0     11             8              0          7            2    0   1            5            0             39              0          0-----------------------------------]
[2023-03-21 16:16:38] - Infinite Private Partitioning: s0: 0, j: 9, T: 1129969, beta: 4.306331747082794e-15, C: 333.96676525238234, epsilon: 1.0, 
 segment: [0, 2, 4, 16, 134, 306, 519, 772, 1063, 1099]
[2023-03-21 16:16:38] - ******** Testing Started ********
[2023-03-21 16:16:38] - At node with index 3, we implement queries on cliques dict_keys(['workclass']):
[2023-03-21 16:16:38] - Ground truth: gives answer: 
[0 0 0 0 0 0 0 0 0 0 0 0 0 0 0 0 0 0 0 0 0 0 0 0 0 0 0 0 0 0 0 0 0 0 0 0 0
 0 0 0 0 0 0 0 0 0 0 0 0 0 0 0 0 0 0 0 0 0 0 0 0 0 0 0 0 0 0 0 0 0 0 0 0 0
 0 0 0 0 0 0 0 0 0 0 0 0 0 0 0 0 0 0 0 0 0 0 0 0 0 0]
[2023-03-21 16:16:59] - Golden standard: data vector for original dataset is: 
[0. 0. 0. 0. 0. 0. 0. 0. 0. 0. 0. 0. 0. 0. 0. 0. 0. 0. 0. 0. 0. 0. 0. 0.
 0. 0. 0. 0. 0. 0. 0. 0. 0. 0. 0. 0. 0. 0. 0. 0. 0. 0. 0. 0. 0. 0. 0. 0.
 0. 0. 0. 0. 0. 0. 0. 0. 0. 0. 0. 0. 0. 0. 0. 0. 0. 0. 0. 0. 0. 0. 0. 0.
 0. 0. 0. 0. 0. 0. 0. 0. 0. 0. 0. 0. 0.]
[2023-03-21 16:16:59] - Golden standard: data vector for approximate dataset is: 
[0. 0. 0. 0. 0. 0. 0. 0. 0. 0. 0. 0. 0. 0. 0. 0. 0. 0. 0. 0. 0. 0. 0. 0.
 0. 0. 0. 0. 0. 0. 0. 0. 0. 0. 0. 0. 0. 0. 0. 0. 0. 0. 0. 0. 0. 0. 0. 0.
 0. 0. 0. 0. 0. 0. 0. 0. 0. 0. 0. 0. 0. 0. 0. 0. 0. 0. 0. 0. 0. 0. 0. 0.
 0. 0. 0. 0. 0. 0. 0. 0. 0. 0. 0. 0. 0.]
[2023-03-21 16:16:59] - epsilon 1.0
[2023-03-21 16:16:59] - Golden standard: gives answer: 
[0 0 0 0 0 0 0 0 0 0 0 0 0 0 0 0 0 0 0 0 0 0 0 0 0 0 0 0 0 0 0 0 0 0 0 0 0
 0 0 0 0 0 0 0 0 0 0 0 0 0 0 0 0 0 0 0 0 0 0 0 0 0 0 0 0 0 0 0 0 0 0 0 0 0
 0 0 0 0 0 0 0 0 0 0 0 0 0 0 0 0 0 0 0 0 0 0 0 0 0 0]
[2023-03-21 16:16:59] - -------- New Mechanism answer node query on node 2 starts --------
[2023-03-21 16:16:59] - Testing on index 2, mechanism passed index 2
[2023-03-21 16:16:59] - Mechanism: 
Empty DataFrame
Columns: [age, workclass, fnlwgt, education-num, marital-status, occupation, relationship, race, sex, capital-gain, capital-loss, hours-per-week, native-country, income>50K]
Index: []
[2023-03-21 16:16:59] - Testing on index 2, mechanism passed index 3
[2023-03-21 16:16:59] - Testing on index 2, mechanism passed index 3, the algorithm does not hit tilde_n_del > (tilde_n_v / 2 + 2 * alpha_BC_sj
[2023-03-21 16:16:59] - -------- New Mechanism answer node query on node 2 finished --------
[2023-03-21 16:16:59] - -------- New Mechanism answer node query on node 3 starts --------
[2023-03-21 16:16:59] - Testing on index 3, mechanism passed index 3
[2023-03-21 16:16:59] - Mechanism: 
Empty DataFrame
Columns: [age, workclass, fnlwgt, education-num, marital-status, occupation, relationship, race, sex, capital-gain, capital-loss, hours-per-week, native-country, income>50K]
Index: []
[2023-03-21 16:17:00] - -------- New Mechanism answer node query on node 3 finished --------
[2023-03-21 16:17:00] - Mechanism: gives answer 
[0 0 0 0 0 0 0 0 0 0 0 0 0 0 0 0 0 0 0 0 0 0 0 0 0 0 0 0 0 0 0 0 0 0 0 0 0
 0 0 0 0 0 0 0 0 0 0 0 0 0 0 0 0 0 0 0 0 0 0 0 0 0 0 0 0 0 0 0 0 0 0 0 0 0
 0 0 0 0 0 0 0 0 0 0 0 0 0 0 0 0 0 0 0 0 0 0 0 0 0 0]
[2023-03-21 16:17:00] - The testing is implemented at workclass
[2023-03-21 16:17:00] - Ground truth: gives answer: 
[0 0 0 0 0 0 0 0 0 0 0 0 0 0 0 0 0 0 0 0 0 0 0 0 0 0 0 0 0 0 0 0 0 0 0 0 0
 0 0 0 0 0 0 0 0 0 0 0 0 0 0 0 0 0 0 0 0 0 0 0 0 0 0 0 0 0 0 0 0 0 0 0 0 0
 0 0 0 0 0 0 0 0 0 0 0 0 0 0 0 0 0 0 0 0 0 0 0 0 0 0]
[2023-03-21 16:17:00] - Golden standard: gives answer: 
[0 0 0 0 0 0 0 0 0 0 0 0 0 0 0 0 0 0 0 0 0 0 0 0 0 0 0 0 0 0 0 0 0 0 0 0 0
 0 0 0 0 0 0 0 0 0 0 0 0 0 0 0 0 0 0 0 0 0 0 0 0 0 0 0 0 0 0 0 0 0 0 0 0 0
 0 0 0 0 0 0 0 0 0 0 0 0 0 0 0 0 0 0 0 0 0 0 0 0 0 0]
[2023-03-21 16:17:00] - Mechanism: gives answer: 
[0 0 0 0 0 0 0 0 0 0 0 0 0 0 0 0 0 0 0 0 0 0 0 0 0 0 0 0 0 0 0 0 0 0 0 0 0
 0 0 0 0 0 0 0 0 0 0 0 0 0 0 0 0 0 0 0 0 0 0 0 0 0 0 0 0 0 0 0 0 0 0 0 0 0
 0 0 0 0 0 0 0 0 0 0 0 0 0 0 0 0 0 0 0 0 0 0 0 0 0 0]
[2023-03-21 16:17:00] - Mean Square Error of ground truth and golden standard: 0.0
[2023-03-21 16:17:00] - Mean Square Error of ground truth and mechanism: 0.0
[2023-03-21 16:17:00] - Mean Square Error of golden standard and mechanism: 0.0
[2023-03-21 16:17:00] - Measurement1: ground_truth and golden_standard
0.0
[2023-03-21 16:17:00] - Measurement1: ground_truth and mechanism
0.0
[2023-03-21 16:17:00] - Measurement1: golden_standard and mechanism
0.0
[2023-03-21 16:17:00] - Measurement2: ground_truth and golden_standard
1.0
[2023-03-21 16:17:00] - Measurement2: ground_truth and mechanism
1.0
[2023-03-21 16:17:00] - Measurement2: golden_standard and mechanism
1.0
[2023-03-21 16:17:00] - Measurement3: ground_truth and golden_standard
0.0
[2023-03-21 16:17:00] - Measurement3: ground_truth and mechanism
0.0
[2023-03-21 16:17:00] - Measurement3: golden_standard and mechanism
0.0
[2023-03-21 16:17:00] - ******** Testing Finished ********
