[2023-03-27 19:06:40] - Arguments: Namespace(beta=0.05, data_size=100, dataset_path='./data/adult.csv', delta=0.1, domain_path='./data/adult-domain.json', epsilon=100.0, iteration=500, sparse_ratio=10)
[2023-03-27 19:06:40] - ******** Initialization ********
[2023-03-27 19:06:41] - Data sparsification complete
[2023-03-27 19:06:41] - Data information: {'age': 85, 'workclass': 9, 'fnlwgt': 100, 'education-num': 16, 'marital-status': 7, 'occupation': 15, 'relationship': 6, 'race': 5, 'sex': 2, 'capital-gain': 100, 'capital-loss': 100, 'hours-per-week': 99, 'native-country': 42, 'income>50K': 2}
[2023-03-27 19:06:41] - ******** Create Dynamic Tree ********
[2023-03-27 19:06:42] - The dynamic interval tree consists of nodes: [
-------- Node index: 1 --------
height: 0, sj: 2, 
right_ancestor_index: 2, left_ancestor_index: None, right_child: None, left_child: None, 
df size: 2, delete_df size: 0
-----------------------------------, 
-------- Node index: 2 --------
height: 1, sj: 4, 
right_ancestor_index: 4, left_ancestor_index: None, right_child: 3, left_child: 1, 
df size: 4, delete_df size: 0
-----------------------------------, 
-------- Node index: 3 --------
height: 0, sj: 6, 
right_ancestor_index: None, left_ancestor_index: 2, right_child: None, left_child: None, 
df size: 2, delete_df size: 0
-----------------------------------, 
-------- Node index: 4 --------
height: 2, sj: 9, 
right_ancestor_index: 8, left_ancestor_index: None, right_child: 6, left_child: 2, 
df size: 9, delete_df size: 0
-----------------------------------, 
-------- Node index: 5 --------
height: 0, sj: 12, 
right_ancestor_index: 6, left_ancestor_index: None, right_child: None, left_child: None, 
df size: 3, delete_df size: 0
-----------------------------------, 
-------- Node index: 6 --------
height: 1, sj: 15, 
right_ancestor_index: None, left_ancestor_index: 4, right_child: 7, left_child: 5, 
df size: 6, delete_df size: 0
-----------------------------------, 
-------- Node index: 7 --------
height: 0, sj: 19, 
right_ancestor_index: None, left_ancestor_index: 6, right_child: None, left_child: None, 
df size: 3, delete_df size: 1
-----------------------------------, 
-------- Node index: 8 --------
height: 3, sj: 23, 
right_ancestor_index: 16, left_ancestor_index: None, right_child: 12, left_child: 4, 
df size: 19, delete_df size: 1
-----------------------------------, 
-------- Node index: 9 --------
height: 0, sj: 27, 
right_ancestor_index: 10, left_ancestor_index: None, right_child: None, left_child: None, 
df size: 4, delete_df size: 0
-----------------------------------, 
-------- Node index: 10 --------
height: 1, sj: 32, 
right_ancestor_index: 12, left_ancestor_index: None, right_child: 11, left_child: 9, 
df size: 9, delete_df size: 0
-----------------------------------, 
-------- Node index: 11 --------
height: 0, sj: 37, 
right_ancestor_index: None, left_ancestor_index: 10, right_child: None, left_child: None, 
df size: 4, delete_df size: 1
-----------------------------------, 
-------- Node index: 12 --------
height: 2, sj: 42, 
right_ancestor_index: None, left_ancestor_index: 8, right_child: 14, left_child: 10, 
df size: 15, delete_df size: 2
-----------------------------------, 
-------- Node index: 13 --------
height: 0, sj: 48, 
right_ancestor_index: 14, left_ancestor_index: None, right_child: None, left_child: None, 
df size: 6, delete_df size: 0
-----------------------------------, 
-------- Node index: 14 --------
height: 1, sj: 54, 
right_ancestor_index: None, left_ancestor_index: 12, right_child: 15, left_child: 13, 
df size: 10, delete_df size: 2
-----------------------------------, 
-------- Node index: 15 --------
height: 0, sj: 61, 
right_ancestor_index: None, left_ancestor_index: 14, right_child: None, left_child: None, 
df size: 4, delete_df size: 3
-----------------------------------, 
-------- Node index: 16 --------
height: 4, sj: 68, 
right_ancestor_index: 32, left_ancestor_index: None, right_child: 24, left_child: 8, 
df size: 44, delete_df size: 2
-----------------------------------, 
-------- Node index: 17 --------
height: 0, sj: 76, 
right_ancestor_index: 18, left_ancestor_index: None, right_child: None, left_child: None, 
df size: 2, delete_df size: 6
-----------------------------------, 
-------- Node index: 18 --------
height: 1, sj: 84, 
right_ancestor_index: 20, left_ancestor_index: None, right_child: 19, left_child: 17, 
df size: 7, delete_df size: 3
-----------------------------------, 
-------- Node index: 19 --------
height: 0, sj: 93, 
right_ancestor_index: None, left_ancestor_index: 18, right_child: None, left_child: None, 
df size: 6, delete_df size: 3
-----------------------------------, 
-------- Node index: 20 --------
height: 2, sj: 102, 
right_ancestor_index: 24, left_ancestor_index: None, right_child: 22, left_child: 18, 
df size: 16, delete_df size: 3
-----------------------------------, 
-------- Node index: 21 --------
height: 0, sj: 111, 
right_ancestor_index: 22, left_ancestor_index: None, right_child: None, left_child: None, 
df size: 8, delete_df size: 1
-----------------------------------, 
-------- Node index: 22 --------
height: 1, sj: 121, 
right_ancestor_index: None, left_ancestor_index: 20, right_child: 23, left_child: 21, 
df size: 10, delete_df size: 7
-----------------------------------, 
-------- Node index: 23 --------
height: 0, sj: 131, 
right_ancestor_index: None, left_ancestor_index: 22, right_child: None, left_child: None, 
df size: 3, delete_df size: 7
-----------------------------------, 
-------- Node index: 24 --------
height: 3, sj: 142, 
right_ancestor_index: None, left_ancestor_index: 16, right_child: 28, left_child: 20, 
df size: 24, delete_df size: 6
-----------------------------------, 
-------- Node index: 25 --------
height: 0, sj: 153, 
right_ancestor_index: 26, left_ancestor_index: None, right_child: None, left_child: None, 
df size: 0, delete_df size: 10
-----------------------------------, 
-------- Node index: 26 --------
height: 1, sj: 165, 
right_ancestor_index: 28, left_ancestor_index: None, right_child: 27, left_child: 25, 
df size: 3, delete_df size: 8
-----------------------------------, 
-------- Node index: 27 --------
height: 0, sj: 178, 
right_ancestor_index: None, left_ancestor_index: 26, right_child: None, left_child: None, 
df size: 1, delete_df size: 12
-----------------------------------, 
-------- Node index: 28 --------
height: 2, sj: 191, 
right_ancestor_index: None, left_ancestor_index: 24, right_child: 30, left_child: 26, 
df size: 1, delete_df size: 13
-----------------------------------, 
-------- Node index: 29 --------
height: 0, sj: 199, 
right_ancestor_index: 30, left_ancestor_index: None, right_child: None, left_child: None, 
df size: 0, delete_df size: 9
-----------------------------------]
[2023-03-27 19:06:42] - Infinite Private Partitioning: s0: 0, j: 29, T: 36481, beta: 3.4481488783380186e-70, C: 11.979856911133638, epsilon: 100.0, 
 segment: [0, 2, 4, 6, 9, 12, 15, 19, 23, 27, 32, 37, 42, 48, 54, 61, 68, 76, 84, 93, 102, 111, 121, 131, 142, 153, 165, 178, 191, 199]
[2023-03-27 19:06:42] - ******** Testing Started ********
[2023-03-27 19:06:42] - At node with index 4, we implement queries on cliques dict_keys(['workclass']):
[2023-03-27 19:06:48] - -------- New Mechanism: Testing on 4, node 4 is accessed --------
[2023-03-27 19:06:48] - New Mechanism: Testing on 4, querying node 4, node 4 is passed

[2023-03-27 19:06:48] - New Mechanism: epsilon during the algorithm 2.130885
[2023-03-27 19:06:55] - -------- New Mechanism answer node query on node 4 finished --------
[2023-03-27 19:06:55] - The testing is implemented at workclass
[2023-03-27 19:06:55] - Range size 1, answer [7 0 0 1 1 0 0 0 0]:
[2023-03-27 19:06:55] - Range size 2, answer [7 2 0 0]:
[2023-03-27 19:06:55] - Range size 3, answer [7]:
[2023-03-27 19:06:55] - Range size 4, answer [0]:
[2023-03-27 19:06:55] - Range size 5, answer [9]:
[2023-03-27 19:06:55] - Range size 9, answer [9]:
[2023-03-27 19:06:55] - Ground truth: gives answer: 
-1
[2023-03-27 19:06:55] - Range size 1, answer [10  0  0  0  0  0  0  0  0]:
[2023-03-27 19:06:55] - Range size 2, answer [10  0  0  0]:
[2023-03-27 19:06:55] - Range size 3, answer [10]:
[2023-03-27 19:06:55] - Range size 4, answer [0]:
[2023-03-27 19:06:55] - Range size 5, answer [10]:
[2023-03-27 19:06:55] - Range size 9, answer [10]:
[2023-03-27 19:06:55] - Golden standard: gives answer: 
-1
[2023-03-27 19:06:55] - Range size 1, answer [6 0 0 0 2 1 0 1 0]:
[2023-03-27 19:06:55] - Range size 2, answer [6 2 1 1]:
[2023-03-27 19:06:55] - Range size 3, answer [6]:
[2023-03-27 19:06:55] - Range size 4, answer [2]:
[2023-03-27 19:06:55] - Range size 5, answer [8]:
[2023-03-27 19:06:55] - Range size 9, answer [10]:
[2023-03-27 19:06:55] - Mechanism: gives answer: 
-1
[2023-03-27 19:06:55] - Mean Square Error of ground truth and golden standard: 2.0588235294117645
[2023-03-27 19:06:55] - Mean Square Error of ground truth and mechanism: 0.8823529411764706
[2023-03-27 19:06:55] - Mean Square Error of golden standard and mechanism: 4.0
[2023-03-27 19:06:55] - Measurement1: ground_truth and golden_standard
0.25
[2023-03-27 19:06:55] - Measurement1: ground_truth and mechanism
0.21666666666666667
[2023-03-27 19:06:55] - Measurement1: golden_standard and mechanism
0.3582089552238806
[2023-03-27 19:06:55] - ******** Testing Finished ********
