[2023-03-18 23:41:35] - Arguments: Namespace(beta=0.05, data_size=100, dataset_path='./data/adult.csv', delta=0.1, domain_path='./data/adult-domain.json', epsilon=100.0, iteration=500, sparse_ratio=10)
[2023-03-18 23:41:35] - ******** Initialization ********
[2023-03-18 23:41:36] - Data sparsification complete
[2023-03-18 23:41:36] - Data information: {'age': 85, 'workclass': 9, 'fnlwgt': 100, 'education-num': 16, 'marital-status': 7, 'occupation': 15, 'relationship': 6, 'race': 5, 'sex': 2, 'capital-gain': 100, 'capital-loss': 100, 'hours-per-week': 99, 'native-country': 42, 'income>50K': 2}
[2023-03-18 23:41:36] - ******** Create Dynamic Tree ********
[2023-03-18 23:41:38] - The dynamic interval tree consists of nodes: [
Node index: 1, height: 0, right_ancestor_index: 2, left_ancestor_index: None, right_child: None, left_child: None, 
 df: Empty DataFrame
Columns: [age, workclass, fnlwgt, education-num, marital-status, occupation, relationship, race, sex, capital-gain, capital-loss, hours-per-week, native-country, income>50K]
Index: []
, 
Node index: 2, height: 1, right_ancestor_index: 4, left_ancestor_index: None, right_child: 3, left_child: 1, 
 df: Empty DataFrame
Columns: [age, workclass, fnlwgt, education-num, marital-status, occupation, relationship, race, sex, capital-gain, capital-loss, hours-per-week, native-country, income>50K]
Index: []
, 
Node index: 3, height: 0, right_ancestor_index: None, left_ancestor_index: 2, right_child: None, left_child: None, 
 df:   age workclass fnlwgt education-num marital-status occupation relationship race sex capital-gain capital-loss hours-per-week native-country income>50K
0  36         1     13             8              0          4            2    0   1            0            0             44              0          1
, 
Node index: 4, height: 2, right_ancestor_index: 8, left_ancestor_index: None, right_child: 6, left_child: 2, 
 df:    age workclass fnlwgt education-num marital-status occupation relationship race sex capital-gain capital-loss hours-per-week native-country income>50K
0   36         1     13             8              0          4            2    0   1            0            0             44              0          1
1    2         0     29             8              2          3            3    0   1            0            0             29              0          0
2   24         0      7            10              0          1            2    1   1            0            0             39             41          1
3   13         4      7             9              2          6            3    0   1            0            0             49              0          0
4   24         0     12            15              0          5            2    0   1            0            0             59              0          1
5   33         0      5             8              3          8            5    0   0            0            0             39              0          0
6   41         0     16            10              0          5            2    0   1            0            0             39              0          0
7   33         4     17             8              0         12            2    0   1            0            0             39              0          1
8    7         0     13             9              2          7            3    0   1            0            0             39              0          0
9   11         0     13             8              2          2            1    0   1            0            0             39             20          0
10   9         0     18             8              2          6            3    0   1            0            0             34              0          0
11   9         1     11             8              2          9            1    0   1            0            0             34              0          0
12  14         0     11             8              0          7            2    0   1            5            0             39              0          0
13  36         0     17            12              0          2            2    0   1            0            0             39             12          0
14  31         0      2            14              0          5            0    0   0            0           38             59             14          1
15  17         0     12            13              0          5            2    0   1            0            0             49              0          0
16  26         0     10            12              0          4            2    0   1            5            0             39              0          1
17  34         1      4            12              0          4            2    0   1            0            0             12              0          0
18  15         0     33             4              0          7            2    0   1            0            0             42              0          0
19   9         8     12             9              2         14            1    0   1            0            0             39              0          0
, 
Node index: 5, height: 0, right_ancestor_index: 6, left_ancestor_index: None, right_child: None, left_child: None, 
 df: Empty DataFrame
Columns: [age, workclass, fnlwgt, education-num, marital-status, occupation, relationship, race, sex, capital-gain, capital-loss, hours-per-week, native-country, income>50K]
Index: []
]
[2023-03-18 23:41:38] - Infinite Private Partitioning: s0: 0, j: 5, T: 65536, beta: 2.883135391252616e-07, C: 1878.9903538693616, epsilon: 0.1, 
 segment: [0, 2, 4, 16, 256, 1199]
[2023-03-18 23:41:38] - ******** Testing Started ********
[2023-03-18 23:41:38] - At node with index 4, we implement queries on cliques dict_keys(['age']):
[2023-03-18 23:41:38] - Ground truth: gives answer: 
[ 4  7  1  6  0  1 18 19  6 12  4  0 10 10  5  0 10 14  6  0  3  0  4  0
 10  9  0 18  3 14  1 11  5  1  0  0  8  7 18 18  4 12  0  7  4  7  0 12
  0 14  0  0  0  8  1  7 20  3 19  0  1  1 11  0  0  0  0  3 10  7  0 14
  0  0  0 15  0 10  8 11  0  7 20 10 10  0 15  0  1 11  7  0 13 20  0  0
 12  0  7 10]
[2023-03-18 23:41:44] - Golden standard: data vector for original dataset is: 
[0. 0. 1. 0. 0. 0. 0. 1. 0. 3. 0. 1. 0. 1. 1. 1. 0. 1. 0. 0. 0. 0. 0. 0.
 2. 0. 1. 0. 0. 0. 0. 1. 0. 2. 1. 0. 2. 0. 0. 0. 0. 1. 0. 0. 0. 0. 0. 0.
 0. 0. 0. 0. 0. 0. 0. 0. 0. 0. 0. 0. 0. 0. 0. 0. 0. 0. 0. 0. 0. 0. 0. 0.
 0. 0. 0. 0. 0. 0. 0. 0. 0. 0. 0. 0. 0.]
[2023-03-18 23:41:44] - Golden standard: data vector for approximate dataset is: 
[0. 0. 1. 0. 0. 0. 0. 1. 0. 3. 0. 1. 0. 1. 1. 1. 0. 1. 0. 0. 0. 0. 0. 0.
 2. 0. 1. 0. 0. 0. 0. 1. 0. 2. 1. 0. 2. 0. 0. 0. 0. 1. 0. 0. 0. 0. 0. 0.
 0. 0. 0. 0. 0. 0. 0. 0. 0. 0. 0. 0. 0. 0. 0. 0. 0. 0. 0. 0. 0. 0. 0. 0.
 0. 0. 0. 0. 0. 0. 0. 0. 0. 0. 0. 0. 0.]
[2023-03-18 23:41:44] - epsilon 100.0
[2023-03-18 23:41:44] - Golden standard: gives answer: 
[ 4  7  2  6  1  2 19 20  7 12  4  0 11 11  5  0 10 14  7  0  3  0  5  0
 11  9  0 18  3 15  1 11  5  2  0  1  8  8 18 19  4 12  0  7  4  7  0 13
  0 15  0  1  0  8  1  8 20  3 20  1  2  2 12  0  1  0  1  3 10  8  1 15
  1  0  0 16  0 11  8 11  0  7 20 10 10  0 16  1  1 11  7  0 13 21  1  0
 13  1  8 11]
[2023-03-18 23:41:44] - Mechanism: 
   age workclass fnlwgt education-num marital-status occupation relationship race sex capital-gain capital-loss hours-per-week native-country income>50K
0   36         1     13             8              0          4            2    0   1            0            0             44              0          1
1    2         0     29             8              2          3            3    0   1            0            0             29              0          0
2   24         0      7            10              0          1            2    1   1            0            0             39             41          1
3   13         4      7             9              2          6            3    0   1            0            0             49              0          0
4   24         0     12            15              0          5            2    0   1            0            0             59              0          1
5   33         0      5             8              3          8            5    0   0            0            0             39              0          0
6   41         0     16            10              0          5            2    0   1            0            0             39              0          0
7   33         4     17             8              0         12            2    0   1            0            0             39              0          1
8    7         0     13             9              2          7            3    0   1            0            0             39              0          0
9   11         0     13             8              2          2            1    0   1            0            0             39             20          0
10   9         0     18             8              2          6            3    0   1            0            0             34              0          0
11   9         1     11             8              2          9            1    0   1            0            0             34              0          0
12  14         0     11             8              0          7            2    0   1            5            0             39              0          0
13  36         0     17            12              0          2            2    0   1            0            0             39             12          0
14  31         0      2            14              0          5            0    0   0            0           38             59             14          1
15  17         0     12            13              0          5            2    0   1            0            0             49              0          0
16  26         0     10            12              0          4            2    0   1            5            0             39              0          1
17  34         1      4            12              0          4            2    0   1            0            0             12              0          0
18  15         0     33             4              0          7            2    0   1            0            0             42              0          0
19   9         8     12             9              2         14            1    0   1            0            0             39              0          0
[2023-03-18 23:41:44] - Mechanism: epsilon during the algorithm 15
[2023-03-18 23:41:50] - Mechanism: gives answer 
[ 6  6  4  6  2  4 20 20  7 11  5  0 11 11  4  1  9 13  7  0  3  0  7  1
 11  7  0 18  4 16  1 11  4  4  0  1  9  9 17 20  5 13  0  7  5  8  0 13
  0 16  2  1  0  7  3  9 19  3 19  2  4  4 13  2  3  1  2  2  9  8  2 16
  3  1  2 17  1 12  9 10  0  6 18  9  9  0 17  1  1 11  7  0 14 21  1  0
 13  3  9 11]
[2023-03-18 23:41:50] - The testing is implemented at age
[2023-03-18 23:41:50] - Ground truth: gives answer: 
[ 4  7  1  6  0  1 18 19  6 12  4  0 10 10  5  0 10 14  6  0  3  0  4  0
 10  9  0 18  3 14  1 11  5  1  0  0  8  7 18 18  4 12  0  7  4  7  0 12
  0 14  0  0  0  8  1  7 20  3 19  0  1  1 11  0  0  0  0  3 10  7  0 14
  0  0  0 15  0 10  8 11  0  7 20 10 10  0 15  0  1 11  7  0 13 20  0  0
 12  0  7 10]
[2023-03-18 23:41:50] - Golden standard: gives answer: 
[ 4  7  2  6  1  2 19 20  7 12  4  0 11 11  5  0 10 14  7  0  3  0  5  0
 11  9  0 18  3 15  1 11  5  2  0  1  8  8 18 19  4 12  0  7  4  7  0 13
  0 15  0  1  0  8  1  8 20  3 20  1  2  2 12  0  1  0  1  3 10  8  1 15
  1  0  0 16  0 11  8 11  0  7 20 10 10  0 16  1  1 11  7  0 13 21  1  0
 13  1  8 11]
[2023-03-18 23:41:50] - Mechanism: gives answer: 
[ 6  6  4  6  2  4 20 20  7 11  5  0 11 11  4  1  9 13  7  0  3  0  7  1
 11  7  0 18  4 16  1 11  4  4  0  1  9  9 17 20  5 13  0  7  5  8  0 13
  0 16  2  1  0  7  3  9 19  3 19  2  4  4 13  2  3  1  2  2  9  8  2 16
  3  1  2 17  1 12  9 10  0  6 18  9  9  0 17  1  1 11  7  0 14 21  1  0
 13  3  9 11]
[2023-03-18 23:41:50] - Mean Square Error of ground truth and golden standard: 0.41
[2023-03-18 23:41:50] - Mean Square Error of ground truth and mechanism: 2.17
[2023-03-18 23:41:50] - Mean Square Error of golden standard and mechanism: 1.1
[2023-03-18 23:41:50] - Measurement1: 0.09210064363740834
[2023-03-18 23:41:50] - Measurement2: 0.9457671957671958
[2023-03-18 23:41:50] - ******** Testing Finished ********
