[2023-03-18 23:20:58] - Arguments: Namespace(beta=0.05, data_size=100, dataset_path='./data/adult.csv', delta=0.1, domain_path='./data/adult-domain.json', epsilon=100.0, iteration=500, sparse_ratio=10)
[2023-03-18 23:20:58] - ******** Initialization ********
[2023-03-18 23:20:58] - Data sparsification complete
[2023-03-18 23:20:58] - Data information: {'age': 85, 'workclass': 9, 'fnlwgt': 100, 'education-num': 16, 'marital-status': 7, 'occupation': 15, 'relationship': 6, 'race': 5, 'sex': 2, 'capital-gain': 100, 'capital-loss': 100, 'hours-per-week': 99, 'native-country': 42, 'income>50K': 2}
[2023-03-18 23:20:58] - ******** Create Dynamic Tree ********
[2023-03-18 23:21:00] - The dynamic interval tree consists of nodes: [
Node index: 1, height: 0, right_ancestor_index: 2, left_ancestor_index: None, right_child: None, left_child: None, 
 df: Empty DataFrame
Columns: [age, workclass, fnlwgt, education-num, marital-status, occupation, relationship, race, sex, capital-gain, capital-loss, hours-per-week, native-country, income>50K]
Index: []
, 
Node index: 2, height: 1, right_ancestor_index: 4, left_ancestor_index: None, right_child: 3, left_child: 1, 
 df: Empty DataFrame
Columns: [age, workclass, fnlwgt, education-num, marital-status, occupation, relationship, race, sex, capital-gain, capital-loss, hours-per-week, native-country, income>50K]
Index: []
, 
Node index: 3, height: 0, right_ancestor_index: None, left_ancestor_index: 2, right_child: None, left_child: None, 
 df:   age workclass fnlwgt education-num marital-status occupation relationship race sex capital-gain capital-loss hours-per-week native-country income>50K
0  37         0     10             8              0          8            0    0   0            0            0             39              0          1
, 
Node index: 4, height: 2, right_ancestor_index: 8, left_ancestor_index: None, right_child: 6, left_child: 2, 
 df:   age workclass fnlwgt education-num marital-status occupation relationship race sex capital-gain capital-loss hours-per-week native-country income>50K
0  37         0     10             8              0          8            0    0   0            0            0             39              0          1
1  19         3      4             4              0          9            2    4   1            0            0             39              0          0
2  14         3      3             9              0          8            1    0   1            0            0             39              0          0
3   2         0     14             8              2          2            1    0   0            0            0             29             41          0
4  51         8     13             5              0         14            2    0   1            0            0              1              0          0
5  28         0      7            13              1          4            5    0   0            0            0             39              0          0
6   7         0      7            12              2          8            1    0   0            0            0             29              0          0
7  26         0     10            12              0          4            2    0   1            5            0             39              0          1
8  33         0     10             4              5          2            3    4   0            0            0             15             18          0
, 
Node index: 5, height: 0, right_ancestor_index: 6, left_ancestor_index: None, right_child: None, left_child: None, 
 df:    age workclass fnlwgt education-num marital-status occupation relationship race sex capital-gain capital-loss hours-per-week native-country income>50K
0   34         3     16            12              1          4            3    0   1            0            0             54              0          1
1   15         4      7             3              0          9            2    0   1            0            0             39              0          0
2   33         2     12             9              0          4            2    0   1            0            0             49              0          1
3   13         1     10            12              0          3            2    0   1            0            0             69              0          1
4   36         0     17            12              0          2            2    0   1            0            0             39             12          0
5   21         0     18             9              0          4            2    4   1            0            0             79              0          1
6   27         3     26            15              2          5            3    0   0            0            0             49              0          1
7   16         3     16             8              2          2            1    4   1            0            0             39              0          0
8   19         0      3            10              0          2            2    0   1            0            0             39              3          0
9   13         4      7             9              2          6            3    0   1            0            0             49              0          0
10  31         0      2            14              0          5            0    0   0            0           38             59             14          1
11  41         0     16            10              0          5            2    0   1            0            0             39              0          0
12   9         8     12             9              2         14            1    0   1            0            0             39              0          0
, 
Node index: 6, height: 1, right_ancestor_index: None, left_ancestor_index: 4, right_child: 7, left_child: 5, 
 df:    age workclass fnlwgt education-num marital-status occupation relationship race sex capital-gain capital-loss hours-per-week native-country income>50K
0   34         3     16            12              1          4            3    0   1            0            0             54              0          1
1   33         2     12             9              0          4            2    0   1            0            0             49              0          1
2   13         1     10            12              0          3            2    0   1            0            0             69              0          1
3   36         0     17            12              0          2            2    0   1            0            0             39             12          0
4   21         0     18             9              0          4            2    4   1            0            0             79              0          1
5   27         3     26            15              2          5            3    0   0            0            0             49              0          1
6   16         3     16             8              2          2            1    4   1            0            0             39              0          0
7   19         0      3            10              0          2            2    0   1            0            0             39              3          0
8   31         0      2            14              0          5            0    0   0            0           38             59             14          1
9   41         0     16            10              0          5            2    0   1            0            0             39              0          0
10   9         8     12             9              2         14            1    0   1            0            0             39              0          0
11  40         4     13            12              0          0            2    0   1            0            0             39              0          1
12  22         0     13             8              1          6            3    0   1            0            0             39              0          0
13   3         0     35             8              6          8            0    0   0            0            0             24              0          0
14  14         0      7             8              0          3            0    1   0            0           31             34             41          0
15  63         0      7             9              0          5            4    0   1            0            0             19              0          0
16  27         1     18            13              1          4            5    0   0            0            0             44              0          1
17  37         0     22             8              1          3            1    0   0            0            0             34              0          0
18  26         0      7            15              0          5            2    0   1            0            0             44              0          1
19  24         0      1            11              0          8            2    0   1            0            0             39              0          0
20  41         3     22            12              0          5            2    4   1            0            0             39              0          1
21   6         5     20             9              0          2            2    4   1            0            0             14              0          0
, 
Node index: 7, height: 0, right_ancestor_index: None, left_ancestor_index: 6, right_child: None, left_child: None, 
 df:    age workclass fnlwgt education-num marital-status occupation relationship race sex capital-gain capital-loss hours-per-week native-country income>50K
0    3         0     10             8              2          1            1    0   1            0            0             39              0          0
1   14         0      2             4              2          3            3    0   1            0            0             39              0          0
2    7         4     12            11              2         12            3    0   1            0            0             51              0          0
3    9         1     11             8              2          9            1    0   1            0            0             34              0          0
4   12         0     22            12              0          5            0    4   0            0            0             39             12          0
5   34         1      4            12              0          4            2    0   1            0            0             12              0          0
6    8         0     10            12              0          0            2    0   1            0            0             49              0          0
7   32         1     17            11              0          5            2    0   1            0            0             39              0          0
8    3         0      6             9              2          5            1    0   1            0            0             31              0          0
9   30         0     13             2              0          7            2    0   1            0            0             39             20          0
10  13         0      6             9              1          0            3    0   1            0            0             57              0          0
11  25         0      9             8              0          8            2    0   1            0            0             47              0          0
12  17         0     12            13              0          5            2    0   1            0            0             49              0          0
13  14         0     11             8              0          7            2    0   1            5            0             39              0          0
14  36         1     13             8              0          4            2    0   1            0            0             44              0          1
15  32         0     10            11              1          4            5    0   0            0            0             39              2          0
16  11         0     13             8              2          2            1    0   1            0            0             39             20          0
17  14         0      3            12              0          3            2    0   1            2            0             39              0          0
18  16         8     19             3              5         14            3    0   1            0            0             39             41          0
19  21         0     18             9              1          1            5    0   0            0            0             39              0          0
20  33         0      5             8              3          8            5    0   0            0            0             39              0          0
21  33         4     17             8              0         12            2    0   1            0            0             39              0          1
22  21         0     12             9              0          3            2    0   1            0            0             47              0          1
23  31         2      6             8              1          4            3    0   1            0            0             59              0          0
24  23         5      4            12              2          8            3    0   1            2            0             39              0          0
, 
Node index: 8, height: 3, right_ancestor_index: 16, left_ancestor_index: None, right_child: 12, left_child: 4, 
 df:    age workclass fnlwgt education-num marital-status occupation relationship race sex capital-gain capital-loss hours-per-week native-country income>50K
0   16         3     16             8              2          2            1    4   1            0            0             39              0          0
1   19         0      3            10              0          2            2    0   1            0            0             39              3          0
2   14         0      7             8              0          3            0    1   0            0           31             34             41          0
3   63         0      7             9              0          5            4    0   1            0            0             19              0          0
4   27         1     18            13              1          4            5    0   0            0            0             44              0          1
5    7         4     12            11              2         12            3    0   1            0            0             51              0          0
6   12         0     22            12              0          5            0    4   0            0            0             39             12          0
7   34         1      4            12              0          4            2    0   1            0            0             12              0          0
8    3         0      6             9              2          5            1    0   1            0            0             31              0          0
9   25         0      9             8              0          8            2    0   1            0            0             47              0          0
10  14         0      3            12              0          3            2    0   1            2            0             39              0          0
11  16         8     19             3              5         14            3    0   1            0            0             39             41          0
12  21         0     18             9              1          1            5    0   0            0            0             39              0          0
13  33         0      5             8              3          8            5    0   0            0            0             39              0          0
14  31         2      6             8              1          4            3    0   1            0            0             59              0          0
15  43         0     10             8              0          3            2    0   1            0            0             47              0          0
16  24         0      7            10              0          1            2    1   1            0            0             39             41          1
17  25         5      6            10              0          1            2    0   1            0            0             39              0          0
18   4         0     17             9              2          3            1    4   1            0            0             43              0          0
19   7         0     13             9              2          7            3    0   1            0            0             39              0          0
20  15         0      2            13              2          5            3    0   0           14            0             49              0          1
21  18         4     14            12              0         12            2    0   1            0            0             39              0          1
22  14         5      8            12              0          5            2    1   1            0            0             39              7          1
23  21         0     18            13              0          4            0    0   0            0            0             39              0          0
24  32         1     12            15              0          5            2    0   1            0           38             59              0          1
25  30         0      2             8              0          2            0    0   0            0            0             39              0          0
26   9         0      1             9              0          4            0    3   0            0            0             39              0          0
, 
Node index: 9, height: 0, right_ancestor_index: 10, left_ancestor_index: None, right_child: None, left_child: None, 
 df: Empty DataFrame
Columns: [age, workclass, fnlwgt, education-num, marital-status, occupation, relationship, race, sex, capital-gain, capital-loss, hours-per-week, native-country, income>50K]
Index: []
]
[2023-03-18 23:21:00] - Infinite Private Partitioning: s0: 0, j: 9, T: 1132096, beta: 4.306331747082794e-15, C: 333.97992933421733, epsilon: 1, 
 segment: [0, 2, 4, 16, 138, 310, 518, 775, 1064, 1199]
[2023-03-18 23:21:00] - ******** Testing Started ********
[2023-03-18 23:21:00] - At node with index 4, we implement queries on cliques dict_keys(['age']):
[2023-03-18 23:21:00] - Ground truth: gives answer: 
[0 3 3 2 0 5 7 5 9 3 1 0 4 1 3 0 2 1 1 0 6 0 8 4 4 1 5 3 0 1 0 7 4 0 3 2 2
 2 1 6 3 0 4 1 0 6 8 6 0 1 6 3 1 3 5 0 3 6 3 0 7 3 6 3 2 2 2 1 6 5 2 0 5 0
 5 1 1 1 0 5 1 8 4 0 4 1 1 3 0 1 7 7 2 1 2 3 6 1 6 1]
[2023-03-18 23:21:06] - Golden standard: data vector for original dataset is: 
[0. 0. 1. 0. 0. 0. 0. 1. 0. 0. 0. 0. 0. 0. 1. 0. 0. 0. 0. 1. 0. 0. 0. 0.
 0. 0. 1. 0. 1. 0. 0. 0. 0. 1. 0. 0. 0. 1. 0. 0. 0. 0. 0. 0. 0. 0. 0. 0.
 0. 0. 0. 1. 0. 0. 0. 0. 0. 0. 0. 0. 0. 0. 0. 0. 0. 0. 0. 0. 0. 0. 0. 0.
 0. 0. 0. 0. 0. 0. 0. 0. 0. 0. 0. 0. 0.]
[2023-03-18 23:21:06] - Golden standard: data vector for approximate dataset is: 
[0. 0. 0. 0. 0. 0. 0. 0. 0. 0. 0. 0. 0. 0. 0. 0. 0. 0. 2. 0. 0. 0. 0. 0.
 0. 0. 0. 0. 0. 0. 0. 0. 0. 0. 0. 0. 0. 0. 0. 0. 0. 2. 1. 1. 0. 0. 0. 0.
 0. 0. 0. 1. 0. 0. 0. 0. 0. 0. 0. 0. 0. 0. 0. 0. 0. 0. 0. 0. 0. 0. 0. 0.
 0. 0. 0. 0. 0. 2. 0. 0. 0. 0. 0. 0. 0.]
[2023-03-18 23:21:06] - epsilon 1
[2023-03-18 23:21:06] - Golden standard: gives answer: 
[ 0  5  4  0  2  7  9  5  8  5  5  2  0  1  5  2  5  3  1  2  5  0  8  2
  3  1  5  3  0  3  2 10  4  0  5  0  0  4  0  7  0  0  5  3  0  2  8  7
  4  1  9  5  0  0  5  0  7  7  3  4  3  5  7  0  5  4  0  0  7  3  3  4
  5  0  5  2  5  1  0  5  1  8  4  0  5  0  1  3  0  1  7  7  4  5  3  7
  6  4  2  1]
[2023-03-18 23:21:12] - Mechanism: gives answer 
[ 0  0  0 10  0  0  0  0 10  0  0  0  0  0  0  0  0  0  0  0  0  0 10  0
  0  0  0 10  0  0  0  0  0  0  0  0  0  0  0  0  0  0  0  0  0  0 10  0
  0  0  0  0  0  0  0  0  0  0 10  0 10  0  0  0  0  0  0  0  0 10 10  0
  0  0  0  0  0  0  0  0  0 10  0  0  0 10 10 10  0  0  0 10  0  0 10  0
  0  0  0  0]
[2023-03-18 23:21:12] - The testing is implemented at age
[2023-03-18 23:21:12] - Ground truth: gives answer: 
[0 3 3 2 0 5 7 5 9 3 1 0 4 1 3 0 2 1 1 0 6 0 8 4 4 1 5 3 0 1 0 7 4 0 3 2 2
 2 1 6 3 0 4 1 0 6 8 6 0 1 6 3 1 3 5 0 3 6 3 0 7 3 6 3 2 2 2 1 6 5 2 0 5 0
 5 1 1 1 0 5 1 8 4 0 4 1 1 3 0 1 7 7 2 1 2 3 6 1 6 1]
[2023-03-18 23:21:12] - Golden standard: gives answer: 
[ 0  5  4  0  2  7  9  5  8  5  5  2  0  1  5  2  5  3  1  2  5  0  8  2
  3  1  5  3  0  3  2 10  4  0  5  0  0  4  0  7  0  0  5  3  0  2  8  7
  4  1  9  5  0  0  5  0  7  7  3  4  3  5  7  0  5  4  0  0  7  3  3  4
  5  0  5  2  5  1  0  5  1  8  4  0  5  0  1  3  0  1  7  7  4  5  3  7
  6  4  2  1]
[2023-03-18 23:21:12] - Mechanism: gives answer: 
[ 0  0  0 10  0  0  0  0 10  0  0  0  0  0  0  0  0  0  0  0  0  0 10  0
  0  0  0 10  0  0  0  0  0  0  0  0  0  0  0  0  0  0  0  0  0  0 10  0
  0  0  0  0  0  0  0  0  0  0 10  0 10  0  0  0  0  0  0  0  0 10 10  0
  0  0  0  0  0  0  0  0  0 10  0  0  0 10 10 10  0  0  0 10  0  0 10  0
  0  0  0  0]
[2023-03-18 23:21:12] - Mean Square Error of ground truth and golden standard: 3.82
[2023-03-18 23:21:12] - Mean Square Error of ground truth and mechanism: 15.1
[2023-03-18 23:21:12] - Mean Square Error of golden standard and mechanism: 21.28
[2023-03-18 23:21:12] - Measurement1: 0.4840883838383839
[2023-03-18 23:21:12] - Measurement2: 0.8807339449541284
[2023-03-18 23:21:12] - ******** Testing Finished ********
