[2023-03-27 18:20:13] - Arguments: Namespace(beta=0.05, data_size=100, dataset_path='./data/adult.csv', delta=0.1, domain_path='./data/adult-domain.json', epsilon=100.0, iteration=500, sparse_ratio=10)
[2023-03-27 18:20:13] - ******** Initialization ********
[2023-03-27 18:20:13] - Data sparsification complete
[2023-03-27 18:20:13] - Data information: {'age': 85, 'workclass': 9, 'fnlwgt': 100, 'education-num': 16, 'marital-status': 7, 'occupation': 15, 'relationship': 6, 'race': 5, 'sex': 2, 'capital-gain': 100, 'capital-loss': 100, 'hours-per-week': 99, 'native-country': 42, 'income>50K': 2}
[2023-03-27 18:20:13] - ******** Create Dynamic Tree ********
[2023-03-27 18:20:14] - The dynamic interval tree consists of nodes: [
-------- Node index: 1 --------
height: 0, sj: 2, 
right_ancestor_index: 2, left_ancestor_index: None, right_child: None, left_child: None, 
df size: 2, delete_df size: 0
-----------------------------------, 
-------- Node index: 2 --------
height: 1, sj: 4, 
right_ancestor_index: 4, left_ancestor_index: None, right_child: 3, left_child: 1, 
df size: 4, delete_df size: 0
-----------------------------------, 
-------- Node index: 3 --------
height: 0, sj: 6, 
right_ancestor_index: None, left_ancestor_index: 2, right_child: None, left_child: None, 
df size: 1, delete_df size: 0
-----------------------------------, 
-------- Node index: 4 --------
height: 2, sj: 9, 
right_ancestor_index: 8, left_ancestor_index: None, right_child: 6, left_child: 2, 
df size: 9, delete_df size: 0
-----------------------------------, 
-------- Node index: 5 --------
height: 0, sj: 12, 
right_ancestor_index: 6, left_ancestor_index: None, right_child: None, left_child: None, 
df size: 2, delete_df size: 0
-----------------------------------, 
-------- Node index: 6 --------
height: 1, sj: 15, 
right_ancestor_index: None, left_ancestor_index: 4, right_child: 7, left_child: 5, 
df size: 5, delete_df size: 0
-----------------------------------, 
-------- Node index: 7 --------
height: 0, sj: 19, 
right_ancestor_index: None, left_ancestor_index: 6, right_child: None, left_child: None, 
df size: 4, delete_df size: 0
-----------------------------------, 
-------- Node index: 8 --------
height: 3, sj: 23, 
right_ancestor_index: 16, left_ancestor_index: None, right_child: 12, left_child: 4, 
df size: 23, delete_df size: 0
-----------------------------------, 
-------- Node index: 9 --------
height: 0, sj: 27, 
right_ancestor_index: 10, left_ancestor_index: None, right_child: None, left_child: None, 
df size: 4, delete_df size: 0
-----------------------------------, 
-------- Node index: 10 --------
height: 1, sj: 32, 
right_ancestor_index: 12, left_ancestor_index: None, right_child: 11, left_child: 9, 
df size: 8, delete_df size: 0
-----------------------------------, 
-------- Node index: 11 --------
height: 0, sj: 37, 
right_ancestor_index: None, left_ancestor_index: 10, right_child: None, left_child: None, 
df size: 5, delete_df size: 0
-----------------------------------, 
-------- Node index: 12 --------
height: 2, sj: 42, 
right_ancestor_index: None, left_ancestor_index: 8, right_child: 14, left_child: 10, 
df size: 15, delete_df size: 0
-----------------------------------, 
-------- Node index: 13 --------
height: 0, sj: 48, 
right_ancestor_index: 14, left_ancestor_index: None, right_child: None, left_child: None, 
df size: 5, delete_df size: 0
-----------------------------------, 
-------- Node index: 14 --------
height: 1, sj: 54, 
right_ancestor_index: None, left_ancestor_index: 12, right_child: 15, left_child: 13, 
df size: 8, delete_df size: 0
-----------------------------------, 
-------- Node index: 15 --------
height: 0, sj: 61, 
right_ancestor_index: None, left_ancestor_index: 14, right_child: None, left_child: None, 
df size: 3, delete_df size: 0
-----------------------------------, 
-------- Node index: 16 --------
height: 4, sj: 68, 
right_ancestor_index: 32, left_ancestor_index: None, right_child: 24, left_child: 8, 
df size: 68, delete_df size: 0
-----------------------------------, 
-------- Node index: 17 --------
height: 0, sj: 76, 
right_ancestor_index: 18, left_ancestor_index: None, right_child: None, left_child: None, 
df size: 3, delete_df size: 0
-----------------------------------, 
-------- Node index: 18 --------
height: 1, sj: 84, 
right_ancestor_index: 20, left_ancestor_index: None, right_child: 19, left_child: 17, 
df size: 6, delete_df size: 0
-----------------------------------, 
-------- Node index: 19 --------
height: 0, sj: 93, 
right_ancestor_index: None, left_ancestor_index: 18, right_child: None, left_child: None, 
df size: 3, delete_df size: 0
-----------------------------------, 
-------- Node index: 20 --------
height: 2, sj: 102, 
right_ancestor_index: 24, left_ancestor_index: None, right_child: 22, left_child: 18, 
df size: 12, delete_df size: 1
-----------------------------------, 
-------- Node index: 21 --------
height: 0, sj: 112, 
right_ancestor_index: 22, left_ancestor_index: None, right_child: None, left_child: None, 
df size: 0, delete_df size: 4
-----------------------------------, 
-------- Node index: 22 --------
height: 1, sj: 122, 
right_ancestor_index: None, left_ancestor_index: 20, right_child: 23, left_child: 21, 
df size: 0, delete_df size: 8
-----------------------------------, 
-------- Node index: 23 --------
height: 0, sj: 132, 
right_ancestor_index: None, left_ancestor_index: 22, right_child: None, left_child: None, 
df size: 0, delete_df size: 8
-----------------------------------, 
-------- Node index: 24 --------
height: 3, sj: 143, 
right_ancestor_index: None, left_ancestor_index: 16, right_child: 28, left_child: 20, 
df size: 5, delete_df size: 7
-----------------------------------, 
-------- Node index: 25 --------
height: 0, sj: 154, 
right_ancestor_index: 26, left_ancestor_index: None, right_child: None, left_child: None, 
df size: 0, delete_df size: 8
-----------------------------------, 
-------- Node index: 26 --------
height: 1, sj: 166, 
right_ancestor_index: 28, left_ancestor_index: None, right_child: 27, left_child: 25, 
df size: 0, delete_df size: 5
-----------------------------------, 
-------- Node index: 27 --------
height: 0, sj: 178, 
right_ancestor_index: None, left_ancestor_index: 26, right_child: None, left_child: None, 
df size: 0, delete_df size: 9
-----------------------------------, 
-------- Node index: 28 --------
height: 2, sj: 191, 
right_ancestor_index: None, left_ancestor_index: 24, right_child: 30, left_child: 26, 
df size: 0, delete_df size: 8
-----------------------------------, 
-------- Node index: 29 --------
height: 0, sj: 199, 
right_ancestor_index: 30, left_ancestor_index: None, right_child: None, left_child: None, 
df size: 0, delete_df size: 6
-----------------------------------]
[2023-03-27 18:20:14] - Infinite Private Partitioning: s0: 0, j: 29, T: 36481, beta: 3.4481488783380186e-70, C: 11.979856911133638, epsilon: 100.0, 
 segment: [0, 2, 4, 6, 9, 12, 15, 19, 23, 27, 32, 37, 42, 48, 54, 61, 68, 76, 84, 93, 102, 112, 122, 132, 143, 154, 166, 178, 191, 199]
[2023-03-27 18:20:14] - ******** Testing Started ********
[2023-03-27 18:20:14] - At node with index 4, we implement queries on cliques dict_keys(['workclass']):
[2023-03-27 18:20:20] - -------- New Mechanism: Testing on 4, node 4 is accessed --------
[2023-03-27 18:20:20] - New Mechanism: Testing on 4, querying node 4, node 4 is passed

[2023-03-27 18:20:20] - New Mechanism: epsilon during the algorithm 2.130885
[2023-03-27 18:20:26] - -------- New Mechanism answer node query on node 4 finished --------
[2023-03-27 18:20:26] - The testing is implemented at workclass
[2023-03-27 18:20:26] - Ground truth: gives answer: 
-1
[2023-03-27 18:20:26] - Golden standard: gives answer: 
-1
[2023-03-27 18:20:26] - Mechanism: gives answer: 
-1
[2023-03-27 18:20:26] - Mean Square Error of ground truth and golden standard: 0.23529411764705882
[2023-03-27 18:20:26] - Mean Square Error of ground truth and mechanism: 1.6470588235294117
[2023-03-27 18:20:26] - Mean Square Error of golden standard and mechanism: 1.411764705882353
[2023-03-27 18:20:26] - Measurement1: ground_truth and golden_standard
0.0784313725490196
[2023-03-27 18:20:26] - Measurement1: ground_truth and mechanism
0.27450980392156865
[2023-03-27 18:20:26] - Measurement1: golden_standard and mechanism
0.2545454545454545
[2023-03-27 18:20:26] - ******** Testing Finished ********
