[2023-04-23 17:07:53] - Arguments: Namespace(beta=0.05, column_number=1, data_size=10, dataset_path='./data/adult.csv', delta=0.1, domain_path='./data/adult-domain.json', each_query_size=10, epsilon=10.0, iteration=100, sparse_ratio=10)
[2023-04-23 17:07:53] - ******** Initialization ********
[2023-04-23 17:07:53] - Data sparsification complete
[2023-04-23 17:07:53] - Data information: {'age': 85, 'workclass': 9, 'fnlwgt': 100, 'education-num': 16, 'marital-status': 7, 'occupation': 15, 'relationship': 6, 'race': 5, 'sex': 2, 'capital-gain': 100, 'capital-loss': 100, 'hours-per-week': 99, 'native-country': 42, 'income>50K': 2}
[2023-04-23 17:07:53] - ******** Create Dynamic Tree ********
[2023-04-23 17:07:53] - The dynamic interval tree consists of nodes: [
-------- Node index: 1 --------
height: 0, sj: 2, 
right_ancestor_index: 2, left_ancestor_index: None, right_child: None, left_child: None, 
df size: 2, delete_df size: 0
-----------------------------------, 
-------- Node index: 2 --------
height: 1, sj: 4, 
right_ancestor_index: 4, left_ancestor_index: None, right_child: 3, left_child: 1, 
df size: 4, delete_df size: 0
-----------------------------------, 
-------- Node index: 3 --------
height: 0, sj: 9, 
right_ancestor_index: None, left_ancestor_index: 2, right_child: None, left_child: None, 
df size: 6, delete_df size: 0
-----------------------------------]
[2023-04-23 17:07:53] - The insertion tree consists of nodes: [
-------- Node index: 1 --------
height: 0, sj: 2, 
right_ancestor_index: 2, left_ancestor_index: None, right_child: None, left_child: None, 
df size: 2, delete_df size: 0
-----------------------------------, 
-------- Node index: 2 --------
height: 1, sj: 4, 
right_ancestor_index: 4, left_ancestor_index: None, right_child: 3, left_child: 1, 
df size: 4, delete_df size: 0
-----------------------------------, 
-------- Node index: 3 --------
height: 0, sj: 9, 
right_ancestor_index: None, left_ancestor_index: 2, right_child: None, left_child: None, 
df size: 5, delete_df size: 0
-----------------------------------] 
[2023-04-23 17:07:53] - The deletion tree consists of nodes: [
-------- Node index: 1 --------
height: 0, sj: 2, 
right_ancestor_index: 2, left_ancestor_index: None, right_child: None, left_child: None, 
df size: 0, delete_df size: 0
-----------------------------------, 
-------- Node index: 2 --------
height: 1, sj: 4, 
right_ancestor_index: 4, left_ancestor_index: None, right_child: 3, left_child: 1, 
df size: 0, delete_df size: 0
-----------------------------------, 
-------- Node index: 3 --------
height: 0, sj: 9, 
right_ancestor_index: None, left_ancestor_index: 2, right_child: None, left_child: None, 
df size: 0, delete_df size: 0
-----------------------------------] 
[2023-04-23 17:07:53] - Infinite Private Partitioning: s0: 0, j: 3, T: 16, beta: 0.00031204844198875586, C: 8.076661615555443, epsilon: 10.0, 
 segment: [0, 2, 4, 9]
[2023-04-23 17:07:53] - ******** Testing Started ********
[2023-04-23 17:07:53] - ++++++++ Testing on node 1 Started ++++++++
[2023-04-23 17:07:53] - At node with index 1, we implement queries on cliques dict_keys(['marital-status', 'age']):
[2023-04-23 17:07:55] - -------- New Mechanism: Testing on 1, node 1 is accessed --------
[2023-04-23 17:07:56] - -------- New Mechanism answer node query on node 1 finished --------
[2023-04-23 17:07:56] - The testing is implemented at marital-status
[2023-04-23 17:07:56] - Ground truth: gives answer
[2023-04-23 17:07:56] - output_answer:[1 0 1 0 0 0 0 1 1 0 0 2 2]
[2023-04-23 17:07:56] - Range size 1, answer [1 0 1 0 0 0 0]:
[2023-04-23 17:07:56] - Range size 2, answer [1 1 0]:
[2023-04-23 17:07:56] - Range size 3, answer [0]:
[2023-04-23 17:07:56] - Range size 4, answer [2]:
[2023-04-23 17:07:56] - Range size 7, answer [2]:
[2023-04-23 17:07:56] - Golden standard: gives answer
[2023-04-23 17:07:56] - output_answer:[1 1 1 0 0 0 0 2 1 0 0 3 3]
[2023-04-23 17:07:56] - Range size 1, answer [1 1 1 0 0 0 0]:
[2023-04-23 17:07:56] - Range size 2, answer [2 1 0]:
[2023-04-23 17:07:56] - Range size 3, answer [0]:
[2023-04-23 17:07:56] - Range size 4, answer [3]:
[2023-04-23 17:07:56] - Range size 7, answer [3]:
[2023-04-23 17:07:56] - Mechanism: gives answer
[2023-04-23 17:07:56] - output_answer:[2 0 1 0 0 0 0 2 1 0 0 3 3]
[2023-04-23 17:07:56] - Range size 1, answer [2 0 1 0 0 0 0]:
[2023-04-23 17:07:56] - Range size 2, answer [2 1 0]:
[2023-04-23 17:07:56] - Range size 3, answer [0]:
[2023-04-23 17:07:56] - Range size 4, answer [3]:
[2023-04-23 17:07:56] - Range size 7, answer [3]:
[2023-04-23 17:07:56] - Mean Square Error of ground truth and golden standard: 0.3076923076923077
[2023-04-23 17:07:56] - Mean Square Error of ground truth and mechanism: 0.3076923076923077
[2023-04-23 17:07:56] - Mean Square Error of golden standard and mechanism: 0.15384615384615385
[2023-04-23 17:07:56] - Measurement3: golden_standard and mechanism
0.0
[2023-04-23 17:07:59] - -------- New Mechanism: Testing on 1, node 1 is accessed --------
[2023-04-23 17:08:00] - -------- New Mechanism answer node query on node 1 finished --------
[2023-04-23 17:08:00] - The testing is implemented at age
[2023-04-23 17:08:00] - Ground truth: gives answer
[2023-04-23 17:08:00] - output_answer:[0 0 0 0 0 0 0 0 0 0 0 0 0 0 0 0 0 0 0 0 0 0 0 1 0 0 0 0 0 0 0 0 0 0 1 0 0
 0 0 0 0 0 0 0 0 0 0 0 0 0 0 0 0 0 0 0 0 0 0 0 0 0 0 0 0 0 0 0 0 0 0 0 0 0
 0 0 0 0 0 0 0 0 0 0 0 0 0 0 0 0 0 0 0 1 0 0 0 1 0 0 0 0 0 0 0 0 0 0 0 0 0
 0 0 0 0 0 0 0 0 0 0 0 0 1 0 0 1 0 0 0 0 0 0 0 0 0 0 0 0 0 0 1 0 0 0 0 0 0
 0 0 0 1 0 0 1 0 0 0 0 1 0 0 2 0 0 0 0 2 2]
[2023-04-23 17:08:00] - Range size 1, answer [0 0 0 0 0 0 0 0 0 0 0 0 0 0 0 0 0 0 0 0 0 0 0 1 0 0 0 0 0 0 0 0 0 0 1 0 0
 0 0 0 0 0 0 0 0 0 0 0 0 0 0 0 0 0 0 0 0 0 0 0 0 0 0 0 0 0 0 0 0 0 0 0 0 0
 0 0 0 0 0 0 0 0 0 0 0]:
[2023-04-23 17:08:00] - Range size 2, answer [0 0 0 0 0 0 0 0 1 0 0 0 1 0 0 0 0 0 0 0 0 0 0 0 0 0 0 0 0 0 0 0]:
[2023-04-23 17:08:00] - Range size 3, answer [0 0 0 0 0 0 1 0 0 1 0 0 0 0 0 0 0 0 0 0 0]:
[2023-04-23 17:08:00] - Range size 5, answer [0 0 0 1 0 0 0 0 0 0 0]:
[2023-04-23 17:08:00] - Range size 6, answer [0 0 1 0 0]:
[2023-04-23 17:08:00] - Range size 10, answer [1 0 0]:
[2023-04-23 17:08:00] - Range size 11, answer [0 0 1 0 0]:
[2023-04-23 17:08:00] - Range size 21, answer [2 0 0]:
[2023-04-23 17:08:00] - Range size 22, answer [0]:
[2023-04-23 17:08:00] - Range size 42, answer [0]:
[2023-04-23 17:08:00] - Range size 43, answer [2]:
[2023-04-23 17:08:00] - Range size 85, answer [2]:
[2023-04-23 17:08:00] - Golden standard: gives answer
[2023-04-23 17:08:00] - output_answer:[0 0 0 0 0 0 0 0 0 0 0 0 0 0 0 0 0 0 0 0 0 0 0 0 0 0 0 0 0 0 0 0 0 0 0 0 0
 0 0 0 0 0 0 0 1 0 0 0 0 0 1 0 0 0 0 0 0 0 0 0 0 0 0 0 0 0 0 0 0 0 0 0 0 0
 0 0 0 0 0 0 0 0 1 0 0 0 0 0 0 0 0 0 0 0 0 0 0 0 0 0 0 1 0 1 0 0 0 0 0 0 0
 0 0 0 0 0 0 0 0 0 0 0 0 0 0 0 0 0 1 0 1 0 0 0 0 0 0 1 0 0 0 0 0 1 0 0 0 0
 1 0 0 0 1 0 0 0 1 0 0 0 2 0 0 2 1 0 3 0 3]
[2023-04-23 17:08:00] - Range size 1, answer [0 0 0 0 0 0 0 0 0 0 0 0 0 0 0 0 0 0 0 0 0 0 0 0 0 0 0 0 0 0 0 0 0 0 0 0 0
 0 0 0 0 0 0 0 1 0 0 0 0 0 1 0 0 0 0 0 0 0 0 0 0 0 0 0 0 0 0 0 0 0 0 0 0 0
 0 0 0 0 0 0 0 0 1 0 0]:
[2023-04-23 17:08:00] - Range size 2, answer [0 0 0 0 0 0 0 0 0 0 0 0 0 0 0 0 1 0 1 0 0 0 0 0 0 0 0 0 0 0 0 0]:
[2023-04-23 17:08:00] - Range size 3, answer [0 0 0 0 0 0 0 0 0 0 0 1 0 1 0 0 0 0 0 0 1]:
[2023-04-23 17:08:00] - Range size 5, answer [0 0 0 0 0 1 0 0 0 0 1]:
[2023-04-23 17:08:00] - Range size 6, answer [0 0 0 1 0]:
[2023-04-23 17:08:00] - Range size 10, answer [0 0 1]:
[2023-04-23 17:08:00] - Range size 11, answer [0 0 0 2 0]:
[2023-04-23 17:08:00] - Range size 21, answer [0 2 1]:
[2023-04-23 17:08:00] - Range size 22, answer [0]:
[2023-04-23 17:08:00] - Range size 42, answer [3]:
[2023-04-23 17:08:00] - Range size 43, answer [0]:
[2023-04-23 17:08:00] - Range size 85, answer [3]:
[2023-04-23 17:08:00] - Mechanism: gives answer
[2023-04-23 17:08:00] - output_answer:[0 0 0 0 0 0 0 0 0 0 0 0 0 0 0 0 0 0 0 0 0 0 0 1 0 0 0 0 0 0 0 0 0 0 0 0 0
 0 0 0 0 0 0 0 0 0 1 0 0 0 0 0 0 1 0 0 0 0 0 0 0 0 0 0 0 0 0 0 0 0 0 0 0 0
 0 0 0 0 0 0 0 0 0 0 0 0 0 0 0 0 0 0 0 1 0 0 0 0 0 0 0 0 1 0 1 0 0 0 0 0 0
 0 0 0 0 0 0 0 0 0 0 0 0 1 0 0 0 0 0 1 0 0 0 0 0 0 0 0 0 0 0 0 0 1 0 0 0 0
 0 0 0 1 1 0 0 0 0 0 0 1 2 0 1 2 0 0 2 1 3]
[2023-04-23 17:08:00] - Range size 1, answer [0 0 0 0 0 0 0 0 0 0 0 0 0 0 0 0 0 0 0 0 0 0 0 1 0 0 0 0 0 0 0 0 0 0 0 0 0
 0 0 0 0 0 0 0 0 0 1 0 0 0 0 0 0 1 0 0 0 0 0 0 0 0 0 0 0 0 0 0 0 0 0 0 0 0
 0 0 0 0 0 0 0 0 0 0 0]:
[2023-04-23 17:08:00] - Range size 2, answer [0 0 0 0 0 0 0 0 1 0 0 0 0 0 0 0 0 1 0 1 0 0 0 0 0 0 0 0 0 0 0 0]:
[2023-04-23 17:08:00] - Range size 3, answer [0 0 0 0 0 0 1 0 0 0 0 0 1 0 0 0 0 0 0 0 0]:
[2023-04-23 17:08:00] - Range size 5, answer [0 0 0 0 0 1 0 0 0 0 0]:
[2023-04-23 17:08:00] - Range size 6, answer [0 0 1 1 0]:
[2023-04-23 17:08:00] - Range size 10, answer [0 0 0]:
[2023-04-23 17:08:00] - Range size 11, answer [0 0 1 2 0]:
[2023-04-23 17:08:00] - Range size 21, answer [1 2 0]:
[2023-04-23 17:08:00] - Range size 22, answer [0]:
[2023-04-23 17:08:00] - Range size 42, answer [2]:
[2023-04-23 17:08:00] - Range size 43, answer [1]:
[2023-04-23 17:08:00] - Range size 85, answer [3]:
[2023-04-23 17:08:00] - Mean Square Error of ground truth and golden standard: 0.28994082840236685
[2023-04-23 17:08:00] - Mean Square Error of ground truth and mechanism: 0.15976331360946747
[2023-04-23 17:08:00] - Mean Square Error of golden standard and mechanism: 0.14201183431952663
[2023-04-23 17:08:00] - Measurement3: golden_standard and mechanism
0.0
[2023-04-23 17:08:00] - ++++++++ Testing on node 1 Finished ++++++++
[2023-04-23 17:08:00] - ++++++++ Testing on node 2 Started ++++++++
[2023-04-23 17:08:00] - At node with index 2, we implement queries on cliques dict_keys(['marital-status', 'age']):
[2023-04-23 17:08:01] - -------- New Mechanism: Testing on 2, node 2 is accessed --------
[2023-04-23 17:08:03] - -------- New Mechanism answer node query on node 2 finished --------
[2023-04-23 17:08:03] - The testing is implemented at marital-status
[2023-04-23 17:08:03] - Ground truth: gives answer
[2023-04-23 17:08:03] - output_answer:[2 1 1 0 0 0 0 3 1 0 0 4 4]
[2023-04-23 17:08:03] - Range size 1, answer [2 1 1 0 0 0 0]:
[2023-04-23 17:08:03] - Range size 2, answer [3 1 0]:
[2023-04-23 17:08:03] - Range size 3, answer [0]:
[2023-04-23 17:08:03] - Range size 4, answer [4]:
[2023-04-23 17:08:03] - Range size 7, answer [4]:
[2023-04-23 17:08:03] - Golden standard: gives answer
[2023-04-23 17:08:03] - output_answer:[2 1 1 0 0 0 1 3 1 0 1 4 5]
[2023-04-23 17:08:03] - Range size 1, answer [2 1 1 0 0 0 1]:
[2023-04-23 17:08:03] - Range size 2, answer [3 1 0]:
[2023-04-23 17:08:03] - Range size 3, answer [1]:
[2023-04-23 17:08:03] - Range size 4, answer [4]:
[2023-04-23 17:08:03] - Range size 7, answer [5]:
[2023-04-23 17:08:03] - Mechanism: gives answer
[2023-04-23 17:08:03] - output_answer:[2 0 0 0 1 0 2 2 0 1 3 2 5]
[2023-04-23 17:08:03] - Range size 1, answer [2 0 0 0 1 0 2]:
[2023-04-23 17:08:03] - Range size 2, answer [2 0 1]:
[2023-04-23 17:08:03] - Range size 3, answer [3]:
[2023-04-23 17:08:03] - Range size 4, answer [2]:
[2023-04-23 17:08:03] - Range size 7, answer [5]:
[2023-04-23 17:08:03] - Mean Square Error of ground truth and golden standard: 0.23076923076923078
[2023-04-23 17:08:03] - Mean Square Error of ground truth and mechanism: 1.8461538461538463
[2023-04-23 17:08:03] - Mean Square Error of golden standard and mechanism: 1.1538461538461537
[2023-04-23 17:08:03] - Measurement3: golden_standard and mechanism
0.0
[2023-04-23 17:08:05] - -------- New Mechanism: Testing on 2, node 2 is accessed --------
[2023-04-23 17:08:06] - -------- New Mechanism answer node query on node 2 finished --------
[2023-04-23 17:08:06] - The testing is implemented at age
[2023-04-23 17:08:06] - Ground truth: gives answer
[2023-04-23 17:08:06] - output_answer:[0 0 0 0 0 0 0 0 0 0 0 0 0 0 0 0 0 0 0 0 0 0 1 1 0 0 0 0 0 0 0 0 0 0 1 0 0
 1 0 0 0 0 0 0 0 0 0 0 0 0 0 0 0 0 0 0 0 0 0 0 0 0 0 0 0 0 0 0 0 0 0 0 0 0
 0 0 0 0 0 0 0 0 0 0 0 0 0 0 0 0 0 0 0 2 0 0 0 1 1 0 0 0 0 0 0 0 0 0 0 0 0
 0 0 0 0 0 0 0 0 0 0 0 0 2 0 0 1 0 0 0 0 0 0 0 0 0 0 0 0 0 0 2 0 0 0 0 0 0
 0 0 0 2 0 0 2 0 0 0 0 2 0 0 4 0 0 0 0 4 4]
[2023-04-23 17:08:06] - Range size 1, answer [0 0 0 0 0 0 0 0 0 0 0 0 0 0 0 0 0 0 0 0 0 0 1 1 0 0 0 0 0 0 0 0 0 0 1 0 0
 1 0 0 0 0 0 0 0 0 0 0 0 0 0 0 0 0 0 0 0 0 0 0 0 0 0 0 0 0 0 0 0 0 0 0 0 0
 0 0 0 0 0 0 0 0 0 0 0]:
[2023-04-23 17:08:06] - Range size 2, answer [0 0 0 0 0 0 0 0 2 0 0 0 1 1 0 0 0 0 0 0 0 0 0 0 0 0 0 0 0 0 0 0]:
[2023-04-23 17:08:06] - Range size 3, answer [0 0 0 0 0 0 2 0 0 1 0 0 0 0 0 0 0 0 0 0 0]:
[2023-04-23 17:08:06] - Range size 5, answer [0 0 0 2 0 0 0 0 0 0 0]:
[2023-04-23 17:08:06] - Range size 6, answer [0 0 2 0 0]:
[2023-04-23 17:08:06] - Range size 10, answer [2 0 0]:
[2023-04-23 17:08:06] - Range size 11, answer [0 0 2 0 0]:
[2023-04-23 17:08:06] - Range size 21, answer [4 0 0]:
[2023-04-23 17:08:06] - Range size 22, answer [0]:
[2023-04-23 17:08:06] - Range size 42, answer [0]:
[2023-04-23 17:08:06] - Range size 43, answer [4]:
[2023-04-23 17:08:06] - Range size 85, answer [4]:
[2023-04-23 17:08:06] - Golden standard: gives answer
[2023-04-23 17:08:06] - output_answer:[0 0 0 0 0 0 1 0 0 0 0 0 0 0 0 0 1 0 0 0 0 0 1 1 0 0 0 0 0 0 0 0 0 0 0 0 0
 0 0 0 1 0 0 0 0 0 0 0 0 0 0 0 0 0 0 0 0 0 0 0 0 0 0 0 0 0 0 0 0 0 0 0 0 0
 0 0 0 0 0 0 0 0 0 0 0 0 0 1 0 0 0 0 0 2 0 0 0 0 0 0 0 0 0 0 0 0 0 0 0 0 0
 0 0 0 0 0 0 0 0 1 0 1 0 2 0 0 0 1 0 0 0 0 0 0 0 0 0 0 1 0 0 0 1 0 0 0 0 0
 0 0 1 2 0 0 1 0 0 1 1 2 0 0 3 0 0 2 0 5 5]
[2023-04-23 17:08:06] - Range size 1, answer [0 0 0 0 0 0 1 0 0 0 0 0 0 0 0 0 1 0 0 0 0 0 1 1 0 0 0 0 0 0 0 0 0 0 0 0 0
 0 0 0 1 0 0 0 0 0 0 0 0 0 0 0 0 0 0 0 0 0 0 0 0 0 0 0 0 0 0 0 0 0 0 0 0 0
 0 0 0 0 0 0 0 0 0 0 0]:
[2023-04-23 17:08:06] - Range size 2, answer [0 0 1 0 0 0 0 0 2 0 0 0 0 0 0 0 0 0 0 0 0 0 0 0 0 0 0 0 0 0 0 0]:
[2023-04-23 17:08:06] - Range size 3, answer [0 0 1 0 1 0 2 0 0 0 1 0 0 0 0 0 0 0 0 0 0]:
[2023-04-23 17:08:06] - Range size 5, answer [1 0 0 0 1 0 0 0 0 0 0]:
[2023-04-23 17:08:06] - Range size 6, answer [0 1 2 0 0]:
[2023-04-23 17:08:06] - Range size 10, answer [1 0 0]:
[2023-04-23 17:08:06] - Range size 11, answer [1 1 2 0 0]:
[2023-04-23 17:08:06] - Range size 21, answer [3 0 0]:
[2023-04-23 17:08:06] - Range size 22, answer [2]:
[2023-04-23 17:08:06] - Range size 42, answer [0]:
[2023-04-23 17:08:06] - Range size 43, answer [5]:
[2023-04-23 17:08:06] - Range size 85, answer [5]:
[2023-04-23 17:08:06] - Mechanism: gives answer
[2023-04-23 17:08:06] - output_answer:[1 0 0 0 0 0 0 0 0 0 0 0 0 0 0 0 0 0 0 4 0 0 0 0 0 0 0 0 0 0 0 0 0 0 0 0 0
 0 0 0 0 0 0 0 0 0 0 0 0 0 0 0 0 0 0 0 0 0 0 0 0 0 0 0 0 0 0 0 0 0 0 0 0 0
 0 0 0 0 0 0 0 0 0 0 0 1 0 0 0 0 0 0 0 0 0 0 0 0 0 0 0 0 0 0 0 0 0 0 0 0 0
 0 0 0 0 0 0 1 0 0 0 0 4 0 0 0 0 0 0 0 0 0 0 0 0 0 0 0 0 4 0 0 0 0 0 0 0 0
 0 1 0 0 0 0 0 0 0 1 4 0 0 0 0 0 0 5 0 5 5]
[2023-04-23 17:08:06] - Range size 1, answer [1 0 0 0 0 0 0 0 0 0 0 0 0 0 0 0 0 0 0 4 0 0 0 0 0 0 0 0 0 0 0 0 0 0 0 0 0
 0 0 0 0 0 0 0 0 0 0 0 0 0 0 0 0 0 0 0 0 0 0 0 0 0 0 0 0 0 0 0 0 0 0 0 0 0
 0 0 0 0 0 0 0 0 0 0 0]:
[2023-04-23 17:08:06] - Range size 2, answer [1 0 0 0 0 0 0 0 0 0 0 0 0 0 0 0 0 0 0 0 0 0 0 0 0 0 0 0 0 0 0 0]:
[2023-04-23 17:08:06] - Range size 3, answer [1 0 0 0 0 4 0 0 0 0 0 0 0 0 0 0 0 0 0 0 0]:
[2023-04-23 17:08:06] - Range size 5, answer [0 4 0 0 0 0 0 0 0 0 0]:
[2023-04-23 17:08:06] - Range size 6, answer [1 0 0 0 0]:
[2023-04-23 17:08:06] - Range size 10, answer [0 0 0]:
[2023-04-23 17:08:06] - Range size 11, answer [1 4 0 0 0]:
[2023-04-23 17:08:06] - Range size 21, answer [0 0 0]:
[2023-04-23 17:08:06] - Range size 22, answer [5]:
[2023-04-23 17:08:06] - Range size 42, answer [0]:
[2023-04-23 17:08:06] - Range size 43, answer [5]:
[2023-04-23 17:08:06] - Range size 85, answer [5]:
[2023-04-23 17:08:06] - Mean Square Error of ground truth and golden standard: 0.17159763313609466
[2023-04-23 17:08:06] - Mean Square Error of ground truth and mechanism: 0.8461538461538461
[2023-04-23 17:08:06] - Mean Square Error of golden standard and mechanism: 0.6390532544378699
[2023-04-23 17:08:06] - Measurement3: golden_standard and mechanism
0.0
[2023-04-23 17:08:06] - ++++++++ Testing on node 2 Finished ++++++++
[2023-04-23 17:08:06] - ++++++++ Testing on node 1 Started ++++++++
[2023-04-23 17:08:06] - At node index 1 current size of dataset is: 2
[2023-04-23 17:08:07] - The testing is implemented at marital-status
[2023-04-23 17:08:07] - Ground truth: gives answer
[2023-04-23 17:08:07] - output_answer:[1 0 1 0 0 0 0 1 1 0 0 2 2]
[2023-04-23 17:08:07] - Range size 1, answer [1 0 1 0 0 0 0]:
[2023-04-23 17:08:07] - Range size 2, answer [1 1 0]:
[2023-04-23 17:08:07] - Range size 3, answer [0]:
[2023-04-23 17:08:07] - Range size 4, answer [2]:
[2023-04-23 17:08:07] - Range size 7, answer [2]:
[2023-04-23 17:08:07] - Mechanism: gives answer
[2023-04-23 17:08:07] - output_answer:[1 0 2 0 0 0 0 1 2 0 0 3 3]
[2023-04-23 17:08:07] - Range size 1, answer [1 0 2 0 0 0 0]:
[2023-04-23 17:08:07] - Range size 2, answer [1 2 0]:
[2023-04-23 17:08:07] - Range size 3, answer [0]:
[2023-04-23 17:08:07] - Range size 4, answer [3]:
[2023-04-23 17:08:07] - Range size 7, answer [3]:
[2023-04-23 17:08:07] - At node index 1 current size of dataset is: 2
[2023-04-23 17:08:09] - The testing is implemented at age
[2023-04-23 17:08:09] - Ground truth: gives answer
[2023-04-23 17:08:09] - output_answer:[0 0 0 0 0 0 0 0 0 0 0 0 0 0 0 0 0 0 0 0 0 0 0 1 0 0 0 0 0 0 0 0 0 0 1 0 0
 0 0 0 0 0 0 0 0 0 0 0 0 0 0 0 0 0 0 0 0 0 0 0 0 0 0 0 0 0 0 0 0 0 0 0 0 0
 0 0 0 0 0 0 0 0 0 0 0 0 0 0 0 0 0 0 0 1 0 0 0 1 0 0 0 0 0 0 0 0 0 0 0 0 0
 0 0 0 0 0 0 0 0 0 0 0 0 1 0 0 1 0 0 0 0 0 0 0 0 0 0 0 0 0 0 1 0 0 0 0 0 0
 0 0 0 1 0 0 1 0 0 0 0 1 0 0 2 0 0 0 0 2 2]
[2023-04-23 17:08:09] - Range size 1, answer [0 0 0 0 0 0 0 0 0 0 0 0 0 0 0 0 0 0 0 0 0 0 0 1 0 0 0 0 0 0 0 0 0 0 1 0 0
 0 0 0 0 0 0 0 0 0 0 0 0 0 0 0 0 0 0 0 0 0 0 0 0 0 0 0 0 0 0 0 0 0 0 0 0 0
 0 0 0 0 0 0 0 0 0 0 0]:
[2023-04-23 17:08:09] - Range size 2, answer [0 0 0 0 0 0 0 0 1 0 0 0 1 0 0 0 0 0 0 0 0 0 0 0 0 0 0 0 0 0 0 0]:
[2023-04-23 17:08:09] - Range size 3, answer [0 0 0 0 0 0 1 0 0 1 0 0 0 0 0 0 0 0 0 0 0]:
[2023-04-23 17:08:09] - Range size 5, answer [0 0 0 1 0 0 0 0 0 0 0]:
[2023-04-23 17:08:09] - Range size 6, answer [0 0 1 0 0]:
[2023-04-23 17:08:09] - Range size 10, answer [1 0 0]:
[2023-04-23 17:08:09] - Range size 11, answer [0 0 1 0 0]:
[2023-04-23 17:08:09] - Range size 21, answer [2 0 0]:
[2023-04-23 17:08:09] - Range size 22, answer [0]:
[2023-04-23 17:08:09] - Range size 42, answer [0]:
[2023-04-23 17:08:09] - Range size 43, answer [2]:
[2023-04-23 17:08:09] - Range size 85, answer [2]:
[2023-04-23 17:08:09] - Mechanism: gives answer
[2023-04-23 17:08:09] - output_answer:[0 0 0 0 0 0 0 0 0 0 0 0 0 0 0 0 0 0 0 0 0 1 1 1 0 0 0 0 0 0 0 0 0 0 0 0 0
 0 0 0 0 0 0 0 0 0 0 0 0 0 0 0 0 0 0 0 0 0 0 0 0 0 0 0 0 0 0 0 0 0 0 0 0 0
 0 0 0 0 0 0 0 0 0 0 0 0 0 0 0 0 0 0 1 2 0 0 0 0 0 0 0 0 0 0 0 0 0 0 0 0 0
 0 0 0 0 0 0 0 0 0 0 0 0 2 0 0 0 0 0 0 0 0 0 0 0 0 0 0 0 1 0 0 0 0 0 0 0 0
 0 0 0 2 0 0 0 0 0 0 1 2 0 0 2 0 0 1 0 3 3]
[2023-04-23 17:08:09] - Range size 1, answer [0 0 0 0 0 0 0 0 0 0 0 0 0 0 0 0 0 0 0 0 0 1 1 1 0 0 0 0 0 0 0 0 0 0 0 0 0
 0 0 0 0 0 0 0 0 0 0 0 0 0 0 0 0 0 0 0 0 0 0 0 0 0 0 0 0 0 0 0 0 0 0 0 0 0
 0 0 0 0 0 0 0 0 0 0 0]:
[2023-04-23 17:08:09] - Range size 2, answer [0 0 0 0 0 0 0 1 2 0 0 0 0 0 0 0 0 0 0 0 0 0 0 0 0 0 0 0 0 0 0 0]:
[2023-04-23 17:08:09] - Range size 3, answer [0 0 0 0 0 0 2 0 0 0 0 0 0 0 0 0 0 0 0 0 0]:
[2023-04-23 17:08:09] - Range size 5, answer [0 1 0 0 0 0 0 0 0 0 0]:
[2023-04-23 17:08:09] - Range size 6, answer [0 0 2 0 0]:
[2023-04-23 17:08:09] - Range size 10, answer [0 0 0]:
[2023-04-23 17:08:09] - Range size 11, answer [0 1 2 0 0]:
[2023-04-23 17:08:09] - Range size 21, answer [2 0 0]:
[2023-04-23 17:08:09] - Range size 22, answer [1]:
[2023-04-23 17:08:09] - Range size 42, answer [0]:
[2023-04-23 17:08:09] - Range size 43, answer [3]:
[2023-04-23 17:08:09] - Range size 85, answer [3]:
[2023-04-23 17:08:09] - ++++++++ Testing on node 1 Finished ++++++++
[2023-04-23 17:08:09] - ++++++++ Testing on node 2 Started ++++++++
[2023-04-23 17:08:09] - At node index 2 current size of dataset is: 4
[2023-04-23 17:08:11] - The testing is implemented at marital-status
[2023-04-23 17:08:11] - Ground truth: gives answer
[2023-04-23 17:08:11] - output_answer:[2 1 1 0 0 0 0 3 1 0 0 4 4]
[2023-04-23 17:08:11] - Range size 1, answer [2 1 1 0 0 0 0]:
[2023-04-23 17:08:11] - Range size 2, answer [3 1 0]:
[2023-04-23 17:08:11] - Range size 3, answer [0]:
[2023-04-23 17:08:11] - Range size 4, answer [4]:
[2023-04-23 17:08:11] - Range size 7, answer [4]:
[2023-04-23 17:08:11] - Mechanism: gives answer
[2023-04-23 17:08:11] - output_answer:[3 1 1 0 0 0 0 4 1 0 0 5 5]
[2023-04-23 17:08:11] - Range size 1, answer [3 1 1 0 0 0 0]:
[2023-04-23 17:08:11] - Range size 2, answer [4 1 0]:
[2023-04-23 17:08:11] - Range size 3, answer [0]:
[2023-04-23 17:08:11] - Range size 4, answer [5]:
[2023-04-23 17:08:11] - Range size 7, answer [5]:
[2023-04-23 17:08:11] - At node index 2 current size of dataset is: 4
[2023-04-23 17:08:13] - The testing is implemented at age
[2023-04-23 17:08:13] - Ground truth: gives answer
[2023-04-23 17:08:13] - output_answer:[0 0 0 0 0 0 0 0 0 0 0 0 0 0 0 0 0 0 0 0 0 0 1 1 0 0 0 0 0 0 0 0 0 0 1 0 0
 1 0 0 0 0 0 0 0 0 0 0 0 0 0 0 0 0 0 0 0 0 0 0 0 0 0 0 0 0 0 0 0 0 0 0 0 0
 0 0 0 0 0 0 0 0 0 0 0 0 0 0 0 0 0 0 0 2 0 0 0 1 1 0 0 0 0 0 0 0 0 0 0 0 0
 0 0 0 0 0 0 0 0 0 0 0 0 2 0 0 1 0 0 0 0 0 0 0 0 0 0 0 0 0 0 2 0 0 0 0 0 0
 0 0 0 2 0 0 2 0 0 0 0 2 0 0 4 0 0 0 0 4 4]
[2023-04-23 17:08:13] - Range size 1, answer [0 0 0 0 0 0 0 0 0 0 0 0 0 0 0 0 0 0 0 0 0 0 1 1 0 0 0 0 0 0 0 0 0 0 1 0 0
 1 0 0 0 0 0 0 0 0 0 0 0 0 0 0 0 0 0 0 0 0 0 0 0 0 0 0 0 0 0 0 0 0 0 0 0 0
 0 0 0 0 0 0 0 0 0 0 0]:
[2023-04-23 17:08:13] - Range size 2, answer [0 0 0 0 0 0 0 0 2 0 0 0 1 1 0 0 0 0 0 0 0 0 0 0 0 0 0 0 0 0 0 0]:
[2023-04-23 17:08:13] - Range size 3, answer [0 0 0 0 0 0 2 0 0 1 0 0 0 0 0 0 0 0 0 0 0]:
[2023-04-23 17:08:13] - Range size 5, answer [0 0 0 2 0 0 0 0 0 0 0]:
[2023-04-23 17:08:13] - Range size 6, answer [0 0 2 0 0]:
[2023-04-23 17:08:13] - Range size 10, answer [2 0 0]:
[2023-04-23 17:08:13] - Range size 11, answer [0 0 2 0 0]:
[2023-04-23 17:08:13] - Range size 21, answer [4 0 0]:
[2023-04-23 17:08:13] - Range size 22, answer [0]:
[2023-04-23 17:08:13] - Range size 42, answer [0]:
[2023-04-23 17:08:13] - Range size 43, answer [4]:
[2023-04-23 17:08:13] - Range size 85, answer [4]:
[2023-04-23 17:08:13] - Mechanism: gives answer
[2023-04-23 17:08:13] - output_answer:[0 0 0 0 0 0 1 0 0 0 0 0 0 0 0 0 0 1 0 0 0 0 0 0 0 0 0 0 0 0 0 0 0 0 2 0 0
 0 0 0 0 0 0 0 0 0 0 0 0 1 0 0 0 0 0 0 0 0 0 0 0 0 0 0 0 0 0 0 0 0 0 0 0 0
 0 0 0 0 0 0 0 0 0 0 0 0 0 1 0 0 0 1 0 0 0 0 0 2 0 0 0 0 0 1 0 0 0 0 0 0 0
 0 0 0 0 0 0 0 0 1 0 0 1 0 0 0 2 0 0 0 1 0 0 0 0 0 0 0 1 1 0 2 0 1 0 0 0 0
 0 0 0 0 0 0 2 0 0 1 1 0 1 0 2 1 0 2 1 4 5]
[2023-04-23 17:08:13] - Range size 1, answer [0 0 0 0 0 0 1 0 0 0 0 0 0 0 0 0 0 1 0 0 0 0 0 0 0 0 0 0 0 0 0 0 0 0 2 0 0
 0 0 0 0 0 0 0 0 0 0 0 0 1 0 0 0 0 0 0 0 0 0 0 0 0 0 0 0 0 0 0 0 0 0 0 0 0
 0 0 0 0 0 0 0 0 0 0 0]:
[2023-04-23 17:08:13] - Range size 2, answer [0 0 1 0 0 0 1 0 0 0 0 0 2 0 0 0 0 0 1 0 0 0 0 0 0 0 0 0 0 0 0 0]:
[2023-04-23 17:08:13] - Range size 3, answer [0 0 1 0 0 1 0 0 0 2 0 0 0 1 0 0 0 0 0 0 0]:
[2023-04-23 17:08:13] - Range size 5, answer [1 1 0 2 0 1 0 0 0 0 0]:
[2023-04-23 17:08:13] - Range size 6, answer [0 0 0 0 0]:
[2023-04-23 17:08:13] - Range size 10, answer [2 0 0]:
[2023-04-23 17:08:13] - Range size 11, answer [1 1 0 1 0]:
[2023-04-23 17:08:13] - Range size 21, answer [2 1 0]:
[2023-04-23 17:08:13] - Range size 22, answer [2]:
[2023-04-23 17:08:13] - Range size 42, answer [1]:
[2023-04-23 17:08:13] - Range size 43, answer [4]:
[2023-04-23 17:08:13] - Range size 85, answer [5]:
[2023-04-23 17:08:13] - ++++++++ Testing on node 2 Finished ++++++++
[2023-04-23 17:08:13] - ++++++++ Testing on node 1 Started ++++++++
[2023-04-23 17:08:13] - At node index 1 current size of dataset is: 0
[2023-04-23 17:08:14] - The testing is implemented at marital-status
[2023-04-23 17:08:14] - Ground truth: gives answer
[2023-04-23 17:08:14] - output_answer:[0 0 0 0 0 0 0 0 0 0 0 0 0]
[2023-04-23 17:08:14] - Range size 1, answer [0 0 0 0 0 0 0]:
[2023-04-23 17:08:14] - Range size 2, answer [0 0 0]:
[2023-04-23 17:08:14] - Range size 3, answer [0]:
[2023-04-23 17:08:14] - Range size 4, answer [0]:
[2023-04-23 17:08:14] - Range size 7, answer [0]:
[2023-04-23 17:08:14] - Mechanism: gives answer
[2023-04-23 17:08:14] - output_answer:[0 0 0 1 0 0 0 0 1 0 0 1 1]
[2023-04-23 17:08:14] - Range size 1, answer [0 0 0 1 0 0 0]:
[2023-04-23 17:08:14] - Range size 2, answer [0 1 0]:
[2023-04-23 17:08:14] - Range size 3, answer [0]:
[2023-04-23 17:08:14] - Range size 4, answer [1]:
[2023-04-23 17:08:14] - Range size 7, answer [1]:
[2023-04-23 17:08:14] - At node index 1 current size of dataset is: 0
[2023-04-23 17:08:16] - The testing is implemented at age
[2023-04-23 17:08:16] - Ground truth: gives answer
[2023-04-23 17:08:16] - output_answer:[0 0 0 0 0 0 0 0 0 0 0 0 0 0 0 0 0 0 0 0 0 0 0 0 0 0 0 0 0 0 0 0 0 0 0 0 0
 0 0 0 0 0 0 0 0 0 0 0 0 0 0 0 0 0 0 0 0 0 0 0 0 0 0 0 0 0 0 0 0 0 0 0 0 0
 0 0 0 0 0 0 0 0 0 0 0 0 0 0 0 0 0 0 0 0 0 0 0 0 0 0 0 0 0 0 0 0 0 0 0 0 0
 0 0 0 0 0 0 0 0 0 0 0 0 0 0 0 0 0 0 0 0 0 0 0 0 0 0 0 0 0 0 0 0 0 0 0 0 0
 0 0 0 0 0 0 0 0 0 0 0 0 0 0 0 0 0 0 0 0 0]
[2023-04-23 17:08:16] - Range size 1, answer [0 0 0 0 0 0 0 0 0 0 0 0 0 0 0 0 0 0 0 0 0 0 0 0 0 0 0 0 0 0 0 0 0 0 0 0 0
 0 0 0 0 0 0 0 0 0 0 0 0 0 0 0 0 0 0 0 0 0 0 0 0 0 0 0 0 0 0 0 0 0 0 0 0 0
 0 0 0 0 0 0 0 0 0 0 0]:
[2023-04-23 17:08:16] - Range size 2, answer [0 0 0 0 0 0 0 0 0 0 0 0 0 0 0 0 0 0 0 0 0 0 0 0 0 0 0 0 0 0 0 0]:
[2023-04-23 17:08:16] - Range size 3, answer [0 0 0 0 0 0 0 0 0 0 0 0 0 0 0 0 0 0 0 0 0]:
[2023-04-23 17:08:16] - Range size 5, answer [0 0 0 0 0 0 0 0 0 0 0]:
[2023-04-23 17:08:16] - Range size 6, answer [0 0 0 0 0]:
[2023-04-23 17:08:16] - Range size 10, answer [0 0 0]:
[2023-04-23 17:08:16] - Range size 11, answer [0 0 0 0 0]:
[2023-04-23 17:08:16] - Range size 21, answer [0 0 0]:
[2023-04-23 17:08:16] - Range size 22, answer [0]:
[2023-04-23 17:08:16] - Range size 42, answer [0]:
[2023-04-23 17:08:16] - Range size 43, answer [0]:
[2023-04-23 17:08:16] - Range size 85, answer [0]:
[2023-04-23 17:08:16] - Mechanism: gives answer
[2023-04-23 17:08:16] - output_answer:[0 0 0 0 0 0 0 0 0 0 0 0 0 0 0 0 0 0 0 0 0 0 0 0 0 0 0 0 0 0 0 0 0 0 0 0 0
 0 0 0 0 0 0 0 0 0 0 0 0 0 0 0 0 0 0 0 0 0 0 0 1 0 0 0 0 0 0 0 0 0 0 0 0 0
 0 0 0 0 0 0 0 0 0 0 0 0 0 0 0 0 0 0 0 0 0 0 0 0 0 0 0 0 0 0 0 0 0 1 0 0 0
 0 0 0 0 0 0 0 0 0 0 0 0 0 0 0 0 0 0 0 0 0 1 0 0 0 0 0 0 0 0 0 0 0 0 1 0 0
 0 0 0 0 0 0 0 1 0 0 0 0 0 0 0 1 0 0 1 0 1]
[2023-04-23 17:08:16] - Range size 1, answer [0 0 0 0 0 0 0 0 0 0 0 0 0 0 0 0 0 0 0 0 0 0 0 0 0 0 0 0 0 0 0 0 0 0 0 0 0
 0 0 0 0 0 0 0 0 0 0 0 0 0 0 0 0 0 0 0 0 0 0 0 1 0 0 0 0 0 0 0 0 0 0 0 0 0
 0 0 0 0 0 0 0 0 0 0 0]:
[2023-04-23 17:08:16] - Range size 2, answer [0 0 0 0 0 0 0 0 0 0 0 0 0 0 0 0 0 0 0 0 0 0 1 0 0 0 0 0 0 0 0 0]:
[2023-04-23 17:08:16] - Range size 3, answer [0 0 0 0 0 0 0 0 0 0 0 0 0 0 0 1 0 0 0 0 0]:
[2023-04-23 17:08:16] - Range size 5, answer [0 0 0 0 0 0 0 1 0 0 0]:
[2023-04-23 17:08:16] - Range size 6, answer [0 0 0 0 0]:
[2023-04-23 17:08:16] - Range size 10, answer [0 1 0]:
[2023-04-23 17:08:16] - Range size 11, answer [0 0 0 0 0]:
[2023-04-23 17:08:16] - Range size 21, answer [0 1 0]:
[2023-04-23 17:08:16] - Range size 22, answer [0]:
[2023-04-23 17:08:16] - Range size 42, answer [1]:
[2023-04-23 17:08:16] - Range size 43, answer [0]:
[2023-04-23 17:08:16] - Range size 85, answer [1]:
[2023-04-23 17:08:16] - ++++++++ Testing on node 1 Finished ++++++++
[2023-04-23 17:08:16] - ++++++++ Testing on node 2 Started ++++++++
[2023-04-23 17:08:16] - At node index 2 current size of dataset is: 0
[2023-04-23 17:08:18] - The testing is implemented at marital-status
[2023-04-23 17:08:18] - Ground truth: gives answer
[2023-04-23 17:08:18] - output_answer:[0 0 0 0 0 0 0 0 0 0 0 0 0]
[2023-04-23 17:08:18] - Range size 1, answer [0 0 0 0 0 0 0]:
[2023-04-23 17:08:18] - Range size 2, answer [0 0 0]:
[2023-04-23 17:08:18] - Range size 3, answer [0]:
[2023-04-23 17:08:18] - Range size 4, answer [0]:
[2023-04-23 17:08:18] - Range size 7, answer [0]:
[2023-04-23 17:08:18] - Mechanism: gives answer
[2023-04-23 17:08:18] - output_answer:[0 0 0 0 1 0 0 0 0 1 1 0 1]
[2023-04-23 17:08:18] - Range size 1, answer [0 0 0 0 1 0 0]:
[2023-04-23 17:08:18] - Range size 2, answer [0 0 1]:
[2023-04-23 17:08:18] - Range size 3, answer [1]:
[2023-04-23 17:08:18] - Range size 4, answer [0]:
[2023-04-23 17:08:18] - Range size 7, answer [1]:
[2023-04-23 17:08:18] - At node index 2 current size of dataset is: 0
[2023-04-23 17:08:19] - The testing is implemented at age
[2023-04-23 17:08:19] - Ground truth: gives answer
[2023-04-23 17:08:19] - output_answer:[0 0 0 0 0 0 0 0 0 0 0 0 0 0 0 0 0 0 0 0 0 0 0 0 0 0 0 0 0 0 0 0 0 0 0 0 0
 0 0 0 0 0 0 0 0 0 0 0 0 0 0 0 0 0 0 0 0 0 0 0 0 0 0 0 0 0 0 0 0 0 0 0 0 0
 0 0 0 0 0 0 0 0 0 0 0 0 0 0 0 0 0 0 0 0 0 0 0 0 0 0 0 0 0 0 0 0 0 0 0 0 0
 0 0 0 0 0 0 0 0 0 0 0 0 0 0 0 0 0 0 0 0 0 0 0 0 0 0 0 0 0 0 0 0 0 0 0 0 0
 0 0 0 0 0 0 0 0 0 0 0 0 0 0 0 0 0 0 0 0 0]
[2023-04-23 17:08:19] - Range size 1, answer [0 0 0 0 0 0 0 0 0 0 0 0 0 0 0 0 0 0 0 0 0 0 0 0 0 0 0 0 0 0 0 0 0 0 0 0 0
 0 0 0 0 0 0 0 0 0 0 0 0 0 0 0 0 0 0 0 0 0 0 0 0 0 0 0 0 0 0 0 0 0 0 0 0 0
 0 0 0 0 0 0 0 0 0 0 0]:
[2023-04-23 17:08:19] - Range size 2, answer [0 0 0 0 0 0 0 0 0 0 0 0 0 0 0 0 0 0 0 0 0 0 0 0 0 0 0 0 0 0 0 0]:
[2023-04-23 17:08:19] - Range size 3, answer [0 0 0 0 0 0 0 0 0 0 0 0 0 0 0 0 0 0 0 0 0]:
[2023-04-23 17:08:19] - Range size 5, answer [0 0 0 0 0 0 0 0 0 0 0]:
[2023-04-23 17:08:19] - Range size 6, answer [0 0 0 0 0]:
[2023-04-23 17:08:19] - Range size 10, answer [0 0 0]:
[2023-04-23 17:08:19] - Range size 11, answer [0 0 0 0 0]:
[2023-04-23 17:08:19] - Range size 21, answer [0 0 0]:
[2023-04-23 17:08:19] - Range size 22, answer [0]:
[2023-04-23 17:08:19] - Range size 42, answer [0]:
[2023-04-23 17:08:19] - Range size 43, answer [0]:
[2023-04-23 17:08:19] - Range size 85, answer [0]:
[2023-04-23 17:08:19] - Mechanism: gives answer
[2023-04-23 17:08:19] - output_answer:[0 0 0 0 0 1 0 0 0 0 0 0 0 0 0 0 0 0 0 0 0 0 0 0 0 0 0 0 0 0 0 0 0 0 0 0 0
 0 0 0 0 0 0 0 0 0 0 0 0 0 0 0 0 0 0 0 0 0 0 0 0 0 0 0 0 0 0 0 0 0 0 0 0 0
 0 0 0 0 0 0 0 0 0 0 0 0 0 0 0 0 0 0 0 0 0 0 0 0 0 0 0 0 0 0 0 0 0 0 0 0 0
 0 0 0 0 0 0 0 1 0 0 0 0 0 0 0 0 0 0 0 0 0 0 0 0 0 0 0 0 0 0 0 0 0 0 0 0 0
 0 1 0 0 0 0 0 0 0 1 0 0 0 0 0 0 0 1 0 1 1]
[2023-04-23 17:08:19] - Range size 1, answer [0 0 0 0 0 1 0 0 0 0 0 0 0 0 0 0 0 0 0 0 0 0 0 0 0 0 0 0 0 0 0 0 0 0 0 0 0
 0 0 0 0 0 0 0 0 0 0 0 0 0 0 0 0 0 0 0 0 0 0 0 0 0 0 0 0 0 0 0 0 0 0 0 0 0
 0 0 0 0 0 0 0 0 0 0 0]:
[2023-04-23 17:08:19] - Range size 2, answer [0 0 0 0 0 0 0 0 0 0 0 0 0 0 0 0 0 0 0 0 0 0 0 0 0 0 0 0 0 0 0 0]:
[2023-04-23 17:08:19] - Range size 3, answer [0 1 0 0 0 0 0 0 0 0 0 0 0 0 0 0 0 0 0 0 0]:
[2023-04-23 17:08:19] - Range size 5, answer [0 0 0 0 0 0 0 0 0 0 0]:
[2023-04-23 17:08:19] - Range size 6, answer [1 0 0 0 0]:
[2023-04-23 17:08:19] - Range size 10, answer [0 0 0]:
[2023-04-23 17:08:19] - Range size 11, answer [1 0 0 0 0]:
[2023-04-23 17:08:19] - Range size 21, answer [0 0 0]:
[2023-04-23 17:08:19] - Range size 22, answer [1]:
[2023-04-23 17:08:19] - Range size 42, answer [0]:
[2023-04-23 17:08:19] - Range size 43, answer [1]:
[2023-04-23 17:08:19] - Range size 85, answer [1]:
[2023-04-23 17:08:19] - ++++++++ Testing on node 2 Finished ++++++++
[2023-04-23 17:08:19] - Insertion and Deletion Mechanism:
[2023-04-23 17:08:19] - Member marital-status
[2023-04-23 17:08:19] - For ground truth, queries on node 1 gives answer [1 0 1 0 0 0 0 1 1 0 0 2 2]
[2023-04-23 17:08:19] - For insertion-only mechanism, queries on node 1 gives answer [1 0 2 0 0 0 0 1 1 0 0 2 2]
[2023-04-23 17:08:19] - For ground truth, queries on node 2 gives answer [2 1 1 0 0 0 0 3 1 0 0 4 4]
[2023-04-23 17:08:19] - For insertion-only mechanism, queries on node 2 gives answer [3 1 1 0 0 0 0 4 1 0 0 5 4]
[2023-04-23 17:08:19] - Member age
[2023-04-23 17:08:19] - For ground truth, queries on node 1 gives answer [0 0 0 0 0 0 0 0 0 0 0 0 0 0 0 0 0 0 0 0 0 0 0 1 0 0 0 0 0 0 0 0 0 0 1 0 0
 0 0 0 0 0 0 0 0 0 0 0 0 0 0 0 0 0 0 0 0 0 0 0 0 0 0 0 0 0 0 0 0 0 0 0 0 0
 0 0 0 0 0 0 0 0 0 0 0 0 0 0 0 0 0 0 0 1 0 0 0 1 0 0 0 0 0 0 0 0 0 0 0 0 0
 0 0 0 0 0 0 0 0 0 0 0 0 1 0 0 1 0 0 0 0 0 0 0 0 0 0 0 0 0 0 1 0 0 0 0 0 0
 0 0 0 1 0 0 1 0 0 0 0 1 0 0 2 0 0 0 0 2 2]
[2023-04-23 17:08:19] - For insertion-only mechanism, queries on node 1 gives answer [0 0 0 0 0 0 0 0 0 0 0 0 0 0 0 0 0 0 0 0 0 1 1 1 0 0 0 0 0 0 0 0 0 0 0 0 0
 0 0 0 0 0 0 0 0 0 0 0 0 0 0 0 0 0 0 0 0 0 0 0 0 0 0 0 0 0 0 0 0 0 0 0 0 0
 0 0 0 0 0 0 0 0 0 0 0 0 0 0 0 0 0 0 1 2 0 0 0 0 0 0 0 0 0 0 0 0 0 0 0 0 0
 0 0 0 0 0 0 0 0 0 0 0 0 2 0 0 0 0 0 0 0 0 0 0 0 0 0 0 0 1 0 0 0 0 0 0 0 0
 0 0 0 2 0 0 0 0 0 0 1 2 0 0 2 0 0 1 0 3 2]
[2023-04-23 17:08:19] - For ground truth, queries on node 2 gives answer [0 0 0 0 0 0 0 0 0 0 0 0 0 0 0 0 0 0 0 0 0 0 1 1 0 0 0 0 0 0 0 0 0 0 1 0 0
 1 0 0 0 0 0 0 0 0 0 0 0 0 0 0 0 0 0 0 0 0 0 0 0 0 0 0 0 0 0 0 0 0 0 0 0 0
 0 0 0 0 0 0 0 0 0 0 0 0 0 0 0 0 0 0 0 2 0 0 0 1 1 0 0 0 0 0 0 0 0 0 0 0 0
 0 0 0 0 0 0 0 0 0 0 0 0 2 0 0 1 0 0 0 0 0 0 0 0 0 0 0 0 0 0 2 0 0 0 0 0 0
 0 0 0 2 0 0 2 0 0 0 0 2 0 0 4 0 0 0 0 4 4]
[2023-04-23 17:08:19] - For insertion-only mechanism, queries on node 2 gives answer [0 0 0 0 0 0 1 0 0 0 0 0 0 0 0 0 0 1 0 0 0 0 0 0 0 0 0 0 0 0 0 0 0 0 2 0 0
 0 0 0 0 0 0 0 0 0 0 0 0 1 0 0 0 0 0 0 0 0 0 0 0 0 0 0 0 0 0 0 0 0 0 0 0 0
 0 0 0 0 0 0 0 0 0 0 0 0 0 1 0 0 0 1 0 0 0 0 0 2 0 0 0 0 0 1 0 0 0 0 0 0 0
 0 0 0 0 0 0 0 0 1 0 0 1 0 0 0 2 0 0 0 1 0 0 0 0 0 0 0 1 1 0 2 0 1 0 0 0 0
 0 0 0 0 0 0 2 0 0 0 1 0 1 0 2 1 0 1 1 3 4]
[2023-04-23 17:08:19] - Insertion and Deletion Mechanism finished
[2023-04-23 17:08:19] - Integrated answers stores here
[2023-04-23 17:08:19] - Member marital-status
[2023-04-23 17:08:19] - Node Index 1
[2023-04-23 17:08:19] - Dynamic Tree:
[2023-04-23 17:08:19] - Ground truth:
[1 0 1 0 0 0 0 1 1 0 0 2 2]
[2023-04-23 17:08:19] - Golden standard:
[1 1 1 0 0 0 0 2 1 0 0 3 3]
[2023-04-23 17:08:19] - Mechanism: 
[2 0 1 0 0 0 0 2 1 0 0 3 3]
[2023-04-23 17:08:19] - Insertion-Only Mechanism:
[2023-04-23 17:08:19] - Ground truth:
[1 0 1 0 0 0 0 1 1 0 0 2 2]
[2023-04-23 17:08:19] - Mechanism:
[1 0 2 0 0 0 0 1 1 0 0 2 2]
[2023-04-23 17:08:19] - Node Index 2
[2023-04-23 17:08:19] - Dynamic Tree:
[2023-04-23 17:08:19] - Ground truth:
[2 1 1 0 0 0 0 3 1 0 0 4 4]
[2023-04-23 17:08:19] - Golden standard:
[2 1 1 0 0 0 1 3 1 0 1 4 5]
[2023-04-23 17:08:19] - Mechanism: 
[2 0 0 0 1 0 2 2 0 1 3 2 5]
[2023-04-23 17:08:19] - Insertion-Only Mechanism:
[2023-04-23 17:08:19] - Ground truth:
[2 1 1 0 0 0 0 3 1 0 0 4 4]
[2023-04-23 17:08:19] - Mechanism:
[3 1 1 0 0 0 0 4 1 0 0 5 4]
[2023-04-23 17:08:19] - Member age
[2023-04-23 17:08:19] - Node Index 1
[2023-04-23 17:08:19] - Dynamic Tree:
[2023-04-23 17:08:19] - Ground truth:
[0 0 0 0 0 0 0 0 0 0 0 0 0 0 0 0 0 0 0 0 0 0 0 1 0 0 0 0 0 0 0 0 0 0 1 0 0
 0 0 0 0 0 0 0 0 0 0 0 0 0 0 0 0 0 0 0 0 0 0 0 0 0 0 0 0 0 0 0 0 0 0 0 0 0
 0 0 0 0 0 0 0 0 0 0 0 0 0 0 0 0 0 0 0 1 0 0 0 1 0 0 0 0 0 0 0 0 0 0 0 0 0
 0 0 0 0 0 0 0 0 0 0 0 0 1 0 0 1 0 0 0 0 0 0 0 0 0 0 0 0 0 0 1 0 0 0 0 0 0
 0 0 0 1 0 0 1 0 0 0 0 1 0 0 2 0 0 0 0 2 2]
[2023-04-23 17:08:19] - Golden standard:
[0 0 0 0 0 0 0 0 0 0 0 0 0 0 0 0 0 0 0 0 0 0 0 0 0 0 0 0 0 0 0 0 0 0 0 0 0
 0 0 0 0 0 0 0 1 0 0 0 0 0 1 0 0 0 0 0 0 0 0 0 0 0 0 0 0 0 0 0 0 0 0 0 0 0
 0 0 0 0 0 0 0 0 1 0 0 0 0 0 0 0 0 0 0 0 0 0 0 0 0 0 0 1 0 1 0 0 0 0 0 0 0
 0 0 0 0 0 0 0 0 0 0 0 0 0 0 0 0 0 1 0 1 0 0 0 0 0 0 1 0 0 0 0 0 1 0 0 0 0
 1 0 0 0 1 0 0 0 1 0 0 0 2 0 0 2 1 0 3 0 3]
[2023-04-23 17:08:19] - Mechanism: 
[0 0 0 0 0 0 0 0 0 0 0 0 0 0 0 0 0 0 0 0 0 0 0 1 0 0 0 0 0 0 0 0 0 0 0 0 0
 0 0 0 0 0 0 0 0 0 1 0 0 0 0 0 0 1 0 0 0 0 0 0 0 0 0 0 0 0 0 0 0 0 0 0 0 0
 0 0 0 0 0 0 0 0 0 0 0 0 0 0 0 0 0 0 0 1 0 0 0 0 0 0 0 0 1 0 1 0 0 0 0 0 0
 0 0 0 0 0 0 0 0 0 0 0 0 1 0 0 0 0 0 1 0 0 0 0 0 0 0 0 0 0 0 0 0 1 0 0 0 0
 0 0 0 1 1 0 0 0 0 0 0 1 2 0 1 2 0 0 2 1 3]
[2023-04-23 17:08:19] - Insertion-Only Mechanism:
[2023-04-23 17:08:19] - Ground truth:
[0 0 0 0 0 0 0 0 0 0 0 0 0 0 0 0 0 0 0 0 0 0 0 1 0 0 0 0 0 0 0 0 0 0 1 0 0
 0 0 0 0 0 0 0 0 0 0 0 0 0 0 0 0 0 0 0 0 0 0 0 0 0 0 0 0 0 0 0 0 0 0 0 0 0
 0 0 0 0 0 0 0 0 0 0 0 0 0 0 0 0 0 0 0 1 0 0 0 1 0 0 0 0 0 0 0 0 0 0 0 0 0
 0 0 0 0 0 0 0 0 0 0 0 0 1 0 0 1 0 0 0 0 0 0 0 0 0 0 0 0 0 0 1 0 0 0 0 0 0
 0 0 0 1 0 0 1 0 0 0 0 1 0 0 2 0 0 0 0 2 2]
[2023-04-23 17:08:19] - Mechanism:
[0 0 0 0 0 0 0 0 0 0 0 0 0 0 0 0 0 0 0 0 0 1 1 1 0 0 0 0 0 0 0 0 0 0 0 0 0
 0 0 0 0 0 0 0 0 0 0 0 0 0 0 0 0 0 0 0 0 0 0 0 0 0 0 0 0 0 0 0 0 0 0 0 0 0
 0 0 0 0 0 0 0 0 0 0 0 0 0 0 0 0 0 0 1 2 0 0 0 0 0 0 0 0 0 0 0 0 0 0 0 0 0
 0 0 0 0 0 0 0 0 0 0 0 0 2 0 0 0 0 0 0 0 0 0 0 0 0 0 0 0 1 0 0 0 0 0 0 0 0
 0 0 0 2 0 0 0 0 0 0 1 2 0 0 2 0 0 1 0 3 2]
[2023-04-23 17:08:19] - Node Index 2
[2023-04-23 17:08:19] - Dynamic Tree:
[2023-04-23 17:08:19] - Ground truth:
[0 0 0 0 0 0 0 0 0 0 0 0 0 0 0 0 0 0 0 0 0 0 1 1 0 0 0 0 0 0 0 0 0 0 1 0 0
 1 0 0 0 0 0 0 0 0 0 0 0 0 0 0 0 0 0 0 0 0 0 0 0 0 0 0 0 0 0 0 0 0 0 0 0 0
 0 0 0 0 0 0 0 0 0 0 0 0 0 0 0 0 0 0 0 2 0 0 0 1 1 0 0 0 0 0 0 0 0 0 0 0 0
 0 0 0 0 0 0 0 0 0 0 0 0 2 0 0 1 0 0 0 0 0 0 0 0 0 0 0 0 0 0 2 0 0 0 0 0 0
 0 0 0 2 0 0 2 0 0 0 0 2 0 0 4 0 0 0 0 4 4]
[2023-04-23 17:08:19] - Golden standard:
[0 0 0 0 0 0 1 0 0 0 0 0 0 0 0 0 1 0 0 0 0 0 1 1 0 0 0 0 0 0 0 0 0 0 0 0 0
 0 0 0 1 0 0 0 0 0 0 0 0 0 0 0 0 0 0 0 0 0 0 0 0 0 0 0 0 0 0 0 0 0 0 0 0 0
 0 0 0 0 0 0 0 0 0 0 0 0 0 1 0 0 0 0 0 2 0 0 0 0 0 0 0 0 0 0 0 0 0 0 0 0 0
 0 0 0 0 0 0 0 0 1 0 1 0 2 0 0 0 1 0 0 0 0 0 0 0 0 0 0 1 0 0 0 1 0 0 0 0 0
 0 0 1 2 0 0 1 0 0 1 1 2 0 0 3 0 0 2 0 5 5]
[2023-04-23 17:08:19] - Mechanism: 
[1 0 0 0 0 0 0 0 0 0 0 0 0 0 0 0 0 0 0 4 0 0 0 0 0 0 0 0 0 0 0 0 0 0 0 0 0
 0 0 0 0 0 0 0 0 0 0 0 0 0 0 0 0 0 0 0 0 0 0 0 0 0 0 0 0 0 0 0 0 0 0 0 0 0
 0 0 0 0 0 0 0 0 0 0 0 1 0 0 0 0 0 0 0 0 0 0 0 0 0 0 0 0 0 0 0 0 0 0 0 0 0
 0 0 0 0 0 0 1 0 0 0 0 4 0 0 0 0 0 0 0 0 0 0 0 0 0 0 0 0 4 0 0 0 0 0 0 0 0
 0 1 0 0 0 0 0 0 0 1 4 0 0 0 0 0 0 5 0 5 5]
[2023-04-23 17:08:19] - Insertion-Only Mechanism:
[2023-04-23 17:08:19] - Ground truth:
[0 0 0 0 0 0 0 0 0 0 0 0 0 0 0 0 0 0 0 0 0 0 1 1 0 0 0 0 0 0 0 0 0 0 1 0 0
 1 0 0 0 0 0 0 0 0 0 0 0 0 0 0 0 0 0 0 0 0 0 0 0 0 0 0 0 0 0 0 0 0 0 0 0 0
 0 0 0 0 0 0 0 0 0 0 0 0 0 0 0 0 0 0 0 2 0 0 0 1 1 0 0 0 0 0 0 0 0 0 0 0 0
 0 0 0 0 0 0 0 0 0 0 0 0 2 0 0 1 0 0 0 0 0 0 0 0 0 0 0 0 0 0 2 0 0 0 0 0 0
 0 0 0 2 0 0 2 0 0 0 0 2 0 0 4 0 0 0 0 4 4]
[2023-04-23 17:08:19] - Mechanism:
[0 0 0 0 0 0 1 0 0 0 0 0 0 0 0 0 0 1 0 0 0 0 0 0 0 0 0 0 0 0 0 0 0 0 2 0 0
 0 0 0 0 0 0 0 0 0 0 0 0 1 0 0 0 0 0 0 0 0 0 0 0 0 0 0 0 0 0 0 0 0 0 0 0 0
 0 0 0 0 0 0 0 0 0 0 0 0 0 1 0 0 0 1 0 0 0 0 0 2 0 0 0 0 0 1 0 0 0 0 0 0 0
 0 0 0 0 0 0 0 0 1 0 0 1 0 0 0 2 0 0 0 1 0 0 0 0 0 0 0 1 1 0 2 0 1 0 0 0 0
 0 0 0 0 0 0 2 0 0 0 1 0 1 0 2 1 0 1 1 3 4]
[2023-04-23 17:08:19] - ******** Testing Finished ********
[2023-04-23 17:08:19] - ******** Drawing Figure started ********
[2023-04-23 17:08:20] - ******** Drawing Figure finished ********
