[2023-03-20 16:07:22] - Arguments: Namespace(beta=0.05, data_size=100, dataset_path='./data/adult.csv', delta=0.1, domain_path='./data/adult-domain.json', epsilon=1.0, iteration=500, sparse_ratio=10)
[2023-03-20 16:07:22] - ******** Initialization ********
[2023-03-20 16:07:22] - Data sparsification complete
[2023-03-20 16:07:22] - Data information: {'age': 85, 'workclass': 9, 'fnlwgt': 100, 'education-num': 16, 'marital-status': 7, 'occupation': 15, 'relationship': 6, 'race': 5, 'sex': 2, 'capital-gain': 100, 'capital-loss': 100, 'hours-per-week': 99, 'native-country': 42, 'income>50K': 2}
[2023-03-20 16:07:22] - ******** Create Dynamic Tree ********
[2023-03-20 16:07:25] - The dynamic interval tree consists of nodes: [
Node index: 1, height: 0, right_ancestor_index: 2, left_ancestor_index: None, right_child: None, left_child: None, 
 df:   age workclass fnlwgt education-num marital-status occupation relationship race sex capital-gain capital-loss hours-per-week native-country income>50K
0  38         8     11             9              0         14            2    1   1            0            0             59             10          1
1   9         0     18             8              2          6            3    0   1            0            0             34              0          0
, 
Node index: 2, height: 1, right_ancestor_index: 4, left_ancestor_index: None, right_child: 3, left_child: 1, 
 df:   age workclass fnlwgt education-num marital-status occupation relationship race sex capital-gain capital-loss hours-per-week native-country income>50K
0  38         8     11             9              0         14            2    1   1            0            0             59             10          1
1   9         0     18             8              2          6            3    0   1            0            0             34              0          0
2  43         0     10             8              0          3            2    0   1            0            0             47              0          0
, 
Node index: 3, height: 0, right_ancestor_index: None, left_ancestor_index: 2, right_child: None, left_child: None, 
 df:   age workclass fnlwgt education-num marital-status occupation relationship race sex capital-gain capital-loss hours-per-week native-country income>50K
0   3         0     35             8              6          8            0    0   0            0            0             24              0          0
, 
Node index: 4, height: 2, right_ancestor_index: 8, left_ancestor_index: None, right_child: 6, left_child: 2, 
 df:    age workclass fnlwgt education-num marital-status occupation relationship race sex capital-gain capital-loss hours-per-week native-country income>50K
0    9         0     18             8              2          6            3    0   1            0            0             34              0          0
1   15         0     20            12              3          3            1    4   0            0            0             39              0          0
2   33         0     12             8              0          1            2    0   1            0            0             39              0          0
3   12         0     22            12              0          5            0    4   0            0            0             39             12          0
4   32         0     10            11              1          4            5    0   0            0            0             39              2          0
5   15         0     33             4              0          7            2    0   1            0            0             42              0          0
6   18         4     14            12              0         12            2    0   1            0            0             39              0          1
7   34         3     16            12              1          4            3    0   1            0            0             54              0          1
8   14         3      3             9              0          8            1    0   1            0            0             39              0          0
9    9         0      1             9              0          4            0    3   0            0            0             39              0          0
10  16         0     11             8              2          7            5    0   1            0            0             39              0          0
11  51         8     13             5              0         14            2    0   1            0            0              1              0          0
12  29         0     25            12              1          4            1    0   1            0           28             39              0          0
13  41         3     22            12              0          5            2    4   1            0            0             39              0          1
14  24         0      7            10              0          1            2    1   1            0            0             39             41          1
15  20         0      9             8              0          1            2    0   1            0            0             39              0          0
16  37         0     15             6              0          6            2    4   1            0            0             39              0          0
17  32         0     15             6              2          7            5    0   1            0            0             39              3          0
18  26         0     10            12              0          4            2    0   1            5            0             39              0          1
19  12         0     11             9              1          8            3    0   0            0            0             39              0          0
, 
Node index: 5, height: 0, right_ancestor_index: 6, left_ancestor_index: None, right_child: None, left_child: None, 
 df: Empty DataFrame
Columns: [age, workclass, fnlwgt, education-num, marital-status, occupation, relationship, race, sex, capital-gain, capital-loss, hours-per-week, native-country, income>50K]
Index: []
]
[2023-03-20 16:07:25] - Infinite Private Partitioning: s0: 0, j: 5, T: 65536, beta: 2.883135391252616e-07, C: 1878.9903538693616, epsilon: 0.1, 
 segment: [0, 2, 4, 16, 256, 1099]
[2023-03-20 16:07:25] - ******** Testing Started ********
[2023-03-20 16:07:25] - At node with index 3, we implement queries on cliques dict_keys(['age']):
[2023-03-20 16:07:25] - Ground truth: gives answer: 
[0 2 0 0 0 2 2 2 0 2 0 0 0 0 2 4 2 2 0 3 2 2 2 0 2 0 2 0 0 1 3 0 2 3 2 2 0
 1 2 0 0 4 1 0 3 0 3 2 0 3 0 0 3 2 3 0 2 2 2 2 2 0 2 2 2 0 0 0 1 0 2 1 2 2
 0 0 2 2 3 0 0 0 0 2 1 2 0 2 2 0 2 0 1 0 3 0 2 0 0 0]
[2023-03-20 16:07:31] - Golden standard: data vector for original dataset is: 
[0. 0. 0. 1. 0. 0. 0. 0. 0. 1. 0. 0. 0. 0. 0. 0. 0. 0. 0. 0. 0. 0. 0. 0.
 0. 0. 0. 0. 0. 0. 0. 0. 0. 0. 0. 0. 0. 0. 1. 0. 0. 0. 0. 1. 0. 0. 0. 0.
 0. 0. 0. 0. 0. 0. 0. 0. 0. 0. 0. 0. 0. 0. 0. 0. 0. 0. 0. 0. 0. 0. 0. 0.
 0. 0. 0. 0. 0. 0. 0. 0. 0. 0. 0. 0. 0.]
[2023-03-20 16:07:31] - Golden standard: data vector for approximate dataset is: 
[0. 1. 0. 0. 0. 0. 0. 0. 0. 0. 0. 0. 0. 0. 0. 0. 0. 0. 0. 0. 0. 0. 0. 0.
 0. 0. 0. 0. 0. 0. 0. 0. 0. 0. 0. 0. 0. 0. 0. 0. 0. 0. 0. 0. 0. 0. 0. 0.
 0. 0. 0. 0. 0. 0. 0. 0. 0. 0. 0. 0. 0. 0. 0. 0. 4. 0. 0. 0. 0. 0. 0. 0.
 0. 0. 0. 0. 0. 0. 0. 0. 0. 0. 0. 0. 0.]
[2023-03-20 16:07:31] - epsilon 1.0
[2023-03-20 16:07:31] - Golden standard: gives answer: 
[0 0 0 0 0 3 0 3 0 3 0 0 0 0 3 5 0 0 3 3 0 3 3 0 0 0 0 0 0 0 0 3 0 0 0 0 0
 3 3 0 3 0 3 0 0 0 3 3 3 3 0 0 3 3 0 0 3 3 0 0 3 0 0 0 3 0 3 3 0 0 0 3 3 0
 0 3 3 3 3 3 3 0 0 3 3 0 0 0 3 3 0 0 3 3 3 0 0 0 0 0]
[2023-03-20 16:07:31] - -------- New Mechanism answer node query on node 2 starts --------
[2023-03-20 16:07:31] - Mechanism: 
  age workclass fnlwgt education-num marital-status occupation relationship race sex capital-gain capital-loss hours-per-week native-country income>50K
0  38         8     11             9              0         14            2    1   1            0            0             59             10          1
1   9         0     18             8              2          6            3    0   1            0            0             34              0          0
2  43         0     10             8              0          3            2    0   1            0            0             47              0          0
[2023-03-20 16:07:31] - Mechanism: epsilon during the algorithm 0.095890
[2023-03-20 16:07:46] - -------- New Mechanism answer node query on node 2 finished --------
[2023-03-20 16:07:46] - -------- New Mechanism answer node query on node 3 starts --------
[2023-03-20 16:07:46] - Mechanism: 
  age workclass fnlwgt education-num marital-status occupation relationship race sex capital-gain capital-loss hours-per-week native-country income>50K
0   3         0     35             8              6          8            0    0   0            0            0             24              0          0
[2023-03-20 16:07:46] - Mechanism: epsilon during the algorithm inf
[2023-03-20 16:09:12] - -------- New Mechanism answer node query on node 3 finished --------
[2023-03-20 16:09:12] - Mechanism: gives answer 
[0 4 0 0 0 4 4 4 0 4 0 0 0 0 4 6 4 4 0 4 4 4 4 0 4 0 4 0 0 0 4 0 2 4 4 4 0
 4 4 0 0 6 4 0 4 0 4 4 0 4 0 0 4 4 4 0 4 4 4 4 4 0 0 4 4 0 0 0 0 0 4 4 4 2
 0 0 4 4 4 0 0 0 0 4 4 4 0 4 4 0 4 0 4 0 4 0 4 0 0 0]
[2023-03-20 16:09:12] - The testing is implemented at age
[2023-03-20 16:09:12] - Ground truth: gives answer: 
[0 2 0 0 0 2 2 2 0 2 0 0 0 0 2 4 2 2 0 3 2 2 2 0 2 0 2 0 0 1 3 0 2 3 2 2 0
 1 2 0 0 4 1 0 3 0 3 2 0 3 0 0 3 2 3 0 2 2 2 2 2 0 2 2 2 0 0 0 1 0 2 1 2 2
 0 0 2 2 3 0 0 0 0 2 1 2 0 2 2 0 2 0 1 0 3 0 2 0 0 0]
[2023-03-20 16:09:12] - Golden standard: gives answer: 
[0 0 0 0 0 3 0 3 0 3 0 0 0 0 3 5 0 0 3 3 0 3 3 0 0 0 0 0 0 0 0 3 0 0 0 0 0
 3 3 0 3 0 3 0 0 0 3 3 3 3 0 0 3 3 0 0 3 3 0 0 3 0 0 0 3 0 3 3 0 0 0 3 3 0
 0 3 3 3 3 3 3 0 0 3 3 0 0 0 3 3 0 0 3 3 3 0 0 0 0 0]
[2023-03-20 16:09:12] - Mechanism: gives answer: 
[0 4 0 0 0 4 4 4 0 4 0 0 0 0 4 6 4 4 0 4 4 4 4 0 4 0 4 0 0 0 4 0 2 4 4 4 0
 4 4 0 0 6 4 0 4 0 4 4 0 4 0 0 4 4 4 0 4 4 4 4 4 0 0 4 4 0 0 0 0 0 4 4 4 2
 0 0 4 4 4 0 0 0 0 4 4 4 0 4 4 0 4 0 4 0 4 0 4 0 0 0]
[2023-03-20 16:09:12] - Mean Square Error of ground truth and golden standard: 2.72
[2023-03-20 16:09:12] - Mean Square Error of ground truth and mechanism: 2.09
[2023-03-20 16:09:12] - Mean Square Error of golden standard and mechanism: 5.09
[2023-03-20 16:09:12] - Measurement1: 0.7341666666666665
[2023-03-20 16:09:12] - Measurement2: 0.9822222222222222
[2023-03-20 16:09:12] - ******** Testing Finished ********
