[2023-04-23 01:35:29] - Arguments: Namespace(beta=0.05, column_number=1, data_size=100, dataset_path='./data/adult.csv', delta=0.1, domain_path='./data/adult-domain.json', each_query_size=10, epsilon=1.0, iteration=100, sparse_ratio=10)
[2023-04-23 01:35:29] - ******** Initialization ********
[2023-04-23 01:35:29] - Data sparsification complete
[2023-04-23 01:35:29] - Data information: {'age': 85, 'workclass': 9, 'fnlwgt': 100, 'education-num': 16, 'marital-status': 7, 'occupation': 15, 'relationship': 6, 'race': 5, 'sex': 2, 'capital-gain': 100, 'capital-loss': 100, 'hours-per-week': 99, 'native-country': 42, 'income>50K': 2}
[2023-04-23 01:35:29] - ******** Create Dynamic Tree ********
[2023-04-23 01:35:30] - The dynamic interval tree consists of nodes: [
-------- Node index: 1 --------
height: 0, sj: 2, 
right_ancestor_index: 2, left_ancestor_index: None, right_child: None, left_child: None, 
df size: 2, delete_df size: 0
-----------------------------------, 
-------- Node index: 2 --------
height: 1, sj: 4, 
right_ancestor_index: 4, left_ancestor_index: None, right_child: 3, left_child: 1, 
df size: 4, delete_df size: 0
-----------------------------------, 
-------- Node index: 3 --------
height: 0, sj: 16, 
right_ancestor_index: None, left_ancestor_index: 2, right_child: None, left_child: None, 
df size: 7, delete_df size: 3
-----------------------------------, 
-------- Node index: 4 --------
height: 2, sj: 136, 
right_ancestor_index: 8, left_ancestor_index: None, right_child: 6, left_child: 2, 
df size: 10, delete_df size: 60
-----------------------------------, 
-------- Node index: 5 --------
height: 0, sj: 189, 
right_ancestor_index: 6, left_ancestor_index: None, right_child: None, left_child: None, 
df size: 10, delete_df size: 27
-----------------------------------]
[2023-04-23 01:35:30] - The insertion tree consists of nodes: [
-------- Node index: 1 --------
height: 0, sj: 2, 
right_ancestor_index: 2, left_ancestor_index: None, right_child: None, left_child: None, 
df size: 2, delete_df size: 0
-----------------------------------, 
-------- Node index: 2 --------
height: 1, sj: 4, 
right_ancestor_index: 4, left_ancestor_index: None, right_child: 3, left_child: 1, 
df size: 4, delete_df size: 0
-----------------------------------, 
-------- Node index: 3 --------
height: 0, sj: 16, 
right_ancestor_index: None, left_ancestor_index: 2, right_child: None, left_child: None, 
df size: 9, delete_df size: 0
-----------------------------------, 
-------- Node index: 4 --------
height: 2, sj: 136, 
right_ancestor_index: 8, left_ancestor_index: None, right_child: 6, left_child: 2, 
df size: 73, delete_df size: 0
-----------------------------------, 
-------- Node index: 5 --------
height: 0, sj: 189, 
right_ancestor_index: 6, left_ancestor_index: None, right_child: None, left_child: None, 
df size: 26, delete_df size: 0
-----------------------------------] 
[2023-04-23 01:35:30] - The deletion tree consists of nodes: [
-------- Node index: 1 --------
height: 0, sj: 2, 
right_ancestor_index: 2, left_ancestor_index: None, right_child: None, left_child: None, 
df size: 0, delete_df size: 0
-----------------------------------, 
-------- Node index: 2 --------
height: 1, sj: 4, 
right_ancestor_index: 4, left_ancestor_index: None, right_child: 3, left_child: 1, 
df size: 0, delete_df size: 0
-----------------------------------, 
-------- Node index: 3 --------
height: 0, sj: 16, 
right_ancestor_index: None, left_ancestor_index: 2, right_child: None, left_child: None, 
df size: 3, delete_df size: 0
-----------------------------------, 
-------- Node index: 4 --------
height: 2, sj: 136, 
right_ancestor_index: 8, left_ancestor_index: None, right_child: 6, left_child: 2, 
df size: 63, delete_df size: 0
-----------------------------------, 
-------- Node index: 5 --------
height: 0, sj: 189, 
right_ancestor_index: 6, left_ancestor_index: None, right_child: None, left_child: None, 
df size: 27, delete_df size: 0
-----------------------------------] 
[2023-04-23 01:35:30] - Infinite Private Partitioning: s0: 0, j: 5, T: 18496, beta: 2.883135391252616e-07, C: 179.043719564527, epsilon: 1.0, 
 segment: [0, 2, 4, 16, 136, 189]
[2023-04-23 01:35:30] - ******** Testing Started ********
[2023-04-23 01:35:30] - ++++++++ Testing on node 1 Started ++++++++
[2023-04-23 01:35:30] - At node with index 1, we implement queries on cliques dict_keys(['marital-status', 'age']):
[2023-04-23 01:35:30] - -------- New Mechanism: Testing on 1, node 1 is accessed --------
[2023-04-23 01:35:31] - -------- New Mechanism answer node query on node 1 finished --------
[2023-04-23 01:35:31] - The testing is implemented at marital-status
[2023-04-23 01:35:31] - Ground truth: gives answer
[2023-04-23 01:35:31] - output_answer:[1 0 1 0 0 0 0 1 1 0 0 2 2]
[2023-04-23 01:35:31] - Range size 1, answer [1 0 1 0 0 0 0]:
[2023-04-23 01:35:31] - Range size 2, answer [1 1 0]:
[2023-04-23 01:35:31] - Range size 3, answer [0]:
[2023-04-23 01:35:31] - Range size 4, answer [2]:
[2023-04-23 01:35:31] - Range size 7, answer [2]:
[2023-04-23 01:35:31] - Golden standard: gives answer
[2023-04-23 01:35:31] - output_answer:[0 0 0 3 0 0 0 0 3 0 0 3 3]
[2023-04-23 01:35:31] - Range size 1, answer [0 0 0 3 0 0 0]:
[2023-04-23 01:35:31] - Range size 2, answer [0 3 0]:
[2023-04-23 01:35:31] - Range size 3, answer [0]:
[2023-04-23 01:35:31] - Range size 4, answer [3]:
[2023-04-23 01:35:31] - Range size 7, answer [3]:
[2023-04-23 01:35:31] - Mechanism: gives answer
[2023-04-23 01:35:31] - output_answer:[1 0 2 0 0 0 0 1 2 0 0 3 3]
[2023-04-23 01:35:31] - Range size 1, answer [1 0 2 0 0 0 0]:
[2023-04-23 01:35:31] - Range size 2, answer [1 2 0]:
[2023-04-23 01:35:31] - Range size 3, answer [0]:
[2023-04-23 01:35:31] - Range size 4, answer [3]:
[2023-04-23 01:35:31] - Range size 7, answer [3]:
[2023-04-23 01:35:31] - Mean Square Error of ground truth and golden standard: 1.3846153846153846
[2023-04-23 01:35:31] - Mean Square Error of ground truth and mechanism: 0.3076923076923077
[2023-04-23 01:35:31] - Mean Square Error of golden standard and mechanism: 1.2307692307692308
[2023-04-23 01:35:31] - Measurement3: golden_standard and mechanism
0.0
[2023-04-23 01:35:32] - -------- New Mechanism: Testing on 1, node 1 is accessed --------
[2023-04-23 01:35:32] - -------- New Mechanism answer node query on node 1 finished --------
[2023-04-23 01:35:32] - The testing is implemented at age
[2023-04-23 01:35:32] - Ground truth: gives answer
[2023-04-23 01:35:32] - output_answer:[0 0 0 0 0 0 0 0 0 0 0 0 0 0 0 0 0 0 0 0 0 0 0 1 0 0 0 0 0 0 0 0 0 0 1 0 0
 0 0 0 0 0 0 0 0 0 0 0 0 0 0 0 0 0 0 0 0 0 0 0 0 0 0 0 0 0 0 0 0 0 0 0 0 0
 0 0 0 0 0 0 0 0 0 0 0 0 0 0 0 0 0 0 0 1 0 0 0 1 0 0 0 0 0 0 0 0 0 0 0 0 0
 0 0 0 0 0 0 0 0 0 0 0 0 1 0 0 1 0 0 0 0 0 0 0 0 0 0 0 0 0 0 1 0 0 0 0 0 0
 0 0 0 1 0 0 1 0 0 0 0 1 0 0 2 0 0 0 0 2 2]
[2023-04-23 01:35:32] - Range size 1, answer [0 0 0 0 0 0 0 0 0 0 0 0 0 0 0 0 0 0 0 0 0 0 0 1 0 0 0 0 0 0 0 0 0 0 1 0 0
 0 0 0 0 0 0 0 0 0 0 0 0 0 0 0 0 0 0 0 0 0 0 0 0 0 0 0 0 0 0 0 0 0 0 0 0 0
 0 0 0 0 0 0 0 0 0 0 0]:
[2023-04-23 01:35:32] - Range size 2, answer [0 0 0 0 0 0 0 0 1 0 0 0 1 0 0 0 0 0 0 0 0 0 0 0 0 0 0 0 0 0 0 0]:
[2023-04-23 01:35:32] - Range size 3, answer [0 0 0 0 0 0 1 0 0 1 0 0 0 0 0 0 0 0 0 0 0]:
[2023-04-23 01:35:32] - Range size 5, answer [0 0 0 1 0 0 0 0 0 0 0]:
[2023-04-23 01:35:32] - Range size 6, answer [0 0 1 0 0]:
[2023-04-23 01:35:32] - Range size 10, answer [1 0 0]:
[2023-04-23 01:35:32] - Range size 11, answer [0 0 1 0 0]:
[2023-04-23 01:35:32] - Range size 21, answer [2 0 0]:
[2023-04-23 01:35:32] - Range size 22, answer [0]:
[2023-04-23 01:35:32] - Range size 42, answer [0]:
[2023-04-23 01:35:32] - Range size 43, answer [2]:
[2023-04-23 01:35:32] - Range size 85, answer [2]:
[2023-04-23 01:35:32] - Golden standard: gives answer
[2023-04-23 01:35:32] - output_answer:[0 0 2 0 0 0 0 0 0 0 0 0 0 0 0 0 0 0 0 0 0 0 0 0 0 0 0 0 0 0 0 0 0 0 0 0 0
 0 0 0 0 0 0 0 0 0 0 0 0 0 0 0 0 0 0 0 0 0 0 0 0 0 0 0 0 0 0 0 0 0 0 0 0 0
 0 1 0 0 0 0 0 0 0 0 0 0 0 0 0 0 0 0 0 0 0 0 0 0 0 0 0 0 0 0 0 0 0 0 0 0 0
 0 0 1 0 0 0 2 0 0 0 0 0 0 0 0 0 0 0 0 0 0 0 0 0 0 1 0 0 0 0 0 0 0 0 0 0 1
 0 2 0 0 0 0 0 0 1 2 0 0 0 0 0 0 1 2 1 2 3]
[2023-04-23 01:35:32] - Range size 1, answer [0 0 2 0 0 0 0 0 0 0 0 0 0 0 0 0 0 0 0 0 0 0 0 0 0 0 0 0 0 0 0 0 0 0 0 0 0
 0 0 0 0 0 0 0 0 0 0 0 0 0 0 0 0 0 0 0 0 0 0 0 0 0 0 0 0 0 0 0 0 0 0 0 0 0
 0 1 0 0 0 0 0 0 0 0 0]:
[2023-04-23 01:35:32] - Range size 2, answer [0 0 0 0 0 0 0 0 0 0 0 0 0 0 0 0 0 0 0 0 0 0 0 0 0 0 0 0 1 0 0 0]:
[2023-04-23 01:35:32] - Range size 3, answer [2 0 0 0 0 0 0 0 0 0 0 0 0 0 0 0 0 0 0 1 0]:
[2023-04-23 01:35:32] - Range size 5, answer [0 0 0 0 0 0 0 0 0 1 0]:
[2023-04-23 01:35:32] - Range size 6, answer [2 0 0 0 0]:
[2023-04-23 01:35:32] - Range size 10, answer [0 0 1]:
[2023-04-23 01:35:32] - Range size 11, answer [2 0 0 0 0]:
[2023-04-23 01:35:32] - Range size 21, answer [0 0 1]:
[2023-04-23 01:35:32] - Range size 22, answer [2]:
[2023-04-23 01:35:32] - Range size 42, answer [1]:
[2023-04-23 01:35:32] - Range size 43, answer [2]:
[2023-04-23 01:35:32] - Range size 85, answer [3]:
[2023-04-23 01:35:32] - Mechanism: gives answer
[2023-04-23 01:35:32] - output_answer:[0 0 0 0 1 0 0 0 0 0 0 0 0 0 0 0 0 0 0 0 0 0 1 0 0 0 0 0 0 0 0 0 0 0 0 0 0
 0 1 0 0 0 0 0 0 0 0 0 0 0 0 0 0 0 0 0 0 0 0 0 0 0 0 0 0 0 0 0 0 0 0 0 0 0
 0 0 0 0 0 0 0 0 0 0 0 0 1 0 0 0 0 0 0 1 0 0 0 0 0 1 0 0 0 0 0 0 0 0 0 0 0
 0 0 0 0 0 0 0 1 0 0 0 0 1 0 0 0 1 0 0 0 0 0 0 0 0 0 0 0 0 0 0 1 0 0 0 0 0
 0 1 0 1 0 0 1 0 0 1 0 1 0 0 2 0 0 1 0 3 3]
[2023-04-23 01:35:32] - Range size 1, answer [0 0 0 0 1 0 0 0 0 0 0 0 0 0 0 0 0 0 0 0 0 0 1 0 0 0 0 0 0 0 0 0 0 0 0 0 0
 0 1 0 0 0 0 0 0 0 0 0 0 0 0 0 0 0 0 0 0 0 0 0 0 0 0 0 0 0 0 0 0 0 0 0 0 0
 0 0 0 0 0 0 0 0 0 0 0]:
[2023-04-23 01:35:32] - Range size 2, answer [0 1 0 0 0 0 0 0 1 0 0 0 0 0 1 0 0 0 0 0 0 0 0 0 0 0 0 0 0 0 0 0]:
[2023-04-23 01:35:32] - Range size 3, answer [0 1 0 0 0 0 1 0 0 0 1 0 0 0 0 0 0 0 0 0 0]:
[2023-04-23 01:35:32] - Range size 5, answer [0 0 0 0 1 0 0 0 0 0 0]:
[2023-04-23 01:35:32] - Range size 6, answer [1 0 1 0 0]:
[2023-04-23 01:35:32] - Range size 10, answer [1 0 0]:
[2023-04-23 01:35:32] - Range size 11, answer [1 0 1 0 0]:
[2023-04-23 01:35:32] - Range size 21, answer [2 0 0]:
[2023-04-23 01:35:32] - Range size 22, answer [1]:
[2023-04-23 01:35:32] - Range size 42, answer [0]:
[2023-04-23 01:35:32] - Range size 43, answer [3]:
[2023-04-23 01:35:32] - Range size 85, answer [3]:
[2023-04-23 01:35:32] - Mean Square Error of ground truth and golden standard: 0.2485207100591716
[2023-04-23 01:35:32] - Mean Square Error of ground truth and mechanism: 0.10650887573964497
[2023-04-23 01:35:32] - Mean Square Error of golden standard and mechanism: 0.21301775147928995
[2023-04-23 01:35:32] - Measurement3: golden_standard and mechanism
0.0
[2023-04-23 01:35:32] - ++++++++ Testing on node 1 Finished ++++++++
[2023-04-23 01:35:32] - ++++++++ Testing on node 2 Started ++++++++
[2023-04-23 01:35:32] - At node with index 2, we implement queries on cliques dict_keys(['marital-status', 'age']):
[2023-04-23 01:35:33] - -------- New Mechanism: Testing on 2, node 2 is accessed --------
[2023-04-23 01:35:33] - -------- New Mechanism answer node query on node 2 finished --------
[2023-04-23 01:35:33] - The testing is implemented at marital-status
[2023-04-23 01:35:33] - Ground truth: gives answer
[2023-04-23 01:35:33] - output_answer:[2 1 1 0 0 0 0 3 1 0 0 4 4]
[2023-04-23 01:35:33] - Range size 1, answer [2 1 1 0 0 0 0]:
[2023-04-23 01:35:33] - Range size 2, answer [3 1 0]:
[2023-04-23 01:35:33] - Range size 3, answer [0]:
[2023-04-23 01:35:33] - Range size 4, answer [4]:
[2023-04-23 01:35:33] - Range size 7, answer [4]:
[2023-04-23 01:35:33] - Golden standard: gives answer
[2023-04-23 01:35:33] - output_answer:[1 1 0 1 1 1 0 2 1 2 2 3 5]
[2023-04-23 01:35:33] - Range size 1, answer [1 1 0 1 1 1 0]:
[2023-04-23 01:35:33] - Range size 2, answer [2 1 2]:
[2023-04-23 01:35:33] - Range size 3, answer [2]:
[2023-04-23 01:35:33] - Range size 4, answer [3]:
[2023-04-23 01:35:33] - Range size 7, answer [5]:
[2023-04-23 01:35:33] - Mechanism: gives answer
[2023-04-23 01:35:33] - output_answer:[0 0 0 0 0 1 4 0 0 1 5 0 5]
[2023-04-23 01:35:33] - Range size 1, answer [0 0 0 0 0 1 4]:
[2023-04-23 01:35:33] - Range size 2, answer [0 0 1]:
[2023-04-23 01:35:33] - Range size 3, answer [5]:
[2023-04-23 01:35:33] - Range size 4, answer [0]:
[2023-04-23 01:35:33] - Range size 7, answer [5]:
[2023-04-23 01:35:33] - Mean Square Error of ground truth and golden standard: 1.2307692307692308
[2023-04-23 01:35:33] - Mean Square Error of ground truth and mechanism: 5.846153846153846
[2023-04-23 01:35:33] - Mean Square Error of golden standard and mechanism: 3.3846153846153846
[2023-04-23 01:35:33] - Measurement3: golden_standard and mechanism
0.0
[2023-04-23 01:35:34] - -------- New Mechanism: Testing on 2, node 2 is accessed --------
[2023-04-23 01:35:35] - -------- New Mechanism answer node query on node 2 finished --------
[2023-04-23 01:35:35] - The testing is implemented at age
[2023-04-23 01:35:35] - Ground truth: gives answer
[2023-04-23 01:35:35] - output_answer:[0 0 0 0 0 0 0 0 0 0 0 0 0 0 0 0 0 0 0 0 0 0 1 1 0 0 0 0 0 0 0 0 0 0 1 0 0
 1 0 0 0 0 0 0 0 0 0 0 0 0 0 0 0 0 0 0 0 0 0 0 0 0 0 0 0 0 0 0 0 0 0 0 0 0
 0 0 0 0 0 0 0 0 0 0 0 0 0 0 0 0 0 0 0 2 0 0 0 1 1 0 0 0 0 0 0 0 0 0 0 0 0
 0 0 0 0 0 0 0 0 0 0 0 0 2 0 0 1 0 0 0 0 0 0 0 0 0 0 0 0 0 0 2 0 0 0 0 0 0
 0 0 0 2 0 0 2 0 0 0 0 2 0 0 4 0 0 0 0 4 4]
[2023-04-23 01:35:35] - Range size 1, answer [0 0 0 0 0 0 0 0 0 0 0 0 0 0 0 0 0 0 0 0 0 0 1 1 0 0 0 0 0 0 0 0 0 0 1 0 0
 1 0 0 0 0 0 0 0 0 0 0 0 0 0 0 0 0 0 0 0 0 0 0 0 0 0 0 0 0 0 0 0 0 0 0 0 0
 0 0 0 0 0 0 0 0 0 0 0]:
[2023-04-23 01:35:35] - Range size 2, answer [0 0 0 0 0 0 0 0 2 0 0 0 1 1 0 0 0 0 0 0 0 0 0 0 0 0 0 0 0 0 0 0]:
[2023-04-23 01:35:35] - Range size 3, answer [0 0 0 0 0 0 2 0 0 1 0 0 0 0 0 0 0 0 0 0 0]:
[2023-04-23 01:35:35] - Range size 5, answer [0 0 0 2 0 0 0 0 0 0 0]:
[2023-04-23 01:35:35] - Range size 6, answer [0 0 2 0 0]:
[2023-04-23 01:35:35] - Range size 10, answer [2 0 0]:
[2023-04-23 01:35:35] - Range size 11, answer [0 0 2 0 0]:
[2023-04-23 01:35:35] - Range size 21, answer [4 0 0]:
[2023-04-23 01:35:35] - Range size 22, answer [0]:
[2023-04-23 01:35:35] - Range size 42, answer [0]:
[2023-04-23 01:35:35] - Range size 43, answer [4]:
[2023-04-23 01:35:35] - Range size 85, answer [4]:
[2023-04-23 01:35:35] - Golden standard: gives answer
[2023-04-23 01:35:35] - output_answer:[0 0 0 1 0 0 0 0 0 0 0 0 0 0 0 0 0 0 0 0 0 0 0 0 0 0 0 0 0 0 0 0 0 0 0 0 0
 0 0 0 0 0 0 0 0 0 0 0 0 3 0 0 0 0 0 0 0 0 0 0 0 0 0 0 0 0 0 0 0 0 0 1 0 0
 0 0 0 0 0 0 0 0 0 0 0 0 1 0 0 0 0 0 0 0 0 0 0 0 0 0 0 0 0 3 0 0 0 0 0 0 0
 1 0 0 0 0 0 0 1 0 0 0 0 0 0 0 0 0 0 0 3 0 0 0 0 1 0 0 0 0 0 0 0 3 0 0 1 0
 0 1 0 0 0 0 0 0 0 1 0 0 3 1 0 3 1 1 4 1 5]
[2023-04-23 01:35:35] - Range size 1, answer [0 0 0 1 0 0 0 0 0 0 0 0 0 0 0 0 0 0 0 0 0 0 0 0 0 0 0 0 0 0 0 0 0 0 0 0 0
 0 0 0 0 0 0 0 0 0 0 0 0 3 0 0 0 0 0 0 0 0 0 0 0 0 0 0 0 0 0 0 0 0 0 1 0 0
 0 0 0 0 0 0 0 0 0 0 0]:
[2023-04-23 01:35:35] - Range size 2, answer [0 1 0 0 0 0 0 0 0 0 0 0 0 0 0 0 0 0 3 0 0 0 0 0 0 0 1 0 0 0 0 0]:
[2023-04-23 01:35:35] - Range size 3, answer [0 1 0 0 0 0 0 0 0 0 0 0 0 3 0 0 0 0 1 0 0]:
[2023-04-23 01:35:35] - Range size 5, answer [0 0 0 0 0 3 0 0 1 0 0]:
[2023-04-23 01:35:35] - Range size 6, answer [1 0 0 0 0]:
[2023-04-23 01:35:35] - Range size 10, answer [0 0 0]:
[2023-04-23 01:35:35] - Range size 11, answer [1 0 0 3 1]:
[2023-04-23 01:35:35] - Range size 21, answer [0 3 1]:
[2023-04-23 01:35:35] - Range size 22, answer [1]:
[2023-04-23 01:35:35] - Range size 42, answer [4]:
[2023-04-23 01:35:35] - Range size 43, answer [1]:
[2023-04-23 01:35:35] - Range size 85, answer [5]:
[2023-04-23 01:35:35] - Mechanism: gives answer
[2023-04-23 01:35:35] - output_answer:[0 0 0 0 0 0 0 0 0 0 0 0 0 0 0 0 0 0 0 0 0 0 0 0 0 0 0 0 0 0 0 0 0 0 0 0 0
 0 0 0 0 0 0 0 5 0 0 0 0 0 0 0 0 0 0 0 0 0 0 0 0 0 0 0 0 0 0 0 0 0 0 0 0 0
 0 0 0 0 0 0 0 0 0 0 0 0 0 0 0 0 0 0 0 0 0 0 0 0 0 0 0 5 0 0 0 0 0 0 0 0 0
 0 0 0 0 0 0 0 0 0 0 0 0 0 0 0 0 0 5 0 0 0 0 0 0 0 0 0 0 0 0 0 0 0 0 0 0 0
 0 0 0 0 5 0 0 0 0 0 0 0 5 0 0 5 0 0 5 0 5]
[2023-04-23 01:35:35] - Range size 1, answer [0 0 0 0 0 0 0 0 0 0 0 0 0 0 0 0 0 0 0 0 0 0 0 0 0 0 0 0 0 0 0 0 0 0 0 0 0
 0 0 0 0 0 0 0 5 0 0 0 0 0 0 0 0 0 0 0 0 0 0 0 0 0 0 0 0 0 0 0 0 0 0 0 0 0
 0 0 0 0 0 0 0 0 0 0 0]:
[2023-04-23 01:35:35] - Range size 2, answer [0 0 0 0 0 0 0 0 0 0 0 0 0 0 0 0 5 0 0 0 0 0 0 0 0 0 0 0 0 0 0 0]:
[2023-04-23 01:35:35] - Range size 3, answer [0 0 0 0 0 0 0 0 0 0 0 5 0 0 0 0 0 0 0 0 0]:
[2023-04-23 01:35:35] - Range size 5, answer [0 0 0 0 0 0 0 0 0 0 0]:
[2023-04-23 01:35:35] - Range size 6, answer [0 0 0 5 0]:
[2023-04-23 01:35:35] - Range size 10, answer [0 0 0]:
[2023-04-23 01:35:35] - Range size 11, answer [0 0 0 5 0]:
[2023-04-23 01:35:35] - Range size 21, answer [0 5 0]:
[2023-04-23 01:35:35] - Range size 22, answer [0]:
[2023-04-23 01:35:35] - Range size 42, answer [5]:
[2023-04-23 01:35:35] - Range size 43, answer [0]:
[2023-04-23 01:35:35] - Range size 85, answer [5]:
[2023-04-23 01:35:35] - Mean Square Error of ground truth and golden standard: 0.8224852071005917
[2023-04-23 01:35:35] - Mean Square Error of ground truth and mechanism: 1.4142011834319526
[2023-04-23 01:35:35] - Mean Square Error of golden standard and mechanism: 0.9349112426035503
[2023-04-23 01:35:35] - Measurement3: golden_standard and mechanism
0.0
[2023-04-23 01:35:35] - ++++++++ Testing on node 2 Finished ++++++++
[2023-04-23 01:35:35] - ++++++++ Testing on node 3 Started ++++++++
[2023-04-23 01:35:35] - At node with index 3, we implement queries on cliques dict_keys(['marital-status', 'age']):
[2023-04-23 01:35:35] - -------- New Mechanism: Testing on 3, node 2 is accessed --------
[2023-04-23 01:35:36] - -------- New Mechanism answer node query on node 2 finished --------
[2023-04-23 01:35:36] - -------- New Mechanism: Testing on 3, node 3 is accessed --------
[2023-04-23 01:35:36] - -------- New Mechanism answer node query on node 3 finished --------
[2023-04-23 01:35:36] - The testing is implemented at marital-status
[2023-04-23 01:35:36] - Ground truth: gives answer
[2023-04-23 01:35:36] - output_answer:[ 6  0  3  0  0  1  0  6  3  1  1  9 10]
[2023-04-23 01:35:36] - Range size 1, answer [6 0 3 0 0 1 0]:
[2023-04-23 01:35:36] - Range size 2, answer [6 3 1]:
[2023-04-23 01:35:36] - Range size 3, answer [1]:
[2023-04-23 01:35:36] - Range size 4, answer [9]:
[2023-04-23 01:35:36] - Range size 7, answer [10]:
[2023-04-23 01:35:36] - Golden standard: gives answer
[2023-04-23 01:35:36] - output_answer:[ 4  0  2  0  2  2  1  4  2  4  5  6 11]
[2023-04-23 01:35:36] - Range size 1, answer [4 0 2 0 2 2 1]:
[2023-04-23 01:35:36] - Range size 2, answer [4 2 4]:
[2023-04-23 01:35:36] - Range size 3, answer [5]:
[2023-04-23 01:35:36] - Range size 4, answer [6]:
[2023-04-23 01:35:36] - Range size 7, answer [11]:
[2023-04-23 01:35:36] - Mechanism: gives answer
[2023-04-23 01:35:36] - output_answer:[ 5  5  0  0  0  3  0  9  0  3  3  9 12]
[2023-04-23 01:35:36] - Range size 1, answer [5 5 0 0 0 3 0]:
[2023-04-23 01:35:36] - Range size 2, answer [9 0 3]:
[2023-04-23 01:35:36] - Range size 3, answer [3]:
[2023-04-23 01:35:36] - Range size 4, answer [9]:
[2023-04-23 01:35:36] - Range size 7, answer [12]:
[2023-04-23 01:35:36] - Mean Square Error of ground truth and golden standard: 3.923076923076923
[2023-04-23 01:35:36] - Mean Square Error of ground truth and mechanism: 5.3076923076923075
[2023-04-23 01:35:36] - Mean Square Error of golden standard and mechanism: 6.153846153846154
[2023-04-23 01:35:36] - Measurement3: golden_standard and mechanism
0.0
[2023-04-23 01:35:37] - -------- New Mechanism: Testing on 3, node 2 is accessed --------
[2023-04-23 01:35:38] - -------- New Mechanism answer node query on node 2 finished --------
[2023-04-23 01:35:38] - -------- New Mechanism: Testing on 3, node 3 is accessed --------
[2023-04-23 01:35:38] - -------- New Mechanism answer node query on node 3 finished --------
[2023-04-23 01:35:38] - The testing is implemented at age
[2023-04-23 01:35:38] - Ground truth: gives answer
[2023-04-23 01:35:38] - output_answer:[ 0  0  0  0  0  0  0  1  0  0  0  0  0  0  1  1  0  0  0  0  0  1  0  1
  0  0  1  0  0  0  0  0  0  1  1  0  1  1  0  0  0  0  0  0  0  0  0  0
  0  0  0  0  0  0  0  0  0  0  0  0  0  0  0  0  0  0  0  0  0  0  0  0
  0  0  0  0  0  0  0  0  0  0  0  0  0  0  0  1  0  0  2  0  1  1  1  0
  0  2  2  0  0  0  0  0  0  0  0  0  0  0  0  0  0  0  0  0  0  0  0  1
  0  2  0  1  1  0  2  0  0  0  0  0  0  0  0  0  0  0  1  1  0  4  0  0
  0  0  0  0  0  0  2  2  0  0  4  0  0  1  3  2  0  0  6  0  0  4  0 10
 10]
[2023-04-23 01:35:38] - Range size 1, answer [0 0 0 0 0 0 0 1 0 0 0 0 0 0 1 1 0 0 0 0 0 1 0 1 0 0 1 0 0 0 0 0 0 1 1 0 1
 1 0 0 0 0 0 0 0 0 0 0 0 0 0 0 0 0 0 0 0 0 0 0 0 0 0 0 0 0 0 0 0 0 0 0 0 0
 0 0 0 0 0 0 0 0 0 0 0]:
[2023-04-23 01:35:38] - Range size 2, answer [0 0 1 0 0 2 0 1 1 1 0 0 2 2 0 0 0 0 0 0 0 0 0 0 0 0 0 0 0 0 0 0]:
[2023-04-23 01:35:38] - Range size 3, answer [0 0 1 0 2 0 1 1 0 2 0 0 0 0 0 0 0 0 0 0 0]:
[2023-04-23 01:35:38] - Range size 5, answer [1 1 0 4 0 0 0 0 0 0 0]:
[2023-04-23 01:35:38] - Range size 6, answer [0 2 2 0 0]:
[2023-04-23 01:35:38] - Range size 10, answer [4 0 0]:
[2023-04-23 01:35:38] - Range size 11, answer [1 3 2 0 0]:
[2023-04-23 01:35:38] - Range size 21, answer [6 0 0]:
[2023-04-23 01:35:38] - Range size 22, answer [4]:
[2023-04-23 01:35:38] - Range size 42, answer [0]:
[2023-04-23 01:35:38] - Range size 43, answer [10]:
[2023-04-23 01:35:38] - Range size 85, answer [10]:
[2023-04-23 01:35:38] - Golden standard: gives answer
[2023-04-23 01:35:38] - output_answer:[ 0  0  2  0  0  0  0  0  0  0  1  0  0  0  1  0  0  0  0  0  0  0  0  0
  0  0  0  0  0  0  0  0  0  3  0  0  0  0  0  0  0  0  0  0  0  0  0  0
  0  0  0  0  2  0  0  0  0  0  0  1  1  0  0  0  0  0  0  0  0  0  0  0
  0  0  0  0  0  0  0  0  0  0  0  0  0  0  0  0  1  0  1  0  0  0  0  0
  0  3  0  0  0  0  0  0  2  0  0  2  0  0  0  0  0  0  0  0  0  2  0  0
  0  1  0  0  0  0  3  0  0  0  0  0  2  0  0  0  0  0  1  0  0  3  0  2
  0  2  0  0  0  2  1  0  0  0  3  2  0  3  1  0  2  0  3  4  0  4  4  7
 11]
[2023-04-23 01:35:38] - Range size 1, answer [0 0 2 0 0 0 0 0 0 0 1 0 0 0 1 0 0 0 0 0 0 0 0 0 0 0 0 0 0 0 0 0 0 3 0 0 0
 0 0 0 0 0 0 0 0 0 0 0 0 0 0 0 2 0 0 0 0 0 0 1 1 0 0 0 0 0 0 0 0 0 0 0 0 0
 0 0 0 0 0 0 0 0 0 0 0]:
[2023-04-23 01:35:38] - Range size 2, answer [0 0 0 1 0 1 0 0 0 0 0 0 3 0 0 0 0 0 0 2 0 0 2 0 0 0 0 0 0 0 0 0]:
[2023-04-23 01:35:38] - Range size 3, answer [2 0 0 0 1 0 0 0 0 3 0 0 0 0 0 2 0 0 0 0 0]:
[2023-04-23 01:35:38] - Range size 5, answer [1 0 0 3 0 2 0 2 0 0 0]:
[2023-04-23 01:35:38] - Range size 6, answer [2 1 0 0 0]:
[2023-04-23 01:35:38] - Range size 10, answer [3 2 0]:
[2023-04-23 01:35:38] - Range size 11, answer [3 1 0 2 0]:
[2023-04-23 01:35:38] - Range size 21, answer [3 4 0]:
[2023-04-23 01:35:38] - Range size 22, answer [4]:
[2023-04-23 01:35:38] - Range size 42, answer [4]:
[2023-04-23 01:35:38] - Range size 43, answer [7]:
[2023-04-23 01:35:38] - Range size 85, answer [11]:
[2023-04-23 01:35:38] - Mechanism: gives answer
[2023-04-23 01:35:38] - output_answer:[ 0  5  0  0  0  0  0  0  0  0  0  0  0  0  0  0  0  0  0  0  0  0  0  0
  0  0  0  0  0  8  0  0  0  0  0  0  0  0  0  0  0  0  0  0  0  0  0  0
  0  0  0  0  0  0  0  0  0  0  0  0  0  0  0  0  0  0  0  0  0  0  0  0
  0  0  0  0  0  0  0  0  0  0  0  0  0  5  0  0  0  0  0  0  0  0  0  8
  0  0  0  0  0  0  0  0  0  0  0  0  0  0  0  0  0  0  0  0  0  5  0  0
  0  0  0  0  0  8  0  0  0  0  0  0  0  0  0  0  0  0  0  0  8  0  0  0
  0  0  0  0  0  5  0  0  0  0  0  0  0  5  0  8  0  0  8  0  0  5  0 12
 12]
[2023-04-23 01:35:38] - Range size 1, answer [0 5 0 0 0 0 0 0 0 0 0 0 0 0 0 0 0 0 0 0 0 0 0 0 0 0 0 0 0 8 0 0 0 0 0 0 0
 0 0 0 0 0 0 0 0 0 0 0 0 0 0 0 0 0 0 0 0 0 0 0 0 0 0 0 0 0 0 0 0 0 0 0 0 0
 0 0 0 0 0 0 0 0 0 0 0]:
[2023-04-23 01:35:38] - Range size 2, answer [5 0 0 0 0 0 0 0 0 0 8 0 0 0 0 0 0 0 0 0 0 0 0 0 0 0 0 0 0 0 0 0]:
[2023-04-23 01:35:38] - Range size 3, answer [5 0 0 0 0 0 0 0 8 0 0 0 0 0 0 0 0 0 0 0 0]:
[2023-04-23 01:35:38] - Range size 5, answer [0 0 8 0 0 0 0 0 0 0 0]:
[2023-04-23 01:35:38] - Range size 6, answer [5 0 0 0 0]:
[2023-04-23 01:35:38] - Range size 10, answer [0 0 0]:
[2023-04-23 01:35:38] - Range size 11, answer [5 0 8 0 0]:
[2023-04-23 01:35:38] - Range size 21, answer [8 0 0]:
[2023-04-23 01:35:38] - Range size 22, answer [5]:
[2023-04-23 01:35:38] - Range size 42, answer [0]:
[2023-04-23 01:35:38] - Range size 43, answer [12]:
[2023-04-23 01:35:38] - Range size 85, answer [12]:
[2023-04-23 01:35:38] - Mean Square Error of ground truth and golden standard: 0.863905325443787
[2023-04-23 01:35:38] - Mean Square Error of ground truth and mechanism: 3.0118343195266273
[2023-04-23 01:35:38] - Mean Square Error of golden standard and mechanism: 3.3550295857988166
[2023-04-23 01:35:38] - Measurement3: golden_standard and mechanism
0.0
[2023-04-23 01:35:38] - ++++++++ Testing on node 3 Finished ++++++++
[2023-04-23 01:35:38] - ++++++++ Testing on node 4 Started ++++++++
[2023-04-23 01:35:38] - At node with index 4, we implement queries on cliques dict_keys(['marital-status', 'age']):
[2023-04-23 01:35:39] - -------- New Mechanism: Testing on 4, node 4 is accessed --------
[2023-04-23 01:35:39] - -------- New Mechanism answer node query on node 4 finished --------
[2023-04-23 01:35:39] - The testing is implemented at marital-status
[2023-04-23 01:35:39] - Ground truth: gives answer
[2023-04-23 01:35:39] - output_answer:[ 5  0  4  1  0  0  0  5  5  0  0 10 10]
[2023-04-23 01:35:39] - Range size 1, answer [5 0 4 1 0 0 0]:
[2023-04-23 01:35:39] - Range size 2, answer [5 5 0]:
[2023-04-23 01:35:39] - Range size 3, answer [0]:
[2023-04-23 01:35:39] - Range size 4, answer [10]:
[2023-04-23 01:35:39] - Range size 7, answer [10]:
[2023-04-23 01:35:39] - Golden standard: gives answer
[2023-04-23 01:35:39] - output_answer:[ 5  3  2  0  0  1  0  8  2  1  1 10 11]
[2023-04-23 01:35:39] - Range size 1, answer [5 3 2 0 0 1 0]:
[2023-04-23 01:35:39] - Range size 2, answer [8 2 1]:
[2023-04-23 01:35:39] - Range size 3, answer [1]:
[2023-04-23 01:35:39] - Range size 4, answer [10]:
[2023-04-23 01:35:39] - Range size 7, answer [11]:
[2023-04-23 01:35:39] - Mechanism: gives answer
[2023-04-23 01:35:39] - output_answer:[ 0  0  0  0  0 11  0  0  0 11 11  0 11]
[2023-04-23 01:35:39] - Range size 1, answer [ 0  0  0  0  0 11  0]:
[2023-04-23 01:35:39] - Range size 2, answer [ 0  0 11]:
[2023-04-23 01:35:39] - Range size 3, answer [11]:
[2023-04-23 01:35:39] - Range size 4, answer [0]:
[2023-04-23 01:35:39] - Range size 7, answer [11]:
[2023-04-23 01:35:39] - Mean Square Error of ground truth and golden standard: 2.769230769230769
[2023-04-23 01:35:39] - Mean Square Error of ground truth and mechanism: 42.76923076923077
[2023-04-23 01:35:39] - Mean Square Error of golden standard and mechanism: 38.92307692307692
[2023-04-23 01:35:39] - Measurement3: golden_standard and mechanism
0.0
[2023-04-23 01:35:40] - -------- New Mechanism: Testing on 4, node 4 is accessed --------
[2023-04-23 01:35:41] - -------- New Mechanism answer node query on node 4 finished --------
[2023-04-23 01:35:41] - The testing is implemented at age
[2023-04-23 01:35:41] - Ground truth: gives answer
[2023-04-23 01:35:41] - output_answer:[ 0  0  0  1  1  0  0  0  0  1  0  0  0  2  1  1  0  0  0  0  0  0  0  0
  0  0  1  0  0  0  0  0  1  1  0  0  0  0  0  0  0  0  0  0  0  0  0  0
  0  0  0  0  0  0  0  0  0  0  0  0  0  0  0  0  0  0  0  0  0  0  0  0
  0  0  0  0  0  0  0  0  0  0  0  0  0  0  2  0  1  0  2  0  0  0  1  0
  1  1  0  0  0  0  0  0  0  0  0  0  0  0  0  0  0  0  0  0  0  0  2  0
  2  2  0  0  1  0  1  0  0  0  0  0  0  0  0  0  0  0  1  0  1  1  0  0
  0  0  0  0  0  2  4  1  0  0  1  0  0  3  4  2  0  0  3  0  0  7  0 10
 10]
[2023-04-23 01:35:41] - Range size 1, answer [0 0 0 1 1 0 0 0 0 1 0 0 0 2 1 1 0 0 0 0 0 0 0 0 0 0 1 0 0 0 0 0 1 1 0 0 0
 0 0 0 0 0 0 0 0 0 0 0 0 0 0 0 0 0 0 0 0 0 0 0 0 0 0 0 0 0 0 0 0 0 0 0 0 0
 0 0 0 0 0 0 0 0 0 0 0]:
[2023-04-23 01:35:41] - Range size 2, answer [0 2 0 1 0 2 0 0 0 1 0 1 1 0 0 0 0 0 0 0 0 0 0 0 0 0 0 0 0 0 0 0]:
[2023-04-23 01:35:41] - Range size 3, answer [0 2 0 2 2 0 0 1 0 1 0 0 0 0 0 0 0 0 0 0 0]:
[2023-04-23 01:35:41] - Range size 5, answer [1 0 1 1 0 0 0 0 0 0 0]:
[2023-04-23 01:35:41] - Range size 6, answer [2 4 1 0 0]:
[2023-04-23 01:35:41] - Range size 10, answer [1 0 0]:
[2023-04-23 01:35:41] - Range size 11, answer [3 4 2 0 0]:
[2023-04-23 01:35:41] - Range size 21, answer [3 0 0]:
[2023-04-23 01:35:41] - Range size 22, answer [7]:
[2023-04-23 01:35:41] - Range size 42, answer [0]:
[2023-04-23 01:35:41] - Range size 43, answer [10]:
[2023-04-23 01:35:41] - Range size 85, answer [10]:
[2023-04-23 01:35:41] - Golden standard: gives answer
[2023-04-23 01:35:41] - output_answer:[ 0  0  0  0  0  0  0  0  0  0  0  0  0  2  0  0  0  1  0  0  0  0  0  0
  0  0  0  0  0  0  0  0  0  1  0  0  0  0  0  0  0  0  0  0  0  0  0  0
  0  0  0  0  0  0  0  1  0  0  0  3  0  0  0  0  0  0  0  0  0  0  0  0
  0  0  0  0  0  0  0  1  2  0  0  0  0  0  0  0  0  0  0  1  0  0  0  0
  0  1  0  0  0  0  0  0  0  1  0  3  0  0  0  0  0  0  1  2  0  0  0  0
  2  0  1  0  0  0  1  0  0  0  0  1  3  0  0  0  0  2  0  1  0  1  0  0
  1  3  0  1  2  0  2  0  0  0  1  4  3  0  3  0  0  0  1  4  3  3  7  4
 11]
[2023-04-23 01:35:41] - Range size 1, answer [0 0 0 0 0 0 0 0 0 0 0 0 0 2 0 0 0 1 0 0 0 0 0 0 0 0 0 0 0 0 0 0 0 1 0 0 0
 0 0 0 0 0 0 0 0 0 0 0 0 0 0 0 0 0 0 1 0 0 0 3 0 0 0 0 0 0 0 0 0 0 0 0 0 0
 0 0 0 0 0 1 2 0 0 0 0]:
[2023-04-23 01:35:41] - Range size 2, answer [0 0 0 0 0 0 1 0 0 0 0 0 1 0 0 0 0 0 0 0 1 0 3 0 0 0 0 0 0 1 2 0]:
[2023-04-23 01:35:41] - Range size 3, answer [0 0 0 2 0 1 0 0 0 1 0 0 0 0 1 3 0 0 0 0 2]:
[2023-04-23 01:35:41] - Range size 5, answer [0 1 0 1 0 0 1 3 0 1 2]:
[2023-04-23 01:35:41] - Range size 6, answer [0 2 0 0 0]:
[2023-04-23 01:35:41] - Range size 10, answer [1 4 3]:
[2023-04-23 01:35:41] - Range size 11, answer [0 3 0 0 0]:
[2023-04-23 01:35:41] - Range size 21, answer [1 4 3]:
[2023-04-23 01:35:41] - Range size 22, answer [3]:
[2023-04-23 01:35:41] - Range size 42, answer [7]:
[2023-04-23 01:35:41] - Range size 43, answer [4]:
[2023-04-23 01:35:41] - Range size 85, answer [11]:
[2023-04-23 01:35:41] - Mechanism: gives answer
[2023-04-23 01:35:41] - output_answer:[ 0  0  0  0  1  0  0  0  0  0  0  0  0  0  0  0  0  0  0  0  0  0  0  0
  0  0  0  1  0  0  0  0  1  0  0  1  0  0  0  0  0  0  0  0  0  0  0  1
  0  0  0  0  1  0  1  0  0  0  0  0  0  1  0  0  0  0  0  0  3  0  0  0
  0  0  0  0  0  0  0  0  0  0  0  0  0  0  1  0  0  0  0  0  0  0  0  0
  1  0  0  0  0  0  1  0  1  1  0  0  0  0  3  0  0  0  0  0  0  0  1  0
  0  0  0  0  1  0  1  0  0  1  0  1  1  0  3  0  0  0  0  0  1  1  0  1
  1  1  0  0  0  1  0  1  1  3  1  2  0  1  0  2  2  3  3  4  3  1  7  4
 11]
[2023-04-23 01:35:41] - Range size 1, answer [0 0 0 0 1 0 0 0 0 0 0 0 0 0 0 0 0 0 0 0 0 0 0 0 0 0 0 1 0 0 0 0 1 0 0 1 0
 0 0 0 0 0 0 0 0 0 0 1 0 0 0 0 1 0 1 0 0 0 0 0 0 1 0 0 0 0 0 0 3 0 0 0 0 0
 0 0 0 0 0 0 0 0 0 0 0]:
[2023-04-23 01:35:41] - Range size 2, answer [0 1 0 0 0 0 0 0 0 0 0 1 0 0 0 0 0 1 0 1 1 0 0 0 0 3 0 0 0 0 0 0]:
[2023-04-23 01:35:41] - Range size 3, answer [0 1 0 0 0 0 0 1 0 1 0 0 1 0 1 1 0 3 0 0 0]:
[2023-04-23 01:35:41] - Range size 5, answer [0 0 1 1 0 1 1 1 0 0 0]:
[2023-04-23 01:35:41] - Range size 6, answer [1 0 1 1 3]:
[2023-04-23 01:35:41] - Range size 10, answer [1 2 0]:
[2023-04-23 01:35:41] - Range size 11, answer [1 0 2 2 3]:
[2023-04-23 01:35:41] - Range size 21, answer [3 4 3]:
[2023-04-23 01:35:41] - Range size 22, answer [1]:
[2023-04-23 01:35:41] - Range size 42, answer [7]:
[2023-04-23 01:35:41] - Range size 43, answer [4]:
[2023-04-23 01:35:41] - Range size 85, answer [11]:
[2023-04-23 01:35:41] - Mean Square Error of ground truth and golden standard: 1.6035502958579881
[2023-04-23 01:35:41] - Mean Square Error of ground truth and mechanism: 1.6627218934911243
[2023-04-23 01:35:41] - Mean Square Error of golden standard and mechanism: 0.9940828402366864
[2023-04-23 01:35:41] - Measurement3: golden_standard and mechanism
0.0
[2023-04-23 01:35:41] - ++++++++ Testing on node 4 Finished ++++++++
[2023-04-23 01:35:41] - ++++++++ Testing on node 1 Started ++++++++
[2023-04-23 01:35:41] - At node index 1 current size of dataset is: 2
