[2023-05-01 21:30:16] - Arguments: Namespace(beta=0.05, column_number=1, data_size=10, dataset_path='./data/adult.csv', delta=0.1, domain_path='./data/adult-domain.json', dynamic_size=32, epsilon=1.0, iteration=200, query_size=10, sparse_ratio=10)
[2023-05-01 21:30:16] - ******** Initialization ********
[2023-05-01 21:30:16] - Process Type: fixed size, cost 0s
[2023-05-01 21:30:16] - Data information: {'age': 85, 'workclass': 9, 'fnlwgt': 100, 'education-num': 16, 'marital-status': 7, 'occupation': 15, 'relationship': 6, 'race': 5, 'sex': 2, 'capital-gain': 100, 'capital-loss': 100, 'hours-per-week': 99, 'native-country': 42, 'income>50K': 2}
[2023-05-01 21:30:16] - Query instance consist of clique: ['age']
[2023-05-01 21:30:16] - linear query parameters are: [[0.68775587 0.67617294 0.42661145 0.78303236 0.78837491 0.03616564
  0.89739725 0.75986473 0.21021482 0.66824989 0.14687379 0.68313587
  0.39616994 0.72970845 0.04339819 0.55444743 0.18223384 0.21937378
  0.65014185 0.08114408 0.64448147 0.79128558 0.23501927 0.0074534
  0.43719027 0.54366906 0.95666556 0.50383393 0.62417064 0.49924142
  0.2280468  0.16809864 0.94013597 0.13790467 0.4068832  0.98256405
  0.26446211 0.83116038 0.6702179  0.03745168 0.27940741 0.69272276
  0.18867924 0.87002393 0.03616965 0.56811773 0.96237317 0.43373695
  0.5847735  0.56863965 0.13906656 0.50989185 0.15306935 0.11376362
  0.60464236 0.63505043 0.18068824 0.03869522 0.04673363 0.73376053
  0.84249125 0.3985094  0.01476405 0.49775777 0.6350523  0.70367125
  0.61942644 0.07209403 0.75616523 0.62926319 0.3054106  0.47304977
  0.11129617 0.07792624 0.584428   0.96200384 0.46301964 0.96778485
  0.52308481 0.40637049 0.96668582 0.14116406 0.33748474 0.84831219
  0.80576054]
 [0.62943433 0.63952963 0.05627321 0.65066517 0.45641362 0.37584782
  0.36882391 0.10975196 0.22567589 0.17602547 0.62099656 0.94954363
  0.08229618 0.51570103 0.03261676 0.62097694 0.58699969 0.15000125
  0.51142639 0.1388154  0.9563903  0.04952246 0.10728054 0.59603747
  0.6357839  0.88035263 0.483608   0.39619853 0.76338549 0.20309561
  0.22201181 0.5557759  0.86067812 0.38573365 0.1479687  0.8239222
  0.01964529 0.68962359 0.73938856 0.19652365 0.1085408  0.82316594
  0.15934647 0.7288637  0.28642566 0.72153817 0.23617738 0.4135145
  0.53975358 0.50998175 0.47192341 0.2510277  0.33206708 0.41449044
  0.26096708 0.26305885 0.79059574 0.24681994 0.70434519 0.85469539
  0.3442976  0.84796784 0.15395177 0.47267153 0.32067068 0.6559043
  0.903116   0.73853742 0.65045821 0.24722872 0.30984841 0.40454187
  0.3582928  0.35822821 0.01790192 0.58047173 0.17574611 0.39394247
  0.63358362 0.23352165 0.46795383 0.71753555 0.82906357 0.74451383
  0.21762319]
 [0.61633193 0.97598273 0.04121401 0.72013042 0.46290074 0.32915792
  0.12772376 0.87462489 0.79102138 0.3439654  0.00969629 0.77511103
  0.25510517 0.37553869 0.09939614 0.09347465 0.17510263 0.08775797
  0.45624391 0.86347378 0.1476913  0.73994332 0.57983293 0.71133658
  0.46135434 0.88330909 0.46362722 0.82649954 0.35624599 0.4729897
  0.84049323 0.14283541 0.80701196 0.83633071 0.24765129 0.10076345
  0.60469963 0.79134146 0.87450323 0.93231824 0.87568122 0.6558986
  0.28115858 0.40569472 0.88179524 0.02175129 0.95661507 0.31904503
  0.18821931 0.68570409 0.39585245 0.47650442 0.00171116 0.41159052
  0.47676829 0.29464202 0.06721271 0.37718673 0.95697115 0.89651533
  0.395182   0.17922263 0.69538739 0.63571979 0.60980091 0.68159027
  0.28965016 0.01511403 0.16133116 0.06899869 0.10093373 0.76531387
  0.3446279  0.35104167 0.24256268 0.75353982 0.31840984 0.42412153
  0.1272891  0.61718251 0.79255193 0.46387474 0.76869776 0.94661897
  0.46594256]
 [0.27239839 0.07776052 0.21280054 0.58406061 0.85422932 0.62744526
  0.35456047 0.21653809 0.14350589 0.35288191 0.14186708 0.68690492
  0.58127368 0.46168891 0.51285758 0.18855378 0.25252575 0.22091556
  0.34285876 0.95564463 0.83916685 0.3050124  0.34819688 0.40953764
  0.06029647 0.02863939 0.33258126 0.29733468 0.65723262 0.68569019
  0.80623536 0.18998767 0.49135551 0.21303439 0.79522831 0.59399472
  0.93356683 0.54419697 0.29118493 0.24153043 0.85805573 0.56471123
  0.44161573 0.75362453 0.46222677 0.09519843 0.57487015 0.55743441
  0.02764229 0.18822787 0.40580614 0.64440472 0.63156204 0.30324852
  0.29775304 0.98473355 0.55902456 0.02939075 0.2510643  0.93180962
  0.52905231 0.417119   0.83043967 0.16707338 0.69315144 0.42244428
  0.86431198 0.9887901  0.91425334 0.82928526 0.99320784 0.42949851
  0.35433705 0.03789266 0.38190245 0.08080501 0.67086995 0.79106032
  0.83370801 0.99144105 0.27488164 0.1781289  0.56815452 0.87080201
  0.73301301]
 [0.0300943  0.56688094 0.94197842 0.98476777 0.52425314 0.0059948
  0.99371489 0.82562396 0.80895372 0.4281933  0.3936217  0.57929672
  0.47848237 0.31137625 0.01046455 0.83638515 0.82389794 0.64179487
  0.89168998 0.35144362 0.01718842 0.14661767 0.87781639 0.64883749
  0.14124614 0.37209296 0.33313336 0.88070655 0.76511197 0.41698013
  0.76741362 0.49671337 0.99701905 0.25962339 0.70919907 0.62952659
  0.70186373 0.77025262 0.79097579 0.57879131 0.41434174 0.32726863
  0.00344148 0.14026295 0.60030104 0.97880611 0.01130283 0.9393351
  0.78246475 0.63555337 0.10290087 0.05005284 0.51405848 0.93880331
  0.80701735 0.54936295 0.75797943 0.35619266 0.51121623 0.86250691
  0.13499324 0.00114454 0.47309453 0.96599359 0.98261945 0.18354675
  0.52477487 0.42870958 0.75277306 0.0306723  0.38358741 0.12580947
  0.92777408 0.26427733 0.19217613 0.10880761 0.49984491 0.77301261
  0.93054832 0.64387833 0.64875053 0.43009213 0.00922941 0.35471509
  0.41278825]
 [0.10039906 0.27674515 0.58814876 0.98867797 0.0676252  0.55457443
  0.57449289 0.10869652 0.21340596 0.33472091 0.48442399 0.149408
  0.58644127 0.66048933 0.542267   0.53067935 0.97064231 0.75417172
  0.26832872 0.46895276 0.4576024  0.73268467 0.00319919 0.04519105
  0.2126008  0.55765853 0.40116279 0.02332743 0.63207648 0.12314012
  0.11352559 0.54025609 0.44493466 0.08652021 0.55523386 0.27550741
  0.12481521 0.50687161 0.89948015 0.89438439 0.72636496 0.43612968
  0.72999986 0.14710198 0.46137225 0.18848921 0.27425985 0.81130505
  0.04721769 0.20543916 0.53191657 0.23660776 0.62209638 0.45507076
  0.45517824 0.93205896 0.56836799 0.53902144 0.10927438 0.63786223
  0.21177692 0.88509137 0.76874645 0.10537433 0.86965503 0.96804609
  0.27641603 0.55124412 0.59438612 0.75346055 0.03739534 0.14951363
  0.91860894 0.55933083 0.9324497  0.83225134 0.69572227 0.09196504
  0.0901368  0.12935247 0.83699798 0.26753009 0.60497932 0.79493233
  0.82133609]
 [0.39827003 0.66190164 0.60908455 0.98405438 0.56091742 0.01441074
  0.18547368 0.92986455 0.99528607 0.0323136  0.61370772 0.84638091
  0.44956844 0.18158635 0.06279693 0.48693643 0.1767066  0.00482488
  0.95211726 0.80296701 0.71732779 0.18489034 0.00719705 0.93523079
  0.65293119 0.46695523 0.28438544 0.41883172 0.2139042  0.46285747
  0.69745883 0.11864844 0.61346625 0.17656343 0.39744057 0.88501502
  0.48880987 0.82087772 0.39784802 0.41704914 0.3949882  0.34077764
  0.14327253 0.46695885 0.2687805  0.38484266 0.85896602 0.53436259
  0.45489114 0.68396937 0.5785717  0.83638818 0.83523459 0.62844438
  0.82544708 0.223291   0.32405057 0.62869099 0.22851308 0.60801152
  0.27741309 0.48533005 0.72714863 0.85731532 0.6117456  0.16480377
  0.06537465 0.0649453  0.93402224 0.10403115 0.3840714  0.79035265
  0.92846731 0.9370469  0.14116974 0.47713112 0.87000165 0.10846612
  0.43296049 0.88773428 0.57316875 0.86940834 0.1114157  0.69310018
  0.23564286]
 [0.65716989 0.9035327  0.49530264 0.34992776 0.80328363 0.59634313
  0.5541275  0.78971035 0.59512378 0.5812604  0.43903117 0.1627666
  0.92351073 0.22522398 0.89128605 0.71377466 0.95483677 0.24806677
  0.227739   0.96861021 0.29173375 0.94521912 0.6255551  0.0212754
  0.74777897 0.32804071 0.43995509 0.41199317 0.44034951 0.65383088
  0.83508811 0.63119478 0.74487671 0.88480299 0.33532905 0.57765684
  0.63673028 0.1118948  0.1615933  0.16017694 0.54975045 0.22253702
  0.73508665 0.45261842 0.26876258 0.20055959 0.48470075 0.25114661
  0.10274354 0.92361968 0.85506426 0.17535138 0.82963464 0.35181695
  0.23367082 0.9662971  0.90184248 0.28428769 0.21829772 0.81411514
  0.75775235 0.91073142 0.90570909 0.23376912 0.89266602 0.0645969
  0.62000201 0.35272091 0.63012917 0.72854658 0.33929374 0.1610729
  0.31071851 0.9299472  0.4755797  0.13724848 0.10470906 0.72200899
  0.62872753 0.12466773 0.28765123 0.25105605 0.93181785 0.12710064
  0.44825662]
 [0.08080068 0.51990275 0.11590192 0.02124378 0.02035248 0.0458951
  0.88529386 0.86442923 0.72856781 0.34001609 0.37806878 0.28782391
  0.88074137 0.27873525 0.78544593 0.20703165 0.0038647  0.24603422
  0.99605175 0.53374379 0.79559614 0.60218411 0.60280309 0.04612965
  0.49655533 0.33334018 0.72938678 0.39363922 0.21091588 0.16077692
  0.37666482 0.33570827 0.57045767 0.54761324 0.15039638 0.6298881
  0.69874728 0.37846306 0.51429339 0.03386684 0.77823173 0.76341876
  0.18148465 0.02509376 0.11546569 0.61441187 0.23040104 0.12593955
  0.76431483 0.55562682 0.58190472 0.57902734 0.28060134 0.72445391
  0.35131013 0.66687737 0.42331201 0.32684832 0.20146527 0.78231668
  0.76881664 0.39296599 0.81644226 0.92275074 0.45358165 0.60642307
  0.07038684 0.59176493 0.68382226 0.44431679 0.2138254  0.46341859
  0.58593256 0.88472966 0.60099156 0.71631992 0.77674846 0.17814846
  0.58524604 0.24270592 0.10513161 0.20749725 0.44746456 0.87023828
  0.96633861]
 [0.02085674 0.59410912 0.50066735 0.17321106 0.44433514 0.08039568
  0.99443491 0.67639228 0.068575   0.11728333 0.79246664 0.53750413
  0.59959939 0.93558571 0.32549309 0.50839446 0.8888717  0.26611761
  0.54317209 0.70850543 0.39464826 0.28669817 0.00490875 0.55266151
  0.4808936  0.10886967 0.86669382 0.33352699 0.18520372 0.41736724
  0.98319935 0.849872   0.73067878 0.35136697 0.24358221 0.12761618
  0.01808142 0.86863327 0.02196763 0.3300965  0.19114    0.73142952
  0.25955683 0.77113198 0.45733732 0.22337218 0.98927701 0.95107689
  0.82456468 0.80643078 0.88645111 0.97706257 0.51965673 0.42057473
  0.33421592 0.9435971  0.45140011 0.14598233 0.22939619 0.89223376
  0.008305   0.00223139 0.57239045 0.90551373 0.83932592 0.34750723
  0.27947683 0.06278006 0.94445437 0.94303517 0.54053399 0.32447095
  0.78356047 0.17829202 0.23967188 0.22710021 0.65251265 0.30648083
  0.88546179 0.364293   0.08052146 0.08518112 0.17750783 0.13197375
  0.48046602]]
[2023-05-01 21:30:16] - ******** Create Dynamic Tree ********
[2023-05-01 21:30:16] - The dynamic interval tree consists of nodes: [
-------- Node index: 1 --------
height: 0, sj: 2, 
right_ancestor_index: 2, left_ancestor_index: None, right_child: None, left_child: None, 
df size: 2, delete_df size: 0
-----------------------------------, 
-------- Node index: 2 --------
height: 1, sj: 4, 
right_ancestor_index: 4, left_ancestor_index: None, right_child: 3, left_child: 1, 
df size: 4, delete_df size: 0
-----------------------------------, 
-------- Node index: 3 --------
height: 0, sj: 16, 
right_ancestor_index: None, left_ancestor_index: 2, right_child: None, left_child: None, 
df size: 3, delete_df size: 6
-----------------------------------, 
-------- Node index: 4 --------
height: 2, sj: 19, 
right_ancestor_index: 8, left_ancestor_index: None, right_child: 6, left_child: 2, 
df size: 0, delete_df size: 4
-----------------------------------]
[2023-05-01 21:30:16] - The insertion tree consists of nodes: [
-------- Node index: 1 --------
height: 0, sj: 2, 
right_ancestor_index: 2, left_ancestor_index: None, right_child: None, left_child: None, 
df size: 2, delete_df size: 0
-----------------------------------, 
-------- Node index: 2 --------
height: 1, sj: 4, 
right_ancestor_index: 4, left_ancestor_index: None, right_child: 3, left_child: 1, 
df size: 4, delete_df size: 0
-----------------------------------, 
-------- Node index: 3 --------
height: 0, sj: 16, 
right_ancestor_index: None, left_ancestor_index: 2, right_child: None, left_child: None, 
df size: 6, delete_df size: 0
-----------------------------------, 
-------- Node index: 4 --------
height: 2, sj: 19, 
right_ancestor_index: 8, left_ancestor_index: None, right_child: 6, left_child: 2, 
df size: 10, delete_df size: 0
-----------------------------------] 
[2023-05-01 21:30:16] - The deletion tree consists of nodes: [
-------- Node index: 1 --------
height: 0, sj: 2, 
right_ancestor_index: 2, left_ancestor_index: None, right_child: None, left_child: None, 
df size: 0, delete_df size: 0
-----------------------------------, 
-------- Node index: 2 --------
height: 1, sj: 4, 
right_ancestor_index: 4, left_ancestor_index: None, right_child: 3, left_child: 1, 
df size: 0, delete_df size: 0
-----------------------------------, 
-------- Node index: 3 --------
height: 0, sj: 16, 
right_ancestor_index: None, left_ancestor_index: 2, right_child: None, left_child: None, 
df size: 6, delete_df size: 0
-----------------------------------, 
-------- Node index: 4 --------
height: 2, sj: 19, 
right_ancestor_index: 8, left_ancestor_index: None, right_child: 6, left_child: 2, 
df size: 9, delete_df size: 0
-----------------------------------] 
[2023-05-01 21:30:16] - Infinite Private Partitioning: s0: 0, j: 4, T: 256, beta: 1.1856419061018045e-05, C: 123.06676038420659, epsilon: 1.0, 
 segment: [0, 2, 4, 16, 19]
[2023-05-01 21:30:16] - ******** Testing Started ********
[2023-05-01 21:30:16] - ++++++++ Testing on node 1 Started ++++++++
[2023-05-01 21:30:16] - At node with index 1, we implement queries on cliques dict_keys(['age']):
