[2023-03-29 01:25:12] - Arguments: Namespace(beta=0.05, data_size=100, dataset_path='./data/adult.csv', delta=0.1, domain_path='./data/adult-domain.json', epsilon=5.0, iteration=50, sparse_ratio=10)
[2023-03-29 01:25:12] - ******** Initialization ********
[2023-03-29 01:25:12] - Data sparsification complete
[2023-03-29 01:25:12] - Data information: {'age': 85, 'workclass': 9, 'fnlwgt': 100, 'education-num': 16, 'marital-status': 7, 'occupation': 15, 'relationship': 6, 'race': 5, 'sex': 2, 'capital-gain': 100, 'capital-loss': 100, 'hours-per-week': 99, 'native-country': 42, 'income>50K': 2}
[2023-03-29 01:25:12] - ******** Create Dynamic Tree ********
[2023-03-29 01:25:12] - The dynamic interval tree consists of nodes: [
-------- Node index: 1 --------
height: 0, sj: 2, 
right_ancestor_index: 2, left_ancestor_index: None, right_child: None, left_child: None, 
df size: 2, delete_df size: 0
-----------------------------------, 
-------- Node index: 2 --------
height: 1, sj: 4, 
right_ancestor_index: 4, left_ancestor_index: None, right_child: 3, left_child: 1, 
df size: 4, delete_df size: 0
-----------------------------------, 
-------- Node index: 3 --------
height: 0, sj: 16, 
right_ancestor_index: None, left_ancestor_index: 2, right_child: None, left_child: None, 
df size: 12, delete_df size: 0
-----------------------------------, 
-------- Node index: 4 --------
height: 2, sj: 42, 
right_ancestor_index: 8, left_ancestor_index: None, right_child: 6, left_child: 2, 
df size: 36, delete_df size: 3
-----------------------------------, 
-------- Node index: 5 --------
height: 0, sj: 73, 
right_ancestor_index: 6, left_ancestor_index: None, right_child: None, left_child: None, 
df size: 20, delete_df size: 10
-----------------------------------, 
-------- Node index: 6 --------
height: 1, sj: 114, 
right_ancestor_index: None, left_ancestor_index: 4, right_child: 7, left_child: 5, 
df size: 30, delete_df size: 20
-----------------------------------, 
-------- Node index: 7 --------
height: 0, sj: 165, 
right_ancestor_index: None, left_ancestor_index: 6, right_child: None, left_child: None, 
df size: 6, delete_df size: 36
-----------------------------------, 
-------- Node index: 8 --------
height: 3, sj: 199, 
right_ancestor_index: 16, left_ancestor_index: None, right_child: 12, left_child: 4, 
df size: 0, delete_df size: 31
-----------------------------------]
[2023-03-29 01:25:12] - Infinite Private Partitioning: s0: 0, j: 8, T: 27225, beta: 5.737741753080488e-13, C: 54.728210078040185, epsilon: 5.0, 
 segment: [0, 2, 4, 16, 42, 73, 114, 165, 199]
[2023-03-29 01:25:12] - ******** Testing Started ********
[2023-03-29 01:25:12] - ++++++++ Testing on node 1 Started ++++++++
[2023-03-29 01:25:12] - At node with index 1, we implement queries on cliques dict_keys(['workclass']):
[2023-03-29 01:25:13] - -------- New Mechanism: Testing on 1, node 1 is accessed --------
[2023-03-29 01:25:14] - -------- New Mechanism answer node query on node 1 finished --------
[2023-03-29 01:25:14] - The testing is implemented at workclass
[2023-03-29 01:25:14] - Range size 1, answer [2 0 0 0 0 0 0 0 0]:
[2023-03-29 01:25:14] - Range size 2, answer [2 0 0 0]:
[2023-03-29 01:25:14] - Range size 3, answer [2]:
[2023-03-29 01:25:14] - Range size 4, answer [0]:
[2023-03-29 01:25:14] - Range size 5, answer [2]:
[2023-03-29 01:25:14] - Range size 9, answer [2]:
[2023-03-29 01:25:14] - Ground truth: gives answer: 
None
[2023-03-29 01:25:14] - Range size 1, answer [2 0 0 0 0 1 0 0 0]:
[2023-03-29 01:25:14] - Range size 2, answer [2 0 1 0]:
[2023-03-29 01:25:14] - Range size 3, answer [2]:
[2023-03-29 01:25:14] - Range size 4, answer [1]:
[2023-03-29 01:25:14] - Range size 5, answer [2]:
[2023-03-29 01:25:14] - Range size 9, answer [3]:
[2023-03-29 01:25:14] - Golden standard: gives answer: 
None
[2023-03-29 01:25:14] - Range size 1, answer [1 0 1 1 0 0 0 0 0]:
[2023-03-29 01:25:14] - Range size 2, answer [1 1 0 0]:
[2023-03-29 01:25:14] - Range size 3, answer [2]:
[2023-03-29 01:25:14] - Range size 4, answer [0]:
[2023-03-29 01:25:14] - Range size 5, answer [3]:
[2023-03-29 01:25:14] - Range size 9, answer [3]:
[2023-03-29 01:25:14] - Mechanism: gives answer: 
None
[2023-03-29 01:25:14] - Mean Square Error of ground truth and golden standard: 0.23529411764705882
[2023-03-29 01:25:14] - Mean Square Error of ground truth and mechanism: 0.4117647058823529
[2023-03-29 01:25:14] - Mean Square Error of golden standard and mechanism: 0.5294117647058824
[2023-03-29 01:25:14] - Measurement3: golden_standard and mechanism
0.0
[2023-03-29 01:25:14] - ++++++++ Testing on node 1 Finished ++++++++
[2023-03-29 01:25:14] - ++++++++ Testing on node 2 Started ++++++++
[2023-03-29 01:25:14] - At node with index 2, we implement queries on cliques dict_keys(['workclass']):
[2023-03-29 01:25:14] - -------- New Mechanism: Testing on 2, node 2 is accessed --------
[2023-03-29 01:25:15] - -------- New Mechanism answer node query on node 2 finished --------
[2023-03-29 01:25:15] - The testing is implemented at workclass
[2023-03-29 01:25:15] - Range size 1, answer [3 0 0 1 0 0 0 0 0]:
[2023-03-29 01:25:15] - Range size 2, answer [3 1 0 0]:
[2023-03-29 01:25:15] - Range size 3, answer [3]:
[2023-03-29 01:25:15] - Range size 4, answer [0]:
[2023-03-29 01:25:15] - Range size 5, answer [4]:
[2023-03-29 01:25:15] - Range size 9, answer [4]:
[2023-03-29 01:25:15] - Ground truth: gives answer: 
None
[2023-03-29 01:25:15] - Range size 1, answer [3 1 0 0 0 0 0 1 0]:
[2023-03-29 01:25:15] - Range size 2, answer [4 0 0 1]:
[2023-03-29 01:25:15] - Range size 3, answer [4]:
[2023-03-29 01:25:15] - Range size 4, answer [1]:
[2023-03-29 01:25:15] - Range size 5, answer [4]:
[2023-03-29 01:25:15] - Range size 9, answer [5]:
[2023-03-29 01:25:15] - Golden standard: gives answer: 
None
[2023-03-29 01:25:15] - Range size 1, answer [0 0 0 5 0 0 0 0 0]:
[2023-03-29 01:25:15] - Range size 2, answer [0 5 0 0]:
[2023-03-29 01:25:15] - Range size 3, answer [0]:
[2023-03-29 01:25:15] - Range size 4, answer [0]:
[2023-03-29 01:25:15] - Range size 5, answer [5]:
[2023-03-29 01:25:15] - Range size 9, answer [5]:
[2023-03-29 01:25:15] - Mechanism: gives answer: 
None
[2023-03-29 01:25:15] - Mean Square Error of ground truth and golden standard: 0.5294117647058824
[2023-03-29 01:25:15] - Mean Square Error of ground truth and mechanism: 3.588235294117647
[2023-03-29 01:25:15] - Mean Square Error of golden standard and mechanism: 5.647058823529412
[2023-03-29 01:25:15] - Measurement3: golden_standard and mechanism
0.0
[2023-03-29 01:25:15] - ++++++++ Testing on node 2 Finished ++++++++
[2023-03-29 01:25:15] - ++++++++ Testing on node 3 Started ++++++++
[2023-03-29 01:25:15] - At node with index 3, we implement queries on cliques dict_keys(['workclass']):
[2023-03-29 01:25:16] - -------- New Mechanism: Testing on 3, node 2 is accessed --------
[2023-03-29 01:25:16] - -------- New Mechanism answer node query on node 2 finished --------
[2023-03-29 01:25:16] - -------- New Mechanism: Testing on 3, node 3 is accessed --------
[2023-03-29 01:25:17] - -------- New Mechanism answer node query on node 3 finished --------
[2023-03-29 01:25:17] - The testing is implemented at workclass
[2023-03-29 01:25:17] - Range size 1, answer [10  4  0  1  0  0  0  0  1]:
[2023-03-29 01:25:17] - Range size 2, answer [14  1  0  1]:
[2023-03-29 01:25:17] - Range size 3, answer [14]:
[2023-03-29 01:25:17] - Range size 4, answer [1]:
[2023-03-29 01:25:17] - Range size 5, answer [15]:
[2023-03-29 01:25:17] - Range size 9, answer [16]:
[2023-03-29 01:25:17] - Ground truth: gives answer: 
None
[2023-03-29 01:25:17] - Range size 1, answer [9 4 0 2 0 0 0 0 2]:
[2023-03-29 01:25:17] - Range size 2, answer [13  2  0  2]:
[2023-03-29 01:25:17] - Range size 3, answer [13]:
[2023-03-29 01:25:17] - Range size 4, answer [2]:
[2023-03-29 01:25:17] - Range size 5, answer [15]:
[2023-03-29 01:25:17] - Range size 9, answer [17]:
[2023-03-29 01:25:17] - Golden standard: gives answer: 
None
[2023-03-29 01:25:17] - Range size 1, answer [9 3 0 0 0 1 1 0 4]:
[2023-03-29 01:25:17] - Range size 2, answer [12  0  2  4]:
[2023-03-29 01:25:17] - Range size 3, answer [12]:
[2023-03-29 01:25:17] - Range size 4, answer [6]:
[2023-03-29 01:25:17] - Range size 5, answer [12]:
[2023-03-29 01:25:17] - Range size 9, answer [18]:
[2023-03-29 01:25:17] - Mechanism: gives answer: 
None
[2023-03-29 01:25:17] - Mean Square Error of ground truth and golden standard: 0.5294117647058824
[2023-03-29 01:25:17] - Mean Square Error of ground truth and mechanism: 4.352941176470588
[2023-03-29 01:25:17] - Mean Square Error of golden standard and mechanism: 3.0
[2023-03-29 01:25:17] - Measurement3: golden_standard and mechanism
0.0
[2023-03-29 01:25:17] - ++++++++ Testing on node 3 Finished ++++++++
[2023-03-29 01:25:17] - ++++++++ Testing on node 4 Started ++++++++
[2023-03-29 01:25:17] - At node with index 4, we implement queries on cliques dict_keys(['workclass']):
[2023-03-29 01:25:18] - -------- New Mechanism: Testing on 4, node 4 is accessed --------
[2023-03-29 01:25:18] - -------- New Mechanism answer node query on node 4 finished --------
[2023-03-29 01:25:18] - The testing is implemented at workclass
[2023-03-29 01:25:18] - Range size 1, answer [24  5  0  4  0  2  0  0  1]:
[2023-03-29 01:25:18] - Range size 2, answer [29  4  2  1]:
[2023-03-29 01:25:18] - Range size 3, answer [29]:
[2023-03-29 01:25:18] - Range size 4, answer [3]:
[2023-03-29 01:25:18] - Range size 5, answer [33]:
[2023-03-29 01:25:18] - Range size 9, answer [36]:
[2023-03-29 01:25:18] - Ground truth: gives answer: 
None
[2023-03-29 01:25:18] - Range size 1, answer [25  4  1  3  0  2  1  0  1]:
[2023-03-29 01:25:18] - Range size 2, answer [29  3  3  1]:
[2023-03-29 01:25:18] - Range size 3, answer [30]:
[2023-03-29 01:25:18] - Range size 4, answer [4]:
[2023-03-29 01:25:18] - Range size 5, answer [33]:
[2023-03-29 01:25:18] - Range size 9, answer [37]:
[2023-03-29 01:25:18] - Golden standard: gives answer: 
None
[2023-03-29 01:25:18] - Range size 1, answer [15  8  2  8  0  2  0  0  2]:
[2023-03-29 01:25:18] - Range size 2, answer [23  8  2  2]:
[2023-03-29 01:25:18] - Range size 3, answer [25]:
[2023-03-29 01:25:18] - Range size 4, answer [4]:
[2023-03-29 01:25:18] - Range size 5, answer [33]:
[2023-03-29 01:25:18] - Range size 9, answer [37]:
[2023-03-29 01:25:18] - Mechanism: gives answer: 
None
[2023-03-29 01:25:18] - Mean Square Error of ground truth and golden standard: 0.5882352941176471
[2023-03-29 01:25:18] - Mean Square Error of ground truth and mechanism: 10.705882352941176
[2023-03-29 01:25:18] - Mean Square Error of golden standard and mechanism: 13.647058823529411
[2023-03-29 01:25:18] - Measurement3: golden_standard and mechanism
0.0
[2023-03-29 01:25:18] - ++++++++ Testing on node 4 Finished ++++++++
[2023-03-29 01:25:18] - ++++++++ Testing on node 5 Started ++++++++
[2023-03-29 01:25:18] - At node with index 5, we implement queries on cliques dict_keys(['workclass']):
[2023-03-29 01:25:19] - -------- New Mechanism: Testing on 5, node 4 is accessed --------
[2023-03-29 01:25:19] - -------- New Mechanism answer node query on node 4 finished --------
[2023-03-29 01:25:19] - -------- New Mechanism: Testing on 5, node 5 is accessed --------
[2023-03-29 01:25:20] - -------- New Mechanism answer node query on node 5 finished --------
[2023-03-29 01:25:20] - The testing is implemented at workclass
[2023-03-29 01:25:20] - Range size 1, answer [31  5  2  3  3  3  0  0  0]:
[2023-03-29 01:25:20] - Range size 2, answer [36  6  3  0]:
[2023-03-29 01:25:20] - Range size 3, answer [38]:
[2023-03-29 01:25:20] - Range size 4, answer [3]:
[2023-03-29 01:25:20] - Range size 5, answer [44]:
[2023-03-29 01:25:20] - Range size 9, answer [47]:
[2023-03-29 01:25:20] - Ground truth: gives answer: 
None
[2023-03-29 01:25:20] - Range size 1, answer [32  4  2  3  3  2  0  1  1]:
[2023-03-29 01:25:20] - Range size 2, answer [36  6  2  2]:
[2023-03-29 01:25:20] - Range size 3, answer [38]:
[2023-03-29 01:25:20] - Range size 4, answer [4]:
[2023-03-29 01:25:20] - Range size 5, answer [44]:
[2023-03-29 01:25:20] - Range size 9, answer [48]:
[2023-03-29 01:25:20] - Golden standard: gives answer: 
None
[2023-03-29 01:25:20] - Range size 1, answer [25 -1  0  0  7 14  1  4 -1]:
[2023-03-29 01:25:20] - Range size 2, answer [24  7 15  3]:
[2023-03-29 01:25:20] - Range size 3, answer [24]:
[2023-03-29 01:25:20] - Range size 4, answer [18]:
[2023-03-29 01:25:20] - Range size 5, answer [31]:
[2023-03-29 01:25:20] - Range size 9, answer [49]:
[2023-03-29 01:25:20] - Mechanism: gives answer: 
None
[2023-03-29 01:25:20] - Mean Square Error of ground truth and golden standard: 0.7058823529411765
[2023-03-29 01:25:20] - Mean Square Error of ground truth and mechanism: 66.58823529411765
[2023-03-29 01:25:20] - Mean Square Error of golden standard and mechanism: 66.94117647058823
[2023-03-29 01:25:20] - Measurement3: golden_standard and mechanism
0.0
[2023-03-29 01:25:20] - ++++++++ Testing on node 5 Finished ++++++++
[2023-03-29 01:25:20] - ++++++++ Testing on node 6 Started ++++++++
[2023-03-29 01:25:20] - At node with index 6, we implement queries on cliques dict_keys(['workclass']):
[2023-03-29 01:25:21] - -------- New Mechanism: Testing on 6, node 4 is accessed --------
[2023-03-29 01:25:21] - -------- New Mechanism answer node query on node 4 finished --------
[2023-03-29 01:25:21] - -------- New Mechanism: Testing on 6, node 6 is accessed --------
[2023-03-29 01:25:22] - -------- New Mechanism answer node query on node 6 finished --------
[2023-03-29 01:25:22] - The testing is implemented at workclass
[2023-03-29 01:25:22] - Range size 1, answer [32  5  1  4  4  1  0  0  1]:
[2023-03-29 01:25:22] - Range size 2, answer [37  8  1  1]:
[2023-03-29 01:25:22] - Range size 3, answer [38]:
[2023-03-29 01:25:22] - Range size 4, answer [2]:
[2023-03-29 01:25:22] - Range size 5, answer [46]:
[2023-03-29 01:25:22] - Range size 9, answer [48]:
[2023-03-29 01:25:22] - Ground truth: gives answer: 
None
[2023-03-29 01:25:22] - Range size 1, answer [32  5  1  4  4  2  0  0  1]:
[2023-03-29 01:25:22] - Range size 2, answer [37  8  2  1]:
[2023-03-29 01:25:22] - Range size 3, answer [38]:
[2023-03-29 01:25:22] - Range size 4, answer [3]:
[2023-03-29 01:25:22] - Range size 5, answer [46]:
[2023-03-29 01:25:22] - Range size 9, answer [49]:
[2023-03-29 01:25:22] - Golden standard: gives answer: 
None
[2023-03-29 01:25:22] - Range size 1, answer [ 6  3  7 -2  0 29  0  6  1]:
[2023-03-29 01:25:22] - Range size 2, answer [ 9 -2 29  7]:
[2023-03-29 01:25:22] - Range size 3, answer [16]:
[2023-03-29 01:25:22] - Range size 4, answer [36]:
[2023-03-29 01:25:22] - Range size 5, answer [14]:
[2023-03-29 01:25:22] - Range size 9, answer [50]:
[2023-03-29 01:25:22] - Mechanism: gives answer: 
None
[2023-03-29 01:25:22] - Mean Square Error of ground truth and golden standard: 0.23529411764705882
[2023-03-29 01:25:22] - Mean Square Error of ground truth and mechanism: 350.5882352941176
[2023-03-29 01:25:22] - Mean Square Error of golden standard and mechanism: 340.0
[2023-03-29 01:25:22] - Measurement3: golden_standard and mechanism
0.0
[2023-03-29 01:25:22] - ++++++++ Testing on node 6 Finished ++++++++
[2023-03-29 01:25:22] - ++++++++ Testing on node 7 Started ++++++++
[2023-03-29 01:25:22] - At node with index 7, we implement queries on cliques dict_keys(['workclass']):
[2023-03-29 01:25:23] - -------- New Mechanism: Testing on 7, node 4 is accessed --------
[2023-03-29 01:25:23] - -------- New Mechanism answer node query on node 4 finished --------
[2023-03-29 01:25:23] - -------- New Mechanism: Testing on 7, node 6 is accessed --------
[2023-03-29 01:25:24] - -------- New Mechanism answer node query on node 6 finished --------
[2023-03-29 01:25:24] - -------- New Mechanism: Testing on 7, node 7 is accessed --------
[2023-03-29 01:25:25] - -------- New Mechanism answer node query on node 7 finished --------
[2023-03-29 01:25:25] - The testing is implemented at workclass
[2023-03-29 01:25:25] - Range size 1, answer [18  3  0  1  2  1  0  0  2]:
[2023-03-29 01:25:25] - Range size 2, answer [21  3  1  2]:
[2023-03-29 01:25:25] - Range size 3, answer [21]:
[2023-03-29 01:25:25] - Range size 4, answer [3]:
[2023-03-29 01:25:25] - Range size 5, answer [24]:
[2023-03-29 01:25:25] - Range size 9, answer [27]:
[2023-03-29 01:25:25] - Ground truth: gives answer: 
None
[2023-03-29 01:25:25] - Range size 1, answer [19  3  0  1  2  1  0  0  2]:
[2023-03-29 01:25:25] - Range size 2, answer [22  3  1  2]:
[2023-03-29 01:25:25] - Range size 3, answer [22]:
[2023-03-29 01:25:25] - Range size 4, answer [3]:
[2023-03-29 01:25:25] - Range size 5, answer [25]:
[2023-03-29 01:25:25] - Range size 9, answer [28]:
[2023-03-29 01:25:25] - Golden standard: gives answer: 
None
[2023-03-29 01:25:25] - Range size 1, answer [ 8 -4  9 -4  9 -2  1  0 13]:
[2023-03-29 01:25:25] - Range size 2, answer [ 4  5 -1 13]:
[2023-03-29 01:25:25] - Range size 3, answer [13]:
[2023-03-29 01:25:25] - Range size 4, answer [12]:
[2023-03-29 01:25:25] - Range size 5, answer [18]:
[2023-03-29 01:25:25] - Range size 9, answer [30]:
[2023-03-29 01:25:25] - Mechanism: gives answer: 
None
[2023-03-29 01:25:25] - Mean Square Error of ground truth and golden standard: 0.29411764705882354
[2023-03-29 01:25:25] - Mean Square Error of ground truth and mechanism: 61.35294117647059
[2023-03-29 01:25:25] - Mean Square Error of golden standard and mechanism: 66.11764705882354
[2023-03-29 01:25:25] - Measurement3: golden_standard and mechanism
0.0
[2023-03-29 01:25:25] - ++++++++ Testing on node 7 Finished ++++++++
[2023-03-29 01:25:25] - ******** Testing Finished ********
[2023-03-29 01:25:25] - ******** Drawing Figure start ********
[2023-03-29 01:25:25] - ******** Drawing Figure finish ********
