[2023-04-19 01:42:18] - Arguments: Namespace(beta=0.05, column_number=1, data_size=1000, dataset_path='./data/adult.csv', delta=0.1, domain_path='./data/adult-domain.json', each_query_size=10, epsilon=1.0, iteration=100, sparse_ratio=10)
[2023-04-19 01:42:18] - ******** Initialization ********
[2023-04-19 01:42:19] - Data sparsification complete
[2023-04-19 01:42:19] - Data information: {'age': 85, 'workclass': 9, 'fnlwgt': 100, 'education-num': 16, 'marital-status': 7, 'occupation': 15, 'relationship': 6, 'race': 5, 'sex': 2, 'capital-gain': 100, 'capital-loss': 100, 'hours-per-week': 99, 'native-country': 42, 'income>50K': 2}
[2023-04-19 01:42:19] - ******** Create Dynamic Tree ********
[2023-04-19 01:42:22] - The dynamic interval tree consists of nodes: [
-------- Node index: 1 --------
height: 0, sj: 2, 
right_ancestor_index: 2, left_ancestor_index: None, right_child: None, left_child: None, 
df size: 2, delete_df size: 0
-----------------------------------, 
-------- Node index: 2 --------
height: 1, sj: 4, 
right_ancestor_index: 4, left_ancestor_index: None, right_child: 3, left_child: 1, 
df size: 4, delete_df size: 0
-----------------------------------, 
-------- Node index: 3 --------
height: 0, sj: 16, 
right_ancestor_index: None, left_ancestor_index: 2, right_child: None, left_child: None, 
df size: 7, delete_df size: 3
-----------------------------------, 
-------- Node index: 4 --------
height: 2, sj: 135, 
right_ancestor_index: 8, left_ancestor_index: None, right_child: 6, left_child: 2, 
df size: 9, delete_df size: 60
-----------------------------------, 
-------- Node index: 5 --------
height: 0, sj: 305, 
right_ancestor_index: 6, left_ancestor_index: None, right_child: None, left_child: None, 
df size: 9, delete_df size: 85
-----------------------------------, 
-------- Node index: 6 --------
height: 1, sj: 516, 
right_ancestor_index: None, left_ancestor_index: 4, right_child: 7, left_child: 5, 
df size: 10, delete_df size: 105
-----------------------------------, 
-------- Node index: 7 --------
height: 0, sj: 774, 
right_ancestor_index: None, left_ancestor_index: 6, right_child: None, left_child: None, 
df size: 10, delete_df size: 129
-----------------------------------, 
-------- Node index: 8 --------
height: 3, sj: 1060, 
right_ancestor_index: 16, left_ancestor_index: None, right_child: 12, left_child: 4, 
df size: 10, delete_df size: 143
-----------------------------------, 
-------- Node index: 9 --------
height: 0, sj: 1387, 
right_ancestor_index: 10, left_ancestor_index: None, right_child: None, left_child: None, 
df size: 9, delete_df size: 164
-----------------------------------, 
-------- Node index: 10 --------
height: 1, sj: 1758, 
right_ancestor_index: 12, left_ancestor_index: None, right_child: 11, left_child: 9, 
df size: 10, delete_df size: 185
-----------------------------------, 
-------- Node index: 11 --------
height: 0, sj: 1989, 
right_ancestor_index: None, left_ancestor_index: 10, right_child: None, left_child: None, 
df size: 10, delete_df size: 116
-----------------------------------]
[2023-04-19 01:42:22] - The insertion tree consists of nodes: [
-------- Node index: 1 --------
height: 0, sj: 2, 
right_ancestor_index: 2, left_ancestor_index: None, right_child: None, left_child: None, 
df size: 2, delete_df size: 0
-----------------------------------, 
-------- Node index: 2 --------
height: 1, sj: 4, 
right_ancestor_index: 4, left_ancestor_index: None, right_child: 3, left_child: 1, 
df size: 4, delete_df size: 0
-----------------------------------, 
-------- Node index: 3 --------
height: 0, sj: 16, 
right_ancestor_index: None, left_ancestor_index: 2, right_child: None, left_child: None, 
df size: 7, delete_df size: 0
-----------------------------------, 
-------- Node index: 4 --------
height: 2, sj: 135, 
right_ancestor_index: 8, left_ancestor_index: None, right_child: 6, left_child: 2, 
df size: 9, delete_df size: 0
-----------------------------------, 
-------- Node index: 5 --------
height: 0, sj: 305, 
right_ancestor_index: 6, left_ancestor_index: None, right_child: None, left_child: None, 
df size: 9, delete_df size: 0
-----------------------------------, 
-------- Node index: 6 --------
height: 1, sj: 516, 
right_ancestor_index: None, left_ancestor_index: 4, right_child: 7, left_child: 5, 
df size: 10, delete_df size: 0
-----------------------------------, 
-------- Node index: 7 --------
height: 0, sj: 774, 
right_ancestor_index: None, left_ancestor_index: 6, right_child: None, left_child: None, 
df size: 10, delete_df size: 0
-----------------------------------, 
-------- Node index: 8 --------
height: 3, sj: 1060, 
right_ancestor_index: 16, left_ancestor_index: None, right_child: 12, left_child: 4, 
df size: 10, delete_df size: 0
-----------------------------------, 
-------- Node index: 9 --------
height: 0, sj: 1387, 
right_ancestor_index: 10, left_ancestor_index: None, right_child: None, left_child: None, 
df size: 9, delete_df size: 0
-----------------------------------, 
-------- Node index: 10 --------
height: 1, sj: 1758, 
right_ancestor_index: 12, left_ancestor_index: None, right_child: 11, left_child: 9, 
df size: 10, delete_df size: 0
-----------------------------------, 
-------- Node index: 11 --------
height: 0, sj: 1989, 
right_ancestor_index: None, left_ancestor_index: 10, right_child: None, left_child: None, 
df size: 10, delete_df size: 0
-----------------------------------] 
[2023-04-19 01:42:22] - The deletion tree consists of nodes: [
-------- Node index: 1 --------
height: 0, sj: 2, 
right_ancestor_index: 2, left_ancestor_index: None, right_child: None, left_child: None, 
df size: 0, delete_df size: 0
-----------------------------------, 
-------- Node index: 2 --------
height: 1, sj: 4, 
right_ancestor_index: 4, left_ancestor_index: None, right_child: 3, left_child: 1, 
df size: 0, delete_df size: 0
-----------------------------------, 
-------- Node index: 3 --------
height: 0, sj: 16, 
right_ancestor_index: None, left_ancestor_index: 2, right_child: None, left_child: None, 
df size: 3, delete_df size: 0
-----------------------------------, 
-------- Node index: 4 --------
height: 2, sj: 135, 
right_ancestor_index: 8, left_ancestor_index: None, right_child: 6, left_child: 2, 
df size: 63, delete_df size: 0
-----------------------------------, 
-------- Node index: 5 --------
height: 0, sj: 305, 
right_ancestor_index: 6, left_ancestor_index: None, right_child: None, left_child: None, 
df size: 85, delete_df size: 0
-----------------------------------, 
-------- Node index: 6 --------
height: 1, sj: 516, 
right_ancestor_index: None, left_ancestor_index: 4, right_child: 7, left_child: 5, 
df size: 190, delete_df size: 0
-----------------------------------, 
-------- Node index: 7 --------
height: 0, sj: 774, 
right_ancestor_index: None, left_ancestor_index: 6, right_child: None, left_child: None, 
df size: 129, delete_df size: 0
-----------------------------------, 
-------- Node index: 8 --------
height: 3, sj: 1060, 
right_ancestor_index: 16, left_ancestor_index: None, right_child: 12, left_child: 4, 
df size: 525, delete_df size: 0
-----------------------------------, 
-------- Node index: 9 --------
height: 0, sj: 1387, 
right_ancestor_index: 10, left_ancestor_index: None, right_child: None, left_child: None, 
df size: 164, delete_df size: 0
-----------------------------------, 
-------- Node index: 10 --------
height: 1, sj: 1758, 
right_ancestor_index: 12, left_ancestor_index: None, right_child: 11, left_child: 9, 
df size: 349, delete_df size: 0
-----------------------------------, 
-------- Node index: 11 --------
height: 0, sj: 1989, 
right_ancestor_index: None, left_ancestor_index: 10, right_child: None, left_child: None, 
df size: 116, delete_df size: 0
-----------------------------------] 
[2023-04-19 01:42:22] - Infinite Private Partitioning: s0: 0, j: 11, T: 3090564, beta: 1.3153009179670144e-19, C: 413.78443840671105, epsilon: 1.0, 
 segment: [0, 2, 4, 16, 135, 305, 516, 774, 1060, 1387, 1758, 1989]
