[2023-04-19 01:15:16] - Arguments: Namespace(beta=0.05, column_number=1, data_size=1000, dataset_path='./data/adult.csv', delta=0.1, domain_path='./data/adult-domain.json', each_query_size=10, epsilon=1.0, iteration=100, sparse_ratio=10)
[2023-04-19 01:15:16] - ******** Initialization ********
[2023-04-19 01:15:17] - Data sparsification complete
[2023-04-19 01:15:17] - Data information: {'age': 85, 'workclass': 9, 'fnlwgt': 100, 'education-num': 16, 'marital-status': 7, 'occupation': 15, 'relationship': 6, 'race': 5, 'sex': 2, 'capital-gain': 100, 'capital-loss': 100, 'hours-per-week': 99, 'native-country': 42, 'income>50K': 2}
[2023-04-19 01:15:17] - ******** Create Dynamic Tree ********
[2023-04-19 01:15:17] - 2
[2023-04-19 01:15:17] - 3
[2023-04-19 01:15:17] - 4
[2023-04-19 01:15:17] - 5
[2023-04-19 01:15:17] - 6
[2023-04-19 01:15:17] - 7
[2023-04-19 01:15:17] - 8
[2023-04-19 01:15:17] - 9
[2023-04-19 01:15:17] - 10
[2023-04-19 01:15:17] - 9
[2023-04-19 01:15:17] - 10
[2023-04-19 01:15:17] - 11
[2023-04-19 01:15:17] - 10
[2023-04-19 01:15:17] - 11
[2023-04-19 01:15:17] - 12
[2023-04-19 01:15:17] - 11
[2023-04-19 01:15:17] - 12
[2023-04-19 01:15:17] - 13
[2023-04-19 01:15:17] - 12
[2023-04-19 01:15:17] - 13
[2023-04-19 01:15:17] - 14
[2023-04-19 01:15:17] - 13
[2023-04-19 01:15:17] - 14
[2023-04-19 01:15:17] - 15
[2023-04-19 01:15:17] - 14
[2023-04-19 01:15:17] - 15
[2023-04-19 01:15:17] - 16
[2023-04-19 01:15:17] - 15
[2023-04-19 01:15:17] - 16
[2023-04-19 01:15:17] - 17
[2023-04-19 01:15:17] - 16
[2023-04-19 01:15:17] - 17
[2023-04-19 01:15:17] - 18
[2023-04-19 01:15:17] - 17
[2023-04-19 01:15:17] - 18
[2023-04-19 01:15:17] - 19
[2023-04-19 01:15:17] - 18
[2023-04-19 01:15:17] - 19
[2023-04-19 01:15:17] - 20
[2023-04-19 01:15:17] - 19
[2023-04-19 01:15:17] - 20
[2023-04-19 01:15:17] - 21
[2023-04-19 01:15:17] - 20
[2023-04-19 01:15:17] - 21
[2023-04-19 01:15:17] - 22
[2023-04-19 01:15:17] - 21
[2023-04-19 01:15:17] - 22
[2023-04-19 01:15:17] - 23
[2023-04-19 01:15:17] - 22
[2023-04-19 01:15:17] - 23
[2023-04-19 01:15:17] - 24
[2023-04-19 01:15:17] - 23
[2023-04-19 01:15:17] - 24
[2023-04-19 01:15:17] - 25
[2023-04-19 01:15:17] - 24
[2023-04-19 01:15:17] - 25
[2023-04-19 01:15:17] - 26
[2023-04-19 01:15:17] - 25
[2023-04-19 01:15:17] - 26
[2023-04-19 01:15:17] - 27
[2023-04-19 01:15:17] - 26
[2023-04-19 01:15:17] - 27
[2023-04-19 01:15:17] - 28
[2023-04-19 01:15:17] - 27
[2023-04-19 01:15:17] - 28
[2023-04-19 01:15:17] - 29
[2023-04-19 01:15:17] - 28
[2023-04-19 01:15:17] - 29
[2023-04-19 01:15:17] - 30
[2023-04-19 01:15:17] - 29
[2023-04-19 01:15:17] - 30
[2023-04-19 01:15:17] - 31
[2023-04-19 01:15:17] - 30
[2023-04-19 01:15:17] - 31
[2023-04-19 01:15:17] - 32
[2023-04-19 01:15:17] - 31
[2023-04-19 01:15:17] - 32
[2023-04-19 01:15:17] - 33
[2023-04-19 01:15:17] - 32
[2023-04-19 01:15:17] - 33
[2023-04-19 01:15:17] - 34
[2023-04-19 01:15:17] - 33
[2023-04-19 01:15:17] - 34
[2023-04-19 01:15:17] - 35
[2023-04-19 01:15:17] - 34
[2023-04-19 01:15:17] - 35
[2023-04-19 01:15:17] - 36
[2023-04-19 01:15:17] - 35
[2023-04-19 01:15:17] - 36
[2023-04-19 01:15:17] - 37
[2023-04-19 01:15:17] - 36
[2023-04-19 01:15:17] - 37
[2023-04-19 01:15:17] - 38
[2023-04-19 01:15:17] - 37
[2023-04-19 01:15:17] - 38
[2023-04-19 01:15:17] - 39
[2023-04-19 01:15:17] - 38
[2023-04-19 01:15:17] - 39
[2023-04-19 01:15:17] - 40
[2023-04-19 01:15:17] - 39
[2023-04-19 01:15:17] - 40
[2023-04-19 01:15:17] - 41
[2023-04-19 01:15:17] - 40
[2023-04-19 01:15:17] - 41
[2023-04-19 01:15:17] - 42
[2023-04-19 01:15:17] - 41
[2023-04-19 01:15:17] - 42
[2023-04-19 01:15:17] - 43
[2023-04-19 01:15:17] - 42
[2023-04-19 01:15:17] - 43
[2023-04-19 01:15:17] - 44
[2023-04-19 01:15:17] - 43
[2023-04-19 01:15:17] - 44
[2023-04-19 01:15:17] - 45
[2023-04-19 01:15:17] - 44
[2023-04-19 01:15:17] - 45
[2023-04-19 01:15:17] - 46
[2023-04-19 01:15:17] - 45
[2023-04-19 01:15:17] - 46
[2023-04-19 01:15:17] - 47
[2023-04-19 01:15:17] - 46
[2023-04-19 01:15:17] - 47
[2023-04-19 01:15:17] - 48
[2023-04-19 01:15:17] - 47
[2023-04-19 01:15:17] - 48
[2023-04-19 01:15:17] - 49
[2023-04-19 01:15:17] - 48
[2023-04-19 01:15:17] - 49
[2023-04-19 01:15:17] - 50
[2023-04-19 01:15:17] - 49
[2023-04-19 01:15:17] - 50
[2023-04-19 01:15:17] - 51
[2023-04-19 01:15:17] - 50
[2023-04-19 01:15:17] - 51
[2023-04-19 01:15:17] - 52
[2023-04-19 01:15:17] - 51
[2023-04-19 01:15:17] - 52
[2023-04-19 01:15:17] - 53
[2023-04-19 01:15:17] - 52
[2023-04-19 01:15:17] - 53
[2023-04-19 01:15:17] - 54
[2023-04-19 01:15:17] - 53
[2023-04-19 01:15:17] - 54
[2023-04-19 01:15:17] - 55
[2023-04-19 01:15:17] - 54
[2023-04-19 01:15:17] - 55
[2023-04-19 01:15:17] - 56
[2023-04-19 01:15:17] - 55
[2023-04-19 01:15:17] - 56
[2023-04-19 01:15:17] - 57
[2023-04-19 01:15:17] - 56
[2023-04-19 01:15:17] - 57
[2023-04-19 01:15:17] - 58
[2023-04-19 01:15:17] - 57
[2023-04-19 01:15:17] - 58
[2023-04-19 01:15:17] - 59
[2023-04-19 01:15:17] - 58
[2023-04-19 01:15:17] - 59
[2023-04-19 01:15:17] - 60
[2023-04-19 01:15:17] - 59
[2023-04-19 01:15:17] - 60
[2023-04-19 01:15:17] - 61
[2023-04-19 01:15:17] - 60
[2023-04-19 01:15:17] - 61
[2023-04-19 01:15:17] - 62
[2023-04-19 01:15:17] - 61
[2023-04-19 01:15:17] - 62
[2023-04-19 01:15:17] - 63
[2023-04-19 01:15:17] - 62
[2023-04-19 01:15:17] - 63
[2023-04-19 01:15:17] - 64
[2023-04-19 01:15:17] - 63
[2023-04-19 01:15:17] - 64
[2023-04-19 01:15:17] - 65
[2023-04-19 01:15:17] - 64
[2023-04-19 01:15:17] - 65
[2023-04-19 01:15:17] - 66
[2023-04-19 01:15:17] - 65
[2023-04-19 01:15:17] - 66
[2023-04-19 01:15:17] - 67
[2023-04-19 01:15:17] - 66
[2023-04-19 01:15:17] - 67
[2023-04-19 01:15:17] - 68
[2023-04-19 01:15:17] - 67
[2023-04-19 01:15:17] - 68
[2023-04-19 01:15:17] - 69
[2023-04-19 01:15:17] - 68
[2023-04-19 01:15:17] - 69
[2023-04-19 01:15:17] - 70
[2023-04-19 01:15:17] - 69
[2023-04-19 01:15:17] - 70
[2023-04-19 01:15:17] - 71
[2023-04-19 01:15:17] - 70
[2023-04-19 01:15:17] - 71
[2023-04-19 01:15:17] - 72
[2023-04-19 01:15:17] - 71
[2023-04-19 01:15:17] - 72
[2023-04-19 01:15:17] - 73
[2023-04-19 01:15:17] - 72
[2023-04-19 01:15:17] - 73
[2023-04-19 01:15:17] - 74
[2023-04-19 01:15:17] - 73
[2023-04-19 01:15:17] - 74
[2023-04-19 01:15:17] - 75
[2023-04-19 01:15:17] - 74
[2023-04-19 01:15:17] - 75
[2023-04-19 01:15:17] - 76
[2023-04-19 01:15:17] - 75
[2023-04-19 01:15:17] - 76
[2023-04-19 01:15:17] - 77
[2023-04-19 01:15:17] - 76
[2023-04-19 01:15:17] - 77
[2023-04-19 01:15:17] - 78
[2023-04-19 01:15:17] - 77
[2023-04-19 01:15:17] - 78
[2023-04-19 01:15:17] - 79
[2023-04-19 01:15:17] - 78
[2023-04-19 01:15:17] - 79
[2023-04-19 01:15:17] - 80
[2023-04-19 01:15:17] - 79
[2023-04-19 01:15:17] - 80
[2023-04-19 01:15:17] - 81
[2023-04-19 01:15:17] - 80
[2023-04-19 01:15:17] - 81
[2023-04-19 01:15:17] - 82
[2023-04-19 01:15:17] - 81
[2023-04-19 01:15:17] - 82
[2023-04-19 01:15:17] - 83
[2023-04-19 01:15:17] - 82
[2023-04-19 01:15:17] - 83
[2023-04-19 01:15:17] - 84
[2023-04-19 01:15:17] - 83
[2023-04-19 01:15:17] - 84
[2023-04-19 01:15:17] - 85
[2023-04-19 01:15:17] - 84
[2023-04-19 01:15:17] - 85
[2023-04-19 01:15:17] - 86
[2023-04-19 01:15:17] - 85
[2023-04-19 01:15:17] - 86
[2023-04-19 01:15:17] - 87
[2023-04-19 01:15:17] - 86
[2023-04-19 01:15:17] - 87
[2023-04-19 01:15:17] - 88
[2023-04-19 01:15:17] - 87
[2023-04-19 01:15:17] - 88
[2023-04-19 01:15:17] - 89
[2023-04-19 01:15:17] - 88
[2023-04-19 01:15:17] - 89
[2023-04-19 01:15:17] - 90
[2023-04-19 01:15:17] - 89
[2023-04-19 01:15:17] - 90
[2023-04-19 01:15:17] - 91
[2023-04-19 01:15:17] - 90
[2023-04-19 01:15:17] - 91
[2023-04-19 01:15:17] - 92
[2023-04-19 01:15:17] - 91
[2023-04-19 01:15:17] - 92
[2023-04-19 01:15:17] - 93
[2023-04-19 01:15:17] - 92
[2023-04-19 01:15:17] - 93
[2023-04-19 01:15:17] - 94
[2023-04-19 01:15:17] - 93
[2023-04-19 01:15:17] - 94
[2023-04-19 01:15:17] - 95
[2023-04-19 01:15:17] - 94
[2023-04-19 01:15:17] - 95
[2023-04-19 01:15:17] - 96
[2023-04-19 01:15:17] - 95
[2023-04-19 01:15:17] - 96
[2023-04-19 01:15:17] - 97
[2023-04-19 01:15:17] - 96
[2023-04-19 01:15:17] - 97
[2023-04-19 01:15:17] - 98
[2023-04-19 01:15:17] - 97
[2023-04-19 01:15:17] - 98
[2023-04-19 01:15:17] - 99
[2023-04-19 01:15:17] - 98
[2023-04-19 01:15:17] - 99
[2023-04-19 01:15:17] - 100
[2023-04-19 01:15:17] - 99
[2023-04-19 01:15:17] - 100
[2023-04-19 01:15:17] - 101
[2023-04-19 01:15:17] - 100
[2023-04-19 01:15:17] - 101
[2023-04-19 01:15:17] - 102
[2023-04-19 01:15:17] - 101
[2023-04-19 01:15:17] - 102
[2023-04-19 01:15:17] - 103
[2023-04-19 01:15:17] - 102
[2023-04-19 01:15:17] - 103
[2023-04-19 01:15:17] - 104
[2023-04-19 01:15:17] - 103
[2023-04-19 01:15:17] - 104
[2023-04-19 01:15:17] - 105
[2023-04-19 01:15:17] - 104
[2023-04-19 01:15:17] - 105
[2023-04-19 01:15:17] - 106
[2023-04-19 01:15:17] - 105
[2023-04-19 01:15:17] - 106
[2023-04-19 01:15:17] - 107
[2023-04-19 01:15:17] - 106
[2023-04-19 01:15:17] - 107
[2023-04-19 01:15:17] - 108
[2023-04-19 01:15:17] - 107
[2023-04-19 01:15:17] - 108
[2023-04-19 01:15:17] - 109
[2023-04-19 01:15:17] - 108
[2023-04-19 01:15:17] - 109
[2023-04-19 01:15:17] - 110
[2023-04-19 01:15:17] - 109
[2023-04-19 01:15:17] - 110
[2023-04-19 01:15:17] - 111
[2023-04-19 01:15:17] - 110
[2023-04-19 01:15:17] - 111
[2023-04-19 01:15:17] - 112
[2023-04-19 01:15:17] - 111
[2023-04-19 01:15:17] - 112
[2023-04-19 01:15:17] - 113
[2023-04-19 01:15:17] - 112
[2023-04-19 01:15:17] - 113
[2023-04-19 01:15:17] - 114
[2023-04-19 01:15:17] - 113
[2023-04-19 01:15:17] - 114
[2023-04-19 01:15:17] - 115
[2023-04-19 01:15:17] - 114
[2023-04-19 01:15:17] - 115
[2023-04-19 01:15:17] - 116
[2023-04-19 01:15:17] - 115
[2023-04-19 01:15:17] - 116
[2023-04-19 01:15:17] - 117
[2023-04-19 01:15:17] - 116
[2023-04-19 01:15:17] - 117
[2023-04-19 01:15:17] - 118
[2023-04-19 01:15:17] - 117
[2023-04-19 01:15:17] - 118
[2023-04-19 01:15:17] - 119
[2023-04-19 01:15:17] - 118
[2023-04-19 01:15:17] - 119
[2023-04-19 01:15:17] - 120
[2023-04-19 01:15:17] - 119
[2023-04-19 01:15:17] - 120
[2023-04-19 01:15:17] - 121
[2023-04-19 01:15:17] - 120
[2023-04-19 01:15:17] - 121
[2023-04-19 01:15:17] - 122
[2023-04-19 01:15:17] - 121
[2023-04-19 01:15:17] - 122
[2023-04-19 01:15:17] - 123
[2023-04-19 01:15:17] - 122
[2023-04-19 01:15:17] - 123
[2023-04-19 01:15:17] - 124
[2023-04-19 01:15:17] - 123
[2023-04-19 01:15:17] - 124
[2023-04-19 01:15:17] - 125
[2023-04-19 01:15:17] - 124
[2023-04-19 01:15:17] - 125
[2023-04-19 01:15:17] - 126
[2023-04-19 01:15:17] - 125
[2023-04-19 01:15:17] - 126
[2023-04-19 01:15:17] - 127
[2023-04-19 01:15:17] - 126
[2023-04-19 01:15:17] - 127
[2023-04-19 01:15:17] - 128
[2023-04-19 01:15:18] - 127
[2023-04-19 01:15:18] - 128
[2023-04-19 01:15:18] - 129
[2023-04-19 01:15:18] - 128
[2023-04-19 01:15:18] - 129
[2023-04-19 01:15:18] - 130
[2023-04-19 01:15:18] - 129
[2023-04-19 01:15:18] - 130
[2023-04-19 01:15:18] - 131
[2023-04-19 01:15:18] - 130
[2023-04-19 01:15:18] - 131
[2023-04-19 01:15:18] - 132
[2023-04-19 01:15:18] - 131
[2023-04-19 01:15:18] - 132
[2023-04-19 01:15:18] - 133
[2023-04-19 01:15:18] - 132
[2023-04-19 01:15:18] - 133
[2023-04-19 01:15:18] - 134
[2023-04-19 01:15:18] - 133
[2023-04-19 01:15:18] - 134
[2023-04-19 01:15:18] - 135
[2023-04-19 01:15:18] - 134
[2023-04-19 01:15:18] - 135
[2023-04-19 01:15:18] - 136
[2023-04-19 01:15:18] - 135
[2023-04-19 01:15:18] - 136
[2023-04-19 01:15:18] - 137
[2023-04-19 01:15:18] - 136
[2023-04-19 01:15:18] - 137
[2023-04-19 01:15:18] - 138
[2023-04-19 01:15:18] - 137
[2023-04-19 01:15:18] - 138
[2023-04-19 01:15:18] - 139
[2023-04-19 01:15:18] - 138
[2023-04-19 01:15:18] - 139
[2023-04-19 01:15:18] - 140
[2023-04-19 01:15:18] - 139
[2023-04-19 01:15:18] - 140
[2023-04-19 01:15:18] - 141
[2023-04-19 01:15:18] - 140
[2023-04-19 01:15:18] - 141
[2023-04-19 01:15:18] - 142
[2023-04-19 01:15:18] - 141
[2023-04-19 01:15:18] - 142
[2023-04-19 01:15:18] - 143
[2023-04-19 01:15:18] - 142
[2023-04-19 01:15:18] - 143
[2023-04-19 01:15:18] - 144
[2023-04-19 01:15:18] - 143
[2023-04-19 01:15:18] - 144
[2023-04-19 01:15:18] - 145
[2023-04-19 01:15:18] - 144
[2023-04-19 01:15:18] - 145
[2023-04-19 01:15:18] - 146
[2023-04-19 01:15:18] - 145
[2023-04-19 01:15:18] - 146
[2023-04-19 01:15:18] - 147
[2023-04-19 01:15:18] - 146
[2023-04-19 01:15:18] - 147
[2023-04-19 01:15:18] - 148
[2023-04-19 01:15:18] - 147
[2023-04-19 01:15:18] - 148
[2023-04-19 01:15:18] - 149
[2023-04-19 01:15:18] - 148
[2023-04-19 01:15:18] - 149
[2023-04-19 01:15:18] - 150
[2023-04-19 01:15:18] - 149
[2023-04-19 01:15:18] - 150
[2023-04-19 01:15:18] - 151
[2023-04-19 01:15:18] - 150
[2023-04-19 01:15:18] - 151
[2023-04-19 01:15:18] - 152
[2023-04-19 01:15:18] - 151
[2023-04-19 01:15:18] - 152
[2023-04-19 01:15:18] - 153
[2023-04-19 01:15:18] - 152
[2023-04-19 01:15:18] - 153
[2023-04-19 01:15:18] - 154
[2023-04-19 01:15:18] - 153
[2023-04-19 01:15:18] - 154
[2023-04-19 01:15:18] - 155
[2023-04-19 01:15:18] - 154
[2023-04-19 01:15:18] - 155
[2023-04-19 01:15:18] - 156
[2023-04-19 01:15:18] - 155
[2023-04-19 01:15:18] - 156
[2023-04-19 01:15:18] - 157
[2023-04-19 01:15:18] - 156
[2023-04-19 01:15:18] - 157
[2023-04-19 01:15:18] - 158
[2023-04-19 01:15:18] - 157
[2023-04-19 01:15:18] - 158
[2023-04-19 01:15:18] - 159
[2023-04-19 01:15:18] - 158
[2023-04-19 01:15:18] - 159
[2023-04-19 01:15:18] - 160
[2023-04-19 01:15:18] - 159
[2023-04-19 01:15:18] - 160
[2023-04-19 01:15:18] - 161
[2023-04-19 01:15:18] - 160
[2023-04-19 01:15:18] - 161
[2023-04-19 01:15:18] - 162
[2023-04-19 01:15:18] - 161
[2023-04-19 01:15:18] - 162
[2023-04-19 01:15:18] - 163
[2023-04-19 01:15:18] - 162
[2023-04-19 01:15:18] - 163
[2023-04-19 01:15:18] - 164
[2023-04-19 01:15:18] - 163
[2023-04-19 01:15:18] - 164
[2023-04-19 01:15:18] - 165
[2023-04-19 01:15:18] - 164
[2023-04-19 01:15:18] - 165
[2023-04-19 01:15:18] - 166
[2023-04-19 01:15:18] - 165
[2023-04-19 01:15:18] - 166
[2023-04-19 01:15:18] - 167
[2023-04-19 01:15:18] - 166
[2023-04-19 01:15:18] - 167
[2023-04-19 01:15:18] - 168
[2023-04-19 01:15:18] - 167
[2023-04-19 01:15:18] - 168
[2023-04-19 01:15:18] - 169
[2023-04-19 01:15:18] - 168
[2023-04-19 01:15:18] - 169
[2023-04-19 01:15:18] - 170
[2023-04-19 01:15:18] - 169
[2023-04-19 01:15:18] - 170
[2023-04-19 01:15:18] - 171
[2023-04-19 01:15:18] - 170
[2023-04-19 01:15:18] - 171
[2023-04-19 01:15:18] - 172
[2023-04-19 01:15:18] - 171
[2023-04-19 01:15:18] - 172
[2023-04-19 01:15:18] - 173
[2023-04-19 01:15:18] - 172
[2023-04-19 01:15:18] - 173
[2023-04-19 01:15:18] - 174
[2023-04-19 01:15:18] - 173
[2023-04-19 01:15:18] - 174
[2023-04-19 01:15:18] - 175
[2023-04-19 01:15:18] - 174
[2023-04-19 01:15:18] - 175
[2023-04-19 01:15:18] - 176
[2023-04-19 01:15:18] - 175
[2023-04-19 01:15:18] - 176
[2023-04-19 01:15:18] - 177
[2023-04-19 01:15:18] - 176
[2023-04-19 01:15:18] - 177
[2023-04-19 01:15:18] - 178
[2023-04-19 01:15:18] - 177
[2023-04-19 01:15:18] - 178
[2023-04-19 01:15:18] - 179
[2023-04-19 01:15:18] - 178
[2023-04-19 01:15:18] - 179
[2023-04-19 01:15:18] - 180
[2023-04-19 01:15:18] - 179
[2023-04-19 01:15:18] - 180
[2023-04-19 01:15:18] - 181
[2023-04-19 01:15:18] - 180
[2023-04-19 01:15:18] - 181
[2023-04-19 01:15:18] - 182
[2023-04-19 01:15:18] - 181
[2023-04-19 01:15:18] - 182
[2023-04-19 01:15:18] - 183
[2023-04-19 01:15:18] - 182
[2023-04-19 01:15:18] - 183
[2023-04-19 01:15:18] - 184
[2023-04-19 01:15:18] - 183
[2023-04-19 01:15:18] - 184
[2023-04-19 01:15:18] - 185
[2023-04-19 01:15:18] - 184
[2023-04-19 01:15:18] - 185
[2023-04-19 01:15:18] - 186
[2023-04-19 01:15:18] - 185
[2023-04-19 01:15:18] - 186
[2023-04-19 01:15:18] - 187
[2023-04-19 01:15:18] - 186
[2023-04-19 01:15:18] - 187
[2023-04-19 01:15:18] - 188
[2023-04-19 01:15:18] - 187
[2023-04-19 01:15:18] - 188
[2023-04-19 01:15:18] - 189
[2023-04-19 01:15:18] - 188
[2023-04-19 01:15:18] - 189
[2023-04-19 01:15:18] - 190
[2023-04-19 01:15:18] - 189
[2023-04-19 01:15:18] - 190
[2023-04-19 01:15:18] - 191
[2023-04-19 01:15:18] - 190
[2023-04-19 01:15:18] - 191
[2023-04-19 01:15:18] - 192
[2023-04-19 01:15:18] - 191
[2023-04-19 01:15:18] - 192
[2023-04-19 01:15:18] - 193
[2023-04-19 01:15:18] - 192
[2023-04-19 01:15:18] - 193
[2023-04-19 01:15:18] - 194
[2023-04-19 01:15:18] - 193
[2023-04-19 01:15:18] - 194
[2023-04-19 01:15:18] - 195
[2023-04-19 01:15:18] - 194
[2023-04-19 01:15:18] - 195
[2023-04-19 01:15:18] - 196
[2023-04-19 01:15:18] - 195
[2023-04-19 01:15:18] - 196
[2023-04-19 01:15:18] - 197
[2023-04-19 01:15:18] - 196
[2023-04-19 01:15:18] - 197
[2023-04-19 01:15:18] - 198
[2023-04-19 01:15:18] - 197
[2023-04-19 01:15:18] - 198
[2023-04-19 01:15:18] - 199
[2023-04-19 01:15:18] - 198
[2023-04-19 01:15:18] - 199
[2023-04-19 01:15:18] - 200
[2023-04-19 01:15:18] - 199
[2023-04-19 01:15:18] - 200
[2023-04-19 01:15:18] - 201
[2023-04-19 01:15:18] - 200
[2023-04-19 01:15:18] - 201
[2023-04-19 01:15:18] - 202
[2023-04-19 01:15:18] - 201
[2023-04-19 01:15:18] - 202
[2023-04-19 01:15:18] - 203
[2023-04-19 01:15:18] - 202
[2023-04-19 01:15:18] - 203
[2023-04-19 01:15:18] - 204
[2023-04-19 01:15:18] - 203
[2023-04-19 01:15:18] - 204
[2023-04-19 01:15:18] - 205
[2023-04-19 01:15:18] - 204
[2023-04-19 01:15:18] - 205
[2023-04-19 01:15:18] - 206
[2023-04-19 01:15:18] - 205
[2023-04-19 01:15:18] - 206
[2023-04-19 01:15:18] - 207
[2023-04-19 01:15:18] - 206
[2023-04-19 01:15:18] - 207
[2023-04-19 01:15:18] - 208
[2023-04-19 01:15:18] - 207
[2023-04-19 01:15:18] - 208
[2023-04-19 01:15:18] - 209
[2023-04-19 01:15:18] - 208
[2023-04-19 01:15:18] - 209
[2023-04-19 01:15:18] - 210
[2023-04-19 01:15:18] - 209
[2023-04-19 01:15:18] - 210
[2023-04-19 01:15:18] - 211
[2023-04-19 01:15:18] - 210
[2023-04-19 01:15:18] - 211
[2023-04-19 01:15:18] - 212
[2023-04-19 01:15:18] - 211
[2023-04-19 01:15:18] - 212
[2023-04-19 01:15:18] - 213
[2023-04-19 01:15:18] - 212
[2023-04-19 01:15:18] - 213
[2023-04-19 01:15:18] - 214
[2023-04-19 01:15:18] - 213
[2023-04-19 01:15:18] - 214
[2023-04-19 01:15:18] - 215
[2023-04-19 01:15:18] - 214
[2023-04-19 01:15:18] - 215
[2023-04-19 01:15:18] - 216
[2023-04-19 01:15:18] - 215
[2023-04-19 01:15:18] - 216
[2023-04-19 01:15:18] - 217
[2023-04-19 01:15:18] - 216
[2023-04-19 01:15:18] - 217
[2023-04-19 01:15:18] - 218
[2023-04-19 01:15:18] - 217
[2023-04-19 01:15:18] - 218
[2023-04-19 01:15:18] - 219
[2023-04-19 01:15:18] - 218
[2023-04-19 01:15:18] - 219
[2023-04-19 01:15:18] - 220
[2023-04-19 01:15:18] - 219
[2023-04-19 01:15:18] - 220
[2023-04-19 01:15:18] - 221
[2023-04-19 01:15:18] - 220
[2023-04-19 01:15:18] - 221
[2023-04-19 01:15:18] - 222
[2023-04-19 01:15:18] - 221
[2023-04-19 01:15:18] - 222
[2023-04-19 01:15:18] - 223
[2023-04-19 01:15:18] - 222
[2023-04-19 01:15:18] - 223
[2023-04-19 01:15:18] - 224
[2023-04-19 01:15:18] - 223
[2023-04-19 01:15:18] - 224
[2023-04-19 01:15:18] - 225
[2023-04-19 01:15:18] - 224
[2023-04-19 01:15:18] - 225
[2023-04-19 01:15:18] - 226
[2023-04-19 01:15:18] - 225
[2023-04-19 01:15:18] - 226
[2023-04-19 01:15:18] - 227
[2023-04-19 01:15:18] - 226
[2023-04-19 01:15:18] - 227
[2023-04-19 01:15:18] - 228
[2023-04-19 01:15:18] - 227
[2023-04-19 01:15:18] - 228
[2023-04-19 01:15:18] - 229
[2023-04-19 01:15:18] - 228
[2023-04-19 01:15:18] - 229
[2023-04-19 01:15:18] - 230
[2023-04-19 01:15:18] - 229
[2023-04-19 01:15:18] - 230
[2023-04-19 01:15:18] - 231
[2023-04-19 01:15:18] - 230
[2023-04-19 01:15:18] - 231
[2023-04-19 01:15:18] - 232
[2023-04-19 01:15:18] - 231
[2023-04-19 01:15:18] - 232
[2023-04-19 01:15:18] - 233
[2023-04-19 01:15:18] - 232
[2023-04-19 01:15:18] - 233
[2023-04-19 01:15:18] - 234
[2023-04-19 01:15:18] - 233
[2023-04-19 01:15:18] - 234
[2023-04-19 01:15:18] - 235
[2023-04-19 01:15:18] - 234
[2023-04-19 01:15:18] - 235
[2023-04-19 01:15:18] - 236
[2023-04-19 01:15:18] - 235
[2023-04-19 01:15:18] - 236
[2023-04-19 01:15:18] - 237
[2023-04-19 01:15:18] - 236
[2023-04-19 01:15:18] - 237
[2023-04-19 01:15:18] - 238
[2023-04-19 01:15:18] - 237
[2023-04-19 01:15:18] - 238
[2023-04-19 01:15:18] - 239
[2023-04-19 01:15:18] - 238
[2023-04-19 01:15:18] - 239
[2023-04-19 01:15:18] - 240
[2023-04-19 01:15:18] - 239
[2023-04-19 01:15:18] - 240
[2023-04-19 01:15:18] - 241
[2023-04-19 01:15:18] - 240
[2023-04-19 01:15:18] - 241
[2023-04-19 01:15:18] - 242
[2023-04-19 01:15:18] - 241
[2023-04-19 01:15:18] - 242
[2023-04-19 01:15:18] - 243
[2023-04-19 01:15:18] - 242
[2023-04-19 01:15:18] - 243
[2023-04-19 01:15:18] - 244
[2023-04-19 01:15:18] - 243
[2023-04-19 01:15:18] - 244
[2023-04-19 01:15:18] - 245
[2023-04-19 01:15:18] - 244
[2023-04-19 01:15:18] - 245
[2023-04-19 01:15:18] - 246
[2023-04-19 01:15:18] - 245
[2023-04-19 01:15:18] - 246
[2023-04-19 01:15:18] - 247
[2023-04-19 01:15:18] - 246
[2023-04-19 01:15:18] - 247
[2023-04-19 01:15:18] - 248
[2023-04-19 01:15:18] - 247
[2023-04-19 01:15:18] - 248
[2023-04-19 01:15:18] - 249
[2023-04-19 01:15:18] - 248
[2023-04-19 01:15:18] - 249
[2023-04-19 01:15:18] - 250
[2023-04-19 01:15:18] - 249
[2023-04-19 01:15:18] - 250
[2023-04-19 01:15:18] - 251
[2023-04-19 01:15:18] - 250
[2023-04-19 01:15:18] - 251
[2023-04-19 01:15:18] - 252
[2023-04-19 01:15:18] - 251
[2023-04-19 01:15:18] - 252
[2023-04-19 01:15:18] - 253
[2023-04-19 01:15:18] - 252
[2023-04-19 01:15:18] - 253
[2023-04-19 01:15:18] - 254
[2023-04-19 01:15:18] - 253
[2023-04-19 01:15:18] - 254
[2023-04-19 01:15:18] - 255
[2023-04-19 01:15:18] - 254
[2023-04-19 01:15:18] - 255
[2023-04-19 01:15:18] - 256
[2023-04-19 01:15:18] - 255
[2023-04-19 01:15:18] - 256
[2023-04-19 01:15:18] - 257
[2023-04-19 01:15:18] - 256
[2023-04-19 01:15:18] - 257
[2023-04-19 01:15:18] - 258
[2023-04-19 01:15:18] - 257
[2023-04-19 01:15:18] - 258
[2023-04-19 01:15:18] - 259
[2023-04-19 01:15:18] - 258
[2023-04-19 01:15:18] - 259
[2023-04-19 01:15:18] - 260
[2023-04-19 01:15:18] - 259
[2023-04-19 01:15:18] - 260
[2023-04-19 01:15:18] - 261
[2023-04-19 01:15:18] - 260
[2023-04-19 01:15:18] - 261
[2023-04-19 01:15:18] - 262
[2023-04-19 01:15:18] - 261
[2023-04-19 01:15:18] - 262
[2023-04-19 01:15:18] - 263
[2023-04-19 01:15:18] - 262
[2023-04-19 01:15:18] - 263
[2023-04-19 01:15:18] - 264
[2023-04-19 01:15:18] - 263
[2023-04-19 01:15:18] - 264
[2023-04-19 01:15:18] - 265
[2023-04-19 01:15:18] - 264
[2023-04-19 01:15:18] - 265
[2023-04-19 01:15:18] - 266
[2023-04-19 01:15:18] - 265
[2023-04-19 01:15:18] - 266
[2023-04-19 01:15:18] - 267
[2023-04-19 01:15:18] - 266
[2023-04-19 01:15:18] - 267
[2023-04-19 01:15:18] - 268
[2023-04-19 01:15:18] - 267
[2023-04-19 01:15:18] - 268
[2023-04-19 01:15:18] - 269
[2023-04-19 01:15:18] - 268
[2023-04-19 01:15:18] - 269
[2023-04-19 01:15:18] - 270
[2023-04-19 01:15:18] - 269
[2023-04-19 01:15:18] - 270
[2023-04-19 01:15:18] - 271
[2023-04-19 01:15:18] - 270
[2023-04-19 01:15:18] - 271
[2023-04-19 01:15:18] - 272
[2023-04-19 01:15:18] - 271
[2023-04-19 01:15:18] - 272
[2023-04-19 01:15:18] - 273
[2023-04-19 01:15:18] - 272
[2023-04-19 01:15:18] - 273
[2023-04-19 01:15:18] - 274
[2023-04-19 01:15:18] - 273
[2023-04-19 01:15:18] - 274
[2023-04-19 01:15:18] - 275
[2023-04-19 01:15:18] - 274
[2023-04-19 01:15:18] - 275
[2023-04-19 01:15:18] - 276
[2023-04-19 01:15:18] - 275
[2023-04-19 01:15:18] - 276
[2023-04-19 01:15:18] - 277
[2023-04-19 01:15:18] - 276
[2023-04-19 01:15:18] - 277
[2023-04-19 01:15:18] - 278
[2023-04-19 01:15:18] - 277
[2023-04-19 01:15:18] - 278
[2023-04-19 01:15:18] - 279
[2023-04-19 01:15:18] - 278
[2023-04-19 01:15:18] - 279
[2023-04-19 01:15:18] - 280
[2023-04-19 01:15:18] - 279
[2023-04-19 01:15:18] - 280
[2023-04-19 01:15:18] - 281
[2023-04-19 01:15:18] - 280
[2023-04-19 01:15:18] - 281
[2023-04-19 01:15:18] - 282
[2023-04-19 01:15:18] - 281
[2023-04-19 01:15:18] - 282
[2023-04-19 01:15:18] - 283
[2023-04-19 01:15:18] - 282
[2023-04-19 01:15:18] - 283
[2023-04-19 01:15:18] - 284
[2023-04-19 01:15:18] - 283
[2023-04-19 01:15:18] - 284
[2023-04-19 01:15:18] - 285
[2023-04-19 01:15:18] - 284
[2023-04-19 01:15:18] - 285
[2023-04-19 01:15:18] - 286
[2023-04-19 01:15:18] - 285
[2023-04-19 01:15:18] - 286
[2023-04-19 01:15:18] - 287
[2023-04-19 01:15:18] - 286
[2023-04-19 01:15:18] - 287
[2023-04-19 01:15:18] - 288
[2023-04-19 01:15:18] - 287
[2023-04-19 01:15:18] - 288
[2023-04-19 01:15:18] - 289
[2023-04-19 01:15:18] - 288
[2023-04-19 01:15:18] - 289
[2023-04-19 01:15:18] - 290
[2023-04-19 01:15:18] - 289
[2023-04-19 01:15:18] - 290
[2023-04-19 01:15:18] - 291
[2023-04-19 01:15:18] - 290
[2023-04-19 01:15:18] - 291
[2023-04-19 01:15:18] - 292
[2023-04-19 01:15:18] - 291
[2023-04-19 01:15:18] - 292
[2023-04-19 01:15:18] - 293
[2023-04-19 01:15:18] - 292
[2023-04-19 01:15:18] - 293
[2023-04-19 01:15:18] - 294
[2023-04-19 01:15:18] - 293
[2023-04-19 01:15:18] - 294
[2023-04-19 01:15:18] - 295
[2023-04-19 01:15:18] - 294
[2023-04-19 01:15:18] - 295
[2023-04-19 01:15:18] - 296
[2023-04-19 01:15:18] - 295
[2023-04-19 01:15:18] - 296
[2023-04-19 01:15:18] - 297
[2023-04-19 01:15:18] - 296
[2023-04-19 01:15:18] - 297
[2023-04-19 01:15:18] - 298
[2023-04-19 01:15:18] - 297
[2023-04-19 01:15:18] - 298
[2023-04-19 01:15:18] - 299
[2023-04-19 01:15:18] - 298
[2023-04-19 01:15:18] - 299
[2023-04-19 01:15:18] - 300
[2023-04-19 01:15:18] - 299
[2023-04-19 01:15:18] - 300
[2023-04-19 01:15:18] - 301
[2023-04-19 01:15:18] - 300
[2023-04-19 01:15:18] - 301
[2023-04-19 01:15:18] - 302
[2023-04-19 01:15:18] - 301
[2023-04-19 01:15:18] - 302
[2023-04-19 01:15:18] - 303
[2023-04-19 01:15:18] - 302
[2023-04-19 01:15:18] - 303
[2023-04-19 01:15:18] - 304
[2023-04-19 01:15:18] - 303
[2023-04-19 01:15:18] - 304
[2023-04-19 01:15:18] - 305
[2023-04-19 01:15:18] - 304
[2023-04-19 01:15:18] - 305
[2023-04-19 01:15:18] - 306
[2023-04-19 01:15:18] - 305
[2023-04-19 01:15:18] - 306
[2023-04-19 01:15:18] - 307
[2023-04-19 01:15:18] - 306
[2023-04-19 01:15:18] - 307
[2023-04-19 01:15:18] - 308
[2023-04-19 01:15:18] - 307
[2023-04-19 01:15:18] - 308
[2023-04-19 01:15:18] - 309
[2023-04-19 01:15:18] - 308
[2023-04-19 01:15:18] - 309
[2023-04-19 01:15:18] - 310
[2023-04-19 01:15:18] - 309
[2023-04-19 01:15:18] - 310
[2023-04-19 01:15:18] - 311
[2023-04-19 01:15:18] - 310
[2023-04-19 01:15:18] - 311
[2023-04-19 01:15:18] - 312
[2023-04-19 01:15:18] - 311
[2023-04-19 01:15:18] - 312
[2023-04-19 01:15:18] - 313
[2023-04-19 01:15:18] - 312
[2023-04-19 01:15:18] - 313
[2023-04-19 01:15:18] - 314
[2023-04-19 01:15:18] - 313
[2023-04-19 01:15:18] - 314
[2023-04-19 01:15:18] - 315
[2023-04-19 01:15:18] - 314
[2023-04-19 01:15:18] - 315
[2023-04-19 01:15:18] - 316
[2023-04-19 01:15:18] - 315
[2023-04-19 01:15:18] - 316
[2023-04-19 01:15:18] - 317
[2023-04-19 01:15:18] - 316
[2023-04-19 01:15:18] - 317
[2023-04-19 01:15:18] - 318
[2023-04-19 01:15:18] - 317
[2023-04-19 01:15:18] - 318
[2023-04-19 01:15:18] - 319
[2023-04-19 01:15:18] - 318
[2023-04-19 01:15:18] - 319
[2023-04-19 01:15:18] - 320
[2023-04-19 01:15:18] - 319
[2023-04-19 01:15:18] - 320
[2023-04-19 01:15:18] - 321
[2023-04-19 01:15:18] - 320
[2023-04-19 01:15:18] - 321
[2023-04-19 01:15:18] - 322
[2023-04-19 01:15:18] - 321
[2023-04-19 01:15:18] - 322
[2023-04-19 01:15:18] - 323
[2023-04-19 01:15:18] - 322
[2023-04-19 01:15:18] - 323
[2023-04-19 01:15:18] - 324
[2023-04-19 01:15:18] - 323
[2023-04-19 01:15:18] - 324
[2023-04-19 01:15:18] - 325
[2023-04-19 01:15:18] - 324
[2023-04-19 01:15:18] - 325
[2023-04-19 01:15:18] - 326
[2023-04-19 01:15:18] - 325
[2023-04-19 01:15:18] - 326
[2023-04-19 01:15:18] - 327
[2023-04-19 01:15:18] - 326
[2023-04-19 01:15:18] - 327
[2023-04-19 01:15:18] - 328
[2023-04-19 01:15:18] - 327
[2023-04-19 01:15:18] - 328
[2023-04-19 01:15:18] - 329
[2023-04-19 01:15:18] - 328
[2023-04-19 01:15:18] - 329
[2023-04-19 01:15:18] - 330
[2023-04-19 01:15:18] - 329
[2023-04-19 01:15:18] - 330
[2023-04-19 01:15:18] - 331
[2023-04-19 01:15:18] - 330
[2023-04-19 01:15:18] - 331
[2023-04-19 01:15:18] - 332
[2023-04-19 01:15:18] - 331
[2023-04-19 01:15:18] - 332
[2023-04-19 01:15:18] - 333
[2023-04-19 01:15:18] - 332
[2023-04-19 01:15:18] - 333
[2023-04-19 01:15:18] - 334
[2023-04-19 01:15:18] - 333
[2023-04-19 01:15:18] - 334
[2023-04-19 01:15:18] - 335
[2023-04-19 01:15:18] - 334
[2023-04-19 01:15:18] - 335
[2023-04-19 01:15:18] - 336
[2023-04-19 01:15:18] - 335
[2023-04-19 01:15:18] - 336
[2023-04-19 01:15:18] - 337
[2023-04-19 01:15:18] - 336
[2023-04-19 01:15:18] - 337
[2023-04-19 01:15:18] - 338
[2023-04-19 01:15:18] - 337
[2023-04-19 01:15:18] - 338
[2023-04-19 01:15:18] - 339
[2023-04-19 01:15:18] - 338
[2023-04-19 01:15:18] - 339
[2023-04-19 01:15:18] - 340
[2023-04-19 01:15:18] - 339
[2023-04-19 01:15:18] - 340
[2023-04-19 01:15:18] - 341
[2023-04-19 01:15:18] - 340
[2023-04-19 01:15:18] - 341
[2023-04-19 01:15:18] - 342
[2023-04-19 01:15:18] - 341
[2023-04-19 01:15:18] - 342
[2023-04-19 01:15:18] - 343
[2023-04-19 01:15:18] - 342
[2023-04-19 01:15:18] - 343
[2023-04-19 01:15:18] - 344
[2023-04-19 01:15:18] - 343
[2023-04-19 01:15:18] - 344
[2023-04-19 01:15:18] - 345
[2023-04-19 01:15:18] - 344
[2023-04-19 01:15:18] - 345
[2023-04-19 01:15:18] - 346
[2023-04-19 01:15:18] - 345
[2023-04-19 01:15:18] - 346
[2023-04-19 01:15:18] - 347
[2023-04-19 01:15:18] - 346
[2023-04-19 01:15:18] - 347
[2023-04-19 01:15:18] - 348
[2023-04-19 01:15:18] - 347
[2023-04-19 01:15:18] - 348
[2023-04-19 01:15:18] - 349
[2023-04-19 01:15:18] - 348
[2023-04-19 01:15:18] - 349
[2023-04-19 01:15:18] - 350
[2023-04-19 01:15:18] - 349
[2023-04-19 01:15:18] - 350
[2023-04-19 01:15:18] - 351
[2023-04-19 01:15:18] - 350
[2023-04-19 01:15:18] - 351
[2023-04-19 01:15:18] - 352
[2023-04-19 01:15:18] - 351
[2023-04-19 01:15:18] - 352
[2023-04-19 01:15:18] - 353
[2023-04-19 01:15:18] - 352
[2023-04-19 01:15:18] - 353
[2023-04-19 01:15:18] - 354
[2023-04-19 01:15:18] - 353
[2023-04-19 01:15:18] - 354
[2023-04-19 01:15:18] - 355
[2023-04-19 01:15:18] - 354
[2023-04-19 01:15:18] - 355
[2023-04-19 01:15:18] - 356
[2023-04-19 01:15:18] - 355
[2023-04-19 01:15:18] - 356
[2023-04-19 01:15:18] - 357
[2023-04-19 01:15:18] - 356
[2023-04-19 01:15:18] - 357
[2023-04-19 01:15:18] - 358
[2023-04-19 01:15:18] - 357
[2023-04-19 01:15:18] - 358
[2023-04-19 01:15:18] - 359
[2023-04-19 01:15:18] - 358
[2023-04-19 01:15:18] - 359
[2023-04-19 01:15:18] - 360
[2023-04-19 01:15:18] - 359
[2023-04-19 01:15:18] - 360
[2023-04-19 01:15:18] - 361
[2023-04-19 01:15:18] - 360
[2023-04-19 01:15:18] - 361
[2023-04-19 01:15:18] - 362
[2023-04-19 01:15:18] - 361
[2023-04-19 01:15:18] - 362
[2023-04-19 01:15:18] - 363
[2023-04-19 01:15:18] - 362
[2023-04-19 01:15:18] - 363
[2023-04-19 01:15:18] - 364
[2023-04-19 01:15:18] - 363
[2023-04-19 01:15:18] - 364
[2023-04-19 01:15:18] - 365
[2023-04-19 01:15:18] - 364
[2023-04-19 01:15:18] - 365
[2023-04-19 01:15:18] - 366
[2023-04-19 01:15:18] - 365
[2023-04-19 01:15:18] - 366
[2023-04-19 01:15:18] - 367
[2023-04-19 01:15:18] - 366
[2023-04-19 01:15:18] - 367
[2023-04-19 01:15:18] - 368
[2023-04-19 01:15:18] - 367
[2023-04-19 01:15:18] - 368
[2023-04-19 01:15:18] - 369
[2023-04-19 01:15:18] - 368
[2023-04-19 01:15:18] - 369
[2023-04-19 01:15:18] - 370
[2023-04-19 01:15:18] - 369
[2023-04-19 01:15:18] - 370
[2023-04-19 01:15:18] - 371
[2023-04-19 01:15:18] - 370
[2023-04-19 01:15:18] - 371
[2023-04-19 01:15:18] - 372
[2023-04-19 01:15:18] - 371
[2023-04-19 01:15:18] - 372
[2023-04-19 01:15:18] - 373
[2023-04-19 01:15:18] - 372
[2023-04-19 01:15:18] - 373
[2023-04-19 01:15:18] - 374
[2023-04-19 01:15:18] - 373
[2023-04-19 01:15:18] - 374
[2023-04-19 01:15:18] - 375
[2023-04-19 01:15:19] - 374
[2023-04-19 01:15:19] - 375
[2023-04-19 01:15:19] - 376
[2023-04-19 01:15:19] - 375
[2023-04-19 01:15:19] - 376
[2023-04-19 01:15:19] - 377
[2023-04-19 01:15:19] - 376
[2023-04-19 01:15:19] - 377
[2023-04-19 01:15:19] - 378
[2023-04-19 01:15:19] - 377
[2023-04-19 01:15:19] - 378
[2023-04-19 01:15:19] - 379
[2023-04-19 01:15:19] - 378
[2023-04-19 01:15:19] - 379
[2023-04-19 01:15:19] - 380
[2023-04-19 01:15:19] - 379
[2023-04-19 01:15:19] - 380
[2023-04-19 01:15:19] - 381
[2023-04-19 01:15:19] - 380
[2023-04-19 01:15:19] - 381
[2023-04-19 01:15:19] - 382
[2023-04-19 01:15:19] - 381
[2023-04-19 01:15:19] - 382
[2023-04-19 01:15:19] - 383
[2023-04-19 01:15:19] - 382
[2023-04-19 01:15:19] - 383
[2023-04-19 01:15:19] - 384
[2023-04-19 01:15:19] - 383
[2023-04-19 01:15:19] - 384
[2023-04-19 01:15:19] - 385
[2023-04-19 01:15:19] - 384
[2023-04-19 01:15:19] - 385
[2023-04-19 01:15:19] - 386
[2023-04-19 01:15:19] - 385
[2023-04-19 01:15:19] - 386
[2023-04-19 01:15:19] - 387
[2023-04-19 01:15:19] - 386
[2023-04-19 01:15:19] - 387
[2023-04-19 01:15:19] - 388
[2023-04-19 01:15:19] - 387
[2023-04-19 01:15:19] - 388
[2023-04-19 01:15:19] - 389
[2023-04-19 01:15:19] - 388
[2023-04-19 01:15:19] - 389
[2023-04-19 01:15:19] - 390
[2023-04-19 01:15:19] - 389
[2023-04-19 01:15:19] - 390
[2023-04-19 01:15:19] - 391
[2023-04-19 01:15:19] - 390
[2023-04-19 01:15:19] - 391
[2023-04-19 01:15:19] - 392
[2023-04-19 01:15:19] - 391
[2023-04-19 01:15:19] - 392
[2023-04-19 01:15:19] - 393
[2023-04-19 01:15:19] - 392
[2023-04-19 01:15:19] - 393
[2023-04-19 01:15:19] - 394
[2023-04-19 01:15:19] - 393
[2023-04-19 01:15:19] - 394
[2023-04-19 01:15:19] - 395
[2023-04-19 01:15:19] - 394
[2023-04-19 01:15:19] - 395
[2023-04-19 01:15:19] - 396
[2023-04-19 01:15:19] - 395
[2023-04-19 01:15:19] - 396
[2023-04-19 01:15:19] - 397
[2023-04-19 01:15:19] - 396
[2023-04-19 01:15:19] - 397
[2023-04-19 01:15:19] - 398
[2023-04-19 01:15:19] - 397
[2023-04-19 01:15:19] - 398
[2023-04-19 01:15:19] - 399
[2023-04-19 01:15:19] - 398
[2023-04-19 01:15:19] - 399
[2023-04-19 01:15:19] - 400
[2023-04-19 01:15:19] - 399
[2023-04-19 01:15:19] - 400
[2023-04-19 01:15:19] - 401
[2023-04-19 01:15:19] - 400
[2023-04-19 01:15:19] - 401
[2023-04-19 01:15:19] - 402
[2023-04-19 01:15:19] - 401
[2023-04-19 01:15:19] - 402
[2023-04-19 01:15:19] - 403
[2023-04-19 01:15:19] - 402
[2023-04-19 01:15:19] - 403
[2023-04-19 01:15:19] - 404
[2023-04-19 01:15:19] - 403
[2023-04-19 01:15:19] - 404
[2023-04-19 01:15:19] - 405
[2023-04-19 01:15:19] - 404
[2023-04-19 01:15:19] - 405
[2023-04-19 01:15:19] - 406
[2023-04-19 01:15:19] - 405
[2023-04-19 01:15:19] - 406
[2023-04-19 01:15:19] - 407
[2023-04-19 01:15:19] - 406
[2023-04-19 01:15:19] - 407
[2023-04-19 01:15:19] - 408
[2023-04-19 01:15:19] - 407
[2023-04-19 01:15:19] - 408
[2023-04-19 01:15:19] - 409
[2023-04-19 01:15:19] - 408
[2023-04-19 01:15:19] - 409
[2023-04-19 01:15:19] - 410
[2023-04-19 01:15:19] - 409
[2023-04-19 01:15:19] - 410
[2023-04-19 01:15:19] - 411
[2023-04-19 01:15:19] - 410
[2023-04-19 01:15:19] - 411
[2023-04-19 01:15:19] - 412
[2023-04-19 01:15:19] - 411
[2023-04-19 01:15:19] - 412
[2023-04-19 01:15:19] - 413
[2023-04-19 01:15:19] - 412
[2023-04-19 01:15:19] - 413
[2023-04-19 01:15:19] - 414
[2023-04-19 01:15:19] - 413
[2023-04-19 01:15:19] - 414
[2023-04-19 01:15:19] - 415
[2023-04-19 01:15:19] - 414
[2023-04-19 01:15:19] - 415
[2023-04-19 01:15:19] - 416
[2023-04-19 01:15:19] - 415
[2023-04-19 01:15:19] - 416
[2023-04-19 01:15:19] - 417
[2023-04-19 01:15:19] - 416
[2023-04-19 01:15:19] - 417
[2023-04-19 01:15:19] - 418
[2023-04-19 01:15:19] - 417
[2023-04-19 01:15:19] - 418
[2023-04-19 01:15:19] - 419
[2023-04-19 01:15:19] - 418
[2023-04-19 01:15:19] - 419
[2023-04-19 01:15:19] - 420
[2023-04-19 01:15:19] - 419
[2023-04-19 01:15:19] - 420
[2023-04-19 01:15:19] - 421
[2023-04-19 01:15:19] - 420
[2023-04-19 01:15:19] - 421
[2023-04-19 01:15:19] - 422
[2023-04-19 01:15:19] - 421
[2023-04-19 01:15:19] - 422
[2023-04-19 01:15:19] - 423
[2023-04-19 01:15:19] - 422
[2023-04-19 01:15:19] - 423
[2023-04-19 01:15:19] - 424
[2023-04-19 01:15:19] - 423
[2023-04-19 01:15:19] - 424
[2023-04-19 01:15:19] - 425
[2023-04-19 01:15:19] - 424
[2023-04-19 01:15:19] - 425
[2023-04-19 01:15:19] - 426
[2023-04-19 01:15:19] - 425
[2023-04-19 01:15:19] - 426
[2023-04-19 01:15:19] - 427
[2023-04-19 01:15:19] - 426
[2023-04-19 01:15:19] - 427
[2023-04-19 01:15:19] - 428
[2023-04-19 01:15:19] - 427
[2023-04-19 01:15:19] - 428
[2023-04-19 01:15:19] - 429
[2023-04-19 01:15:19] - 428
[2023-04-19 01:15:19] - 429
[2023-04-19 01:15:19] - 430
[2023-04-19 01:15:19] - 429
[2023-04-19 01:15:19] - 430
[2023-04-19 01:15:19] - 431
[2023-04-19 01:15:19] - 430
[2023-04-19 01:15:19] - 431
[2023-04-19 01:15:19] - 432
[2023-04-19 01:15:19] - 431
[2023-04-19 01:15:19] - 432
[2023-04-19 01:15:19] - 433
[2023-04-19 01:15:19] - 432
[2023-04-19 01:15:19] - 433
[2023-04-19 01:15:19] - 434
[2023-04-19 01:15:19] - 433
[2023-04-19 01:15:19] - 434
[2023-04-19 01:15:19] - 435
[2023-04-19 01:15:19] - 434
[2023-04-19 01:15:19] - 435
[2023-04-19 01:15:19] - 436
[2023-04-19 01:15:19] - 435
[2023-04-19 01:15:19] - 436
[2023-04-19 01:15:19] - 437
[2023-04-19 01:15:19] - 436
[2023-04-19 01:15:19] - 437
[2023-04-19 01:15:19] - 438
[2023-04-19 01:15:19] - 437
[2023-04-19 01:15:19] - 438
[2023-04-19 01:15:19] - 439
[2023-04-19 01:15:19] - 438
[2023-04-19 01:15:19] - 439
[2023-04-19 01:15:19] - 440
[2023-04-19 01:15:19] - 439
[2023-04-19 01:15:19] - 440
[2023-04-19 01:15:19] - 441
[2023-04-19 01:15:19] - 440
[2023-04-19 01:15:19] - 441
[2023-04-19 01:15:19] - 442
[2023-04-19 01:15:19] - 441
[2023-04-19 01:15:19] - 442
[2023-04-19 01:15:19] - 443
[2023-04-19 01:15:19] - 442
[2023-04-19 01:15:19] - 443
[2023-04-19 01:15:19] - 444
[2023-04-19 01:15:19] - 443
[2023-04-19 01:15:19] - 444
[2023-04-19 01:15:19] - 445
[2023-04-19 01:15:19] - 444
[2023-04-19 01:15:19] - 445
[2023-04-19 01:15:19] - 446
[2023-04-19 01:15:19] - 445
[2023-04-19 01:15:19] - 446
[2023-04-19 01:15:19] - 447
[2023-04-19 01:15:19] - 446
[2023-04-19 01:15:19] - 447
[2023-04-19 01:15:19] - 448
[2023-04-19 01:15:19] - 447
[2023-04-19 01:15:19] - 448
[2023-04-19 01:15:19] - 449
[2023-04-19 01:15:19] - 448
[2023-04-19 01:15:19] - 449
[2023-04-19 01:15:19] - 450
[2023-04-19 01:15:19] - 449
[2023-04-19 01:15:19] - 450
[2023-04-19 01:15:19] - 451
[2023-04-19 01:15:19] - 450
[2023-04-19 01:15:19] - 451
[2023-04-19 01:15:19] - 452
[2023-04-19 01:15:19] - 451
[2023-04-19 01:15:19] - 452
[2023-04-19 01:15:19] - 453
[2023-04-19 01:15:19] - 452
[2023-04-19 01:15:19] - 453
[2023-04-19 01:15:19] - 454
[2023-04-19 01:15:19] - 453
[2023-04-19 01:15:19] - 454
[2023-04-19 01:15:19] - 455
[2023-04-19 01:15:19] - 454
[2023-04-19 01:15:19] - 455
[2023-04-19 01:15:19] - 456
[2023-04-19 01:15:19] - 455
[2023-04-19 01:15:19] - 456
[2023-04-19 01:15:19] - 457
[2023-04-19 01:15:19] - 456
[2023-04-19 01:15:19] - 457
[2023-04-19 01:15:19] - 458
[2023-04-19 01:15:19] - 457
[2023-04-19 01:15:19] - 458
[2023-04-19 01:15:19] - 459
[2023-04-19 01:15:19] - 458
[2023-04-19 01:15:19] - 459
[2023-04-19 01:15:19] - 460
[2023-04-19 01:15:19] - 459
[2023-04-19 01:15:19] - 460
[2023-04-19 01:15:19] - 461
[2023-04-19 01:15:19] - 460
[2023-04-19 01:15:19] - 461
[2023-04-19 01:15:19] - 462
[2023-04-19 01:15:19] - 461
[2023-04-19 01:15:19] - 462
[2023-04-19 01:15:19] - 463
[2023-04-19 01:15:19] - 462
[2023-04-19 01:15:19] - 463
[2023-04-19 01:15:19] - 464
[2023-04-19 01:15:19] - 463
[2023-04-19 01:15:19] - 464
[2023-04-19 01:15:19] - 465
[2023-04-19 01:15:19] - 464
[2023-04-19 01:15:19] - 465
[2023-04-19 01:15:19] - 466
[2023-04-19 01:15:19] - 465
[2023-04-19 01:15:19] - 466
[2023-04-19 01:15:19] - 467
[2023-04-19 01:15:19] - 466
[2023-04-19 01:15:19] - 467
[2023-04-19 01:15:19] - 468
[2023-04-19 01:15:19] - 467
[2023-04-19 01:15:19] - 468
[2023-04-19 01:15:19] - 469
[2023-04-19 01:15:19] - 468
[2023-04-19 01:15:19] - 469
[2023-04-19 01:15:19] - 470
[2023-04-19 01:15:19] - 469
[2023-04-19 01:15:19] - 470
[2023-04-19 01:15:19] - 471
[2023-04-19 01:15:19] - 470
[2023-04-19 01:15:19] - 471
[2023-04-19 01:15:19] - 472
[2023-04-19 01:15:19] - 471
[2023-04-19 01:15:19] - 472
[2023-04-19 01:15:19] - 473
[2023-04-19 01:15:19] - 472
[2023-04-19 01:15:19] - 473
[2023-04-19 01:15:19] - 474
[2023-04-19 01:15:19] - 473
[2023-04-19 01:15:19] - 474
[2023-04-19 01:15:19] - 475
[2023-04-19 01:15:19] - 474
[2023-04-19 01:15:19] - 475
[2023-04-19 01:15:19] - 476
[2023-04-19 01:15:19] - 475
[2023-04-19 01:15:19] - 476
[2023-04-19 01:15:19] - 477
[2023-04-19 01:15:19] - 476
[2023-04-19 01:15:19] - 477
[2023-04-19 01:15:19] - 478
[2023-04-19 01:15:19] - 477
[2023-04-19 01:15:19] - 478
[2023-04-19 01:15:19] - 479
[2023-04-19 01:15:19] - 478
[2023-04-19 01:15:19] - 479
[2023-04-19 01:15:19] - 480
[2023-04-19 01:15:19] - 479
[2023-04-19 01:15:19] - 480
[2023-04-19 01:15:19] - 481
[2023-04-19 01:15:19] - 480
[2023-04-19 01:15:19] - 481
[2023-04-19 01:15:19] - 482
[2023-04-19 01:15:19] - 481
[2023-04-19 01:15:19] - 482
[2023-04-19 01:15:19] - 483
[2023-04-19 01:15:19] - 482
[2023-04-19 01:15:19] - 483
[2023-04-19 01:15:19] - 484
[2023-04-19 01:15:19] - 483
[2023-04-19 01:15:19] - 484
[2023-04-19 01:15:19] - 485
[2023-04-19 01:15:19] - 484
[2023-04-19 01:15:19] - 485
[2023-04-19 01:15:19] - 486
[2023-04-19 01:15:19] - 485
[2023-04-19 01:15:19] - 486
[2023-04-19 01:15:19] - 487
[2023-04-19 01:15:19] - 486
[2023-04-19 01:15:19] - 487
[2023-04-19 01:15:19] - 488
[2023-04-19 01:15:19] - 487
[2023-04-19 01:15:19] - 488
[2023-04-19 01:15:19] - 489
[2023-04-19 01:15:19] - 488
[2023-04-19 01:15:19] - 489
[2023-04-19 01:15:19] - 490
[2023-04-19 01:15:19] - 489
[2023-04-19 01:15:19] - 490
[2023-04-19 01:15:19] - 491
[2023-04-19 01:15:19] - 490
[2023-04-19 01:15:19] - 491
[2023-04-19 01:15:19] - 492
[2023-04-19 01:15:19] - 491
[2023-04-19 01:15:19] - 492
[2023-04-19 01:15:19] - 493
[2023-04-19 01:15:19] - 492
[2023-04-19 01:15:19] - 493
[2023-04-19 01:15:19] - 494
[2023-04-19 01:15:19] - 493
[2023-04-19 01:15:19] - 494
[2023-04-19 01:15:19] - 495
[2023-04-19 01:15:19] - 494
[2023-04-19 01:15:19] - 495
[2023-04-19 01:15:19] - 496
[2023-04-19 01:15:19] - 495
[2023-04-19 01:15:19] - 496
[2023-04-19 01:15:19] - 497
[2023-04-19 01:15:19] - 496
[2023-04-19 01:15:19] - 497
[2023-04-19 01:15:19] - 498
[2023-04-19 01:15:19] - 497
[2023-04-19 01:15:19] - 498
[2023-04-19 01:15:19] - 499
[2023-04-19 01:15:19] - 498
[2023-04-19 01:15:19] - 499
[2023-04-19 01:15:19] - 500
[2023-04-19 01:15:19] - 499
[2023-04-19 01:15:19] - 500
[2023-04-19 01:15:19] - 501
[2023-04-19 01:15:19] - 500
[2023-04-19 01:15:19] - 501
[2023-04-19 01:15:19] - 502
[2023-04-19 01:15:19] - 501
[2023-04-19 01:15:19] - 502
[2023-04-19 01:15:19] - 503
[2023-04-19 01:15:19] - 502
[2023-04-19 01:15:19] - 503
[2023-04-19 01:15:19] - 504
[2023-04-19 01:15:19] - 503
[2023-04-19 01:15:19] - 504
[2023-04-19 01:15:19] - 506
[2023-04-19 01:15:19] - The dynamic interval tree consists of nodes: [
-------- Node index: 1 --------
height: 0, sj: 2, 
right_ancestor_index: 2, left_ancestor_index: None, right_child: None, left_child: None, 
df size: 2, delete_df size: 0
-----------------------------------, 
-------- Node index: 2 --------
height: 1, sj: 4, 
right_ancestor_index: 4, left_ancestor_index: None, right_child: 3, left_child: 1, 
df size: 4, delete_df size: 0
-----------------------------------, 
-------- Node index: 3 --------
height: 0, sj: 16, 
right_ancestor_index: None, left_ancestor_index: 2, right_child: None, left_child: None, 
df size: 8, delete_df size: 2
-----------------------------------, 
-------- Node index: 4 --------
height: 2, sj: 134, 
right_ancestor_index: 8, left_ancestor_index: None, right_child: 6, left_child: 2, 
df size: 50, delete_df size: 40
-----------------------------------, 
-------- Node index: 5 --------
height: 0, sj: 303, 
right_ancestor_index: 6, left_ancestor_index: None, right_child: None, left_child: None, 
df size: 98, delete_df size: 56
-----------------------------------, 
-------- Node index: 6 --------
height: 1, sj: 516, 
right_ancestor_index: None, left_ancestor_index: 4, right_child: 7, left_child: 5, 
df size: 169, delete_df size: 71
-----------------------------------, 
-------- Node index: 7 --------
height: 0, sj: 771, 
right_ancestor_index: None, left_ancestor_index: 6, right_child: None, left_child: None, 
df size: 170, delete_df size: 85
-----------------------------------, 
-------- Node index: 8 --------
height: 3, sj: 1065, 
right_ancestor_index: 16, left_ancestor_index: None, right_child: 12, left_child: 4, 
df size: 361, delete_df size: 98
-----------------------------------, 
-------- Node index: 9 --------
height: 0, sj: 1387, 
right_ancestor_index: 10, left_ancestor_index: None, right_child: None, left_child: None, 
df size: 215, delete_df size: 107
-----------------------------------, 
-------- Node index: 10 --------
height: 1, sj: 1494, 
right_ancestor_index: 12, left_ancestor_index: None, right_child: 11, left_child: 9, 
df size: 287, delete_df size: 36
-----------------------------------]
[2023-04-19 01:15:19] - The insertion tree consists of nodes: [
-------- Node index: 1 --------
height: 0, sj: 2, 
right_ancestor_index: 2, left_ancestor_index: None, right_child: None, left_child: None, 
df size: 2, delete_df size: 0
-----------------------------------, 
-------- Node index: 2 --------
height: 1, sj: 4, 
right_ancestor_index: 4, left_ancestor_index: None, right_child: 3, left_child: 1, 
df size: 4, delete_df size: 0
-----------------------------------, 
-------- Node index: 3 --------
height: 0, sj: 16, 
right_ancestor_index: None, left_ancestor_index: 2, right_child: None, left_child: None, 
df size: 8, delete_df size: 0
-----------------------------------, 
-------- Node index: 4 --------
height: 2, sj: 134, 
right_ancestor_index: 8, left_ancestor_index: None, right_child: 6, left_child: 2, 
df size: 50, delete_df size: 0
-----------------------------------, 
-------- Node index: 5 --------
height: 0, sj: 303, 
right_ancestor_index: 6, left_ancestor_index: None, right_child: None, left_child: None, 
df size: 98, delete_df size: 0
-----------------------------------, 
-------- Node index: 6 --------
height: 1, sj: 516, 
right_ancestor_index: None, left_ancestor_index: 4, right_child: 7, left_child: 5, 
df size: 169, delete_df size: 0
-----------------------------------, 
-------- Node index: 7 --------
height: 0, sj: 771, 
right_ancestor_index: None, left_ancestor_index: 6, right_child: None, left_child: None, 
df size: 170, delete_df size: 0
-----------------------------------, 
-------- Node index: 8 --------
height: 3, sj: 1065, 
right_ancestor_index: 16, left_ancestor_index: None, right_child: 12, left_child: 4, 
df size: 361, delete_df size: 0
-----------------------------------, 
-------- Node index: 9 --------
height: 0, sj: 1387, 
right_ancestor_index: 10, left_ancestor_index: None, right_child: None, left_child: None, 
df size: 215, delete_df size: 0
-----------------------------------, 
-------- Node index: 10 --------
height: 1, sj: 1494, 
right_ancestor_index: 12, left_ancestor_index: None, right_child: 11, left_child: 9, 
df size: 287, delete_df size: 0
-----------------------------------] 
[2023-04-19 01:15:19] - The deletion tree consists of nodes: [
-------- Node index: 1 --------
height: 0, sj: 2, 
right_ancestor_index: 2, left_ancestor_index: None, right_child: None, left_child: None, 
df size: 0, delete_df size: 0
-----------------------------------, 
-------- Node index: 2 --------
height: 1, sj: 4, 
right_ancestor_index: 4, left_ancestor_index: None, right_child: 3, left_child: 1, 
df size: 0, delete_df size: 0
-----------------------------------, 
-------- Node index: 3 --------
height: 0, sj: 16, 
right_ancestor_index: None, left_ancestor_index: 2, right_child: None, left_child: None, 
df size: 2, delete_df size: 0
-----------------------------------, 
-------- Node index: 4 --------
height: 2, sj: 134, 
right_ancestor_index: 8, left_ancestor_index: None, right_child: 6, left_child: 2, 
df size: 42, delete_df size: 0
-----------------------------------, 
-------- Node index: 5 --------
height: 0, sj: 303, 
right_ancestor_index: 6, left_ancestor_index: None, right_child: None, left_child: None, 
df size: 56, delete_df size: 0
-----------------------------------, 
-------- Node index: 6 --------
height: 1, sj: 516, 
right_ancestor_index: None, left_ancestor_index: 4, right_child: 7, left_child: 5, 
df size: 127, delete_df size: 0
-----------------------------------, 
-------- Node index: 7 --------
height: 0, sj: 771, 
right_ancestor_index: None, left_ancestor_index: 6, right_child: None, left_child: None, 
df size: 85, delete_df size: 0
-----------------------------------, 
-------- Node index: 8 --------
height: 3, sj: 1065, 
right_ancestor_index: 16, left_ancestor_index: None, right_child: 12, left_child: 4, 
df size: 352, delete_df size: 0
-----------------------------------, 
-------- Node index: 9 --------
height: 0, sj: 1387, 
right_ancestor_index: 10, left_ancestor_index: None, right_child: None, left_child: None, 
df size: 107, delete_df size: 0
-----------------------------------, 
-------- Node index: 10 --------
height: 1, sj: 1494, 
right_ancestor_index: 12, left_ancestor_index: None, right_child: 11, left_child: 9, 
df size: 143, delete_df size: 0
-----------------------------------] 
[2023-04-19 01:15:19] - Infinite Private Partitioning: s0: 0, j: 10, T: 1923769, beta: 2.6179357786260304e-17, C: 373.4115312592146, epsilon: 1.0, 
 segment: [0, 2, 4, 16, 134, 303, 516, 771, 1065, 1387, 1494]
