[2023-04-18 18:25:58] - Arguments: Namespace(beta=0.05, column_number=1, data_size=100, dataset_path='./data/adult.csv', delta=0.1, domain_path='./data/adult-domain.json', each_query_size=10, epsilon=1.0, iteration=100, sparse_ratio=10)
[2023-04-18 18:25:58] - ******** Initialization ********
[2023-04-18 18:25:58] - Data sparsification complete
[2023-04-18 18:25:58] - Data information: {'age': 85, 'workclass': 9, 'fnlwgt': 100, 'education-num': 16, 'marital-status': 7, 'occupation': 15, 'relationship': 6, 'race': 5, 'sex': 2, 'capital-gain': 100, 'capital-loss': 100, 'hours-per-week': 99, 'native-country': 42, 'income>50K': 2}
[2023-04-18 18:25:58] - ******** Create Dynamic Tree ********
[2023-04-18 18:25:58] - The dynamic interval tree consists of nodes: [
-------- Node index: 1 --------
height: 0, sj: 2, 
right_ancestor_index: 2, left_ancestor_index: None, right_child: None, left_child: None, 
df size: 2, delete_df size: 0
-----------------------------------, 
-------- Node index: 2 --------
height: 1, sj: 4, 
right_ancestor_index: 4, left_ancestor_index: None, right_child: 3, left_child: 1, 
df size: 4, delete_df size: 0
-----------------------------------, 
-------- Node index: 3 --------
height: 0, sj: 16, 
right_ancestor_index: None, left_ancestor_index: 2, right_child: None, left_child: None, 
df size: 7, delete_df size: 3
-----------------------------------, 
-------- Node index: 4 --------
height: 2, sj: 129, 
right_ancestor_index: 8, left_ancestor_index: None, right_child: 6, left_child: 2, 
df size: 15, delete_df size: 54
-----------------------------------, 
-------- Node index: 5 --------
height: 0, sj: 184, 
right_ancestor_index: 6, left_ancestor_index: None, right_child: None, left_child: None, 
df size: 15, delete_df size: 28
-----------------------------------]
[2023-04-18 18:25:58] - Infinite Private Partitioning: s0: 0, j: 5, T: 16641, beta: 2.883135391252616e-07, C: 178.3039248252857, epsilon: 1.0, 
 segment: [0, 2, 4, 16, 129, 184]
[2023-04-18 18:25:58] - ******** Testing Started ********
[2023-04-18 18:25:58] - ++++++++ Testing on node 1 Started ++++++++
[2023-04-18 18:25:58] - At node with index 1, we implement queries on cliques dict_keys(['marital-status', 'age']):
[2023-04-18 18:25:59] - -------- New Mechanism: Testing on 1, node 1 is accessed --------
[2023-04-18 18:25:59] - -------- New Mechanism answer node query on node 1 finished --------
[2023-04-18 18:25:59] - The testing is implemented at marital-status
[2023-04-18 18:25:59] - Ground truth: gives answer
[2023-04-18 18:25:59] - output_answer:[1 0 1 0 0 0 0 1 1 0 0 2 2]
[2023-04-18 18:25:59] - query_instance.length_size[member]:{1: 7, 2: 10, 3: 11, 4: 12, 7: 13}
[2023-04-18 18:25:59] - tail, head: 0 7
[2023-04-18 18:25:59] - Range size 1, answer [1 0 1 0 0 0 0]:
[2023-04-18 18:25:59] - query_instance.length_size[member]:{1: 7, 2: 10, 3: 11, 4: 12, 7: 13}
[2023-04-18 18:25:59] - tail, head: 7 10
[2023-04-18 18:25:59] - Range size 2, answer [1 1 0]:
[2023-04-18 18:25:59] - query_instance.length_size[member]:{1: 7, 2: 10, 3: 11, 4: 12, 7: 13}
[2023-04-18 18:25:59] - tail, head: 10 11
[2023-04-18 18:25:59] - Range size 3, answer [0]:
[2023-04-18 18:25:59] - query_instance.length_size[member]:{1: 7, 2: 10, 3: 11, 4: 12, 7: 13}
[2023-04-18 18:25:59] - tail, head: 11 12
[2023-04-18 18:25:59] - Range size 4, answer [2]:
[2023-04-18 18:25:59] - query_instance.length_size[member]:{1: 7, 2: 10, 3: 11, 4: 12, 7: 13}
[2023-04-18 18:25:59] - tail, head: 12 13
[2023-04-18 18:25:59] - Range size 7, answer [2]:
[2023-04-18 18:25:59] - Golden standard: gives answer
[2023-04-18 18:25:59] - output_answer:[1 0 0 0 0 2 0 1 0 2 2 1 3]
[2023-04-18 18:25:59] - query_instance.length_size[member]:{1: 7, 2: 10, 3: 11, 4: 12, 7: 13}
[2023-04-18 18:25:59] - tail, head: 0 7
[2023-04-18 18:25:59] - Range size 1, answer [1 0 0 0 0 2 0]:
[2023-04-18 18:25:59] - query_instance.length_size[member]:{1: 7, 2: 10, 3: 11, 4: 12, 7: 13}
[2023-04-18 18:25:59] - tail, head: 7 10
[2023-04-18 18:25:59] - Range size 2, answer [1 0 2]:
[2023-04-18 18:25:59] - query_instance.length_size[member]:{1: 7, 2: 10, 3: 11, 4: 12, 7: 13}
[2023-04-18 18:25:59] - tail, head: 10 11
[2023-04-18 18:25:59] - Range size 3, answer [2]:
[2023-04-18 18:25:59] - query_instance.length_size[member]:{1: 7, 2: 10, 3: 11, 4: 12, 7: 13}
[2023-04-18 18:25:59] - tail, head: 11 12
[2023-04-18 18:25:59] - Range size 4, answer [1]:
[2023-04-18 18:25:59] - query_instance.length_size[member]:{1: 7, 2: 10, 3: 11, 4: 12, 7: 13}
[2023-04-18 18:25:59] - tail, head: 12 13
[2023-04-18 18:25:59] - Range size 7, answer [3]:
[2023-04-18 18:25:59] - Mechanism: gives answer
[2023-04-18 18:25:59] - output_answer:[2 0 0 0 1 0 0 2 0 1 1 2 3]
[2023-04-18 18:25:59] - query_instance.length_size[member]:{1: 7, 2: 10, 3: 11, 4: 12, 7: 13}
[2023-04-18 18:25:59] - tail, head: 0 7
[2023-04-18 18:25:59] - Range size 1, answer [2 0 0 0 1 0 0]:
[2023-04-18 18:25:59] - query_instance.length_size[member]:{1: 7, 2: 10, 3: 11, 4: 12, 7: 13}
[2023-04-18 18:25:59] - tail, head: 7 10
[2023-04-18 18:25:59] - Range size 2, answer [2 0 1]:
[2023-04-18 18:25:59] - query_instance.length_size[member]:{1: 7, 2: 10, 3: 11, 4: 12, 7: 13}
[2023-04-18 18:25:59] - tail, head: 10 11
[2023-04-18 18:25:59] - Range size 3, answer [1]:
[2023-04-18 18:25:59] - query_instance.length_size[member]:{1: 7, 2: 10, 3: 11, 4: 12, 7: 13}
[2023-04-18 18:25:59] - tail, head: 11 12
[2023-04-18 18:25:59] - Range size 4, answer [2]:
[2023-04-18 18:25:59] - query_instance.length_size[member]:{1: 7, 2: 10, 3: 11, 4: 12, 7: 13}
[2023-04-18 18:25:59] - tail, head: 12 13
[2023-04-18 18:25:59] - Range size 7, answer [3]:
[2023-04-18 18:25:59] - Mean Square Error of ground truth and golden standard: 1.2307692307692308
[2023-04-18 18:25:59] - Mean Square Error of ground truth and mechanism: 0.6153846153846154
[2023-04-18 18:25:59] - Mean Square Error of golden standard and mechanism: 0.7692307692307693
[2023-04-18 18:25:59] - Measurement3: golden_standard and mechanism
0.0
[2023-04-18 18:26:00] - -------- New Mechanism: Testing on 1, node 1 is accessed --------
[2023-04-18 18:26:01] - -------- New Mechanism answer node query on node 1 finished --------
[2023-04-18 18:26:01] - The testing is implemented at age
[2023-04-18 18:26:01] - Ground truth: gives answer
[2023-04-18 18:26:01] - output_answer:[0 0 0 0 0 0 0 0 0 0 0 0 0 0 0 0 0 0 0 0 0 0 0 1 0 0 0 0 0 0 0 0 0 0 1 0 0
 0 0 0 0 0 0 0 0 0 0 0 0 0 0 0 0 0 0 0 0 0 0 0 0 0 0 0 0 0 0 0 0 0 0 0 0 0
 0 0 0 0 0 0 0 0 0 0 0 0 0 0 0 0 0 0 0 1 0 0 0 1 0 0 0 0 0 0 0 0 0 0 0 0 0
 0 0 0 0 0 0 0 0 0 0 0 0 1 0 0 1 0 0 0 0 0 0 0 0 0 0 0 0 0 0 1 0 0 0 0 0 0
 0 0 0 1 0 0 1 0 0 0 0 1 0 0 2 0 0 0 0 2 2]
[2023-04-18 18:26:01] - query_instance.length_size[member]:{1: 85, 2: 117, 3: 138, 5: 149, 6: 154, 10: 157, 11: 162, 21: 165, 22: 166, 42: 167, 43: 168, 85: 169}
[2023-04-18 18:26:01] - tail, head: 0 85
[2023-04-18 18:26:01] - Range size 1, answer [0 0 0 0 0 0 0 0 0 0 0 0 0 0 0 0 0 0 0 0 0 0 0 1 0 0 0 0 0 0 0 0 0 0 1 0 0
 0 0 0 0 0 0 0 0 0 0 0 0 0 0 0 0 0 0 0 0 0 0 0 0 0 0 0 0 0 0 0 0 0 0 0 0 0
 0 0 0 0 0 0 0 0 0 0 0]:
[2023-04-18 18:26:01] - query_instance.length_size[member]:{1: 85, 2: 117, 3: 138, 5: 149, 6: 154, 10: 157, 11: 162, 21: 165, 22: 166, 42: 167, 43: 168, 85: 169}
[2023-04-18 18:26:01] - tail, head: 85 117
[2023-04-18 18:26:01] - Range size 2, answer [0 0 0 0 0 0 0 0 1 0 0 0 1 0 0 0 0 0 0 0 0 0 0 0 0 0 0 0 0 0 0 0]:
[2023-04-18 18:26:01] - query_instance.length_size[member]:{1: 85, 2: 117, 3: 138, 5: 149, 6: 154, 10: 157, 11: 162, 21: 165, 22: 166, 42: 167, 43: 168, 85: 169}
[2023-04-18 18:26:01] - tail, head: 117 138
[2023-04-18 18:26:01] - Range size 3, answer [0 0 0 0 0 0 1 0 0 1 0 0 0 0 0 0 0 0 0 0 0]:
[2023-04-18 18:26:01] - query_instance.length_size[member]:{1: 85, 2: 117, 3: 138, 5: 149, 6: 154, 10: 157, 11: 162, 21: 165, 22: 166, 42: 167, 43: 168, 85: 169}
[2023-04-18 18:26:01] - tail, head: 138 149
[2023-04-18 18:26:01] - Range size 5, answer [0 0 0 1 0 0 0 0 0 0 0]:
[2023-04-18 18:26:01] - query_instance.length_size[member]:{1: 85, 2: 117, 3: 138, 5: 149, 6: 154, 10: 157, 11: 162, 21: 165, 22: 166, 42: 167, 43: 168, 85: 169}
[2023-04-18 18:26:01] - tail, head: 149 154
[2023-04-18 18:26:01] - Range size 6, answer [0 0 1 0 0]:
[2023-04-18 18:26:01] - query_instance.length_size[member]:{1: 85, 2: 117, 3: 138, 5: 149, 6: 154, 10: 157, 11: 162, 21: 165, 22: 166, 42: 167, 43: 168, 85: 169}
[2023-04-18 18:26:01] - tail, head: 154 157
[2023-04-18 18:26:01] - Range size 10, answer [1 0 0]:
[2023-04-18 18:26:01] - query_instance.length_size[member]:{1: 85, 2: 117, 3: 138, 5: 149, 6: 154, 10: 157, 11: 162, 21: 165, 22: 166, 42: 167, 43: 168, 85: 169}
[2023-04-18 18:26:01] - tail, head: 157 162
[2023-04-18 18:26:01] - Range size 11, answer [0 0 1 0 0]:
[2023-04-18 18:26:01] - query_instance.length_size[member]:{1: 85, 2: 117, 3: 138, 5: 149, 6: 154, 10: 157, 11: 162, 21: 165, 22: 166, 42: 167, 43: 168, 85: 169}
[2023-04-18 18:26:01] - tail, head: 162 165
[2023-04-18 18:26:01] - Range size 21, answer [2 0 0]:
[2023-04-18 18:26:01] - query_instance.length_size[member]:{1: 85, 2: 117, 3: 138, 5: 149, 6: 154, 10: 157, 11: 162, 21: 165, 22: 166, 42: 167, 43: 168, 85: 169}
[2023-04-18 18:26:01] - tail, head: 165 166
[2023-04-18 18:26:01] - Range size 22, answer [0]:
[2023-04-18 18:26:01] - query_instance.length_size[member]:{1: 85, 2: 117, 3: 138, 5: 149, 6: 154, 10: 157, 11: 162, 21: 165, 22: 166, 42: 167, 43: 168, 85: 169}
[2023-04-18 18:26:01] - tail, head: 166 167
[2023-04-18 18:26:01] - Range size 42, answer [0]:
[2023-04-18 18:26:01] - query_instance.length_size[member]:{1: 85, 2: 117, 3: 138, 5: 149, 6: 154, 10: 157, 11: 162, 21: 165, 22: 166, 42: 167, 43: 168, 85: 169}
[2023-04-18 18:26:01] - tail, head: 167 168
[2023-04-18 18:26:01] - Range size 43, answer [2]:
[2023-04-18 18:26:01] - query_instance.length_size[member]:{1: 85, 2: 117, 3: 138, 5: 149, 6: 154, 10: 157, 11: 162, 21: 165, 22: 166, 42: 167, 43: 168, 85: 169}
[2023-04-18 18:26:01] - tail, head: 168 169
[2023-04-18 18:26:01] - Range size 85, answer [2]:
[2023-04-18 18:26:01] - Golden standard: gives answer
[2023-04-18 18:26:01] - output_answer:[0 0 0 0 0 0 0 0 0 0 0 0 0 0 0 0 0 0 0 0 0 0 0 0 0 0 0 0 0 0 0 0 0 0 0 0 0
 0 0 0 0 0 0 0 0 0 0 0 0 0 0 0 0 0 0 0 0 0 0 0 0 0 0 0 0 0 3 0 0 0 0 0 0 0
 0 0 0 0 0 0 0 0 0 0 0 0 0 0 0 0 0 0 0 0 0 0 0 0 0 0 0 0 0 0 0 0 0 0 0 0 0
 0 0 0 0 0 0 0 0 0 0 0 0 0 0 0 0 0 0 0 0 0 0 3 0 0 0 0 0 0 0 0 0 0 0 0 0 0
 0 0 0 0 0 3 0 0 0 0 0 0 0 3 0 0 3 0 3 0 3]
[2023-04-18 18:26:01] - query_instance.length_size[member]:{1: 85, 2: 117, 3: 138, 5: 149, 6: 154, 10: 157, 11: 162, 21: 165, 22: 166, 42: 167, 43: 168, 85: 169}
[2023-04-18 18:26:01] - tail, head: 0 85
[2023-04-18 18:26:01] - Range size 1, answer [0 0 0 0 0 0 0 0 0 0 0 0 0 0 0 0 0 0 0 0 0 0 0 0 0 0 0 0 0 0 0 0 0 0 0 0 0
 0 0 0 0 0 0 0 0 0 0 0 0 0 0 0 0 0 0 0 0 0 0 0 0 0 0 0 0 0 3 0 0 0 0 0 0 0
 0 0 0 0 0 0 0 0 0 0 0]:
[2023-04-18 18:26:01] - query_instance.length_size[member]:{1: 85, 2: 117, 3: 138, 5: 149, 6: 154, 10: 157, 11: 162, 21: 165, 22: 166, 42: 167, 43: 168, 85: 169}
[2023-04-18 18:26:01] - tail, head: 85 117
[2023-04-18 18:26:01] - Range size 2, answer [0 0 0 0 0 0 0 0 0 0 0 0 0 0 0 0 0 0 0 0 0 0 0 0 0 0 0 0 0 0 0 0]:
[2023-04-18 18:26:01] - query_instance.length_size[member]:{1: 85, 2: 117, 3: 138, 5: 149, 6: 154, 10: 157, 11: 162, 21: 165, 22: 166, 42: 167, 43: 168, 85: 169}
[2023-04-18 18:26:01] - tail, head: 117 138
[2023-04-18 18:26:01] - Range size 3, answer [0 0 0 0 0 0 0 0 0 0 0 0 0 0 0 0 3 0 0 0 0]:
[2023-04-18 18:26:01] - query_instance.length_size[member]:{1: 85, 2: 117, 3: 138, 5: 149, 6: 154, 10: 157, 11: 162, 21: 165, 22: 166, 42: 167, 43: 168, 85: 169}
[2023-04-18 18:26:01] - tail, head: 138 149
[2023-04-18 18:26:01] - Range size 5, answer [0 0 0 0 0 0 0 0 0 0 0]:
[2023-04-18 18:26:01] - query_instance.length_size[member]:{1: 85, 2: 117, 3: 138, 5: 149, 6: 154, 10: 157, 11: 162, 21: 165, 22: 166, 42: 167, 43: 168, 85: 169}
[2023-04-18 18:26:01] - tail, head: 149 154
[2023-04-18 18:26:01] - Range size 6, answer [0 0 0 0 3]:
[2023-04-18 18:26:01] - query_instance.length_size[member]:{1: 85, 2: 117, 3: 138, 5: 149, 6: 154, 10: 157, 11: 162, 21: 165, 22: 166, 42: 167, 43: 168, 85: 169}
[2023-04-18 18:26:01] - tail, head: 154 157
[2023-04-18 18:26:01] - Range size 10, answer [0 0 0]:
[2023-04-18 18:26:01] - query_instance.length_size[member]:{1: 85, 2: 117, 3: 138, 5: 149, 6: 154, 10: 157, 11: 162, 21: 165, 22: 166, 42: 167, 43: 168, 85: 169}
[2023-04-18 18:26:01] - tail, head: 157 162
[2023-04-18 18:26:01] - Range size 11, answer [0 0 0 0 3]:
[2023-04-18 18:26:01] - query_instance.length_size[member]:{1: 85, 2: 117, 3: 138, 5: 149, 6: 154, 10: 157, 11: 162, 21: 165, 22: 166, 42: 167, 43: 168, 85: 169}
[2023-04-18 18:26:01] - tail, head: 162 165
[2023-04-18 18:26:01] - Range size 21, answer [0 0 3]:
[2023-04-18 18:26:01] - query_instance.length_size[member]:{1: 85, 2: 117, 3: 138, 5: 149, 6: 154, 10: 157, 11: 162, 21: 165, 22: 166, 42: 167, 43: 168, 85: 169}
[2023-04-18 18:26:01] - tail, head: 165 166
[2023-04-18 18:26:01] - Range size 22, answer [0]:
[2023-04-18 18:26:01] - query_instance.length_size[member]:{1: 85, 2: 117, 3: 138, 5: 149, 6: 154, 10: 157, 11: 162, 21: 165, 22: 166, 42: 167, 43: 168, 85: 169}
[2023-04-18 18:26:01] - tail, head: 166 167
[2023-04-18 18:26:01] - Range size 42, answer [3]:
[2023-04-18 18:26:01] - query_instance.length_size[member]:{1: 85, 2: 117, 3: 138, 5: 149, 6: 154, 10: 157, 11: 162, 21: 165, 22: 166, 42: 167, 43: 168, 85: 169}
[2023-04-18 18:26:01] - tail, head: 167 168
[2023-04-18 18:26:01] - Range size 43, answer [0]:
[2023-04-18 18:26:01] - query_instance.length_size[member]:{1: 85, 2: 117, 3: 138, 5: 149, 6: 154, 10: 157, 11: 162, 21: 165, 22: 166, 42: 167, 43: 168, 85: 169}
[2023-04-18 18:26:01] - tail, head: 168 169
[2023-04-18 18:26:01] - Range size 85, answer [3]:
[2023-04-18 18:26:01] - Mechanism: gives answer
[2023-04-18 18:26:01] - output_answer:[0 0 0 0 0 0 0 0 0 0 2 0 0 0 0 0 0 0 0 1 0 0 0 0 0 0 0 0 0 0 0 0 0 0 0 0 0
 0 0 0 0 0 0 0 0 0 0 0 0 0 0 0 0 0 0 0 0 0 0 0 0 0 0 0 0 0 0 0 0 0 0 0 0 0
 0 0 0 0 0 0 0 0 0 0 0 0 0 0 2 0 0 0 0 0 0 0 0 0 0 0 0 0 0 0 0 0 0 0 0 0 0
 0 0 0 0 0 0 0 0 0 0 0 1 0 0 0 0 0 0 0 0 0 0 0 0 0 0 0 2 1 0 0 0 0 0 0 0 0
 0 0 0 0 0 0 0 0 0 2 1 0 0 0 0 0 0 3 0 3 3]
[2023-04-18 18:26:01] - query_instance.length_size[member]:{1: 85, 2: 117, 3: 138, 5: 149, 6: 154, 10: 157, 11: 162, 21: 165, 22: 166, 42: 167, 43: 168, 85: 169}
[2023-04-18 18:26:01] - tail, head: 0 85
[2023-04-18 18:26:01] - Range size 1, answer [0 0 0 0 0 0 0 0 0 0 2 0 0 0 0 0 0 0 0 1 0 0 0 0 0 0 0 0 0 0 0 0 0 0 0 0 0
 0 0 0 0 0 0 0 0 0 0 0 0 0 0 0 0 0 0 0 0 0 0 0 0 0 0 0 0 0 0 0 0 0 0 0 0 0
 0 0 0 0 0 0 0 0 0 0 0]:
[2023-04-18 18:26:01] - query_instance.length_size[member]:{1: 85, 2: 117, 3: 138, 5: 149, 6: 154, 10: 157, 11: 162, 21: 165, 22: 166, 42: 167, 43: 168, 85: 169}
[2023-04-18 18:26:01] - tail, head: 85 117
[2023-04-18 18:26:01] - Range size 2, answer [0 0 0 2 0 0 0 0 0 0 0 0 0 0 0 0 0 0 0 0 0 0 0 0 0 0 0 0 0 0 0 0]:
[2023-04-18 18:26:01] - query_instance.length_size[member]:{1: 85, 2: 117, 3: 138, 5: 149, 6: 154, 10: 157, 11: 162, 21: 165, 22: 166, 42: 167, 43: 168, 85: 169}
[2023-04-18 18:26:01] - tail, head: 117 138
[2023-04-18 18:26:01] - Range size 3, answer [0 0 0 0 0 1 0 0 0 0 0 0 0 0 0 0 0 0 0 0 0]:
[2023-04-18 18:26:01] - query_instance.length_size[member]:{1: 85, 2: 117, 3: 138, 5: 149, 6: 154, 10: 157, 11: 162, 21: 165, 22: 166, 42: 167, 43: 168, 85: 169}
[2023-04-18 18:26:01] - tail, head: 138 149
[2023-04-18 18:26:01] - Range size 5, answer [2 1 0 0 0 0 0 0 0 0 0]:
[2023-04-18 18:26:01] - query_instance.length_size[member]:{1: 85, 2: 117, 3: 138, 5: 149, 6: 154, 10: 157, 11: 162, 21: 165, 22: 166, 42: 167, 43: 168, 85: 169}
[2023-04-18 18:26:01] - tail, head: 149 154
[2023-04-18 18:26:01] - Range size 6, answer [0 0 0 0 0]:
[2023-04-18 18:26:01] - query_instance.length_size[member]:{1: 85, 2: 117, 3: 138, 5: 149, 6: 154, 10: 157, 11: 162, 21: 165, 22: 166, 42: 167, 43: 168, 85: 169}
[2023-04-18 18:26:01] - tail, head: 154 157
[2023-04-18 18:26:01] - Range size 10, answer [0 0 0]:
[2023-04-18 18:26:01] - query_instance.length_size[member]:{1: 85, 2: 117, 3: 138, 5: 149, 6: 154, 10: 157, 11: 162, 21: 165, 22: 166, 42: 167, 43: 168, 85: 169}
[2023-04-18 18:26:01] - tail, head: 157 162
[2023-04-18 18:26:01] - Range size 11, answer [2 1 0 0 0]:
[2023-04-18 18:26:01] - query_instance.length_size[member]:{1: 85, 2: 117, 3: 138, 5: 149, 6: 154, 10: 157, 11: 162, 21: 165, 22: 166, 42: 167, 43: 168, 85: 169}
[2023-04-18 18:26:01] - tail, head: 162 165
[2023-04-18 18:26:01] - Range size 21, answer [0 0 0]:
[2023-04-18 18:26:01] - query_instance.length_size[member]:{1: 85, 2: 117, 3: 138, 5: 149, 6: 154, 10: 157, 11: 162, 21: 165, 22: 166, 42: 167, 43: 168, 85: 169}
[2023-04-18 18:26:01] - tail, head: 165 166
[2023-04-18 18:26:01] - Range size 22, answer [3]:
[2023-04-18 18:26:01] - query_instance.length_size[member]:{1: 85, 2: 117, 3: 138, 5: 149, 6: 154, 10: 157, 11: 162, 21: 165, 22: 166, 42: 167, 43: 168, 85: 169}
[2023-04-18 18:26:01] - tail, head: 166 167
[2023-04-18 18:26:01] - Range size 42, answer [0]:
[2023-04-18 18:26:01] - query_instance.length_size[member]:{1: 85, 2: 117, 3: 138, 5: 149, 6: 154, 10: 157, 11: 162, 21: 165, 22: 166, 42: 167, 43: 168, 85: 169}
[2023-04-18 18:26:01] - tail, head: 167 168
[2023-04-18 18:26:01] - Range size 43, answer [3]:
[2023-04-18 18:26:01] - query_instance.length_size[member]:{1: 85, 2: 117, 3: 138, 5: 149, 6: 154, 10: 157, 11: 162, 21: 165, 22: 166, 42: 167, 43: 168, 85: 169}
[2023-04-18 18:26:01] - tail, head: 168 169
[2023-04-18 18:26:01] - Range size 85, answer [3]:
[2023-04-18 18:26:01] - Mean Square Error of ground truth and golden standard: 0.4319526627218935
[2023-04-18 18:26:01] - Mean Square Error of ground truth and mechanism: 0.26627218934911245
[2023-04-18 18:26:01] - Mean Square Error of golden standard and mechanism: 0.5443786982248521
[2023-04-18 18:26:01] - Measurement3: golden_standard and mechanism
0.0
[2023-04-18 18:26:01] - ++++++++ Testing on node 1 Finished ++++++++
[2023-04-18 18:26:01] - ++++++++ Testing on node 2 Started ++++++++
[2023-04-18 18:26:01] - At node with index 2, we implement queries on cliques dict_keys(['marital-status', 'age']):
[2023-04-18 18:26:01] - -------- New Mechanism: Testing on 2, node 2 is accessed --------
[2023-04-18 18:26:02] - -------- New Mechanism answer node query on node 2 finished --------
[2023-04-18 18:26:02] - The testing is implemented at marital-status
[2023-04-18 18:26:02] - Ground truth: gives answer
[2023-04-18 18:26:02] - output_answer:[2 1 1 0 0 0 0 3 1 0 0 4 4]
[2023-04-18 18:26:02] - query_instance.length_size[member]:{1: 7, 2: 10, 3: 11, 4: 12, 7: 13}
[2023-04-18 18:26:02] - tail, head: 0 7
[2023-04-18 18:26:02] - Range size 1, answer [2 1 1 0 0 0 0]:
[2023-04-18 18:26:02] - query_instance.length_size[member]:{1: 7, 2: 10, 3: 11, 4: 12, 7: 13}
[2023-04-18 18:26:02] - tail, head: 7 10
[2023-04-18 18:26:02] - Range size 2, answer [3 1 0]:
[2023-04-18 18:26:02] - query_instance.length_size[member]:{1: 7, 2: 10, 3: 11, 4: 12, 7: 13}
[2023-04-18 18:26:02] - tail, head: 10 11
[2023-04-18 18:26:02] - Range size 3, answer [0]:
[2023-04-18 18:26:02] - query_instance.length_size[member]:{1: 7, 2: 10, 3: 11, 4: 12, 7: 13}
[2023-04-18 18:26:02] - tail, head: 11 12
[2023-04-18 18:26:02] - Range size 4, answer [4]:
[2023-04-18 18:26:02] - query_instance.length_size[member]:{1: 7, 2: 10, 3: 11, 4: 12, 7: 13}
[2023-04-18 18:26:02] - tail, head: 12 13
[2023-04-18 18:26:02] - Range size 7, answer [4]:
[2023-04-18 18:26:02] - Golden standard: gives answer
[2023-04-18 18:26:02] - output_answer:[0 3 1 0 0 0 1 3 1 0 1 4 5]
[2023-04-18 18:26:02] - query_instance.length_size[member]:{1: 7, 2: 10, 3: 11, 4: 12, 7: 13}
[2023-04-18 18:26:02] - tail, head: 0 7
[2023-04-18 18:26:02] - Range size 1, answer [0 3 1 0 0 0 1]:
[2023-04-18 18:26:02] - query_instance.length_size[member]:{1: 7, 2: 10, 3: 11, 4: 12, 7: 13}
[2023-04-18 18:26:02] - tail, head: 7 10
[2023-04-18 18:26:02] - Range size 2, answer [3 1 0]:
[2023-04-18 18:26:02] - query_instance.length_size[member]:{1: 7, 2: 10, 3: 11, 4: 12, 7: 13}
[2023-04-18 18:26:02] - tail, head: 10 11
[2023-04-18 18:26:02] - Range size 3, answer [1]:
[2023-04-18 18:26:02] - query_instance.length_size[member]:{1: 7, 2: 10, 3: 11, 4: 12, 7: 13}
[2023-04-18 18:26:02] - tail, head: 11 12
[2023-04-18 18:26:02] - Range size 4, answer [4]:
[2023-04-18 18:26:02] - query_instance.length_size[member]:{1: 7, 2: 10, 3: 11, 4: 12, 7: 13}
[2023-04-18 18:26:02] - tail, head: 12 13
[2023-04-18 18:26:02] - Range size 7, answer [5]:
[2023-04-18 18:26:02] - Mechanism: gives answer
[2023-04-18 18:26:02] - output_answer:[0 5 0 0 0 0 0 5 0 0 0 5 5]
[2023-04-18 18:26:02] - query_instance.length_size[member]:{1: 7, 2: 10, 3: 11, 4: 12, 7: 13}
[2023-04-18 18:26:02] - tail, head: 0 7
[2023-04-18 18:26:02] - Range size 1, answer [0 5 0 0 0 0 0]:
[2023-04-18 18:26:02] - query_instance.length_size[member]:{1: 7, 2: 10, 3: 11, 4: 12, 7: 13}
[2023-04-18 18:26:02] - tail, head: 7 10
[2023-04-18 18:26:02] - Range size 2, answer [5 0 0]:
[2023-04-18 18:26:02] - query_instance.length_size[member]:{1: 7, 2: 10, 3: 11, 4: 12, 7: 13}
[2023-04-18 18:26:02] - tail, head: 10 11
[2023-04-18 18:26:02] - Range size 3, answer [0]:
[2023-04-18 18:26:02] - query_instance.length_size[member]:{1: 7, 2: 10, 3: 11, 4: 12, 7: 13}
[2023-04-18 18:26:02] - tail, head: 11 12
[2023-04-18 18:26:02] - Range size 4, answer [5]:
[2023-04-18 18:26:02] - query_instance.length_size[member]:{1: 7, 2: 10, 3: 11, 4: 12, 7: 13}
[2023-04-18 18:26:02] - tail, head: 12 13
[2023-04-18 18:26:02] - Range size 7, answer [5]:
[2023-04-18 18:26:02] - Mean Square Error of ground truth and golden standard: 0.8461538461538461
[2023-04-18 18:26:02] - Mean Square Error of ground truth and mechanism: 2.1538461538461537
[2023-04-18 18:26:02] - Mean Square Error of golden standard and mechanism: 1.0
[2023-04-18 18:26:02] - Measurement3: golden_standard and mechanism
0.0
[2023-04-18 18:26:03] - -------- New Mechanism: Testing on 2, node 2 is accessed --------
[2023-04-18 18:26:03] - -------- New Mechanism answer node query on node 2 finished --------
[2023-04-18 18:26:03] - The testing is implemented at age
[2023-04-18 18:26:03] - Ground truth: gives answer
[2023-04-18 18:26:03] - output_answer:[0 0 0 0 0 0 0 0 0 0 0 0 0 0 0 0 0 0 0 0 0 0 1 1 0 0 0 0 0 0 0 0 0 0 1 0 0
 1 0 0 0 0 0 0 0 0 0 0 0 0 0 0 0 0 0 0 0 0 0 0 0 0 0 0 0 0 0 0 0 0 0 0 0 0
 0 0 0 0 0 0 0 0 0 0 0 0 0 0 0 0 0 0 0 2 0 0 0 1 1 0 0 0 0 0 0 0 0 0 0 0 0
 0 0 0 0 0 0 0 0 0 0 0 0 2 0 0 1 0 0 0 0 0 0 0 0 0 0 0 0 0 0 2 0 0 0 0 0 0
 0 0 0 2 0 0 2 0 0 0 0 2 0 0 4 0 0 0 0 4 4]
[2023-04-18 18:26:03] - query_instance.length_size[member]:{1: 85, 2: 117, 3: 138, 5: 149, 6: 154, 10: 157, 11: 162, 21: 165, 22: 166, 42: 167, 43: 168, 85: 169}
[2023-04-18 18:26:03] - tail, head: 0 85
[2023-04-18 18:26:03] - Range size 1, answer [0 0 0 0 0 0 0 0 0 0 0 0 0 0 0 0 0 0 0 0 0 0 1 1 0 0 0 0 0 0 0 0 0 0 1 0 0
 1 0 0 0 0 0 0 0 0 0 0 0 0 0 0 0 0 0 0 0 0 0 0 0 0 0 0 0 0 0 0 0 0 0 0 0 0
 0 0 0 0 0 0 0 0 0 0 0]:
[2023-04-18 18:26:03] - query_instance.length_size[member]:{1: 85, 2: 117, 3: 138, 5: 149, 6: 154, 10: 157, 11: 162, 21: 165, 22: 166, 42: 167, 43: 168, 85: 169}
[2023-04-18 18:26:03] - tail, head: 85 117
[2023-04-18 18:26:03] - Range size 2, answer [0 0 0 0 0 0 0 0 2 0 0 0 1 1 0 0 0 0 0 0 0 0 0 0 0 0 0 0 0 0 0 0]:
[2023-04-18 18:26:03] - query_instance.length_size[member]:{1: 85, 2: 117, 3: 138, 5: 149, 6: 154, 10: 157, 11: 162, 21: 165, 22: 166, 42: 167, 43: 168, 85: 169}
[2023-04-18 18:26:03] - tail, head: 117 138
[2023-04-18 18:26:03] - Range size 3, answer [0 0 0 0 0 0 2 0 0 1 0 0 0 0 0 0 0 0 0 0 0]:
[2023-04-18 18:26:03] - query_instance.length_size[member]:{1: 85, 2: 117, 3: 138, 5: 149, 6: 154, 10: 157, 11: 162, 21: 165, 22: 166, 42: 167, 43: 168, 85: 169}
[2023-04-18 18:26:03] - tail, head: 138 149
[2023-04-18 18:26:03] - Range size 5, answer [0 0 0 2 0 0 0 0 0 0 0]:
[2023-04-18 18:26:03] - query_instance.length_size[member]:{1: 85, 2: 117, 3: 138, 5: 149, 6: 154, 10: 157, 11: 162, 21: 165, 22: 166, 42: 167, 43: 168, 85: 169}
[2023-04-18 18:26:03] - tail, head: 149 154
[2023-04-18 18:26:03] - Range size 6, answer [0 0 2 0 0]:
[2023-04-18 18:26:03] - query_instance.length_size[member]:{1: 85, 2: 117, 3: 138, 5: 149, 6: 154, 10: 157, 11: 162, 21: 165, 22: 166, 42: 167, 43: 168, 85: 169}
[2023-04-18 18:26:03] - tail, head: 154 157
[2023-04-18 18:26:03] - Range size 10, answer [2 0 0]:
[2023-04-18 18:26:03] - query_instance.length_size[member]:{1: 85, 2: 117, 3: 138, 5: 149, 6: 154, 10: 157, 11: 162, 21: 165, 22: 166, 42: 167, 43: 168, 85: 169}
[2023-04-18 18:26:03] - tail, head: 157 162
[2023-04-18 18:26:03] - Range size 11, answer [0 0 2 0 0]:
[2023-04-18 18:26:03] - query_instance.length_size[member]:{1: 85, 2: 117, 3: 138, 5: 149, 6: 154, 10: 157, 11: 162, 21: 165, 22: 166, 42: 167, 43: 168, 85: 169}
[2023-04-18 18:26:03] - tail, head: 162 165
[2023-04-18 18:26:03] - Range size 21, answer [4 0 0]:
[2023-04-18 18:26:03] - query_instance.length_size[member]:{1: 85, 2: 117, 3: 138, 5: 149, 6: 154, 10: 157, 11: 162, 21: 165, 22: 166, 42: 167, 43: 168, 85: 169}
[2023-04-18 18:26:03] - tail, head: 165 166
[2023-04-18 18:26:03] - Range size 22, answer [0]:
[2023-04-18 18:26:03] - query_instance.length_size[member]:{1: 85, 2: 117, 3: 138, 5: 149, 6: 154, 10: 157, 11: 162, 21: 165, 22: 166, 42: 167, 43: 168, 85: 169}
[2023-04-18 18:26:03] - tail, head: 166 167
[2023-04-18 18:26:03] - Range size 42, answer [0]:
[2023-04-18 18:26:03] - query_instance.length_size[member]:{1: 85, 2: 117, 3: 138, 5: 149, 6: 154, 10: 157, 11: 162, 21: 165, 22: 166, 42: 167, 43: 168, 85: 169}
[2023-04-18 18:26:03] - tail, head: 167 168
[2023-04-18 18:26:03] - Range size 43, answer [4]:
[2023-04-18 18:26:03] - query_instance.length_size[member]:{1: 85, 2: 117, 3: 138, 5: 149, 6: 154, 10: 157, 11: 162, 21: 165, 22: 166, 42: 167, 43: 168, 85: 169}
[2023-04-18 18:26:03] - tail, head: 168 169
[2023-04-18 18:26:03] - Range size 85, answer [4]:
[2023-04-18 18:26:03] - Golden standard: gives answer
[2023-04-18 18:26:03] - output_answer:[0 0 0 0 0 0 0 0 0 0 0 0 0 0 0 0 0 0 0 0 0 0 0 0 0 0 0 0 0 1 0 0 0 0 0 0 0
 0 0 0 0 0 0 0 0 0 0 0 0 0 0 0 0 0 0 0 0 0 0 0 0 0 0 0 0 0 0 3 0 0 0 0 0 0
 1 0 0 0 0 0 0 0 0 0 0 0 0 0 0 0 0 0 0 0 0 1 0 0 0 0 0 0 0 0 0 0 0 0 0 0 3
 0 1 0 0 0 0 0 0 0 0 0 0 0 0 1 0 0 0 0 0 0 0 0 3 0 0 0 0 0 1 0 0 0 0 0 1 0
 0 0 0 0 0 3 0 0 0 0 0 1 0 4 1 0 4 0 4 1 5]
[2023-04-18 18:26:03] - query_instance.length_size[member]:{1: 85, 2: 117, 3: 138, 5: 149, 6: 154, 10: 157, 11: 162, 21: 165, 22: 166, 42: 167, 43: 168, 85: 169}
[2023-04-18 18:26:03] - tail, head: 0 85
[2023-04-18 18:26:03] - Range size 1, answer [0 0 0 0 0 0 0 0 0 0 0 0 0 0 0 0 0 0 0 0 0 0 0 0 0 0 0 0 0 1 0 0 0 0 0 0 0
 0 0 0 0 0 0 0 0 0 0 0 0 0 0 0 0 0 0 0 0 0 0 0 0 0 0 0 0 0 0 3 0 0 0 0 0 0
 1 0 0 0 0 0 0 0 0 0 0]:
[2023-04-18 18:26:03] - query_instance.length_size[member]:{1: 85, 2: 117, 3: 138, 5: 149, 6: 154, 10: 157, 11: 162, 21: 165, 22: 166, 42: 167, 43: 168, 85: 169}
[2023-04-18 18:26:03] - tail, head: 85 117
[2023-04-18 18:26:03] - Range size 2, answer [0 0 0 0 0 0 0 0 0 0 1 0 0 0 0 0 0 0 0 0 0 0 0 0 0 3 0 1 0 0 0 0]:
[2023-04-18 18:26:03] - query_instance.length_size[member]:{1: 85, 2: 117, 3: 138, 5: 149, 6: 154, 10: 157, 11: 162, 21: 165, 22: 166, 42: 167, 43: 168, 85: 169}
[2023-04-18 18:26:03] - tail, head: 117 138
[2023-04-18 18:26:03] - Range size 3, answer [0 0 0 0 0 0 0 0 1 0 0 0 0 0 0 0 0 3 0 0 0]:
[2023-04-18 18:26:03] - query_instance.length_size[member]:{1: 85, 2: 117, 3: 138, 5: 149, 6: 154, 10: 157, 11: 162, 21: 165, 22: 166, 42: 167, 43: 168, 85: 169}
[2023-04-18 18:26:03] - tail, head: 138 149
[2023-04-18 18:26:03] - Range size 5, answer [0 0 1 0 0 0 0 0 1 0 0]:
[2023-04-18 18:26:03] - query_instance.length_size[member]:{1: 85, 2: 117, 3: 138, 5: 149, 6: 154, 10: 157, 11: 162, 21: 165, 22: 166, 42: 167, 43: 168, 85: 169}
[2023-04-18 18:26:03] - tail, head: 149 154
[2023-04-18 18:26:03] - Range size 6, answer [0 0 0 0 3]:
[2023-04-18 18:26:03] - query_instance.length_size[member]:{1: 85, 2: 117, 3: 138, 5: 149, 6: 154, 10: 157, 11: 162, 21: 165, 22: 166, 42: 167, 43: 168, 85: 169}
[2023-04-18 18:26:03] - tail, head: 154 157
[2023-04-18 18:26:03] - Range size 10, answer [0 0 0]:
[2023-04-18 18:26:03] - query_instance.length_size[member]:{1: 85, 2: 117, 3: 138, 5: 149, 6: 154, 10: 157, 11: 162, 21: 165, 22: 166, 42: 167, 43: 168, 85: 169}
[2023-04-18 18:26:03] - tail, head: 157 162
[2023-04-18 18:26:03] - Range size 11, answer [0 0 1 0 4]:
[2023-04-18 18:26:03] - query_instance.length_size[member]:{1: 85, 2: 117, 3: 138, 5: 149, 6: 154, 10: 157, 11: 162, 21: 165, 22: 166, 42: 167, 43: 168, 85: 169}
[2023-04-18 18:26:03] - tail, head: 162 165
[2023-04-18 18:26:03] - Range size 21, answer [1 0 4]:
[2023-04-18 18:26:03] - query_instance.length_size[member]:{1: 85, 2: 117, 3: 138, 5: 149, 6: 154, 10: 157, 11: 162, 21: 165, 22: 166, 42: 167, 43: 168, 85: 169}
[2023-04-18 18:26:03] - tail, head: 165 166
[2023-04-18 18:26:03] - Range size 22, answer [0]:
[2023-04-18 18:26:03] - query_instance.length_size[member]:{1: 85, 2: 117, 3: 138, 5: 149, 6: 154, 10: 157, 11: 162, 21: 165, 22: 166, 42: 167, 43: 168, 85: 169}
[2023-04-18 18:26:03] - tail, head: 166 167
[2023-04-18 18:26:03] - Range size 42, answer [4]:
[2023-04-18 18:26:03] - query_instance.length_size[member]:{1: 85, 2: 117, 3: 138, 5: 149, 6: 154, 10: 157, 11: 162, 21: 165, 22: 166, 42: 167, 43: 168, 85: 169}
[2023-04-18 18:26:03] - tail, head: 167 168
[2023-04-18 18:26:03] - Range size 43, answer [1]:
[2023-04-18 18:26:03] - query_instance.length_size[member]:{1: 85, 2: 117, 3: 138, 5: 149, 6: 154, 10: 157, 11: 162, 21: 165, 22: 166, 42: 167, 43: 168, 85: 169}
[2023-04-18 18:26:03] - tail, head: 168 169
[2023-04-18 18:26:03] - Range size 85, answer [5]:
[2023-04-18 18:26:03] - Mechanism: gives answer
[2023-04-18 18:26:03] - output_answer:[0 0 0 0 0 0 0 0 0 0 0 5 0 0 0 0 0 0 0 0 0 0 0 0 0 0 0 0 0 0 0 0 0 0 0 0 0
 0 0 0 0 0 0 0 0 0 0 0 0 0 0 0 0 0 0 0 0 0 0 0 0 0 0 0 0 0 0 0 0 0 0 0 0 0
 0 0 0 0 0 0 0 0 0 0 0 0 0 0 0 5 0 0 0 0 0 0 0 0 0 0 0 0 0 0 0 0 0 0 0 0 0
 0 0 0 0 0 0 0 0 0 5 0 0 0 0 0 0 0 0 0 0 0 0 0 0 0 0 0 0 0 0 0 0 0 0 0 0 0
 0 0 5 0 0 0 0 0 0 0 5 0 0 0 0 0 0 5 0 5 5]
[2023-04-18 18:26:03] - query_instance.length_size[member]:{1: 85, 2: 117, 3: 138, 5: 149, 6: 154, 10: 157, 11: 162, 21: 165, 22: 166, 42: 167, 43: 168, 85: 169}
[2023-04-18 18:26:03] - tail, head: 0 85
[2023-04-18 18:26:03] - Range size 1, answer [0 0 0 0 0 0 0 0 0 0 0 5 0 0 0 0 0 0 0 0 0 0 0 0 0 0 0 0 0 0 0 0 0 0 0 0 0
 0 0 0 0 0 0 0 0 0 0 0 0 0 0 0 0 0 0 0 0 0 0 0 0 0 0 0 0 0 0 0 0 0 0 0 0 0
 0 0 0 0 0 0 0 0 0 0 0]:
[2023-04-18 18:26:03] - query_instance.length_size[member]:{1: 85, 2: 117, 3: 138, 5: 149, 6: 154, 10: 157, 11: 162, 21: 165, 22: 166, 42: 167, 43: 168, 85: 169}
[2023-04-18 18:26:03] - tail, head: 85 117
[2023-04-18 18:26:03] - Range size 2, answer [0 0 0 0 5 0 0 0 0 0 0 0 0 0 0 0 0 0 0 0 0 0 0 0 0 0 0 0 0 0 0 0]:
[2023-04-18 18:26:03] - query_instance.length_size[member]:{1: 85, 2: 117, 3: 138, 5: 149, 6: 154, 10: 157, 11: 162, 21: 165, 22: 166, 42: 167, 43: 168, 85: 169}
[2023-04-18 18:26:03] - tail, head: 117 138
[2023-04-18 18:26:03] - Range size 3, answer [0 0 0 5 0 0 0 0 0 0 0 0 0 0 0 0 0 0 0 0 0]:
[2023-04-18 18:26:03] - query_instance.length_size[member]:{1: 85, 2: 117, 3: 138, 5: 149, 6: 154, 10: 157, 11: 162, 21: 165, 22: 166, 42: 167, 43: 168, 85: 169}
[2023-04-18 18:26:03] - tail, head: 138 149
[2023-04-18 18:26:03] - Range size 5, answer [0 0 0 0 0 0 0 0 0 0 0]:
[2023-04-18 18:26:03] - query_instance.length_size[member]:{1: 85, 2: 117, 3: 138, 5: 149, 6: 154, 10: 157, 11: 162, 21: 165, 22: 166, 42: 167, 43: 168, 85: 169}
[2023-04-18 18:26:03] - tail, head: 149 154
[2023-04-18 18:26:03] - Range size 6, answer [0 5 0 0 0]:
[2023-04-18 18:26:03] - query_instance.length_size[member]:{1: 85, 2: 117, 3: 138, 5: 149, 6: 154, 10: 157, 11: 162, 21: 165, 22: 166, 42: 167, 43: 168, 85: 169}
[2023-04-18 18:26:03] - tail, head: 154 157
[2023-04-18 18:26:03] - Range size 10, answer [0 0 0]:
[2023-04-18 18:26:03] - query_instance.length_size[member]:{1: 85, 2: 117, 3: 138, 5: 149, 6: 154, 10: 157, 11: 162, 21: 165, 22: 166, 42: 167, 43: 168, 85: 169}
[2023-04-18 18:26:03] - tail, head: 157 162
[2023-04-18 18:26:03] - Range size 11, answer [0 5 0 0 0]:
[2023-04-18 18:26:03] - query_instance.length_size[member]:{1: 85, 2: 117, 3: 138, 5: 149, 6: 154, 10: 157, 11: 162, 21: 165, 22: 166, 42: 167, 43: 168, 85: 169}
[2023-04-18 18:26:03] - tail, head: 162 165
[2023-04-18 18:26:03] - Range size 21, answer [0 0 0]:
[2023-04-18 18:26:03] - query_instance.length_size[member]:{1: 85, 2: 117, 3: 138, 5: 149, 6: 154, 10: 157, 11: 162, 21: 165, 22: 166, 42: 167, 43: 168, 85: 169}
[2023-04-18 18:26:03] - tail, head: 165 166
[2023-04-18 18:26:03] - Range size 22, answer [5]:
[2023-04-18 18:26:03] - query_instance.length_size[member]:{1: 85, 2: 117, 3: 138, 5: 149, 6: 154, 10: 157, 11: 162, 21: 165, 22: 166, 42: 167, 43: 168, 85: 169}
[2023-04-18 18:26:03] - tail, head: 166 167
[2023-04-18 18:26:03] - Range size 42, answer [0]:
[2023-04-18 18:26:03] - query_instance.length_size[member]:{1: 85, 2: 117, 3: 138, 5: 149, 6: 154, 10: 157, 11: 162, 21: 165, 22: 166, 42: 167, 43: 168, 85: 169}
[2023-04-18 18:26:03] - tail, head: 167 168
[2023-04-18 18:26:03] - Range size 43, answer [5]:
[2023-04-18 18:26:03] - query_instance.length_size[member]:{1: 85, 2: 117, 3: 138, 5: 149, 6: 154, 10: 157, 11: 162, 21: 165, 22: 166, 42: 167, 43: 168, 85: 169}
[2023-04-18 18:26:03] - tail, head: 168 169
[2023-04-18 18:26:03] - Range size 85, answer [5]:
[2023-04-18 18:26:03] - Mean Square Error of ground truth and golden standard: 0.8165680473372781
[2023-04-18 18:26:03] - Mean Square Error of ground truth and mechanism: 1.1775147928994083
[2023-04-18 18:26:03] - Mean Square Error of golden standard and mechanism: 1.532544378698225
[2023-04-18 18:26:03] - Measurement3: golden_standard and mechanism
0.0
[2023-04-18 18:26:03] - ++++++++ Testing on node 2 Finished ++++++++
[2023-04-18 18:26:03] - ++++++++ Testing on node 3 Started ++++++++
[2023-04-18 18:26:03] - At node with index 3, we implement queries on cliques dict_keys(['marital-status', 'age']):
[2023-04-18 18:26:04] - -------- New Mechanism: Testing on 3, node 2 is accessed --------
[2023-04-18 18:26:04] - -------- New Mechanism answer node query on node 2 finished --------
[2023-04-18 18:26:04] - -------- New Mechanism: Testing on 3, node 3 is accessed --------
[2023-04-18 18:26:05] - -------- New Mechanism answer node query on node 3 finished --------
[2023-04-18 18:26:05] - The testing is implemented at marital-status
[2023-04-18 18:26:05] - Ground truth: gives answer
[2023-04-18 18:26:05] - output_answer:[ 7  0  3  0  0  0  0  7  3  0  0 10 10]
[2023-04-18 18:26:05] - query_instance.length_size[member]:{1: 7, 2: 10, 3: 11, 4: 12, 7: 13}
[2023-04-18 18:26:05] - tail, head: 0 7
[2023-04-18 18:26:05] - Range size 1, answer [7 0 3 0 0 0 0]:
[2023-04-18 18:26:05] - query_instance.length_size[member]:{1: 7, 2: 10, 3: 11, 4: 12, 7: 13}
[2023-04-18 18:26:05] - tail, head: 7 10
[2023-04-18 18:26:05] - Range size 2, answer [7 3 0]:
[2023-04-18 18:26:05] - query_instance.length_size[member]:{1: 7, 2: 10, 3: 11, 4: 12, 7: 13}
[2023-04-18 18:26:05] - tail, head: 10 11
[2023-04-18 18:26:05] - Range size 3, answer [0]:
[2023-04-18 18:26:05] - query_instance.length_size[member]:{1: 7, 2: 10, 3: 11, 4: 12, 7: 13}
[2023-04-18 18:26:05] - tail, head: 11 12
[2023-04-18 18:26:05] - Range size 4, answer [10]:
[2023-04-18 18:26:05] - query_instance.length_size[member]:{1: 7, 2: 10, 3: 11, 4: 12, 7: 13}
[2023-04-18 18:26:05] - tail, head: 12 13
[2023-04-18 18:26:05] - Range size 7, answer [10]:
[2023-04-18 18:26:05] - Golden standard: gives answer
[2023-04-18 18:26:05] - output_answer:[ 6  0  4  1  0  0  0  6  5  0  0 11 11]
[2023-04-18 18:26:05] - query_instance.length_size[member]:{1: 7, 2: 10, 3: 11, 4: 12, 7: 13}
[2023-04-18 18:26:05] - tail, head: 0 7
[2023-04-18 18:26:05] - Range size 1, answer [6 0 4 1 0 0 0]:
[2023-04-18 18:26:05] - query_instance.length_size[member]:{1: 7, 2: 10, 3: 11, 4: 12, 7: 13}
[2023-04-18 18:26:05] - tail, head: 7 10
[2023-04-18 18:26:05] - Range size 2, answer [6 5 0]:
[2023-04-18 18:26:05] - query_instance.length_size[member]:{1: 7, 2: 10, 3: 11, 4: 12, 7: 13}
[2023-04-18 18:26:05] - tail, head: 10 11
[2023-04-18 18:26:05] - Range size 3, answer [0]:
[2023-04-18 18:26:05] - query_instance.length_size[member]:{1: 7, 2: 10, 3: 11, 4: 12, 7: 13}
[2023-04-18 18:26:05] - tail, head: 11 12
[2023-04-18 18:26:05] - Range size 4, answer [11]:
[2023-04-18 18:26:05] - query_instance.length_size[member]:{1: 7, 2: 10, 3: 11, 4: 12, 7: 13}
[2023-04-18 18:26:05] - tail, head: 12 13
[2023-04-18 18:26:05] - Range size 7, answer [11]:
[2023-04-18 18:26:05] - Mechanism: gives answer
[2023-04-18 18:26:05] - output_answer:[ 8 -1  0  1  0  4  0  7  1  4  4  8 12]
[2023-04-18 18:26:05] - query_instance.length_size[member]:{1: 7, 2: 10, 3: 11, 4: 12, 7: 13}
[2023-04-18 18:26:05] - tail, head: 0 7
[2023-04-18 18:26:05] - Range size 1, answer [ 8 -1  0  1  0  4  0]:
[2023-04-18 18:26:05] - query_instance.length_size[member]:{1: 7, 2: 10, 3: 11, 4: 12, 7: 13}
[2023-04-18 18:26:05] - tail, head: 7 10
[2023-04-18 18:26:05] - Range size 2, answer [7 1 4]:
[2023-04-18 18:26:05] - query_instance.length_size[member]:{1: 7, 2: 10, 3: 11, 4: 12, 7: 13}
[2023-04-18 18:26:05] - tail, head: 10 11
[2023-04-18 18:26:05] - Range size 3, answer [4]:
[2023-04-18 18:26:05] - query_instance.length_size[member]:{1: 7, 2: 10, 3: 11, 4: 12, 7: 13}
[2023-04-18 18:26:05] - tail, head: 11 12
[2023-04-18 18:26:05] - Range size 4, answer [8]:
[2023-04-18 18:26:05] - query_instance.length_size[member]:{1: 7, 2: 10, 3: 11, 4: 12, 7: 13}
[2023-04-18 18:26:05] - tail, head: 12 13
[2023-04-18 18:26:05] - Range size 7, answer [12]:
[2023-04-18 18:26:05] - Mean Square Error of ground truth and golden standard: 0.7692307692307693
[2023-04-18 18:26:05] - Mean Square Error of ground truth and mechanism: 5.538461538461538
[2023-04-18 18:26:05] - Mean Square Error of golden standard and mechanism: 7.384615384615385
[2023-04-18 18:26:05] - Measurement3: golden_standard and mechanism
0.0
[2023-04-18 18:26:06] - -------- New Mechanism: Testing on 3, node 2 is accessed --------
[2023-04-18 18:26:06] - -------- New Mechanism answer node query on node 2 finished --------
[2023-04-18 18:26:06] - -------- New Mechanism: Testing on 3, node 3 is accessed --------
[2023-04-18 18:26:07] - -------- New Mechanism answer node query on node 3 finished --------
[2023-04-18 18:26:07] - The testing is implemented at age
[2023-04-18 18:26:07] - Ground truth: gives answer
[2023-04-18 18:26:07] - output_answer:[ 0  0  0  0  0  0  0  1  0  0  0  0  1  0  1  1  0  0  0  0  0  1  0  1
  0  0  1  0  0  0  0  0  0  0  1  0  1  1  0  0  0  0  0  0  0  0  0  0
  0  0  0  0  0  0  0  0  0  0  0  0  0  0  0  0  0  0  0  0  0  0  0  0
  0  0  0  0  0  0  0  0  0  0  0  0  0  0  0  1  0  1  2  0  1  1  1  0
  0  1  2  0  0  0  0  0  0  0  0  0  0  0  0  0  0  0  0  0  0  0  0  1
  1  2  0  1  1  0  1  0  0  0  0  0  0  0  0  0  0  0  1  1  0  3  0  0
  0  0  0  0  0  0  3  2  0  0  3  0  0  1  4  2  0  0  5  0  0  5  0 10
 10]
[2023-04-18 18:26:07] - query_instance.length_size[member]:{1: 85, 2: 117, 3: 138, 5: 149, 6: 154, 10: 157, 11: 162, 21: 165, 22: 166, 42: 167, 43: 168, 85: 169}
[2023-04-18 18:26:07] - tail, head: 0 85
[2023-04-18 18:26:07] - Range size 1, answer [0 0 0 0 0 0 0 1 0 0 0 0 1 0 1 1 0 0 0 0 0 1 0 1 0 0 1 0 0 0 0 0 0 0 1 0 1
 1 0 0 0 0 0 0 0 0 0 0 0 0 0 0 0 0 0 0 0 0 0 0 0 0 0 0 0 0 0 0 0 0 0 0 0 0
 0 0 0 0 0 0 0 0 0 0 0]:
[2023-04-18 18:26:07] - query_instance.length_size[member]:{1: 85, 2: 117, 3: 138, 5: 149, 6: 154, 10: 157, 11: 162, 21: 165, 22: 166, 42: 167, 43: 168, 85: 169}
[2023-04-18 18:26:07] - tail, head: 85 117
[2023-04-18 18:26:07] - Range size 2, answer [0 0 1 0 1 2 0 1 1 1 0 0 1 2 0 0 0 0 0 0 0 0 0 0 0 0 0 0 0 0 0 0]:
[2023-04-18 18:26:07] - query_instance.length_size[member]:{1: 85, 2: 117, 3: 138, 5: 149, 6: 154, 10: 157, 11: 162, 21: 165, 22: 166, 42: 167, 43: 168, 85: 169}
[2023-04-18 18:26:07] - tail, head: 117 138
[2023-04-18 18:26:07] - Range size 3, answer [0 0 1 1 2 0 1 1 0 1 0 0 0 0 0 0 0 0 0 0 0]:
[2023-04-18 18:26:07] - query_instance.length_size[member]:{1: 85, 2: 117, 3: 138, 5: 149, 6: 154, 10: 157, 11: 162, 21: 165, 22: 166, 42: 167, 43: 168, 85: 169}
[2023-04-18 18:26:07] - tail, head: 138 149
[2023-04-18 18:26:07] - Range size 5, answer [1 1 0 3 0 0 0 0 0 0 0]:
[2023-04-18 18:26:07] - query_instance.length_size[member]:{1: 85, 2: 117, 3: 138, 5: 149, 6: 154, 10: 157, 11: 162, 21: 165, 22: 166, 42: 167, 43: 168, 85: 169}
[2023-04-18 18:26:07] - tail, head: 149 154
[2023-04-18 18:26:07] - Range size 6, answer [0 3 2 0 0]:
[2023-04-18 18:26:07] - query_instance.length_size[member]:{1: 85, 2: 117, 3: 138, 5: 149, 6: 154, 10: 157, 11: 162, 21: 165, 22: 166, 42: 167, 43: 168, 85: 169}
[2023-04-18 18:26:07] - tail, head: 154 157
[2023-04-18 18:26:07] - Range size 10, answer [3 0 0]:
[2023-04-18 18:26:07] - query_instance.length_size[member]:{1: 85, 2: 117, 3: 138, 5: 149, 6: 154, 10: 157, 11: 162, 21: 165, 22: 166, 42: 167, 43: 168, 85: 169}
[2023-04-18 18:26:07] - tail, head: 157 162
[2023-04-18 18:26:07] - Range size 11, answer [1 4 2 0 0]:
[2023-04-18 18:26:07] - query_instance.length_size[member]:{1: 85, 2: 117, 3: 138, 5: 149, 6: 154, 10: 157, 11: 162, 21: 165, 22: 166, 42: 167, 43: 168, 85: 169}
[2023-04-18 18:26:07] - tail, head: 162 165
[2023-04-18 18:26:07] - Range size 21, answer [5 0 0]:
[2023-04-18 18:26:07] - query_instance.length_size[member]:{1: 85, 2: 117, 3: 138, 5: 149, 6: 154, 10: 157, 11: 162, 21: 165, 22: 166, 42: 167, 43: 168, 85: 169}
[2023-04-18 18:26:07] - tail, head: 165 166
[2023-04-18 18:26:07] - Range size 22, answer [5]:
[2023-04-18 18:26:07] - query_instance.length_size[member]:{1: 85, 2: 117, 3: 138, 5: 149, 6: 154, 10: 157, 11: 162, 21: 165, 22: 166, 42: 167, 43: 168, 85: 169}
[2023-04-18 18:26:07] - tail, head: 166 167
[2023-04-18 18:26:07] - Range size 42, answer [0]:
[2023-04-18 18:26:07] - query_instance.length_size[member]:{1: 85, 2: 117, 3: 138, 5: 149, 6: 154, 10: 157, 11: 162, 21: 165, 22: 166, 42: 167, 43: 168, 85: 169}
[2023-04-18 18:26:07] - tail, head: 167 168
[2023-04-18 18:26:07] - Range size 43, answer [10]:
[2023-04-18 18:26:07] - query_instance.length_size[member]:{1: 85, 2: 117, 3: 138, 5: 149, 6: 154, 10: 157, 11: 162, 21: 165, 22: 166, 42: 167, 43: 168, 85: 169}
[2023-04-18 18:26:07] - tail, head: 168 169
[2023-04-18 18:26:07] - Range size 85, answer [10]:
[2023-04-18 18:26:07] - Golden standard: gives answer
[2023-04-18 18:26:07] - output_answer:[ 0  0  0  2  0  0  0  3  0  0  0  0  0  0  0  0  2  0  0  0  0  0  0  0
  0  0  0  0  0  0  0  0  0  4  0  0  0  0  0  0  0  0  0  0  0  0  0  0
  0  0  0  0  0  0  0  0  0  0  0  0  0  0  0  0  0  0  0  0  0  0  0  0
  0  0  0  0  0  0  0  0  0  0  0  0  0  0  2  3  0  0  0  0  0  0  0  0
  0  4  0  0  0  0  0  0  0  0  0  0  0  0  0  0  0  0  0  0  0  0  2  3
  0  2  0  0  0  0  4  0  0  0  0  0  0  0  0  0  0  0  3  0  0  4  0  0
  0  0  0  0  0  2  2  0  0  0  4  0  0  5  2  0  0  0  4  0  0  7  0 11
 11]
[2023-04-18 18:26:07] - query_instance.length_size[member]:{1: 85, 2: 117, 3: 138, 5: 149, 6: 154, 10: 157, 11: 162, 21: 165, 22: 166, 42: 167, 43: 168, 85: 169}
[2023-04-18 18:26:07] - tail, head: 0 85
[2023-04-18 18:26:07] - Range size 1, answer [0 0 0 2 0 0 0 3 0 0 0 0 0 0 0 0 2 0 0 0 0 0 0 0 0 0 0 0 0 0 0 0 0 4 0 0 0
 0 0 0 0 0 0 0 0 0 0 0 0 0 0 0 0 0 0 0 0 0 0 0 0 0 0 0 0 0 0 0 0 0 0 0 0 0
 0 0 0 0 0 0 0 0 0 0 0]:
[2023-04-18 18:26:07] - query_instance.length_size[member]:{1: 85, 2: 117, 3: 138, 5: 149, 6: 154, 10: 157, 11: 162, 21: 165, 22: 166, 42: 167, 43: 168, 85: 169}
[2023-04-18 18:26:07] - tail, head: 85 117
[2023-04-18 18:26:07] - Range size 2, answer [0 2 3 0 0 0 0 0 0 0 0 0 4 0 0 0 0 0 0 0 0 0 0 0 0 0 0 0 0 0 0 0]:
[2023-04-18 18:26:07] - query_instance.length_size[member]:{1: 85, 2: 117, 3: 138, 5: 149, 6: 154, 10: 157, 11: 162, 21: 165, 22: 166, 42: 167, 43: 168, 85: 169}
[2023-04-18 18:26:07] - tail, head: 117 138
[2023-04-18 18:26:07] - Range size 3, answer [0 2 3 0 2 0 0 0 0 4 0 0 0 0 0 0 0 0 0 0 0]:
[2023-04-18 18:26:07] - query_instance.length_size[member]:{1: 85, 2: 117, 3: 138, 5: 149, 6: 154, 10: 157, 11: 162, 21: 165, 22: 166, 42: 167, 43: 168, 85: 169}
[2023-04-18 18:26:07] - tail, head: 138 149
[2023-04-18 18:26:07] - Range size 5, answer [3 0 0 4 0 0 0 0 0 0 0]:
[2023-04-18 18:26:07] - query_instance.length_size[member]:{1: 85, 2: 117, 3: 138, 5: 149, 6: 154, 10: 157, 11: 162, 21: 165, 22: 166, 42: 167, 43: 168, 85: 169}
[2023-04-18 18:26:07] - tail, head: 149 154
[2023-04-18 18:26:07] - Range size 6, answer [2 2 0 0 0]:
[2023-04-18 18:26:07] - query_instance.length_size[member]:{1: 85, 2: 117, 3: 138, 5: 149, 6: 154, 10: 157, 11: 162, 21: 165, 22: 166, 42: 167, 43: 168, 85: 169}
[2023-04-18 18:26:07] - tail, head: 154 157
[2023-04-18 18:26:07] - Range size 10, answer [4 0 0]:
[2023-04-18 18:26:07] - query_instance.length_size[member]:{1: 85, 2: 117, 3: 138, 5: 149, 6: 154, 10: 157, 11: 162, 21: 165, 22: 166, 42: 167, 43: 168, 85: 169}
[2023-04-18 18:26:07] - tail, head: 157 162
[2023-04-18 18:26:07] - Range size 11, answer [5 2 0 0 0]:
[2023-04-18 18:26:07] - query_instance.length_size[member]:{1: 85, 2: 117, 3: 138, 5: 149, 6: 154, 10: 157, 11: 162, 21: 165, 22: 166, 42: 167, 43: 168, 85: 169}
[2023-04-18 18:26:07] - tail, head: 162 165
[2023-04-18 18:26:07] - Range size 21, answer [4 0 0]:
[2023-04-18 18:26:07] - query_instance.length_size[member]:{1: 85, 2: 117, 3: 138, 5: 149, 6: 154, 10: 157, 11: 162, 21: 165, 22: 166, 42: 167, 43: 168, 85: 169}
[2023-04-18 18:26:07] - tail, head: 165 166
[2023-04-18 18:26:07] - Range size 22, answer [7]:
[2023-04-18 18:26:07] - query_instance.length_size[member]:{1: 85, 2: 117, 3: 138, 5: 149, 6: 154, 10: 157, 11: 162, 21: 165, 22: 166, 42: 167, 43: 168, 85: 169}
[2023-04-18 18:26:07] - tail, head: 166 167
[2023-04-18 18:26:07] - Range size 42, answer [0]:
[2023-04-18 18:26:07] - query_instance.length_size[member]:{1: 85, 2: 117, 3: 138, 5: 149, 6: 154, 10: 157, 11: 162, 21: 165, 22: 166, 42: 167, 43: 168, 85: 169}
[2023-04-18 18:26:07] - tail, head: 167 168
[2023-04-18 18:26:07] - Range size 43, answer [11]:
[2023-04-18 18:26:07] - query_instance.length_size[member]:{1: 85, 2: 117, 3: 138, 5: 149, 6: 154, 10: 157, 11: 162, 21: 165, 22: 166, 42: 167, 43: 168, 85: 169}
[2023-04-18 18:26:07] - tail, head: 168 169
[2023-04-18 18:26:07] - Range size 85, answer [11]:
[2023-04-18 18:26:07] - Mechanism: gives answer
[2023-04-18 18:26:07] - output_answer:[ 0  0  0  0  0  0  0  0  0  0  8  0  0  0  0  0  0  0  0  0  0  0  4  0
  0  0  0  0  0  0  0  0  0  0  0  0  0  0  0  0  0  0  0  0  0  0  0  0
  0  0  0  0  0  0  0  0  0  0  0  0  0  0  0  0  0  0  0  0  0  0  0  0
  0  0  0  0  0  0  0  0  0  0  0  0  0  0  0  0  8  0  0  0  0  4  0  0
  0  0  0  0  0  0  0  0  0  0  0  0  0  0  0  0  0  0  0  0  0  0  0  0
  0  0  0  4  0  0  0  0  0  0  0  0  0  0  0  0  0  0  8  0  0  0  0  0
  0  0  0  0  0  0  0  4  0  0  0  0  0  8  0  4  0  0  4  0  0  8  0 12
 12]
[2023-04-18 18:26:07] - query_instance.length_size[member]:{1: 85, 2: 117, 3: 138, 5: 149, 6: 154, 10: 157, 11: 162, 21: 165, 22: 166, 42: 167, 43: 168, 85: 169}
[2023-04-18 18:26:07] - tail, head: 0 85
[2023-04-18 18:26:07] - Range size 1, answer [0 0 0 0 0 0 0 0 0 0 8 0 0 0 0 0 0 0 0 0 0 0 4 0 0 0 0 0 0 0 0 0 0 0 0 0 0
 0 0 0 0 0 0 0 0 0 0 0 0 0 0 0 0 0 0 0 0 0 0 0 0 0 0 0 0 0 0 0 0 0 0 0 0 0
 0 0 0 0 0 0 0 0 0 0 0]:
[2023-04-18 18:26:07] - query_instance.length_size[member]:{1: 85, 2: 117, 3: 138, 5: 149, 6: 154, 10: 157, 11: 162, 21: 165, 22: 166, 42: 167, 43: 168, 85: 169}
[2023-04-18 18:26:07] - tail, head: 85 117
[2023-04-18 18:26:07] - Range size 2, answer [0 0 0 8 0 0 0 0 4 0 0 0 0 0 0 0 0 0 0 0 0 0 0 0 0 0 0 0 0 0 0 0]:
[2023-04-18 18:26:07] - query_instance.length_size[member]:{1: 85, 2: 117, 3: 138, 5: 149, 6: 154, 10: 157, 11: 162, 21: 165, 22: 166, 42: 167, 43: 168, 85: 169}
[2023-04-18 18:26:07] - tail, head: 117 138
[2023-04-18 18:26:07] - Range size 3, answer [0 0 0 0 0 0 4 0 0 0 0 0 0 0 0 0 0 0 0 0 0]:
[2023-04-18 18:26:07] - query_instance.length_size[member]:{1: 85, 2: 117, 3: 138, 5: 149, 6: 154, 10: 157, 11: 162, 21: 165, 22: 166, 42: 167, 43: 168, 85: 169}
[2023-04-18 18:26:07] - tail, head: 138 149
[2023-04-18 18:26:07] - Range size 5, answer [8 0 0 0 0 0 0 0 0 0 0]:
[2023-04-18 18:26:07] - query_instance.length_size[member]:{1: 85, 2: 117, 3: 138, 5: 149, 6: 154, 10: 157, 11: 162, 21: 165, 22: 166, 42: 167, 43: 168, 85: 169}
[2023-04-18 18:26:07] - tail, head: 149 154
[2023-04-18 18:26:07] - Range size 6, answer [0 0 4 0 0]:
[2023-04-18 18:26:07] - query_instance.length_size[member]:{1: 85, 2: 117, 3: 138, 5: 149, 6: 154, 10: 157, 11: 162, 21: 165, 22: 166, 42: 167, 43: 168, 85: 169}
[2023-04-18 18:26:07] - tail, head: 154 157
[2023-04-18 18:26:07] - Range size 10, answer [0 0 0]:
[2023-04-18 18:26:07] - query_instance.length_size[member]:{1: 85, 2: 117, 3: 138, 5: 149, 6: 154, 10: 157, 11: 162, 21: 165, 22: 166, 42: 167, 43: 168, 85: 169}
[2023-04-18 18:26:07] - tail, head: 157 162
[2023-04-18 18:26:07] - Range size 11, answer [8 0 4 0 0]:
[2023-04-18 18:26:07] - query_instance.length_size[member]:{1: 85, 2: 117, 3: 138, 5: 149, 6: 154, 10: 157, 11: 162, 21: 165, 22: 166, 42: 167, 43: 168, 85: 169}
[2023-04-18 18:26:07] - tail, head: 162 165
[2023-04-18 18:26:07] - Range size 21, answer [4 0 0]:
[2023-04-18 18:26:07] - query_instance.length_size[member]:{1: 85, 2: 117, 3: 138, 5: 149, 6: 154, 10: 157, 11: 162, 21: 165, 22: 166, 42: 167, 43: 168, 85: 169}
[2023-04-18 18:26:07] - tail, head: 165 166
[2023-04-18 18:26:07] - Range size 22, answer [8]:
[2023-04-18 18:26:07] - query_instance.length_size[member]:{1: 85, 2: 117, 3: 138, 5: 149, 6: 154, 10: 157, 11: 162, 21: 165, 22: 166, 42: 167, 43: 168, 85: 169}
[2023-04-18 18:26:07] - tail, head: 166 167
[2023-04-18 18:26:07] - Range size 42, answer [0]:
[2023-04-18 18:26:07] - query_instance.length_size[member]:{1: 85, 2: 117, 3: 138, 5: 149, 6: 154, 10: 157, 11: 162, 21: 165, 22: 166, 42: 167, 43: 168, 85: 169}
[2023-04-18 18:26:07] - tail, head: 167 168
[2023-04-18 18:26:07] - Range size 43, answer [12]:
[2023-04-18 18:26:07] - query_instance.length_size[member]:{1: 85, 2: 117, 3: 138, 5: 149, 6: 154, 10: 157, 11: 162, 21: 165, 22: 166, 42: 167, 43: 168, 85: 169}
[2023-04-18 18:26:07] - tail, head: 168 169
[2023-04-18 18:26:07] - Range size 85, answer [12]:
[2023-04-18 18:26:07] - Mean Square Error of ground truth and golden standard: 0.7869822485207101
[2023-04-18 18:26:07] - Mean Square Error of ground truth and mechanism: 2.136094674556213
[2023-04-18 18:26:07] - Mean Square Error of golden standard and mechanism: 2.272189349112426
[2023-04-18 18:26:07] - Measurement3: golden_standard and mechanism
0.0
[2023-04-18 18:26:07] - ++++++++ Testing on node 3 Finished ++++++++
[2023-04-18 18:26:07] - ++++++++ Testing on node 4 Started ++++++++
[2023-04-18 18:26:07] - At node with index 4, we implement queries on cliques dict_keys(['marital-status', 'age']):
[2023-04-18 18:26:07] - -------- New Mechanism: Testing on 4, node 4 is accessed --------
[2023-04-18 18:26:08] - -------- New Mechanism answer node query on node 4 finished --------
[2023-04-18 18:26:08] - The testing is implemented at marital-status
[2023-04-18 18:26:08] - Ground truth: gives answer
[2023-04-18 18:26:08] - output_answer:[ 9  3  2  1  0  0  0 12  3  0  0 15 15]
[2023-04-18 18:26:08] - query_instance.length_size[member]:{1: 7, 2: 10, 3: 11, 4: 12, 7: 13}
[2023-04-18 18:26:08] - tail, head: 0 7
[2023-04-18 18:26:08] - Range size 1, answer [9 3 2 1 0 0 0]:
[2023-04-18 18:26:08] - query_instance.length_size[member]:{1: 7, 2: 10, 3: 11, 4: 12, 7: 13}
[2023-04-18 18:26:08] - tail, head: 7 10
[2023-04-18 18:26:08] - Range size 2, answer [12  3  0]:
[2023-04-18 18:26:08] - query_instance.length_size[member]:{1: 7, 2: 10, 3: 11, 4: 12, 7: 13}
[2023-04-18 18:26:08] - tail, head: 10 11
[2023-04-18 18:26:08] - Range size 3, answer [0]:
[2023-04-18 18:26:08] - query_instance.length_size[member]:{1: 7, 2: 10, 3: 11, 4: 12, 7: 13}
[2023-04-18 18:26:08] - tail, head: 11 12
[2023-04-18 18:26:08] - Range size 4, answer [15]:
[2023-04-18 18:26:08] - query_instance.length_size[member]:{1: 7, 2: 10, 3: 11, 4: 12, 7: 13}
[2023-04-18 18:26:08] - tail, head: 12 13
[2023-04-18 18:26:08] - Range size 7, answer [15]:
[2023-04-18 18:26:08] - Golden standard: gives answer
[2023-04-18 18:26:08] - output_answer:[10  0  4  2  0  0  0 10  6  0  0 16 16]
[2023-04-18 18:26:08] - query_instance.length_size[member]:{1: 7, 2: 10, 3: 11, 4: 12, 7: 13}
[2023-04-18 18:26:08] - tail, head: 0 7
[2023-04-18 18:26:08] - Range size 1, answer [10  0  4  2  0  0  0]:
[2023-04-18 18:26:08] - query_instance.length_size[member]:{1: 7, 2: 10, 3: 11, 4: 12, 7: 13}
[2023-04-18 18:26:08] - tail, head: 7 10
[2023-04-18 18:26:08] - Range size 2, answer [10  6  0]:
[2023-04-18 18:26:08] - query_instance.length_size[member]:{1: 7, 2: 10, 3: 11, 4: 12, 7: 13}
[2023-04-18 18:26:08] - tail, head: 10 11
[2023-04-18 18:26:08] - Range size 3, answer [0]:
[2023-04-18 18:26:08] - query_instance.length_size[member]:{1: 7, 2: 10, 3: 11, 4: 12, 7: 13}
[2023-04-18 18:26:08] - tail, head: 11 12
[2023-04-18 18:26:08] - Range size 4, answer [16]:
[2023-04-18 18:26:08] - query_instance.length_size[member]:{1: 7, 2: 10, 3: 11, 4: 12, 7: 13}
[2023-04-18 18:26:08] - tail, head: 12 13
[2023-04-18 18:26:08] - Range size 7, answer [16]:
[2023-04-18 18:26:08] - Mechanism: gives answer
[2023-04-18 18:26:08] - output_answer:[ 1  2  0  8  2  1  2  3  8  3  5 11 16]
[2023-04-18 18:26:08] - query_instance.length_size[member]:{1: 7, 2: 10, 3: 11, 4: 12, 7: 13}
[2023-04-18 18:26:08] - tail, head: 0 7
[2023-04-18 18:26:08] - Range size 1, answer [1 2 0 8 2 1 2]:
[2023-04-18 18:26:08] - query_instance.length_size[member]:{1: 7, 2: 10, 3: 11, 4: 12, 7: 13}
[2023-04-18 18:26:08] - tail, head: 7 10
[2023-04-18 18:26:08] - Range size 2, answer [3 8 3]:
[2023-04-18 18:26:08] - query_instance.length_size[member]:{1: 7, 2: 10, 3: 11, 4: 12, 7: 13}
[2023-04-18 18:26:08] - tail, head: 10 11
[2023-04-18 18:26:08] - Range size 3, answer [5]:
[2023-04-18 18:26:08] - query_instance.length_size[member]:{1: 7, 2: 10, 3: 11, 4: 12, 7: 13}
[2023-04-18 18:26:08] - tail, head: 11 12
[2023-04-18 18:26:08] - Range size 4, answer [11]:
[2023-04-18 18:26:08] - query_instance.length_size[member]:{1: 7, 2: 10, 3: 11, 4: 12, 7: 13}
[2023-04-18 18:26:08] - tail, head: 12 13
[2023-04-18 18:26:08] - Range size 7, answer [16]:
[2023-04-18 18:26:08] - Mean Square Error of ground truth and golden standard: 2.3076923076923075
[2023-04-18 18:26:08] - Mean Square Error of ground truth and mechanism: 21.846153846153847
[2023-04-18 18:26:08] - Mean Square Error of golden standard and mechanism: 19.846153846153847
[2023-04-18 18:26:08] - Measurement3: golden_standard and mechanism
0.0
[2023-04-18 18:26:08] - -------- New Mechanism: Testing on 4, node 4 is accessed --------
[2023-04-18 18:26:09] - -------- New Mechanism answer node query on node 4 finished --------
[2023-04-18 18:26:09] - The testing is implemented at age
[2023-04-18 18:26:09] - Ground truth: gives answer
[2023-04-18 18:26:09] - output_answer:[ 0  0  0  1  0  0  0  0  0  1  0  0  1  1  1  1  0  0  0  1  1  0  0  0
  0  1  1  1  0  0  0  1  1  1  0  0  0  1  0  0  0  0  0  0  0  0  0  0
  0  0  0  0  0  0  0  0  0  0  0  0  0  0  0  0  0  0  0  0  0  0  0  0
  0  0  0  0  0  0  0  0  0  0  0  0  0  0  1  0  1  1  2  0  1  0  2  0
  2  1  1  0  0  0  0  0  0  0  0  0  0  0  0  0  0  0  0  0  0  0  1  0
  2  2  1  0  3  0  1  0  0  0  0  0  0  0  0  0  0  0  1  2  2  2  0  0
  0  0  0  0  0  1  4  3  0  0  2  0  0  2  6  5  0  0  7  0  0  8  0 15
 15]
[2023-04-18 18:26:09] - query_instance.length_size[member]:{1: 85, 2: 117, 3: 138, 5: 149, 6: 154, 10: 157, 11: 162, 21: 165, 22: 166, 42: 167, 43: 168, 85: 169}
[2023-04-18 18:26:09] - tail, head: 0 85
[2023-04-18 18:26:09] - Range size 1, answer [0 0 0 1 0 0 0 0 0 1 0 0 1 1 1 1 0 0 0 1 1 0 0 0 0 1 1 1 0 0 0 1 1 1 0 0 0
 1 0 0 0 0 0 0 0 0 0 0 0 0 0 0 0 0 0 0 0 0 0 0 0 0 0 0 0 0 0 0 0 0 0 0 0 0
 0 0 0 0 0 0 0 0 0 0 0]:
[2023-04-18 18:26:09] - query_instance.length_size[member]:{1: 85, 2: 117, 3: 138, 5: 149, 6: 154, 10: 157, 11: 162, 21: 165, 22: 166, 42: 167, 43: 168, 85: 169}
[2023-04-18 18:26:09] - tail, head: 85 117
[2023-04-18 18:26:09] - Range size 2, answer [0 1 0 1 1 2 0 1 0 2 0 2 1 1 0 0 0 0 0 0 0 0 0 0 0 0 0 0 0 0 0 0]:
[2023-04-18 18:26:09] - query_instance.length_size[member]:{1: 85, 2: 117, 3: 138, 5: 149, 6: 154, 10: 157, 11: 162, 21: 165, 22: 166, 42: 167, 43: 168, 85: 169}
[2023-04-18 18:26:09] - tail, head: 117 138
[2023-04-18 18:26:09] - Range size 3, answer [0 1 0 2 2 1 0 3 0 1 0 0 0 0 0 0 0 0 0 0 0]:
[2023-04-18 18:26:09] - query_instance.length_size[member]:{1: 85, 2: 117, 3: 138, 5: 149, 6: 154, 10: 157, 11: 162, 21: 165, 22: 166, 42: 167, 43: 168, 85: 169}
[2023-04-18 18:26:09] - tail, head: 138 149
[2023-04-18 18:26:09] - Range size 5, answer [1 2 2 2 0 0 0 0 0 0 0]:
[2023-04-18 18:26:09] - query_instance.length_size[member]:{1: 85, 2: 117, 3: 138, 5: 149, 6: 154, 10: 157, 11: 162, 21: 165, 22: 166, 42: 167, 43: 168, 85: 169}
[2023-04-18 18:26:09] - tail, head: 149 154
[2023-04-18 18:26:09] - Range size 6, answer [1 4 3 0 0]:
[2023-04-18 18:26:09] - query_instance.length_size[member]:{1: 85, 2: 117, 3: 138, 5: 149, 6: 154, 10: 157, 11: 162, 21: 165, 22: 166, 42: 167, 43: 168, 85: 169}
[2023-04-18 18:26:09] - tail, head: 154 157
[2023-04-18 18:26:09] - Range size 10, answer [2 0 0]:
[2023-04-18 18:26:09] - query_instance.length_size[member]:{1: 85, 2: 117, 3: 138, 5: 149, 6: 154, 10: 157, 11: 162, 21: 165, 22: 166, 42: 167, 43: 168, 85: 169}
[2023-04-18 18:26:09] - tail, head: 157 162
[2023-04-18 18:26:09] - Range size 11, answer [2 6 5 0 0]:
[2023-04-18 18:26:09] - query_instance.length_size[member]:{1: 85, 2: 117, 3: 138, 5: 149, 6: 154, 10: 157, 11: 162, 21: 165, 22: 166, 42: 167, 43: 168, 85: 169}
[2023-04-18 18:26:09] - tail, head: 162 165
[2023-04-18 18:26:09] - Range size 21, answer [7 0 0]:
[2023-04-18 18:26:09] - query_instance.length_size[member]:{1: 85, 2: 117, 3: 138, 5: 149, 6: 154, 10: 157, 11: 162, 21: 165, 22: 166, 42: 167, 43: 168, 85: 169}
[2023-04-18 18:26:09] - tail, head: 165 166
[2023-04-18 18:26:09] - Range size 22, answer [8]:
[2023-04-18 18:26:09] - query_instance.length_size[member]:{1: 85, 2: 117, 3: 138, 5: 149, 6: 154, 10: 157, 11: 162, 21: 165, 22: 166, 42: 167, 43: 168, 85: 169}
[2023-04-18 18:26:09] - tail, head: 166 167
[2023-04-18 18:26:09] - Range size 42, answer [0]:
[2023-04-18 18:26:09] - query_instance.length_size[member]:{1: 85, 2: 117, 3: 138, 5: 149, 6: 154, 10: 157, 11: 162, 21: 165, 22: 166, 42: 167, 43: 168, 85: 169}
[2023-04-18 18:26:09] - tail, head: 167 168
[2023-04-18 18:26:09] - Range size 43, answer [15]:
[2023-04-18 18:26:09] - query_instance.length_size[member]:{1: 85, 2: 117, 3: 138, 5: 149, 6: 154, 10: 157, 11: 162, 21: 165, 22: 166, 42: 167, 43: 168, 85: 169}
[2023-04-18 18:26:09] - tail, head: 168 169
[2023-04-18 18:26:09] - Range size 85, answer [15]:
[2023-04-18 18:26:09] - Golden standard: gives answer
[2023-04-18 18:26:09] - output_answer:[ 0  0  6  0  0  0  0  0  0  0  0  0  0  0  0  0  0  0  0  0  0  0  0  2
  0  0  0  0  0  0  0  0  1  0  0  0  2  2  0  0  0  0  0  0  0  0  0  0
  0  0  0  0  0  0  0  2  0  0  0  0  0  0  0  0  0  0  0  0  0  0  0  0
  1  0  0  0  0  0  0  0  0  0  0  0  0  0  0  0  0  0  0  0  0  2  0  0
  1  0  4  0  0  0  0  0  0  2  0  0  0  0  0  0  0  0  0  0  0  6  0  0
  0  0  0  2  0  0  0  0  0  0  0  2  0  0  0  1  0  0  0  0  1  4  0  0
  2  0  1  0  0  6  0  2  0  0  4  2  0  6  0  3  0  1  7  2  1  6  3 13
 16]
[2023-04-18 18:26:09] - query_instance.length_size[member]:{1: 85, 2: 117, 3: 138, 5: 149, 6: 154, 10: 157, 11: 162, 21: 165, 22: 166, 42: 167, 43: 168, 85: 169}
[2023-04-18 18:26:09] - tail, head: 0 85
[2023-04-18 18:26:09] - Range size 1, answer [0 0 6 0 0 0 0 0 0 0 0 0 0 0 0 0 0 0 0 0 0 0 0 2 0 0 0 0 0 0 0 0 1 0 0 0 2
 2 0 0 0 0 0 0 0 0 0 0 0 0 0 0 0 0 0 2 0 0 0 0 0 0 0 0 0 0 0 0 0 0 0 0 1 0
 0 0 0 0 0 0 0 0 0 0 0]:
[2023-04-18 18:26:09] - query_instance.length_size[member]:{1: 85, 2: 117, 3: 138, 5: 149, 6: 154, 10: 157, 11: 162, 21: 165, 22: 166, 42: 167, 43: 168, 85: 169}
[2023-04-18 18:26:09] - tail, head: 85 117
[2023-04-18 18:26:09] - Range size 2, answer [0 0 0 0 0 0 0 0 2 0 0 1 0 4 0 0 0 0 0 0 2 0 0 0 0 0 0 0 0 0 0 0]:
[2023-04-18 18:26:09] - query_instance.length_size[member]:{1: 85, 2: 117, 3: 138, 5: 149, 6: 154, 10: 157, 11: 162, 21: 165, 22: 166, 42: 167, 43: 168, 85: 169}
[2023-04-18 18:26:09] - tail, head: 117 138
[2023-04-18 18:26:09] - Range size 3, answer [6 0 0 0 0 0 2 0 0 0 0 0 0 0 2 0 0 0 1 0 0]:
[2023-04-18 18:26:09] - query_instance.length_size[member]:{1: 85, 2: 117, 3: 138, 5: 149, 6: 154, 10: 157, 11: 162, 21: 165, 22: 166, 42: 167, 43: 168, 85: 169}
[2023-04-18 18:26:09] - tail, head: 138 149
[2023-04-18 18:26:09] - Range size 5, answer [0 0 1 4 0 0 2 0 1 0 0]:
[2023-04-18 18:26:09] - query_instance.length_size[member]:{1: 85, 2: 117, 3: 138, 5: 149, 6: 154, 10: 157, 11: 162, 21: 165, 22: 166, 42: 167, 43: 168, 85: 169}
[2023-04-18 18:26:09] - tail, head: 149 154
[2023-04-18 18:26:09] - Range size 6, answer [6 0 2 0 0]:
[2023-04-18 18:26:09] - query_instance.length_size[member]:{1: 85, 2: 117, 3: 138, 5: 149, 6: 154, 10: 157, 11: 162, 21: 165, 22: 166, 42: 167, 43: 168, 85: 169}
[2023-04-18 18:26:09] - tail, head: 154 157
[2023-04-18 18:26:09] - Range size 10, answer [4 2 0]:
[2023-04-18 18:26:09] - query_instance.length_size[member]:{1: 85, 2: 117, 3: 138, 5: 149, 6: 154, 10: 157, 11: 162, 21: 165, 22: 166, 42: 167, 43: 168, 85: 169}
[2023-04-18 18:26:09] - tail, head: 157 162
[2023-04-18 18:26:09] - Range size 11, answer [6 0 3 0 1]:
[2023-04-18 18:26:09] - query_instance.length_size[member]:{1: 85, 2: 117, 3: 138, 5: 149, 6: 154, 10: 157, 11: 162, 21: 165, 22: 166, 42: 167, 43: 168, 85: 169}
[2023-04-18 18:26:09] - tail, head: 162 165
[2023-04-18 18:26:09] - Range size 21, answer [7 2 1]:
[2023-04-18 18:26:09] - query_instance.length_size[member]:{1: 85, 2: 117, 3: 138, 5: 149, 6: 154, 10: 157, 11: 162, 21: 165, 22: 166, 42: 167, 43: 168, 85: 169}
[2023-04-18 18:26:09] - tail, head: 165 166
[2023-04-18 18:26:09] - Range size 22, answer [6]:
[2023-04-18 18:26:09] - query_instance.length_size[member]:{1: 85, 2: 117, 3: 138, 5: 149, 6: 154, 10: 157, 11: 162, 21: 165, 22: 166, 42: 167, 43: 168, 85: 169}
[2023-04-18 18:26:09] - tail, head: 166 167
[2023-04-18 18:26:09] - Range size 42, answer [3]:
[2023-04-18 18:26:09] - query_instance.length_size[member]:{1: 85, 2: 117, 3: 138, 5: 149, 6: 154, 10: 157, 11: 162, 21: 165, 22: 166, 42: 167, 43: 168, 85: 169}
[2023-04-18 18:26:09] - tail, head: 167 168
[2023-04-18 18:26:09] - Range size 43, answer [13]:
[2023-04-18 18:26:09] - query_instance.length_size[member]:{1: 85, 2: 117, 3: 138, 5: 149, 6: 154, 10: 157, 11: 162, 21: 165, 22: 166, 42: 167, 43: 168, 85: 169}
[2023-04-18 18:26:09] - tail, head: 168 169
[2023-04-18 18:26:09] - Range size 85, answer [16]:
[2023-04-18 18:26:09] - Mechanism: gives answer
[2023-04-18 18:26:09] - output_answer:[ 0  0  0  1  0  0  1  0  0  0  0  0  0  0  0  0  0  0  0  0  0  0  0  1
  0  0  0  0  0  0  0  1  0  0  0  4  3  0  1  0  0  0  0  0  1  0  0  0
  0  0  0  1  1  0  0  0  0  0  0  0  0  0  0  0  0  1  0  0  0  0  0  0
  0  0  0  0  0  0  0  0  0  0  0  0  0  0  1  1  0  0  0  0  0  1  0  0
  1  0  3  1  0  1  0  0  1  0  0  0  0  1  0  0  0  0  0  0  0  0  1  1
  0  0  0  1  0  0  4  1  1  0  1  0  0  1  0  0  0  0  1  0  1  7  1  2
  0  0  0  0  0  1  0  1  1  1  8  0  0  2  0  2  3  1 10  3  1  2  4 12
 16]
[2023-04-18 18:26:09] - query_instance.length_size[member]:{1: 85, 2: 117, 3: 138, 5: 149, 6: 154, 10: 157, 11: 162, 21: 165, 22: 166, 42: 167, 43: 168, 85: 169}
[2023-04-18 18:26:09] - tail, head: 0 85
[2023-04-18 18:26:09] - Range size 1, answer [0 0 0 1 0 0 1 0 0 0 0 0 0 0 0 0 0 0 0 0 0 0 0 1 0 0 0 0 0 0 0 1 0 0 0 4 3
 0 1 0 0 0 0 0 1 0 0 0 0 0 0 1 1 0 0 0 0 0 0 0 0 0 0 0 0 1 0 0 0 0 0 0 0 0
 0 0 0 0 0 0 0 0 0 0 0]:
[2023-04-18 18:26:09] - query_instance.length_size[member]:{1: 85, 2: 117, 3: 138, 5: 149, 6: 154, 10: 157, 11: 162, 21: 165, 22: 166, 42: 167, 43: 168, 85: 169}
[2023-04-18 18:26:09] - tail, head: 85 117
[2023-04-18 18:26:09] - Range size 2, answer [0 1 1 0 0 0 0 0 1 0 0 1 0 3 1 0 1 0 0 1 0 0 0 0 1 0 0 0 0 0 0 0]:
[2023-04-18 18:26:09] - query_instance.length_size[member]:{1: 85, 2: 117, 3: 138, 5: 149, 6: 154, 10: 157, 11: 162, 21: 165, 22: 166, 42: 167, 43: 168, 85: 169}
[2023-04-18 18:26:09] - tail, head: 117 138
[2023-04-18 18:26:09] - Range size 3, answer [0 1 1 0 0 0 1 0 0 4 1 1 0 1 0 0 1 0 0 0 0]:
[2023-04-18 18:26:09] - query_instance.length_size[member]:{1: 85, 2: 117, 3: 138, 5: 149, 6: 154, 10: 157, 11: 162, 21: 165, 22: 166, 42: 167, 43: 168, 85: 169}
[2023-04-18 18:26:09] - tail, head: 138 149
[2023-04-18 18:26:09] - Range size 5, answer [1 0 1 7 1 2 0 0 0 0 0]:
[2023-04-18 18:26:09] - query_instance.length_size[member]:{1: 85, 2: 117, 3: 138, 5: 149, 6: 154, 10: 157, 11: 162, 21: 165, 22: 166, 42: 167, 43: 168, 85: 169}
[2023-04-18 18:26:09] - tail, head: 149 154
[2023-04-18 18:26:09] - Range size 6, answer [1 0 1 1 1]:
[2023-04-18 18:26:09] - query_instance.length_size[member]:{1: 85, 2: 117, 3: 138, 5: 149, 6: 154, 10: 157, 11: 162, 21: 165, 22: 166, 42: 167, 43: 168, 85: 169}
[2023-04-18 18:26:09] - tail, head: 154 157
[2023-04-18 18:26:09] - Range size 10, answer [8 0 0]:
[2023-04-18 18:26:09] - query_instance.length_size[member]:{1: 85, 2: 117, 3: 138, 5: 149, 6: 154, 10: 157, 11: 162, 21: 165, 22: 166, 42: 167, 43: 168, 85: 169}
[2023-04-18 18:26:09] - tail, head: 157 162
[2023-04-18 18:26:09] - Range size 11, answer [2 0 2 3 1]:
[2023-04-18 18:26:09] - query_instance.length_size[member]:{1: 85, 2: 117, 3: 138, 5: 149, 6: 154, 10: 157, 11: 162, 21: 165, 22: 166, 42: 167, 43: 168, 85: 169}
[2023-04-18 18:26:09] - tail, head: 162 165
[2023-04-18 18:26:09] - Range size 21, answer [10  3  1]:
[2023-04-18 18:26:09] - query_instance.length_size[member]:{1: 85, 2: 117, 3: 138, 5: 149, 6: 154, 10: 157, 11: 162, 21: 165, 22: 166, 42: 167, 43: 168, 85: 169}
[2023-04-18 18:26:09] - tail, head: 165 166
[2023-04-18 18:26:09] - Range size 22, answer [2]:
[2023-04-18 18:26:09] - query_instance.length_size[member]:{1: 85, 2: 117, 3: 138, 5: 149, 6: 154, 10: 157, 11: 162, 21: 165, 22: 166, 42: 167, 43: 168, 85: 169}
[2023-04-18 18:26:09] - tail, head: 166 167
[2023-04-18 18:26:09] - Range size 42, answer [4]:
[2023-04-18 18:26:09] - query_instance.length_size[member]:{1: 85, 2: 117, 3: 138, 5: 149, 6: 154, 10: 157, 11: 162, 21: 165, 22: 166, 42: 167, 43: 168, 85: 169}
[2023-04-18 18:26:09] - tail, head: 167 168
[2023-04-18 18:26:09] - Range size 43, answer [12]:
[2023-04-18 18:26:09] - query_instance.length_size[member]:{1: 85, 2: 117, 3: 138, 5: 149, 6: 154, 10: 157, 11: 162, 21: 165, 22: 166, 42: 167, 43: 168, 85: 169}
[2023-04-18 18:26:09] - tail, head: 168 169
[2023-04-18 18:26:09] - Range size 85, answer [16]:
[2023-04-18 18:26:09] - Mean Square Error of ground truth and golden standard: 1.7988165680473374
[2023-04-18 18:26:09] - Mean Square Error of ground truth and mechanism: 1.952662721893491
[2023-04-18 18:26:09] - Mean Square Error of golden standard and mechanism: 1.5976331360946745
[2023-04-18 18:26:09] - Measurement3: golden_standard and mechanism
0.0
[2023-04-18 18:26:09] - ++++++++ Testing on node 4 Finished ++++++++
[2023-04-18 18:26:09] - ******** Testing Finished ********
[2023-04-18 18:26:09] - ******** Drawing Figure started ********
[2023-04-18 18:26:09] - ******** Drawing Figure finished ********
