[2023-04-19 00:35:11] - Arguments: Namespace(beta=0.05, column_number=1, data_size=1000, dataset_path='./data/adult.csv', delta=0.1, domain_path='./data/adult-domain.json', each_query_size=10, epsilon=1.0, iteration=100, sparse_ratio=10)
[2023-04-19 00:35:11] - ******** Initialization ********
[2023-04-19 00:35:12] - Data sparsification complete
[2023-04-19 00:35:12] - Data information: {'age': 85, 'workclass': 9, 'fnlwgt': 100, 'education-num': 16, 'marital-status': 7, 'occupation': 15, 'relationship': 6, 'race': 5, 'sex': 2, 'capital-gain': 100, 'capital-loss': 100, 'hours-per-week': 99, 'native-country': 42, 'income>50K': 2}
[2023-04-19 00:35:12] - ******** Create Dynamic Tree ********
[2023-04-19 00:35:12] - cur_deleted_df is: Empty DataFrame
Columns: [age, workclass, fnlwgt, education-num, marital-status, occupation, relationship, race, sex, capital-gain, capital-loss, hours-per-week, native-country, income>50K]
Index: []
[2023-04-19 00:35:12] - cur_deleted_df is: Empty DataFrame
Columns: [age, workclass, fnlwgt, education-num, marital-status, occupation, relationship, race, sex, capital-gain, capital-loss, hours-per-week, native-country, income>50K]
Index: []
[2023-04-19 00:35:12] - cur_deleted_df is:   age workclass fnlwgt education-num marital-status occupation relationship race sex capital-gain capital-loss hours-per-week native-country income>50K
0  21         0     18            13              0          4            0    0   0            0            0             39              0          0
1  37         0     15             6              0          6            2    4   1            0            0             39              0          0
2  36         1     13             8              0          4            2    0   1            0            0             44              0          1
3  21         0     18             9              0          4            2    4   1            0            0             79              0          1
[2023-04-19 00:35:12] - cur_deleted_df is:    age workclass fnlwgt education-num marital-status occupation relationship race sex capital-gain capital-loss hours-per-week native-country income>50K
0   21         0     18            13              0          4            0    0   0            0            0             39              0          0
1   37         0     15             6              0          6            2    4   1            0            0             39              0          0
2   36         1     13             8              0          4            2    0   1            0            0             44              0          1
3   21         0     18             9              0          4            2    4   1            0            0             79              0          1
4   33         0     10             4              5          2            3    4   0            0            0             15             18          0
..  ..       ...    ...           ...            ...        ...          ...  ...  ..          ...          ...            ...            ...        ...
59  25         5      6            10              0          1            2    0   1            0            0             39              0          0
60  37         0     10             8              0          8            0    0   0            0            0             39              0          1
61  16         8     19             3              5         14            3    0   1            0            0             39             41          0
62   9         8     12             9              2         14            1    0   1            0            0             39              0          0
63  33         2     12             9              0          4            2    0   1            0            0             49              0          1

[64 rows x 14 columns]
[2023-04-19 00:35:12] - cur_deleted_df is:     age workclass fnlwgt education-num marital-status occupation relationship race sex capital-gain capital-loss hours-per-week native-country income>50K
0    21         0     18            13              0          4            0    0   0            0            0             39              0          0
1    37         0     15             6              0          6            2    4   1            0            0             39              0          0
2    36         1     13             8              0          4            2    0   1            0            0             44              0          1
3    21         0     18             9              0          4            2    4   1            0            0             79              0          1
4    33         0     10             4              5          2            3    4   0            0            0             15             18          0
..   ..       ...    ...           ...            ...        ...          ...  ...  ..          ...          ...            ...            ...        ...
141  33         0      4             9              0          1            2    1   1            0            0             39              0          1
142  31         4     11             9              1          8            5    0   0            0            0             37             20          0
143   4         0      1             9              2          3            1    0   1            0            0             19              0          0
144  21         0     16            12              0          3            2    0   1            0            0             49              0          0
145  54         0      6             9              2          0            4    0   1            0            0             39              0          0

[146 rows x 14 columns]
[2023-04-19 00:35:13] - cur_deleted_df is:     age workclass fnlwgt education-num marital-status occupation relationship race sex capital-gain capital-loss hours-per-week native-country income>50K
0    21         0     18            13              0          4            0    0   0            0            0             39              0          0
1    37         0     15             6              0          6            2    4   1            0            0             39              0          0
2    36         1     13             8              0          4            2    0   1            0            0             44              0          1
3    21         0     18             9              0          4            2    4   1            0            0             79              0          1
4    33         0     10             4              5          2            3    4   0            0            0             15             18          0
..   ..       ...    ...           ...            ...        ...          ...  ...  ..          ...          ...            ...            ...        ...
244  25         0      6            14              0          5            0    0   0            0            0             39              0          1
245  24         0     13            11              0          0            2    0   1            0           39             59              0          1
246  24         5     10             9              2          8            3    0   0            0            0             37              0          0
247  26         1     19             8              0          9            2    1   1            0            0             39              1          1
248   3         4      1             9              2          8            1    0   1            0            0             39              0          0

[249 rows x 14 columns]
[2023-04-19 00:35:13] - cur_deleted_df is:     age workclass fnlwgt education-num marital-status occupation relationship race sex capital-gain capital-loss hours-per-week native-country income>50K
0    21         0     18            13              0          4            0    0   0            0            0             39              0          0
1    37         0     15             6              0          6            2    4   1            0            0             39              0          0
2    36         1     13             8              0          4            2    0   1            0            0             44              0          1
3    21         0     18             9              0          4            2    4   1            0            0             79              0          1
4    33         0     10             4              5          2            3    4   0            0            0             15             18          0
..   ..       ...    ...           ...            ...        ...          ...  ...  ..          ...          ...            ...            ...        ...
361   6         0     23            11              2          3            3    0   0            0            0             14              0          0
362  46         0     17            13              0          5            2    0   1            0            0             39              0          1
363   6         5     19             9              2         12            1    4   0            0            0             39              0          0
364  12         0      5             8              0          1            2    0   1            0            0             39              0          0
365  10         3     11             9              2          8            5    0   0            0            0             14              0          0

[366 rows x 14 columns]
[2023-04-19 00:35:14] - cur_deleted_df is:     age workclass fnlwgt education-num marital-status occupation relationship race sex capital-gain capital-loss hours-per-week native-country income>50K
0    21         0     18            13              0          4            0    0   0            0            0             39              0          0
1    37         0     15             6              0          6            2    4   1            0            0             39              0          0
2    36         1     13             8              0          4            2    0   1            0            0             44              0          1
3    21         0     18             9              0          4            2    4   1            0            0             79              0          1
4    33         0     10             4              5          2            3    4   0            0            0             15             18          0
..   ..       ...    ...           ...            ...        ...          ...  ...  ..          ...          ...            ...            ...        ...
503  27         0      6             9              0          4            2    0   1            0            0             39              0          0
504  31         4     35             8              3          8            5    4   0            0            0             39              0          0
505  18         0     21             9              0          5            2    0   1            0            0             49              0          1
506   4         0     16             9              2          7            1    0   1            0            0             39              0          0
507  46         4      6             8              0         10            2    0   1            0            0             39              0          0

[508 rows x 14 columns]
[2023-04-19 00:35:14] - cur_deleted_df is:     age workclass fnlwgt education-num marital-status occupation relationship race sex capital-gain capital-loss hours-per-week native-country income>50K
0    21         0     18            13              0          4            0    0   0            0            0             39              0          0
1    37         0     15             6              0          6            2    4   1            0            0             39              0          0
2    36         1     13             8              0          4            2    0   1            0            0             44              0          1
3    21         0     18             9              0          4            2    4   1            0            0             79              0          1
4    33         0     10             4              5          2            3    4   0            0            0             15             18          0
..   ..       ...    ...           ...            ...        ...          ...  ...  ..          ...          ...            ...            ...        ...
659  26         0     15             8              0          1            2    4   1            0            0             39              0          1
660  14         5     10            12              0          0            2    0   1            0            0             39              0          1
661  11         0      6             9              2          5            3    0   1            0            0             39              0          0
662  19         0     18            15              0          5            2    1   1            0            0             39             27          1
663  11         5     16             9              0         10            2    0   1            3            0             39              0          0

[664 rows x 14 columns]
[2023-04-19 00:35:15] - cur_deleted_df is:     age workclass fnlwgt education-num marital-status occupation relationship race sex capital-gain capital-loss hours-per-week native-country income>50K
0    21         0     18            13              0          4            0    0   0            0            0             39              0          0
1    37         0     15             6              0          6            2    4   1            0            0             39              0          0
2    36         1     13             8              0          4            2    0   1            0            0             44              0          1
3    21         0     18             9              0          4            2    4   1            0            0             79              0          1
4    33         0     10             4              5          2            3    4   0            0            0             15             18          0
..   ..       ...    ...           ...            ...        ...          ...  ...  ..          ...          ...            ...            ...        ...
834  46         0     11             8              4          2            3    0   0            0            0             39              0          0
835  19         0      8             9              0          1            2    0   1            0            0             49              0          0
836  39         0     25             8              0          1            2    0   1            4            0             39              0          1
837  37         0     12             9              0          8            0    0   0            4            0             39              0          1
838  41         0      1             8              4         10            5    0   1            0           13             41              0          1

[839 rows x 14 columns]
[2023-04-19 00:35:15] - cur_deleted_df is:     age workclass fnlwgt education-num marital-status occupation relationship race sex capital-gain capital-loss hours-per-week native-country income>50K
0    21         0     18            13              0          4            0    0   0            0            0             39              0          0
1    37         0     15             6              0          6            2    4   1            0            0             39              0          0
2    36         1     13             8              0          4            2    0   1            0            0             44              0          1
3    21         0     18             9              0          4            2    4   1            0            0             79              0          1
4    33         0     10             4              5          2            3    4   0            0            0             15             18          0
..   ..       ...    ...           ...            ...        ...          ...  ...  ..          ...          ...            ...            ...        ...
900   6         0      6             8              2          6            1    0   0            0            0             39              0          0
901  31         0     22             9              1          3            1    0   1            0            0             54              0          0
902  24         0     10            13              0          5            2    0   1            0            0             39              0          0
903  37         0      3             9              0          0            2    0   1            0            0             39              0          0
904  11         0      5             8              2          3            3    0   1            0            0             29              0          0

[905 rows x 14 columns]
[2023-04-19 00:35:15] - The dynamic interval tree consists of nodes: [
-------- Node index: 1 --------
height: 0, sj: 2, 
right_ancestor_index: 2, left_ancestor_index: None, right_child: None, left_child: None, 
df size: 2, delete_df size: 0
-----------------------------------, 
-------- Node index: 2 --------
height: 1, sj: 4, 
right_ancestor_index: 4, left_ancestor_index: None, right_child: 3, left_child: 1, 
df size: 4, delete_df size: 0
-----------------------------------, 
-------- Node index: 3 --------
height: 0, sj: 16, 
right_ancestor_index: None, left_ancestor_index: 2, right_child: None, left_child: None, 
df size: 7, delete_df size: 3
-----------------------------------, 
-------- Node index: 4 --------
height: 2, sj: 140, 
right_ancestor_index: 8, left_ancestor_index: None, right_child: 6, left_child: 2, 
df size: 12, delete_df size: 61
-----------------------------------, 
-------- Node index: 5 --------
height: 0, sj: 313, 
right_ancestor_index: 6, left_ancestor_index: None, right_child: None, left_child: None, 
df size: 23, delete_df size: 81
-----------------------------------, 
-------- Node index: 6 --------
height: 1, sj: 526, 
right_ancestor_index: None, left_ancestor_index: 4, right_child: 7, left_child: 5, 
df size: 28, delete_df size: 104
-----------------------------------, 
-------- Node index: 7 --------
height: 0, sj: 775, 
right_ancestor_index: None, left_ancestor_index: 6, right_child: None, left_child: None, 
df size: 43, delete_df size: 117
-----------------------------------, 
-------- Node index: 8 --------
height: 3, sj: 1072, 
right_ancestor_index: 16, left_ancestor_index: None, right_child: 12, left_child: 4, 
df size: 58, delete_df size: 141
-----------------------------------, 
-------- Node index: 9 --------
height: 0, sj: 1400, 
right_ancestor_index: 10, left_ancestor_index: None, right_child: None, left_child: None, 
df size: 74, delete_df size: 156
-----------------------------------, 
-------- Node index: 10 --------
height: 1, sj: 1767, 
right_ancestor_index: 12, left_ancestor_index: None, right_child: 11, left_child: 9, 
df size: 91, delete_df size: 175
-----------------------------------, 
-------- Node index: 11 --------
height: 0, sj: 1904, 
right_ancestor_index: None, left_ancestor_index: 10, right_child: None, left_child: None, 
df size: 71, delete_df size: 67
-----------------------------------]
[2023-04-19 00:35:15] - Infinite Private Partitioning: s0: 0, j: 11, T: 3122289, beta: 1.3153009179670144e-19, C: 413.8559279237551, epsilon: 1.0, 
 segment: [0, 2, 4, 16, 140, 313, 526, 775, 1072, 1400, 1767, 1904]
