[2023-03-29 15:43:09] - Arguments: Namespace(beta=0.05, data_size=100, dataset_path='./data/adult.csv', delta=0.1, domain_path='./data/adult-domain.json', epsilon=5.0, iteration=50, sparse_ratio=10)
[2023-03-29 15:43:09] - ******** Initialization ********
[2023-03-29 15:43:09] - Data sparsification complete
[2023-03-29 15:43:09] - Data information: {'age': 85, 'workclass': 9, 'fnlwgt': 100, 'education-num': 16, 'marital-status': 7, 'occupation': 15, 'relationship': 6, 'race': 5, 'sex': 2, 'capital-gain': 100, 'capital-loss': 100, 'hours-per-week': 99, 'native-country': 42, 'income>50K': 2}
[2023-03-29 15:43:09] - ******** Create Dynamic Tree ********
[2023-03-29 15:43:09] - The dynamic interval tree consists of nodes: [
-------- Node index: 1 --------
height: 0, sj: 2, 
right_ancestor_index: 2, left_ancestor_index: None, right_child: None, left_child: None, 
df size: 2, delete_df size: 0
-----------------------------------, 
-------- Node index: 2 --------
height: 1, sj: 4, 
right_ancestor_index: 4, left_ancestor_index: None, right_child: 3, left_child: 1, 
df size: 4, delete_df size: 0
-----------------------------------, 
-------- Node index: 3 --------
height: 0, sj: 16, 
right_ancestor_index: None, left_ancestor_index: 2, right_child: None, left_child: None, 
df size: 12, delete_df size: 0
-----------------------------------, 
-------- Node index: 4 --------
height: 2, sj: 42, 
right_ancestor_index: 8, left_ancestor_index: None, right_child: 6, left_child: 2, 
df size: 38, delete_df size: 2
-----------------------------------, 
-------- Node index: 5 --------
height: 0, sj: 75, 
right_ancestor_index: 6, left_ancestor_index: None, right_child: None, left_child: None, 
df size: 20, delete_df size: 10
-----------------------------------, 
-------- Node index: 6 --------
height: 1, sj: 115, 
right_ancestor_index: None, left_ancestor_index: 4, right_child: 7, left_child: 5, 
df size: 27, delete_df size: 22
-----------------------------------, 
-------- Node index: 7 --------
height: 0, sj: 164, 
right_ancestor_index: None, left_ancestor_index: 6, right_child: None, left_child: None, 
df size: 6, delete_df size: 32
-----------------------------------, 
-------- Node index: 8 --------
height: 3, sj: 199, 
right_ancestor_index: 16, left_ancestor_index: None, right_child: 12, left_child: 4, 
df size: 0, delete_df size: 34
-----------------------------------]
[2023-03-29 15:43:09] - Infinite Private Partitioning: s0: 0, j: 8, T: 26896, beta: 5.737741753080488e-13, C: 54.71118874902631, epsilon: 5.0, 
 segment: [0, 2, 4, 16, 42, 75, 115, 164, 199]
[2023-03-29 15:43:09] - ******** Testing Started ********
[2023-03-29 15:43:09] - ++++++++ Testing on node 1 Started ++++++++
[2023-03-29 15:43:09] - At node with index 1, we implement queries on cliques dict_keys(['education-num']):
[2023-03-29 15:43:10] - -------- New Mechanism: Testing on 1, node 1 is accessed --------
[2023-03-29 15:43:11] - -------- New Mechanism answer node query on node 1 finished --------
[2023-03-29 15:43:11] - The testing is implemented at education-num
[2023-03-29 15:43:11] - Range size 1, answer [0 0 0 0 0 0 0 0 0 0 0 0 2 0 0 0]:
[2023-03-29 15:43:11] - Range size 2, answer [0 0 0 0 0 0 2 0]:
[2023-03-29 15:43:11] - Range size 4, answer [0 0 0 2]:
[2023-03-29 15:43:11] - Range size 8, answer [0 2]:
[2023-03-29 15:43:11] - Range size 16, answer [2]:
[2023-03-29 15:43:11] - Ground truth: gives answer: 
None
[2023-03-29 15:43:11] - Range size 1, answer [0 0 0 0 0 0 0 0 0 0 0 0 2 0 0 1]:
[2023-03-29 15:43:11] - Range size 2, answer [0 0 0 0 0 0 2 1]:
[2023-03-29 15:43:11] - Range size 4, answer [0 0 0 3]:
[2023-03-29 15:43:11] - Range size 8, answer [0 3]:
[2023-03-29 15:43:11] - Range size 16, answer [3]:
[2023-03-29 15:43:11] - Golden standard: gives answer: 
None
[2023-03-29 15:43:11] - Range size 1, answer [0 0 0 0 0 0 0 1 0 0 0 0 2 0 0 0]:
[2023-03-29 15:43:11] - Range size 2, answer [0 0 0 1 0 0 2 0]:
[2023-03-29 15:43:11] - Range size 4, answer [0 1 0 2]:
[2023-03-29 15:43:11] - Range size 8, answer [1 2]:
[2023-03-29 15:43:11] - Range size 16, answer [3]:
[2023-03-29 15:43:11] - Mechanism: gives answer: 
None
[2023-03-29 15:43:11] - Mean Square Error of ground truth and golden standard: 0.16129032258064516
[2023-03-29 15:43:11] - Mean Square Error of ground truth and mechanism: 0.16129032258064516
[2023-03-29 15:43:11] - Mean Square Error of golden standard and mechanism: 0.25806451612903225
[2023-03-29 15:43:11] - Measurement3: golden_standard and mechanism
0.0
[2023-03-29 15:43:11] - ++++++++ Testing on node 1 Finished ++++++++
[2023-03-29 15:43:11] - ++++++++ Testing on node 2 Started ++++++++
[2023-03-29 15:43:11] - At node with index 2, we implement queries on cliques dict_keys(['education-num']):
[2023-03-29 15:43:12] - -------- New Mechanism: Testing on 2, node 2 is accessed --------
[2023-03-29 15:43:13] - -------- New Mechanism answer node query on node 2 finished --------
[2023-03-29 15:43:13] - The testing is implemented at education-num
[2023-03-29 15:43:13] - Range size 1, answer [0 0 0 0 0 0 0 0 0 0 0 1 2 1 0 0]:
[2023-03-29 15:43:13] - Range size 2, answer [0 0 0 0 0 1 3 0]:
[2023-03-29 15:43:13] - Range size 4, answer [0 0 1 3]:
[2023-03-29 15:43:13] - Range size 8, answer [0 4]:
[2023-03-29 15:43:13] - Range size 16, answer [4]:
[2023-03-29 15:43:13] - Ground truth: gives answer: 
None
[2023-03-29 15:43:13] - Range size 1, answer [0 0 0 0 0 0 0 0 0 0 0 1 3 1 0 0]:
[2023-03-29 15:43:13] - Range size 2, answer [0 0 0 0 0 1 4 0]:
[2023-03-29 15:43:13] - Range size 4, answer [0 0 1 4]:
[2023-03-29 15:43:13] - Range size 8, answer [0 5]:
[2023-03-29 15:43:13] - Range size 16, answer [5]:
[2023-03-29 15:43:13] - Golden standard: gives answer: 
None
[2023-03-29 15:43:13] - Range size 1, answer [0 0 0 0 0 0 2 0 3 0 0 0 0 0 0 0]:
[2023-03-29 15:43:13] - Range size 2, answer [0 0 0 2 3 0 0 0]:
[2023-03-29 15:43:13] - Range size 4, answer [0 2 3 0]:
[2023-03-29 15:43:13] - Range size 8, answer [2 3]:
[2023-03-29 15:43:13] - Range size 16, answer [5]:
[2023-03-29 15:43:13] - Mechanism: gives answer: 
None
[2023-03-29 15:43:13] - Mean Square Error of ground truth and golden standard: 0.16129032258064516
[2023-03-29 15:43:13] - Mean Square Error of ground truth and mechanism: 2.096774193548387
[2023-03-29 15:43:13] - Mean Square Error of golden standard and mechanism: 2.774193548387097
[2023-03-29 15:43:13] - Measurement3: golden_standard and mechanism
0.0
[2023-03-29 15:43:13] - ++++++++ Testing on node 2 Finished ++++++++
[2023-03-29 15:43:13] - ++++++++ Testing on node 3 Started ++++++++
[2023-03-29 15:43:13] - At node with index 3, we implement queries on cliques dict_keys(['education-num']):
[2023-03-29 15:43:14] - -------- New Mechanism: Testing on 3, node 2 is accessed --------
[2023-03-29 15:43:15] - -------- New Mechanism answer node query on node 2 finished --------
[2023-03-29 15:43:15] - -------- New Mechanism: Testing on 3, node 3 is accessed --------
[2023-03-29 15:43:15] - -------- New Mechanism answer node query on node 3 finished --------
[2023-03-29 15:43:15] - The testing is implemented at education-num
[2023-03-29 15:43:15] - Range size 1, answer [0 0 0 0 0 0 1 0 4 3 2 2 2 2 0 0]:
[2023-03-29 15:43:15] - Range size 2, answer [0 0 0 1 7 4 4 0]:
[2023-03-29 15:43:15] - Range size 4, answer [ 0  1 11  4]:
[2023-03-29 15:43:15] - Range size 8, answer [ 1 15]:
[2023-03-29 15:43:15] - Range size 16, answer [16]:
[2023-03-29 15:43:15] - Ground truth: gives answer: 
None
[2023-03-29 15:43:15] - Range size 1, answer [0 0 0 0 0 1 2 0 4 2 2 1 3 2 0 0]:
[2023-03-29 15:43:15] - Range size 2, answer [0 0 1 2 6 3 5 0]:
[2023-03-29 15:43:15] - Range size 4, answer [0 3 9 5]:
[2023-03-29 15:43:15] - Range size 8, answer [ 3 14]:
[2023-03-29 15:43:15] - Range size 16, answer [17]:
[2023-03-29 15:43:15] - Golden standard: gives answer: 
None
[2023-03-29 15:43:15] - Range size 1, answer [0 0 0 0 2 4 0 0 1 3 0 5 1 1 1 0]:
[2023-03-29 15:43:15] - Range size 2, answer [0 0 6 0 4 5 2 1]:
[2023-03-29 15:43:15] - Range size 4, answer [0 6 9 3]:
[2023-03-29 15:43:15] - Range size 8, answer [ 6 12]:
[2023-03-29 15:43:15] - Range size 16, answer [18]:
[2023-03-29 15:43:15] - Mechanism: gives answer: 
None
[2023-03-29 15:43:15] - Mean Square Error of ground truth and golden standard: 0.8064516129032258
[2023-03-29 15:43:15] - Mean Square Error of ground truth and mechanism: 5.354838709677419
[2023-03-29 15:43:15] - Mean Square Error of golden standard and mechanism: 4.096774193548387
[2023-03-29 15:43:15] - Measurement3: golden_standard and mechanism
0.0
[2023-03-29 15:43:15] - ++++++++ Testing on node 3 Finished ++++++++
[2023-03-29 15:43:15] - ++++++++ Testing on node 4 Started ++++++++
[2023-03-29 15:43:15] - At node with index 4, we implement queries on cliques dict_keys(['education-num']):
[2023-03-29 15:43:16] - -------- New Mechanism: Testing on 4, node 4 is accessed --------
[2023-03-29 15:43:17] - -------- New Mechanism answer node query on node 4 finished --------
[2023-03-29 15:43:17] - The testing is implemented at education-num
[2023-03-29 15:43:17] - Range size 1, answer [ 0  0  0  1  2  0  2  0 13  6  1  3  5  2  1  2]:
[2023-03-29 15:43:17] - Range size 2, answer [ 0  1  2  2 19  4  7  3]:
[2023-03-29 15:43:17] - Range size 4, answer [ 1  4 23 10]:
[2023-03-29 15:43:17] - Range size 8, answer [ 5 33]:
[2023-03-29 15:43:17] - Range size 16, answer [38]:
[2023-03-29 15:43:17] - Ground truth: gives answer: 
None
[2023-03-29 15:43:17] - Range size 1, answer [ 0  0  0  1  2  0  3  0 13  6  1  2  5  2  2  2]:
[2023-03-29 15:43:17] - Range size 2, answer [ 0  1  2  3 19  3  7  4]:
[2023-03-29 15:43:17] - Range size 4, answer [ 1  5 22 11]:
[2023-03-29 15:43:17] - Range size 8, answer [ 6 33]:
[2023-03-29 15:43:17] - Range size 16, answer [39]:
[2023-03-29 15:43:17] - Golden standard: gives answer: 
None
[2023-03-29 15:43:17] - Range size 1, answer [ 0  0  0  0  0  0  0  0  0  0 39  0  0  0  0  0]:
[2023-03-29 15:43:17] - Range size 2, answer [ 0  0  0  0  0 39  0  0]:
[2023-03-29 15:43:17] - Range size 4, answer [ 0  0 39  0]:
[2023-03-29 15:43:17] - Range size 8, answer [ 0 39]:
[2023-03-29 15:43:17] - Range size 16, answer [39]:
[2023-03-29 15:43:17] - Mechanism: gives answer: 
None
[2023-03-29 15:43:17] - Mean Square Error of ground truth and golden standard: 0.3548387096774194
[2023-03-29 15:43:17] - Mean Square Error of ground truth and mechanism: 122.2258064516129
[2023-03-29 15:43:17] - Mean Square Error of golden standard and mechanism: 127.35483870967742
[2023-03-29 15:43:17] - Measurement3: golden_standard and mechanism
0.0
[2023-03-29 15:43:17] - ++++++++ Testing on node 4 Finished ++++++++
[2023-03-29 15:43:17] - ++++++++ Testing on node 5 Started ++++++++
[2023-03-29 15:43:17] - At node with index 5, we implement queries on cliques dict_keys(['education-num']):
[2023-03-29 15:43:17] - -------- New Mechanism: Testing on 5, node 4 is accessed --------
[2023-03-29 15:43:18] - -------- New Mechanism answer node query on node 4 finished --------
[2023-03-29 15:43:18] - -------- New Mechanism: Testing on 5, node 5 is accessed --------
[2023-03-29 15:43:19] - -------- New Mechanism answer node query on node 5 finished --------
[2023-03-29 15:43:19] - The testing is implemented at education-num
[2023-03-29 15:43:19] - Range size 1, answer [ 0  0  0  2  3  1  2  0 12 10  3  5  9  2  1  1]:
[2023-03-29 15:43:19] - Range size 2, answer [ 0  2  4  2 22  8 11  2]:
[2023-03-29 15:43:19] - Range size 4, answer [ 2  6 30 13]:
[2023-03-29 15:43:19] - Range size 8, answer [ 8 43]:
[2023-03-29 15:43:19] - Range size 16, answer [51]:
[2023-03-29 15:43:19] - Ground truth: gives answer: 
None
[2023-03-29 15:43:19] - Range size 1, answer [ 0  0  0  2  2  1  2  0 13 11  3  4  9  3  1  1]:
[2023-03-29 15:43:19] - Range size 2, answer [ 0  2  3  2 24  7 12  2]:
[2023-03-29 15:43:19] - Range size 4, answer [ 2  5 31 14]:
[2023-03-29 15:43:19] - Range size 8, answer [ 7 45]:
[2023-03-29 15:43:19] - Range size 16, answer [52]:
[2023-03-29 15:43:19] - Golden standard: gives answer: 
None
[2023-03-29 15:43:19] - Range size 1, answer [ 0  0  6  7  0 16  3  0 -2  3 17  4  1 -1  0 -1]:
[2023-03-29 15:43:19] - Range size 2, answer [ 0 13 16  3  1 21  0 -1]:
[2023-03-29 15:43:19] - Range size 4, answer [13 19 22 -1]:
[2023-03-29 15:43:19] - Range size 8, answer [32 21]:
[2023-03-29 15:43:19] - Range size 16, answer [53]:
[2023-03-29 15:43:19] - Mechanism: gives answer: 
None
[2023-03-29 15:43:19] - Mean Square Error of ground truth and golden standard: 0.6774193548387096
[2023-03-29 15:43:19] - Mean Square Error of ground truth and mechanism: 110.83870967741936
[2023-03-29 15:43:19] - Mean Square Error of golden standard and mechanism: 124.35483870967742
[2023-03-29 15:43:19] - Measurement3: golden_standard and mechanism
0.0
[2023-03-29 15:43:19] - ++++++++ Testing on node 5 Finished ++++++++
[2023-03-29 15:43:19] - ++++++++ Testing on node 6 Started ++++++++
[2023-03-29 15:43:19] - At node with index 6, we implement queries on cliques dict_keys(['education-num']):
[2023-03-29 15:43:19] - -------- New Mechanism: Testing on 6, node 4 is accessed --------
[2023-03-29 15:43:20] - -------- New Mechanism answer node query on node 4 finished --------
[2023-03-29 15:43:20] - -------- New Mechanism: Testing on 6, node 6 is accessed --------
[2023-03-29 15:43:21] - -------- New Mechanism answer node query on node 6 finished --------
[2023-03-29 15:43:21] - The testing is implemented at education-num
[2023-03-29 15:43:21] - Range size 1, answer [ 0  0  0  1  3  1  2  0 14  8  2  4  8  2  0  2]:
[2023-03-29 15:43:21] - Range size 2, answer [ 0  1  4  2 22  6 10  2]:
[2023-03-29 15:43:21] - Range size 4, answer [ 1  6 28 12]:
[2023-03-29 15:43:21] - Range size 8, answer [ 7 40]:
[2023-03-29 15:43:21] - Range size 16, answer [47]:
[2023-03-29 15:43:21] - Ground truth: gives answer: 
None
[2023-03-29 15:43:21] - Range size 1, answer [ 0  0  0  1  3  1  3  1 14  7  2  5  7  2  0  2]:
[2023-03-29 15:43:21] - Range size 2, answer [ 0  1  4  4 21  7  9  2]:
[2023-03-29 15:43:21] - Range size 4, answer [ 1  8 28 11]:
[2023-03-29 15:43:21] - Range size 8, answer [ 9 39]:
[2023-03-29 15:43:21] - Range size 16, answer [48]:
[2023-03-29 15:43:21] - Golden standard: gives answer: 
None
[2023-03-29 15:43:21] - Range size 1, answer [ 0  5  0 -1  1  3 -1  8 -3 -2  7  0  7  3  0 22]:
[2023-03-29 15:43:21] - Range size 2, answer [ 5 -1  4  7 -5  7 10 22]:
[2023-03-29 15:43:21] - Range size 4, answer [ 4 11  2 32]:
[2023-03-29 15:43:21] - Range size 8, answer [15 34]:
[2023-03-29 15:43:21] - Range size 16, answer [49]:
[2023-03-29 15:43:21] - Mechanism: gives answer: 
None
[2023-03-29 15:43:21] - Mean Square Error of ground truth and golden standard: 0.7419354838709677
[2023-03-29 15:43:21] - Mean Square Error of ground truth and mechanism: 107.74193548387096
[2023-03-29 15:43:21] - Mean Square Error of golden standard and mechanism: 104.35483870967742
[2023-03-29 15:43:21] - Measurement3: golden_standard and mechanism
0.0
[2023-03-29 15:43:21] - ++++++++ Testing on node 6 Finished ++++++++
[2023-03-29 15:43:21] - ++++++++ Testing on node 7 Started ++++++++
[2023-03-29 15:43:21] - At node with index 7, we implement queries on cliques dict_keys(['education-num']):
[2023-03-29 15:43:21] - -------- New Mechanism: Testing on 7, node 4 is accessed --------
[2023-03-29 15:43:22] - -------- New Mechanism answer node query on node 4 finished --------
[2023-03-29 15:43:22] - -------- New Mechanism: Testing on 7, node 6 is accessed --------
[2023-03-29 15:43:23] - -------- New Mechanism answer node query on node 6 finished --------
[2023-03-29 15:43:23] - -------- New Mechanism: Testing on 7, node 7 is accessed --------
[2023-03-29 15:43:24] - -------- New Mechanism answer node query on node 7 finished --------
[2023-03-29 15:43:24] - The testing is implemented at education-num
[2023-03-29 15:43:24] - Range size 1, answer [ 0  0  0  1  2  1  2  0 10  6  0  2  5  1  0  2]:
[2023-03-29 15:43:24] - Range size 2, answer [ 0  1  3  2 16  2  6  2]:
[2023-03-29 15:43:24] - Range size 4, answer [ 1  5 18  8]:
[2023-03-29 15:43:24] - Range size 8, answer [ 6 26]:
[2023-03-29 15:43:24] - Range size 16, answer [32]:
[2023-03-29 15:43:24] - Ground truth: gives answer: 
None
[2023-03-29 15:43:24] - Range size 1, answer [ 0  1  0  1  3  0  1  0 11  6  0  2  5  1  1  1]:
[2023-03-29 15:43:24] - Range size 2, answer [ 1  1  3  1 17  2  6  2]:
[2023-03-29 15:43:24] - Range size 4, answer [ 2  4 19  8]:
[2023-03-29 15:43:24] - Range size 8, answer [ 6 27]:
[2023-03-29 15:43:24] - Range size 16, answer [33]:
[2023-03-29 15:43:24] - Golden standard: gives answer: 
None
[2023-03-29 15:43:24] - Range size 1, answer [40  0  5  0 -1  0 -1  0 -7  7 -3 -2 -6  5 -1 -1]:
[2023-03-29 15:43:24] - Range size 2, answer [40  5 -1 -1  0 -5 -1 -2]:
[2023-03-29 15:43:24] - Range size 4, answer [45 -2 -5 -3]:
[2023-03-29 15:43:24] - Range size 8, answer [43 -8]:
[2023-03-29 15:43:24] - Range size 16, answer [35]:
[2023-03-29 15:43:24] - Mechanism: gives answer: 
None
[2023-03-29 15:43:24] - Mean Square Error of ground truth and golden standard: 0.4838709677419355
[2023-03-29 15:43:24] - Mean Square Error of ground truth and mechanism: 299.5806451612903
[2023-03-29 15:43:24] - Mean Square Error of golden standard and mechanism: 299.4193548387097
[2023-03-29 15:43:24] - Measurement3: golden_standard and mechanism
0.0
[2023-03-29 15:43:24] - ++++++++ Testing on node 7 Finished ++++++++
[2023-03-29 15:43:24] - ******** Testing Finished ********
[2023-03-29 15:43:24] - ******** Drawing Figure start ********
[2023-03-29 15:43:24] - ******** Drawing Figure finish ********
