[2023-04-18 22:57:32] - Arguments: Namespace(beta=0.05, column_number=1, data_size=100, dataset_path='./data/adult.csv', delta=0.1, domain_path='./data/adult-domain.json', each_query_size=10, epsilon=1.0, iteration=100, sparse_ratio=10)
[2023-04-18 22:57:32] - ******** Initialization ********
[2023-04-18 22:57:32] - Data sparsification complete
[2023-04-18 22:57:32] - Data information: {'age': 85, 'workclass': 9, 'fnlwgt': 100, 'education-num': 16, 'marital-status': 7, 'occupation': 15, 'relationship': 6, 'race': 5, 'sex': 2, 'capital-gain': 100, 'capital-loss': 100, 'hours-per-week': 99, 'native-country': 42, 'income>50K': 2}
[2023-04-18 22:57:32] - ******** Create Dynamic Tree ********
[2023-04-18 22:57:32] - The dynamic interval tree consists of nodes: [
-------- Node index: 1 --------
height: 0, sj: 2, 
right_ancestor_index: 2, left_ancestor_index: None, right_child: None, left_child: None, 
df size: 2, delete_df size: 0
-----------------------------------, 
-------- Node index: 2 --------
height: 1, sj: 4, 
right_ancestor_index: 4, left_ancestor_index: None, right_child: 3, left_child: 1, 
df size: 4, delete_df size: 0
-----------------------------------, 
-------- Node index: 3 --------
height: 0, sj: 16, 
right_ancestor_index: None, left_ancestor_index: 2, right_child: None, left_child: None, 
df size: 6, delete_df size: 3
-----------------------------------, 
-------- Node index: 4 --------
height: 2, sj: 127, 
right_ancestor_index: 8, left_ancestor_index: None, right_child: 6, left_child: 2, 
df size: 15, delete_df size: 53
-----------------------------------, 
-------- Node index: 5 --------
height: 0, sj: 184, 
right_ancestor_index: 6, left_ancestor_index: None, right_child: None, left_child: None, 
df size: 14, delete_df size: 29
-----------------------------------]
[2023-04-18 22:57:32] - Infinite Private Partitioning: s0: 0, j: 5, T: 16129, beta: 2.883135391252616e-07, C: 178.08517037464256, epsilon: 1.0, 
 segment: [0, 2, 4, 16, 127, 184]
[2023-04-18 22:57:32] - ******** Testing Started ********
[2023-04-18 22:57:32] - ++++++++ Testing on node 1 Started ++++++++
[2023-04-18 22:57:32] - At node with index 1, we implement queries on cliques dict_keys(['marital-status', 'age']):
[2023-04-18 22:57:33] - -------- New Mechanism: Testing on 1, node 1 is accessed --------
[2023-04-18 22:57:33] - -------- New Mechanism answer node query on node 1 finished --------
[2023-04-18 22:57:33] - The testing is implemented at marital-status
[2023-04-18 22:57:33] - Ground truth: gives answer
[2023-04-18 22:57:33] - output_answer:[1 0 1 0 0 0 0 1 1 0 0 2 2]
[2023-04-18 22:57:33] - query_instance.length_size[member]:{1: 7, 2: 10, 3: 11, 4: 12, 7: 13}
[2023-04-18 22:57:33] - tail, head: 0 7
[2023-04-18 22:57:33] - Range size 1, answer [1 0 1 0 0 0 0]:
[2023-04-18 22:57:33] - query_instance.length_size[member]:{1: 7, 2: 10, 3: 11, 4: 12, 7: 13}
[2023-04-18 22:57:33] - tail, head: 7 10
[2023-04-18 22:57:33] - Range size 2, answer [1 1 0]:
[2023-04-18 22:57:33] - query_instance.length_size[member]:{1: 7, 2: 10, 3: 11, 4: 12, 7: 13}
[2023-04-18 22:57:33] - tail, head: 10 11
[2023-04-18 22:57:33] - Range size 3, answer [0]:
[2023-04-18 22:57:33] - query_instance.length_size[member]:{1: 7, 2: 10, 3: 11, 4: 12, 7: 13}
[2023-04-18 22:57:33] - tail, head: 11 12
[2023-04-18 22:57:33] - Range size 4, answer [2]:
[2023-04-18 22:57:33] - query_instance.length_size[member]:{1: 7, 2: 10, 3: 11, 4: 12, 7: 13}
[2023-04-18 22:57:33] - tail, head: 12 13
[2023-04-18 22:57:33] - Range size 7, answer [2]:
[2023-04-18 22:57:33] - Golden standard: gives answer
[2023-04-18 22:57:33] - output_answer:[1 0 0 1 0 0 1 1 1 0 1 2 3]
[2023-04-18 22:57:33] - query_instance.length_size[member]:{1: 7, 2: 10, 3: 11, 4: 12, 7: 13}
[2023-04-18 22:57:33] - tail, head: 0 7
[2023-04-18 22:57:33] - Range size 1, answer [1 0 0 1 0 0 1]:
[2023-04-18 22:57:33] - query_instance.length_size[member]:{1: 7, 2: 10, 3: 11, 4: 12, 7: 13}
[2023-04-18 22:57:33] - tail, head: 7 10
[2023-04-18 22:57:33] - Range size 2, answer [1 1 0]:
[2023-04-18 22:57:33] - query_instance.length_size[member]:{1: 7, 2: 10, 3: 11, 4: 12, 7: 13}
[2023-04-18 22:57:33] - tail, head: 10 11
[2023-04-18 22:57:33] - Range size 3, answer [1]:
[2023-04-18 22:57:33] - query_instance.length_size[member]:{1: 7, 2: 10, 3: 11, 4: 12, 7: 13}
[2023-04-18 22:57:33] - tail, head: 11 12
[2023-04-18 22:57:33] - Range size 4, answer [2]:
[2023-04-18 22:57:33] - query_instance.length_size[member]:{1: 7, 2: 10, 3: 11, 4: 12, 7: 13}
[2023-04-18 22:57:33] - tail, head: 12 13
[2023-04-18 22:57:33] - Range size 7, answer [3]:
[2023-04-18 22:57:33] - Mechanism: gives answer
[2023-04-18 22:57:33] - output_answer:[0 0 0 0 0 3 0 0 0 3 3 0 3]
[2023-04-18 22:57:33] - query_instance.length_size[member]:{1: 7, 2: 10, 3: 11, 4: 12, 7: 13}
[2023-04-18 22:57:33] - tail, head: 0 7
[2023-04-18 22:57:33] - Range size 1, answer [0 0 0 0 0 3 0]:
[2023-04-18 22:57:33] - query_instance.length_size[member]:{1: 7, 2: 10, 3: 11, 4: 12, 7: 13}
[2023-04-18 22:57:33] - tail, head: 7 10
[2023-04-18 22:57:33] - Range size 2, answer [0 0 3]:
[2023-04-18 22:57:33] - query_instance.length_size[member]:{1: 7, 2: 10, 3: 11, 4: 12, 7: 13}
[2023-04-18 22:57:33] - tail, head: 10 11
[2023-04-18 22:57:33] - Range size 3, answer [3]:
[2023-04-18 22:57:33] - query_instance.length_size[member]:{1: 7, 2: 10, 3: 11, 4: 12, 7: 13}
[2023-04-18 22:57:33] - tail, head: 11 12
[2023-04-18 22:57:33] - Range size 4, answer [0]:
[2023-04-18 22:57:33] - query_instance.length_size[member]:{1: 7, 2: 10, 3: 11, 4: 12, 7: 13}
[2023-04-18 22:57:33] - tail, head: 12 13
[2023-04-18 22:57:33] - Range size 7, answer [3]:
[2023-04-18 22:57:33] - Mean Square Error of ground truth and golden standard: 0.38461538461538464
[2023-04-18 22:57:33] - Mean Square Error of ground truth and mechanism: 2.769230769230769
[2023-04-18 22:57:33] - Mean Square Error of golden standard and mechanism: 2.3846153846153846
[2023-04-18 22:57:33] - Measurement3: golden_standard and mechanism
0.0
[2023-04-18 22:57:34] - -------- New Mechanism: Testing on 1, node 1 is accessed --------
[2023-04-18 22:57:35] - -------- New Mechanism answer node query on node 1 finished --------
[2023-04-18 22:57:35] - The testing is implemented at age
[2023-04-18 22:57:35] - Ground truth: gives answer
[2023-04-18 22:57:35] - output_answer:[0 0 0 0 0 0 0 0 0 0 0 0 0 0 0 0 0 0 0 0 0 0 0 1 0 0 0 0 0 0 0 0 0 0 1 0 0
 0 0 0 0 0 0 0 0 0 0 0 0 0 0 0 0 0 0 0 0 0 0 0 0 0 0 0 0 0 0 0 0 0 0 0 0 0
 0 0 0 0 0 0 0 0 0 0 0 0 0 0 0 0 0 0 0 1 0 0 0 1 0 0 0 0 0 0 0 0 0 0 0 0 0
 0 0 0 0 0 0 0 0 0 0 0 0 1 0 0 1 0 0 0 0 0 0 0 0 0 0 0 0 0 0 1 0 0 0 0 0 0
 0 0 0 1 0 0 1 0 0 0 0 1 0 0 2 0 0 0 0 2 2]
[2023-04-18 22:57:35] - query_instance.length_size[member]:{1: 85, 2: 117, 3: 138, 5: 149, 6: 154, 10: 157, 11: 162, 21: 165, 22: 166, 42: 167, 43: 168, 85: 169}
[2023-04-18 22:57:35] - tail, head: 0 85
[2023-04-18 22:57:35] - Range size 1, answer [0 0 0 0 0 0 0 0 0 0 0 0 0 0 0 0 0 0 0 0 0 0 0 1 0 0 0 0 0 0 0 0 0 0 1 0 0
 0 0 0 0 0 0 0 0 0 0 0 0 0 0 0 0 0 0 0 0 0 0 0 0 0 0 0 0 0 0 0 0 0 0 0 0 0
 0 0 0 0 0 0 0 0 0 0 0]:
[2023-04-18 22:57:35] - query_instance.length_size[member]:{1: 85, 2: 117, 3: 138, 5: 149, 6: 154, 10: 157, 11: 162, 21: 165, 22: 166, 42: 167, 43: 168, 85: 169}
[2023-04-18 22:57:35] - tail, head: 85 117
[2023-04-18 22:57:35] - Range size 2, answer [0 0 0 0 0 0 0 0 1 0 0 0 1 0 0 0 0 0 0 0 0 0 0 0 0 0 0 0 0 0 0 0]:
[2023-04-18 22:57:35] - query_instance.length_size[member]:{1: 85, 2: 117, 3: 138, 5: 149, 6: 154, 10: 157, 11: 162, 21: 165, 22: 166, 42: 167, 43: 168, 85: 169}
[2023-04-18 22:57:35] - tail, head: 117 138
[2023-04-18 22:57:35] - Range size 3, answer [0 0 0 0 0 0 1 0 0 1 0 0 0 0 0 0 0 0 0 0 0]:
[2023-04-18 22:57:35] - query_instance.length_size[member]:{1: 85, 2: 117, 3: 138, 5: 149, 6: 154, 10: 157, 11: 162, 21: 165, 22: 166, 42: 167, 43: 168, 85: 169}
[2023-04-18 22:57:35] - tail, head: 138 149
[2023-04-18 22:57:35] - Range size 5, answer [0 0 0 1 0 0 0 0 0 0 0]:
[2023-04-18 22:57:35] - query_instance.length_size[member]:{1: 85, 2: 117, 3: 138, 5: 149, 6: 154, 10: 157, 11: 162, 21: 165, 22: 166, 42: 167, 43: 168, 85: 169}
[2023-04-18 22:57:35] - tail, head: 149 154
[2023-04-18 22:57:35] - Range size 6, answer [0 0 1 0 0]:
[2023-04-18 22:57:35] - query_instance.length_size[member]:{1: 85, 2: 117, 3: 138, 5: 149, 6: 154, 10: 157, 11: 162, 21: 165, 22: 166, 42: 167, 43: 168, 85: 169}
[2023-04-18 22:57:35] - tail, head: 154 157
[2023-04-18 22:57:35] - Range size 10, answer [1 0 0]:
[2023-04-18 22:57:35] - query_instance.length_size[member]:{1: 85, 2: 117, 3: 138, 5: 149, 6: 154, 10: 157, 11: 162, 21: 165, 22: 166, 42: 167, 43: 168, 85: 169}
[2023-04-18 22:57:35] - tail, head: 157 162
[2023-04-18 22:57:35] - Range size 11, answer [0 0 1 0 0]:
[2023-04-18 22:57:35] - query_instance.length_size[member]:{1: 85, 2: 117, 3: 138, 5: 149, 6: 154, 10: 157, 11: 162, 21: 165, 22: 166, 42: 167, 43: 168, 85: 169}
[2023-04-18 22:57:35] - tail, head: 162 165
[2023-04-18 22:57:35] - Range size 21, answer [2 0 0]:
[2023-04-18 22:57:35] - query_instance.length_size[member]:{1: 85, 2: 117, 3: 138, 5: 149, 6: 154, 10: 157, 11: 162, 21: 165, 22: 166, 42: 167, 43: 168, 85: 169}
[2023-04-18 22:57:35] - tail, head: 165 166
[2023-04-18 22:57:35] - Range size 22, answer [0]:
[2023-04-18 22:57:35] - query_instance.length_size[member]:{1: 85, 2: 117, 3: 138, 5: 149, 6: 154, 10: 157, 11: 162, 21: 165, 22: 166, 42: 167, 43: 168, 85: 169}
[2023-04-18 22:57:35] - tail, head: 166 167
[2023-04-18 22:57:35] - Range size 42, answer [0]:
[2023-04-18 22:57:35] - query_instance.length_size[member]:{1: 85, 2: 117, 3: 138, 5: 149, 6: 154, 10: 157, 11: 162, 21: 165, 22: 166, 42: 167, 43: 168, 85: 169}
[2023-04-18 22:57:35] - tail, head: 167 168
[2023-04-18 22:57:35] - Range size 43, answer [2]:
[2023-04-18 22:57:35] - query_instance.length_size[member]:{1: 85, 2: 117, 3: 138, 5: 149, 6: 154, 10: 157, 11: 162, 21: 165, 22: 166, 42: 167, 43: 168, 85: 169}
[2023-04-18 22:57:35] - tail, head: 168 169
[2023-04-18 22:57:35] - Range size 85, answer [2]:
[2023-04-18 22:57:35] - Golden standard: gives answer
[2023-04-18 22:57:35] - output_answer:[0 0 0 0 0 0 0 0 0 0 0 0 0 0 0 0 1 0 0 0 0 0 0 0 0 0 0 0 0 0 0 0 0 0 0 0 0
 0 0 0 0 0 0 0 0 0 0 0 0 0 0 0 0 0 0 0 0 0 0 0 0 0 0 0 0 0 0 0 0 0 0 2 0 0
 0 0 0 0 0 0 0 0 0 0 0 0 0 0 0 0 0 0 0 0 0 0 0 0 0 0 0 0 0 0 0 0 0 0 0 0 0
 2 0 0 0 0 0 0 0 0 0 1 0 0 0 0 0 0 0 0 0 0 0 0 0 2 0 0 0 0 0 0 0 0 0 0 2 0
 0 0 1 0 0 0 0 0 0 0 1 0 0 2 0 0 2 1 2 1 3]
[2023-04-18 22:57:35] - query_instance.length_size[member]:{1: 85, 2: 117, 3: 138, 5: 149, 6: 154, 10: 157, 11: 162, 21: 165, 22: 166, 42: 167, 43: 168, 85: 169}
[2023-04-18 22:57:35] - tail, head: 0 85
[2023-04-18 22:57:35] - Range size 1, answer [0 0 0 0 0 0 0 0 0 0 0 0 0 0 0 0 1 0 0 0 0 0 0 0 0 0 0 0 0 0 0 0 0 0 0 0 0
 0 0 0 0 0 0 0 0 0 0 0 0 0 0 0 0 0 0 0 0 0 0 0 0 0 0 0 0 0 0 0 0 0 0 2 0 0
 0 0 0 0 0 0 0 0 0 0 0]:
[2023-04-18 22:57:35] - query_instance.length_size[member]:{1: 85, 2: 117, 3: 138, 5: 149, 6: 154, 10: 157, 11: 162, 21: 165, 22: 166, 42: 167, 43: 168, 85: 169}
[2023-04-18 22:57:35] - tail, head: 85 117
[2023-04-18 22:57:35] - Range size 2, answer [0 0 0 0 0 0 0 0 0 0 0 0 0 0 0 0 0 0 0 0 0 0 0 0 0 0 2 0 0 0 0 0]:
[2023-04-18 22:57:35] - query_instance.length_size[member]:{1: 85, 2: 117, 3: 138, 5: 149, 6: 154, 10: 157, 11: 162, 21: 165, 22: 166, 42: 167, 43: 168, 85: 169}
[2023-04-18 22:57:35] - tail, head: 117 138
[2023-04-18 22:57:35] - Range size 3, answer [0 0 0 0 1 0 0 0 0 0 0 0 0 0 0 0 0 0 2 0 0]:
[2023-04-18 22:57:35] - query_instance.length_size[member]:{1: 85, 2: 117, 3: 138, 5: 149, 6: 154, 10: 157, 11: 162, 21: 165, 22: 166, 42: 167, 43: 168, 85: 169}
[2023-04-18 22:57:35] - tail, head: 138 149
[2023-04-18 22:57:35] - Range size 5, answer [0 0 0 0 0 0 0 0 2 0 0]:
[2023-04-18 22:57:35] - query_instance.length_size[member]:{1: 85, 2: 117, 3: 138, 5: 149, 6: 154, 10: 157, 11: 162, 21: 165, 22: 166, 42: 167, 43: 168, 85: 169}
[2023-04-18 22:57:35] - tail, head: 149 154
[2023-04-18 22:57:35] - Range size 6, answer [0 1 0 0 0]:
[2023-04-18 22:57:35] - query_instance.length_size[member]:{1: 85, 2: 117, 3: 138, 5: 149, 6: 154, 10: 157, 11: 162, 21: 165, 22: 166, 42: 167, 43: 168, 85: 169}
[2023-04-18 22:57:35] - tail, head: 154 157
[2023-04-18 22:57:35] - Range size 10, answer [0 0 0]:
[2023-04-18 22:57:35] - query_instance.length_size[member]:{1: 85, 2: 117, 3: 138, 5: 149, 6: 154, 10: 157, 11: 162, 21: 165, 22: 166, 42: 167, 43: 168, 85: 169}
[2023-04-18 22:57:35] - tail, head: 157 162
[2023-04-18 22:57:35] - Range size 11, answer [0 1 0 0 2]:
[2023-04-18 22:57:35] - query_instance.length_size[member]:{1: 85, 2: 117, 3: 138, 5: 149, 6: 154, 10: 157, 11: 162, 21: 165, 22: 166, 42: 167, 43: 168, 85: 169}
[2023-04-18 22:57:35] - tail, head: 162 165
[2023-04-18 22:57:35] - Range size 21, answer [0 0 2]:
[2023-04-18 22:57:35] - query_instance.length_size[member]:{1: 85, 2: 117, 3: 138, 5: 149, 6: 154, 10: 157, 11: 162, 21: 165, 22: 166, 42: 167, 43: 168, 85: 169}
[2023-04-18 22:57:35] - tail, head: 165 166
[2023-04-18 22:57:35] - Range size 22, answer [1]:
[2023-04-18 22:57:35] - query_instance.length_size[member]:{1: 85, 2: 117, 3: 138, 5: 149, 6: 154, 10: 157, 11: 162, 21: 165, 22: 166, 42: 167, 43: 168, 85: 169}
[2023-04-18 22:57:35] - tail, head: 166 167
[2023-04-18 22:57:35] - Range size 42, answer [2]:
[2023-04-18 22:57:35] - query_instance.length_size[member]:{1: 85, 2: 117, 3: 138, 5: 149, 6: 154, 10: 157, 11: 162, 21: 165, 22: 166, 42: 167, 43: 168, 85: 169}
[2023-04-18 22:57:35] - tail, head: 167 168
[2023-04-18 22:57:35] - Range size 43, answer [1]:
[2023-04-18 22:57:35] - query_instance.length_size[member]:{1: 85, 2: 117, 3: 138, 5: 149, 6: 154, 10: 157, 11: 162, 21: 165, 22: 166, 42: 167, 43: 168, 85: 169}
[2023-04-18 22:57:35] - tail, head: 168 169
[2023-04-18 22:57:35] - Range size 85, answer [3]:
[2023-04-18 22:57:35] - Mechanism: gives answer
[2023-04-18 22:57:35] - output_answer:[0 0 0 0 0 0 0 0 0 0 0 0 0 0 0 0 0 0 0 0 0 0 0 0 0 0 0 0 0 0 0 0 0 0 0 0 0
 0 0 0 0 0 0 0 0 0 0 0 0 0 0 0 0 0 0 0 0 0 0 0 0 0 0 0 0 0 0 0 0 0 0 0 0 0
 0 3 0 0 0 0 0 0 0 0 0 0 0 0 0 0 0 0 0 0 0 0 0 0 0 0 0 0 0 0 0 0 0 0 0 0 0
 0 0 3 0 0 0 0 0 0 0 0 0 0 0 0 0 0 0 0 0 0 0 0 0 0 3 0 0 0 0 0 0 0 0 0 0 3
 0 0 0 0 0 0 0 0 3 0 0 0 0 0 0 0 3 0 3 0 3]
[2023-04-18 22:57:35] - query_instance.length_size[member]:{1: 85, 2: 117, 3: 138, 5: 149, 6: 154, 10: 157, 11: 162, 21: 165, 22: 166, 42: 167, 43: 168, 85: 169}
[2023-04-18 22:57:35] - tail, head: 0 85
[2023-04-18 22:57:35] - Range size 1, answer [0 0 0 0 0 0 0 0 0 0 0 0 0 0 0 0 0 0 0 0 0 0 0 0 0 0 0 0 0 0 0 0 0 0 0 0 0
 0 0 0 0 0 0 0 0 0 0 0 0 0 0 0 0 0 0 0 0 0 0 0 0 0 0 0 0 0 0 0 0 0 0 0 0 0
 0 3 0 0 0 0 0 0 0 0 0]:
[2023-04-18 22:57:35] - query_instance.length_size[member]:{1: 85, 2: 117, 3: 138, 5: 149, 6: 154, 10: 157, 11: 162, 21: 165, 22: 166, 42: 167, 43: 168, 85: 169}
[2023-04-18 22:57:35] - tail, head: 85 117
[2023-04-18 22:57:35] - Range size 2, answer [0 0 0 0 0 0 0 0 0 0 0 0 0 0 0 0 0 0 0 0 0 0 0 0 0 0 0 0 3 0 0 0]:
[2023-04-18 22:57:35] - query_instance.length_size[member]:{1: 85, 2: 117, 3: 138, 5: 149, 6: 154, 10: 157, 11: 162, 21: 165, 22: 166, 42: 167, 43: 168, 85: 169}
[2023-04-18 22:57:35] - tail, head: 117 138
[2023-04-18 22:57:35] - Range size 3, answer [0 0 0 0 0 0 0 0 0 0 0 0 0 0 0 0 0 0 0 3 0]:
[2023-04-18 22:57:35] - query_instance.length_size[member]:{1: 85, 2: 117, 3: 138, 5: 149, 6: 154, 10: 157, 11: 162, 21: 165, 22: 166, 42: 167, 43: 168, 85: 169}
[2023-04-18 22:57:35] - tail, head: 138 149
[2023-04-18 22:57:35] - Range size 5, answer [0 0 0 0 0 0 0 0 0 3 0]:
[2023-04-18 22:57:35] - query_instance.length_size[member]:{1: 85, 2: 117, 3: 138, 5: 149, 6: 154, 10: 157, 11: 162, 21: 165, 22: 166, 42: 167, 43: 168, 85: 169}
[2023-04-18 22:57:35] - tail, head: 149 154
[2023-04-18 22:57:35] - Range size 6, answer [0 0 0 0 0]:
[2023-04-18 22:57:35] - query_instance.length_size[member]:{1: 85, 2: 117, 3: 138, 5: 149, 6: 154, 10: 157, 11: 162, 21: 165, 22: 166, 42: 167, 43: 168, 85: 169}
[2023-04-18 22:57:35] - tail, head: 154 157
[2023-04-18 22:57:35] - Range size 10, answer [0 0 3]:
[2023-04-18 22:57:35] - query_instance.length_size[member]:{1: 85, 2: 117, 3: 138, 5: 149, 6: 154, 10: 157, 11: 162, 21: 165, 22: 166, 42: 167, 43: 168, 85: 169}
[2023-04-18 22:57:35] - tail, head: 157 162
[2023-04-18 22:57:35] - Range size 11, answer [0 0 0 0 0]:
[2023-04-18 22:57:35] - query_instance.length_size[member]:{1: 85, 2: 117, 3: 138, 5: 149, 6: 154, 10: 157, 11: 162, 21: 165, 22: 166, 42: 167, 43: 168, 85: 169}
[2023-04-18 22:57:35] - tail, head: 162 165
[2023-04-18 22:57:35] - Range size 21, answer [0 0 3]:
[2023-04-18 22:57:35] - query_instance.length_size[member]:{1: 85, 2: 117, 3: 138, 5: 149, 6: 154, 10: 157, 11: 162, 21: 165, 22: 166, 42: 167, 43: 168, 85: 169}
[2023-04-18 22:57:35] - tail, head: 165 166
[2023-04-18 22:57:35] - Range size 22, answer [0]:
[2023-04-18 22:57:35] - query_instance.length_size[member]:{1: 85, 2: 117, 3: 138, 5: 149, 6: 154, 10: 157, 11: 162, 21: 165, 22: 166, 42: 167, 43: 168, 85: 169}
[2023-04-18 22:57:35] - tail, head: 166 167
[2023-04-18 22:57:35] - Range size 42, answer [3]:
[2023-04-18 22:57:35] - query_instance.length_size[member]:{1: 85, 2: 117, 3: 138, 5: 149, 6: 154, 10: 157, 11: 162, 21: 165, 22: 166, 42: 167, 43: 168, 85: 169}
[2023-04-18 22:57:35] - tail, head: 167 168
[2023-04-18 22:57:35] - Range size 43, answer [0]:
[2023-04-18 22:57:35] - query_instance.length_size[member]:{1: 85, 2: 117, 3: 138, 5: 149, 6: 154, 10: 157, 11: 162, 21: 165, 22: 166, 42: 167, 43: 168, 85: 169}
[2023-04-18 22:57:35] - tail, head: 168 169
[2023-04-18 22:57:35] - Range size 85, answer [3]:
[2023-04-18 22:57:35] - Mean Square Error of ground truth and golden standard: 0.28994082840236685
[2023-04-18 22:57:35] - Mean Square Error of ground truth and mechanism: 0.48520710059171596
[2023-04-18 22:57:35] - Mean Square Error of golden standard and mechanism: 0.4319526627218935
[2023-04-18 22:57:35] - Measurement3: golden_standard and mechanism
0.0
[2023-04-18 22:57:35] - ++++++++ Testing on node 1 Finished ++++++++
[2023-04-18 22:57:35] - ++++++++ Testing on node 2 Started ++++++++
[2023-04-18 22:57:35] - At node with index 2, we implement queries on cliques dict_keys(['marital-status', 'age']):
[2023-04-18 22:57:35] - -------- New Mechanism: Testing on 2, node 2 is accessed --------
[2023-04-18 22:57:36] - -------- New Mechanism answer node query on node 2 finished --------
[2023-04-18 22:57:36] - The testing is implemented at marital-status
[2023-04-18 22:57:36] - Ground truth: gives answer
[2023-04-18 22:57:36] - output_answer:[2 1 1 0 0 0 0 3 1 0 0 4 4]
[2023-04-18 22:57:36] - query_instance.length_size[member]:{1: 7, 2: 10, 3: 11, 4: 12, 7: 13}
[2023-04-18 22:57:36] - tail, head: 0 7
[2023-04-18 22:57:36] - Range size 1, answer [2 1 1 0 0 0 0]:
[2023-04-18 22:57:36] - query_instance.length_size[member]:{1: 7, 2: 10, 3: 11, 4: 12, 7: 13}
[2023-04-18 22:57:36] - tail, head: 7 10
[2023-04-18 22:57:36] - Range size 2, answer [3 1 0]:
[2023-04-18 22:57:36] - query_instance.length_size[member]:{1: 7, 2: 10, 3: 11, 4: 12, 7: 13}
[2023-04-18 22:57:36] - tail, head: 10 11
[2023-04-18 22:57:36] - Range size 3, answer [0]:
[2023-04-18 22:57:36] - query_instance.length_size[member]:{1: 7, 2: 10, 3: 11, 4: 12, 7: 13}
[2023-04-18 22:57:36] - tail, head: 11 12
[2023-04-18 22:57:36] - Range size 4, answer [4]:
[2023-04-18 22:57:36] - query_instance.length_size[member]:{1: 7, 2: 10, 3: 11, 4: 12, 7: 13}
[2023-04-18 22:57:36] - tail, head: 12 13
[2023-04-18 22:57:36] - Range size 7, answer [4]:
[2023-04-18 22:57:36] - Golden standard: gives answer
[2023-04-18 22:57:36] - output_answer:[4 0 0 0 1 0 0 4 0 1 1 4 5]
[2023-04-18 22:57:36] - query_instance.length_size[member]:{1: 7, 2: 10, 3: 11, 4: 12, 7: 13}
[2023-04-18 22:57:36] - tail, head: 0 7
[2023-04-18 22:57:36] - Range size 1, answer [4 0 0 0 1 0 0]:
[2023-04-18 22:57:36] - query_instance.length_size[member]:{1: 7, 2: 10, 3: 11, 4: 12, 7: 13}
[2023-04-18 22:57:36] - tail, head: 7 10
[2023-04-18 22:57:36] - Range size 2, answer [4 0 1]:
[2023-04-18 22:57:36] - query_instance.length_size[member]:{1: 7, 2: 10, 3: 11, 4: 12, 7: 13}
[2023-04-18 22:57:36] - tail, head: 10 11
[2023-04-18 22:57:36] - Range size 3, answer [1]:
[2023-04-18 22:57:36] - query_instance.length_size[member]:{1: 7, 2: 10, 3: 11, 4: 12, 7: 13}
[2023-04-18 22:57:36] - tail, head: 11 12
[2023-04-18 22:57:36] - Range size 4, answer [4]:
[2023-04-18 22:57:36] - query_instance.length_size[member]:{1: 7, 2: 10, 3: 11, 4: 12, 7: 13}
[2023-04-18 22:57:36] - tail, head: 12 13
[2023-04-18 22:57:36] - Range size 7, answer [5]:
[2023-04-18 22:57:36] - Mechanism: gives answer
[2023-04-18 22:57:36] - output_answer:[0 2 0 0 1 2 0 2 0 3 3 2 5]
[2023-04-18 22:57:36] - query_instance.length_size[member]:{1: 7, 2: 10, 3: 11, 4: 12, 7: 13}
[2023-04-18 22:57:36] - tail, head: 0 7
[2023-04-18 22:57:36] - Range size 1, answer [0 2 0 0 1 2 0]:
[2023-04-18 22:57:36] - query_instance.length_size[member]:{1: 7, 2: 10, 3: 11, 4: 12, 7: 13}
[2023-04-18 22:57:36] - tail, head: 7 10
[2023-04-18 22:57:36] - Range size 2, answer [2 0 3]:
[2023-04-18 22:57:36] - query_instance.length_size[member]:{1: 7, 2: 10, 3: 11, 4: 12, 7: 13}
[2023-04-18 22:57:36] - tail, head: 10 11
[2023-04-18 22:57:36] - Range size 3, answer [3]:
[2023-04-18 22:57:36] - query_instance.length_size[member]:{1: 7, 2: 10, 3: 11, 4: 12, 7: 13}
[2023-04-18 22:57:36] - tail, head: 11 12
[2023-04-18 22:57:36] - Range size 4, answer [2]:
[2023-04-18 22:57:36] - query_instance.length_size[member]:{1: 7, 2: 10, 3: 11, 4: 12, 7: 13}
[2023-04-18 22:57:36] - tail, head: 12 13
[2023-04-18 22:57:36] - Range size 7, answer [5]:
[2023-04-18 22:57:36] - Mean Square Error of ground truth and golden standard: 0.9230769230769231
[2023-04-18 22:57:36] - Mean Square Error of ground truth and mechanism: 2.769230769230769
[2023-04-18 22:57:36] - Mean Square Error of golden standard and mechanism: 3.076923076923077
[2023-04-18 22:57:36] - Measurement3: golden_standard and mechanism
0.0
[2023-04-18 22:57:36] - -------- New Mechanism: Testing on 2, node 2 is accessed --------
[2023-04-18 22:57:37] - -------- New Mechanism answer node query on node 2 finished --------
[2023-04-18 22:57:37] - The testing is implemented at age
[2023-04-18 22:57:37] - Ground truth: gives answer
[2023-04-18 22:57:37] - output_answer:[0 0 0 0 0 0 0 0 0 0 0 0 0 0 0 0 0 0 0 0 0 0 1 1 0 0 0 0 0 0 0 0 0 0 1 0 0
 1 0 0 0 0 0 0 0 0 0 0 0 0 0 0 0 0 0 0 0 0 0 0 0 0 0 0 0 0 0 0 0 0 0 0 0 0
 0 0 0 0 0 0 0 0 0 0 0 0 0 0 0 0 0 0 0 2 0 0 0 1 1 0 0 0 0 0 0 0 0 0 0 0 0
 0 0 0 0 0 0 0 0 0 0 0 0 2 0 0 1 0 0 0 0 0 0 0 0 0 0 0 0 0 0 2 0 0 0 0 0 0
 0 0 0 2 0 0 2 0 0 0 0 2 0 0 4 0 0 0 0 4 4]
[2023-04-18 22:57:37] - query_instance.length_size[member]:{1: 85, 2: 117, 3: 138, 5: 149, 6: 154, 10: 157, 11: 162, 21: 165, 22: 166, 42: 167, 43: 168, 85: 169}
[2023-04-18 22:57:37] - tail, head: 0 85
[2023-04-18 22:57:37] - Range size 1, answer [0 0 0 0 0 0 0 0 0 0 0 0 0 0 0 0 0 0 0 0 0 0 1 1 0 0 0 0 0 0 0 0 0 0 1 0 0
 1 0 0 0 0 0 0 0 0 0 0 0 0 0 0 0 0 0 0 0 0 0 0 0 0 0 0 0 0 0 0 0 0 0 0 0 0
 0 0 0 0 0 0 0 0 0 0 0]:
[2023-04-18 22:57:37] - query_instance.length_size[member]:{1: 85, 2: 117, 3: 138, 5: 149, 6: 154, 10: 157, 11: 162, 21: 165, 22: 166, 42: 167, 43: 168, 85: 169}
[2023-04-18 22:57:37] - tail, head: 85 117
[2023-04-18 22:57:37] - Range size 2, answer [0 0 0 0 0 0 0 0 2 0 0 0 1 1 0 0 0 0 0 0 0 0 0 0 0 0 0 0 0 0 0 0]:
[2023-04-18 22:57:37] - query_instance.length_size[member]:{1: 85, 2: 117, 3: 138, 5: 149, 6: 154, 10: 157, 11: 162, 21: 165, 22: 166, 42: 167, 43: 168, 85: 169}
[2023-04-18 22:57:37] - tail, head: 117 138
[2023-04-18 22:57:37] - Range size 3, answer [0 0 0 0 0 0 2 0 0 1 0 0 0 0 0 0 0 0 0 0 0]:
[2023-04-18 22:57:37] - query_instance.length_size[member]:{1: 85, 2: 117, 3: 138, 5: 149, 6: 154, 10: 157, 11: 162, 21: 165, 22: 166, 42: 167, 43: 168, 85: 169}
[2023-04-18 22:57:37] - tail, head: 138 149
[2023-04-18 22:57:37] - Range size 5, answer [0 0 0 2 0 0 0 0 0 0 0]:
[2023-04-18 22:57:37] - query_instance.length_size[member]:{1: 85, 2: 117, 3: 138, 5: 149, 6: 154, 10: 157, 11: 162, 21: 165, 22: 166, 42: 167, 43: 168, 85: 169}
[2023-04-18 22:57:37] - tail, head: 149 154
[2023-04-18 22:57:37] - Range size 6, answer [0 0 2 0 0]:
[2023-04-18 22:57:37] - query_instance.length_size[member]:{1: 85, 2: 117, 3: 138, 5: 149, 6: 154, 10: 157, 11: 162, 21: 165, 22: 166, 42: 167, 43: 168, 85: 169}
[2023-04-18 22:57:37] - tail, head: 154 157
[2023-04-18 22:57:37] - Range size 10, answer [2 0 0]:
[2023-04-18 22:57:37] - query_instance.length_size[member]:{1: 85, 2: 117, 3: 138, 5: 149, 6: 154, 10: 157, 11: 162, 21: 165, 22: 166, 42: 167, 43: 168, 85: 169}
[2023-04-18 22:57:37] - tail, head: 157 162
[2023-04-18 22:57:37] - Range size 11, answer [0 0 2 0 0]:
[2023-04-18 22:57:37] - query_instance.length_size[member]:{1: 85, 2: 117, 3: 138, 5: 149, 6: 154, 10: 157, 11: 162, 21: 165, 22: 166, 42: 167, 43: 168, 85: 169}
[2023-04-18 22:57:37] - tail, head: 162 165
[2023-04-18 22:57:37] - Range size 21, answer [4 0 0]:
[2023-04-18 22:57:37] - query_instance.length_size[member]:{1: 85, 2: 117, 3: 138, 5: 149, 6: 154, 10: 157, 11: 162, 21: 165, 22: 166, 42: 167, 43: 168, 85: 169}
[2023-04-18 22:57:37] - tail, head: 165 166
[2023-04-18 22:57:37] - Range size 22, answer [0]:
[2023-04-18 22:57:37] - query_instance.length_size[member]:{1: 85, 2: 117, 3: 138, 5: 149, 6: 154, 10: 157, 11: 162, 21: 165, 22: 166, 42: 167, 43: 168, 85: 169}
[2023-04-18 22:57:37] - tail, head: 166 167
[2023-04-18 22:57:37] - Range size 42, answer [0]:
[2023-04-18 22:57:37] - query_instance.length_size[member]:{1: 85, 2: 117, 3: 138, 5: 149, 6: 154, 10: 157, 11: 162, 21: 165, 22: 166, 42: 167, 43: 168, 85: 169}
[2023-04-18 22:57:37] - tail, head: 167 168
[2023-04-18 22:57:37] - Range size 43, answer [4]:
[2023-04-18 22:57:37] - query_instance.length_size[member]:{1: 85, 2: 117, 3: 138, 5: 149, 6: 154, 10: 157, 11: 162, 21: 165, 22: 166, 42: 167, 43: 168, 85: 169}
[2023-04-18 22:57:37] - tail, head: 168 169
[2023-04-18 22:57:37] - Range size 85, answer [4]:
[2023-04-18 22:57:37] - Golden standard: gives answer
[2023-04-18 22:57:37] - output_answer:[0 0 0 0 0 0 0 0 0 0 0 0 0 0 0 0 0 0 0 0 0 0 0 0 0 0 0 0 0 0 0 0 0 0 0 1 0
 0 0 0 0 0 0 0 0 0 0 0 0 0 0 0 0 0 0 0 0 3 0 0 0 0 0 0 0 0 0 0 1 0 0 0 0 0
 0 0 0 0 0 0 0 0 0 0 0 0 0 0 0 0 0 0 0 0 0 0 0 0 0 0 0 0 0 0 0 0 3 0 0 0 1
 0 0 0 0 0 0 0 0 0 0 0 0 0 0 0 1 0 0 0 0 0 0 0 1 0 0 0 0 0 0 1 0 0 3 0 0 0
 0 0 0 0 0 1 1 3 0 0 0 0 0 1 1 3 1 0 4 1 5]
[2023-04-18 22:57:37] - query_instance.length_size[member]:{1: 85, 2: 117, 3: 138, 5: 149, 6: 154, 10: 157, 11: 162, 21: 165, 22: 166, 42: 167, 43: 168, 85: 169}
[2023-04-18 22:57:37] - tail, head: 0 85
[2023-04-18 22:57:37] - Range size 1, answer [0 0 0 0 0 0 0 0 0 0 0 0 0 0 0 0 0 0 0 0 0 0 0 0 0 0 0 0 0 0 0 0 0 0 0 1 0
 0 0 0 0 0 0 0 0 0 0 0 0 0 0 0 0 0 0 0 0 3 0 0 0 0 0 0 0 0 0 0 1 0 0 0 0 0
 0 0 0 0 0 0 0 0 0 0 0]:
[2023-04-18 22:57:37] - query_instance.length_size[member]:{1: 85, 2: 117, 3: 138, 5: 149, 6: 154, 10: 157, 11: 162, 21: 165, 22: 166, 42: 167, 43: 168, 85: 169}
[2023-04-18 22:57:37] - tail, head: 85 117
[2023-04-18 22:57:37] - Range size 2, answer [0 0 0 0 0 0 0 0 0 0 0 0 0 0 0 0 0 0 0 0 0 3 0 0 0 1 0 0 0 0 0 0]:
[2023-04-18 22:57:37] - query_instance.length_size[member]:{1: 85, 2: 117, 3: 138, 5: 149, 6: 154, 10: 157, 11: 162, 21: 165, 22: 166, 42: 167, 43: 168, 85: 169}
[2023-04-18 22:57:37] - tail, head: 117 138
[2023-04-18 22:57:37] - Range size 3, answer [0 0 0 0 0 0 0 0 0 1 0 0 0 0 0 0 0 1 0 0 0]:
[2023-04-18 22:57:37] - query_instance.length_size[member]:{1: 85, 2: 117, 3: 138, 5: 149, 6: 154, 10: 157, 11: 162, 21: 165, 22: 166, 42: 167, 43: 168, 85: 169}
[2023-04-18 22:57:37] - tail, head: 138 149
[2023-04-18 22:57:37] - Range size 5, answer [0 0 0 1 0 0 3 0 0 0 0]:
[2023-04-18 22:57:37] - query_instance.length_size[member]:{1: 85, 2: 117, 3: 138, 5: 149, 6: 154, 10: 157, 11: 162, 21: 165, 22: 166, 42: 167, 43: 168, 85: 169}
[2023-04-18 22:57:37] - tail, head: 149 154
[2023-04-18 22:57:37] - Range size 6, answer [0 0 0 0 1]:
[2023-04-18 22:57:37] - query_instance.length_size[member]:{1: 85, 2: 117, 3: 138, 5: 149, 6: 154, 10: 157, 11: 162, 21: 165, 22: 166, 42: 167, 43: 168, 85: 169}
[2023-04-18 22:57:37] - tail, head: 154 157
[2023-04-18 22:57:37] - Range size 10, answer [1 3 0]:
[2023-04-18 22:57:37] - query_instance.length_size[member]:{1: 85, 2: 117, 3: 138, 5: 149, 6: 154, 10: 157, 11: 162, 21: 165, 22: 166, 42: 167, 43: 168, 85: 169}
[2023-04-18 22:57:37] - tail, head: 157 162
[2023-04-18 22:57:37] - Range size 11, answer [0 0 0 0 1]:
[2023-04-18 22:57:37] - query_instance.length_size[member]:{1: 85, 2: 117, 3: 138, 5: 149, 6: 154, 10: 157, 11: 162, 21: 165, 22: 166, 42: 167, 43: 168, 85: 169}
[2023-04-18 22:57:37] - tail, head: 162 165
[2023-04-18 22:57:37] - Range size 21, answer [1 3 1]:
[2023-04-18 22:57:37] - query_instance.length_size[member]:{1: 85, 2: 117, 3: 138, 5: 149, 6: 154, 10: 157, 11: 162, 21: 165, 22: 166, 42: 167, 43: 168, 85: 169}
[2023-04-18 22:57:37] - tail, head: 165 166
[2023-04-18 22:57:37] - Range size 22, answer [0]:
[2023-04-18 22:57:37] - query_instance.length_size[member]:{1: 85, 2: 117, 3: 138, 5: 149, 6: 154, 10: 157, 11: 162, 21: 165, 22: 166, 42: 167, 43: 168, 85: 169}
[2023-04-18 22:57:37] - tail, head: 166 167
[2023-04-18 22:57:37] - Range size 42, answer [4]:
[2023-04-18 22:57:37] - query_instance.length_size[member]:{1: 85, 2: 117, 3: 138, 5: 149, 6: 154, 10: 157, 11: 162, 21: 165, 22: 166, 42: 167, 43: 168, 85: 169}
[2023-04-18 22:57:37] - tail, head: 167 168
[2023-04-18 22:57:37] - Range size 43, answer [1]:
[2023-04-18 22:57:37] - query_instance.length_size[member]:{1: 85, 2: 117, 3: 138, 5: 149, 6: 154, 10: 157, 11: 162, 21: 165, 22: 166, 42: 167, 43: 168, 85: 169}
[2023-04-18 22:57:37] - tail, head: 168 169
[2023-04-18 22:57:37] - Range size 85, answer [5]:
[2023-04-18 22:57:37] - Mechanism: gives answer
[2023-04-18 22:57:37] - output_answer:[0 0 0 0 0 0 0 0 0 0 0 0 0 0 0 0 0 0 0 0 0 0 0 0 0 0 0 0 0 0 0 0 0 0 0 0 0
 0 0 0 0 0 0 0 0 0 0 0 0 0 0 0 0 0 0 5 0 0 0 0 0 0 0 0 0 0 0 0 0 0 0 0 0 0
 0 0 0 0 0 0 0 0 0 0 0 0 0 0 0 0 0 0 0 0 0 0 0 0 0 0 0 0 0 0 0 5 0 0 0 0 0
 0 0 0 0 0 0 0 0 0 0 0 0 0 0 0 0 0 0 0 0 5 0 0 0 0 0 0 0 0 0 0 0 0 5 0 0 0
 0 0 0 0 0 0 0 5 0 0 0 0 0 0 0 5 0 0 5 0 5]
[2023-04-18 22:57:37] - query_instance.length_size[member]:{1: 85, 2: 117, 3: 138, 5: 149, 6: 154, 10: 157, 11: 162, 21: 165, 22: 166, 42: 167, 43: 168, 85: 169}
[2023-04-18 22:57:37] - tail, head: 0 85
[2023-04-18 22:57:37] - Range size 1, answer [0 0 0 0 0 0 0 0 0 0 0 0 0 0 0 0 0 0 0 0 0 0 0 0 0 0 0 0 0 0 0 0 0 0 0 0 0
 0 0 0 0 0 0 0 0 0 0 0 0 0 0 0 0 0 0 5 0 0 0 0 0 0 0 0 0 0 0 0 0 0 0 0 0 0
 0 0 0 0 0 0 0 0 0 0 0]:
[2023-04-18 22:57:37] - query_instance.length_size[member]:{1: 85, 2: 117, 3: 138, 5: 149, 6: 154, 10: 157, 11: 162, 21: 165, 22: 166, 42: 167, 43: 168, 85: 169}
[2023-04-18 22:57:37] - tail, head: 85 117
[2023-04-18 22:57:37] - Range size 2, answer [0 0 0 0 0 0 0 0 0 0 0 0 0 0 0 0 0 0 0 0 5 0 0 0 0 0 0 0 0 0 0 0]:
[2023-04-18 22:57:37] - query_instance.length_size[member]:{1: 85, 2: 117, 3: 138, 5: 149, 6: 154, 10: 157, 11: 162, 21: 165, 22: 166, 42: 167, 43: 168, 85: 169}
[2023-04-18 22:57:37] - tail, head: 117 138
[2023-04-18 22:57:37] - Range size 3, answer [0 0 0 0 0 0 0 0 0 0 0 0 0 0 5 0 0 0 0 0 0]:
[2023-04-18 22:57:37] - query_instance.length_size[member]:{1: 85, 2: 117, 3: 138, 5: 149, 6: 154, 10: 157, 11: 162, 21: 165, 22: 166, 42: 167, 43: 168, 85: 169}
[2023-04-18 22:57:37] - tail, head: 138 149
[2023-04-18 22:57:37] - Range size 5, answer [0 0 0 0 0 0 5 0 0 0 0]:
[2023-04-18 22:57:37] - query_instance.length_size[member]:{1: 85, 2: 117, 3: 138, 5: 149, 6: 154, 10: 157, 11: 162, 21: 165, 22: 166, 42: 167, 43: 168, 85: 169}
[2023-04-18 22:57:37] - tail, head: 149 154
[2023-04-18 22:57:37] - Range size 6, answer [0 0 0 0 0]:
[2023-04-18 22:57:37] - query_instance.length_size[member]:{1: 85, 2: 117, 3: 138, 5: 149, 6: 154, 10: 157, 11: 162, 21: 165, 22: 166, 42: 167, 43: 168, 85: 169}
[2023-04-18 22:57:37] - tail, head: 154 157
[2023-04-18 22:57:37] - Range size 10, answer [0 5 0]:
[2023-04-18 22:57:37] - query_instance.length_size[member]:{1: 85, 2: 117, 3: 138, 5: 149, 6: 154, 10: 157, 11: 162, 21: 165, 22: 166, 42: 167, 43: 168, 85: 169}
[2023-04-18 22:57:37] - tail, head: 157 162
[2023-04-18 22:57:37] - Range size 11, answer [0 0 0 0 0]:
[2023-04-18 22:57:37] - query_instance.length_size[member]:{1: 85, 2: 117, 3: 138, 5: 149, 6: 154, 10: 157, 11: 162, 21: 165, 22: 166, 42: 167, 43: 168, 85: 169}
[2023-04-18 22:57:37] - tail, head: 162 165
[2023-04-18 22:57:37] - Range size 21, answer [0 5 0]:
[2023-04-18 22:57:37] - query_instance.length_size[member]:{1: 85, 2: 117, 3: 138, 5: 149, 6: 154, 10: 157, 11: 162, 21: 165, 22: 166, 42: 167, 43: 168, 85: 169}
[2023-04-18 22:57:37] - tail, head: 165 166
[2023-04-18 22:57:37] - Range size 22, answer [0]:
[2023-04-18 22:57:37] - query_instance.length_size[member]:{1: 85, 2: 117, 3: 138, 5: 149, 6: 154, 10: 157, 11: 162, 21: 165, 22: 166, 42: 167, 43: 168, 85: 169}
[2023-04-18 22:57:37] - tail, head: 166 167
[2023-04-18 22:57:37] - Range size 42, answer [5]:
[2023-04-18 22:57:37] - query_instance.length_size[member]:{1: 85, 2: 117, 3: 138, 5: 149, 6: 154, 10: 157, 11: 162, 21: 165, 22: 166, 42: 167, 43: 168, 85: 169}
[2023-04-18 22:57:37] - tail, head: 167 168
[2023-04-18 22:57:37] - Range size 43, answer [0]:
[2023-04-18 22:57:37] - query_instance.length_size[member]:{1: 85, 2: 117, 3: 138, 5: 149, 6: 154, 10: 157, 11: 162, 21: 165, 22: 166, 42: 167, 43: 168, 85: 169}
[2023-04-18 22:57:37] - tail, head: 168 169
[2023-04-18 22:57:37] - Range size 85, answer [5]:
[2023-04-18 22:57:37] - Mean Square Error of ground truth and golden standard: 0.6568047337278107
[2023-04-18 22:57:37] - Mean Square Error of ground truth and mechanism: 1.4142011834319526
[2023-04-18 22:57:37] - Mean Square Error of golden standard and mechanism: 0.6982248520710059
[2023-04-18 22:57:37] - Measurement3: golden_standard and mechanism
0.0
[2023-04-18 22:57:37] - ++++++++ Testing on node 2 Finished ++++++++
[2023-04-18 22:57:37] - ++++++++ Testing on node 3 Started ++++++++
[2023-04-18 22:57:37] - At node with index 3, we implement queries on cliques dict_keys(['marital-status', 'age']):
[2023-04-18 22:57:37] - -------- New Mechanism: Testing on 3, node 2 is accessed --------
[2023-04-18 22:57:38] - -------- New Mechanism answer node query on node 2 finished --------
[2023-04-18 22:57:38] - -------- New Mechanism: Testing on 3, node 3 is accessed --------
[2023-04-18 22:57:38] - -------- New Mechanism answer node query on node 3 finished --------
[2023-04-18 22:57:38] - The testing is implemented at marital-status
[2023-04-18 22:57:38] - Ground truth: gives answer
[2023-04-18 22:57:38] - output_answer:[ 5  1  3  0  0  1  0  6  3  1  1  9 10]
[2023-04-18 22:57:38] - query_instance.length_size[member]:{1: 7, 2: 10, 3: 11, 4: 12, 7: 13}
[2023-04-18 22:57:38] - tail, head: 0 7
[2023-04-18 22:57:38] - Range size 1, answer [5 1 3 0 0 1 0]:
[2023-04-18 22:57:38] - query_instance.length_size[member]:{1: 7, 2: 10, 3: 11, 4: 12, 7: 13}
[2023-04-18 22:57:38] - tail, head: 7 10
[2023-04-18 22:57:38] - Range size 2, answer [6 3 1]:
[2023-04-18 22:57:38] - query_instance.length_size[member]:{1: 7, 2: 10, 3: 11, 4: 12, 7: 13}
[2023-04-18 22:57:38] - tail, head: 10 11
[2023-04-18 22:57:38] - Range size 3, answer [1]:
[2023-04-18 22:57:38] - query_instance.length_size[member]:{1: 7, 2: 10, 3: 11, 4: 12, 7: 13}
[2023-04-18 22:57:38] - tail, head: 11 12
[2023-04-18 22:57:38] - Range size 4, answer [9]:
[2023-04-18 22:57:38] - query_instance.length_size[member]:{1: 7, 2: 10, 3: 11, 4: 12, 7: 13}
[2023-04-18 22:57:38] - tail, head: 12 13
[2023-04-18 22:57:38] - Range size 7, answer [10]:
[2023-04-18 22:57:38] - Golden standard: gives answer
[2023-04-18 22:57:38] - output_answer:[ 6  2  3  0  0  0  0  8  3  0  0 11 11]
[2023-04-18 22:57:38] - query_instance.length_size[member]:{1: 7, 2: 10, 3: 11, 4: 12, 7: 13}
[2023-04-18 22:57:38] - tail, head: 0 7
[2023-04-18 22:57:38] - Range size 1, answer [6 2 3 0 0 0 0]:
[2023-04-18 22:57:38] - query_instance.length_size[member]:{1: 7, 2: 10, 3: 11, 4: 12, 7: 13}
[2023-04-18 22:57:38] - tail, head: 7 10
[2023-04-18 22:57:38] - Range size 2, answer [8 3 0]:
[2023-04-18 22:57:38] - query_instance.length_size[member]:{1: 7, 2: 10, 3: 11, 4: 12, 7: 13}
[2023-04-18 22:57:38] - tail, head: 10 11
[2023-04-18 22:57:38] - Range size 3, answer [0]:
[2023-04-18 22:57:38] - query_instance.length_size[member]:{1: 7, 2: 10, 3: 11, 4: 12, 7: 13}
[2023-04-18 22:57:38] - tail, head: 11 12
[2023-04-18 22:57:38] - Range size 4, answer [11]:
[2023-04-18 22:57:38] - query_instance.length_size[member]:{1: 7, 2: 10, 3: 11, 4: 12, 7: 13}
[2023-04-18 22:57:38] - tail, head: 12 13
[2023-04-18 22:57:38] - Range size 7, answer [11]:
[2023-04-18 22:57:38] - Mechanism: gives answer
[2023-04-18 22:57:38] - output_answer:[ 7  0  0  0  0  5  0  7  0  5  5  7 12]
[2023-04-18 22:57:38] - query_instance.length_size[member]:{1: 7, 2: 10, 3: 11, 4: 12, 7: 13}
[2023-04-18 22:57:38] - tail, head: 0 7
[2023-04-18 22:57:38] - Range size 1, answer [7 0 0 0 0 5 0]:
[2023-04-18 22:57:38] - query_instance.length_size[member]:{1: 7, 2: 10, 3: 11, 4: 12, 7: 13}
[2023-04-18 22:57:38] - tail, head: 7 10
[2023-04-18 22:57:38] - Range size 2, answer [7 0 5]:
[2023-04-18 22:57:38] - query_instance.length_size[member]:{1: 7, 2: 10, 3: 11, 4: 12, 7: 13}
[2023-04-18 22:57:38] - tail, head: 10 11
[2023-04-18 22:57:38] - Range size 3, answer [5]:
[2023-04-18 22:57:38] - query_instance.length_size[member]:{1: 7, 2: 10, 3: 11, 4: 12, 7: 13}
[2023-04-18 22:57:38] - tail, head: 11 12
[2023-04-18 22:57:38] - Range size 4, answer [7]:
[2023-04-18 22:57:38] - query_instance.length_size[member]:{1: 7, 2: 10, 3: 11, 4: 12, 7: 13}
[2023-04-18 22:57:38] - tail, head: 12 13
[2023-04-18 22:57:38] - Range size 7, answer [12]:
[2023-04-18 22:57:38] - Mean Square Error of ground truth and golden standard: 1.0769230769230769
[2023-04-18 22:57:38] - Mean Square Error of ground truth and mechanism: 6.153846153846154
[2023-04-18 22:57:38] - Mean Square Error of golden standard and mechanism: 8.923076923076923
[2023-04-18 22:57:38] - Measurement3: golden_standard and mechanism
0.0
[2023-04-18 22:57:39] - -------- New Mechanism: Testing on 3, node 2 is accessed --------
[2023-04-18 22:57:40] - -------- New Mechanism answer node query on node 2 finished --------
[2023-04-18 22:57:40] - -------- New Mechanism: Testing on 3, node 3 is accessed --------
[2023-04-18 22:57:40] - -------- New Mechanism answer node query on node 3 finished --------
[2023-04-18 22:57:40] - The testing is implemented at age
[2023-04-18 22:57:40] - Ground truth: gives answer
[2023-04-18 22:57:40] - output_answer:[ 0  0  0  0  0  0  0  1  0  0  0  0  0  0  1  1  0  0  0  0  0  1  1  1
  0  0  0  0  0  0  0  0  0  1  1  0  1  1  0  0  0  0  0  0  0  0  0  0
  0  0  0  0  0  0  0  0  0  0  0  0  0  0  0  0  0  0  0  0  0  0  0  0
  0  0  0  0  0  0  0  0  0  0  0  0  0  0  0  1  0  0  2  0  1  2  0  0
  0  2  2  0  0  0  0  0  0  0  0  0  0  0  0  0  0  0  0  0  0  0  0  1
  0  2  0  2  0  0  2  0  0  0  0  0  0  0  0  0  0  0  1  1  0  4  0  0
  0  0  0  0  0  0  2  2  0  0  4  0  0  1  3  2  0  0  6  0  0  4  0 10
 10]
[2023-04-18 22:57:40] - query_instance.length_size[member]:{1: 85, 2: 117, 3: 138, 5: 149, 6: 154, 10: 157, 11: 162, 21: 165, 22: 166, 42: 167, 43: 168, 85: 169}
[2023-04-18 22:57:40] - tail, head: 0 85
[2023-04-18 22:57:40] - Range size 1, answer [0 0 0 0 0 0 0 1 0 0 0 0 0 0 1 1 0 0 0 0 0 1 1 1 0 0 0 0 0 0 0 0 0 1 1 0 1
 1 0 0 0 0 0 0 0 0 0 0 0 0 0 0 0 0 0 0 0 0 0 0 0 0 0 0 0 0 0 0 0 0 0 0 0 0
 0 0 0 0 0 0 0 0 0 0 0]:
[2023-04-18 22:57:40] - query_instance.length_size[member]:{1: 85, 2: 117, 3: 138, 5: 149, 6: 154, 10: 157, 11: 162, 21: 165, 22: 166, 42: 167, 43: 168, 85: 169}
[2023-04-18 22:57:40] - tail, head: 85 117
[2023-04-18 22:57:40] - Range size 2, answer [0 0 1 0 0 2 0 1 2 0 0 0 2 2 0 0 0 0 0 0 0 0 0 0 0 0 0 0 0 0 0 0]:
[2023-04-18 22:57:40] - query_instance.length_size[member]:{1: 85, 2: 117, 3: 138, 5: 149, 6: 154, 10: 157, 11: 162, 21: 165, 22: 166, 42: 167, 43: 168, 85: 169}
[2023-04-18 22:57:40] - tail, head: 117 138
[2023-04-18 22:57:40] - Range size 3, answer [0 0 1 0 2 0 2 0 0 2 0 0 0 0 0 0 0 0 0 0 0]:
[2023-04-18 22:57:40] - query_instance.length_size[member]:{1: 85, 2: 117, 3: 138, 5: 149, 6: 154, 10: 157, 11: 162, 21: 165, 22: 166, 42: 167, 43: 168, 85: 169}
[2023-04-18 22:57:40] - tail, head: 138 149
[2023-04-18 22:57:40] - Range size 5, answer [1 1 0 4 0 0 0 0 0 0 0]:
[2023-04-18 22:57:40] - query_instance.length_size[member]:{1: 85, 2: 117, 3: 138, 5: 149, 6: 154, 10: 157, 11: 162, 21: 165, 22: 166, 42: 167, 43: 168, 85: 169}
[2023-04-18 22:57:40] - tail, head: 149 154
[2023-04-18 22:57:40] - Range size 6, answer [0 2 2 0 0]:
[2023-04-18 22:57:40] - query_instance.length_size[member]:{1: 85, 2: 117, 3: 138, 5: 149, 6: 154, 10: 157, 11: 162, 21: 165, 22: 166, 42: 167, 43: 168, 85: 169}
[2023-04-18 22:57:40] - tail, head: 154 157
[2023-04-18 22:57:40] - Range size 10, answer [4 0 0]:
[2023-04-18 22:57:40] - query_instance.length_size[member]:{1: 85, 2: 117, 3: 138, 5: 149, 6: 154, 10: 157, 11: 162, 21: 165, 22: 166, 42: 167, 43: 168, 85: 169}
[2023-04-18 22:57:40] - tail, head: 157 162
[2023-04-18 22:57:40] - Range size 11, answer [1 3 2 0 0]:
[2023-04-18 22:57:40] - query_instance.length_size[member]:{1: 85, 2: 117, 3: 138, 5: 149, 6: 154, 10: 157, 11: 162, 21: 165, 22: 166, 42: 167, 43: 168, 85: 169}
[2023-04-18 22:57:40] - tail, head: 162 165
[2023-04-18 22:57:40] - Range size 21, answer [6 0 0]:
[2023-04-18 22:57:40] - query_instance.length_size[member]:{1: 85, 2: 117, 3: 138, 5: 149, 6: 154, 10: 157, 11: 162, 21: 165, 22: 166, 42: 167, 43: 168, 85: 169}
[2023-04-18 22:57:40] - tail, head: 165 166
[2023-04-18 22:57:40] - Range size 22, answer [4]:
[2023-04-18 22:57:40] - query_instance.length_size[member]:{1: 85, 2: 117, 3: 138, 5: 149, 6: 154, 10: 157, 11: 162, 21: 165, 22: 166, 42: 167, 43: 168, 85: 169}
[2023-04-18 22:57:40] - tail, head: 166 167
[2023-04-18 22:57:40] - Range size 42, answer [0]:
[2023-04-18 22:57:40] - query_instance.length_size[member]:{1: 85, 2: 117, 3: 138, 5: 149, 6: 154, 10: 157, 11: 162, 21: 165, 22: 166, 42: 167, 43: 168, 85: 169}
[2023-04-18 22:57:40] - tail, head: 167 168
[2023-04-18 22:57:40] - Range size 43, answer [10]:
[2023-04-18 22:57:40] - query_instance.length_size[member]:{1: 85, 2: 117, 3: 138, 5: 149, 6: 154, 10: 157, 11: 162, 21: 165, 22: 166, 42: 167, 43: 168, 85: 169}
[2023-04-18 22:57:40] - tail, head: 168 169
[2023-04-18 22:57:40] - Range size 85, answer [10]:
[2023-04-18 22:57:40] - Golden standard: gives answer
[2023-04-18 22:57:40] - output_answer:[ 1  0  0  0  0  0  1  0  0  0  0  0  0  1  3  0  0  0  0  0  0  0  0  0
  0  0  0  0  0  0  0  0  0  0  0  0  1  0  0  0  2  0  0  0  0  0  0  0
  0  0  0  0  0  0  0  0  0  1  0  0  0  0  0  0  0  0  0  1  0  0  0  0
  0  0  0  0  0  0  0  0  0  0  0  0  0  1  0  1  0  0  3  0  0  0  0  0
  0  0  1  0  0  0  0  0  0  0  1  0  0  0  1  0  0  0  0  0  0  1  0  1
  1  3  0  0  0  0  0  2  0  0  0  0  0  0  1  0  0  0  1  0  0  1  2  0
  1  0  0  0  0  1  4  0  0  1  3  1  0  2  4  0  0  1  3  1  1  6  2  9
 11]
[2023-04-18 22:57:40] - query_instance.length_size[member]:{1: 85, 2: 117, 3: 138, 5: 149, 6: 154, 10: 157, 11: 162, 21: 165, 22: 166, 42: 167, 43: 168, 85: 169}
[2023-04-18 22:57:40] - tail, head: 0 85
[2023-04-18 22:57:40] - Range size 1, answer [1 0 0 0 0 0 1 0 0 0 0 0 0 1 3 0 0 0 0 0 0 0 0 0 0 0 0 0 0 0 0 0 0 0 0 0 1
 0 0 0 2 0 0 0 0 0 0 0 0 0 0 0 0 0 0 0 0 1 0 0 0 0 0 0 0 0 0 1 0 0 0 0 0 0
 0 0 0 0 0 0 0 0 0 0 0]:
[2023-04-18 22:57:40] - query_instance.length_size[member]:{1: 85, 2: 117, 3: 138, 5: 149, 6: 154, 10: 157, 11: 162, 21: 165, 22: 166, 42: 167, 43: 168, 85: 169}
[2023-04-18 22:57:40] - tail, head: 85 117
[2023-04-18 22:57:40] - Range size 2, answer [1 0 1 0 0 3 0 0 0 0 0 0 0 1 0 0 0 0 0 0 0 1 0 0 0 1 0 0 0 0 0 0]:
[2023-04-18 22:57:40] - query_instance.length_size[member]:{1: 85, 2: 117, 3: 138, 5: 149, 6: 154, 10: 157, 11: 162, 21: 165, 22: 166, 42: 167, 43: 168, 85: 169}
[2023-04-18 22:57:40] - tail, head: 117 138
[2023-04-18 22:57:40] - Range size 3, answer [1 0 1 1 3 0 0 0 0 0 2 0 0 0 0 0 0 1 0 0 0]:
[2023-04-18 22:57:40] - query_instance.length_size[member]:{1: 85, 2: 117, 3: 138, 5: 149, 6: 154, 10: 157, 11: 162, 21: 165, 22: 166, 42: 167, 43: 168, 85: 169}
[2023-04-18 22:57:40] - tail, head: 138 149
[2023-04-18 22:57:40] - Range size 5, answer [1 0 0 1 2 0 1 0 0 0 0]:
[2023-04-18 22:57:40] - query_instance.length_size[member]:{1: 85, 2: 117, 3: 138, 5: 149, 6: 154, 10: 157, 11: 162, 21: 165, 22: 166, 42: 167, 43: 168, 85: 169}
[2023-04-18 22:57:40] - tail, head: 149 154
[2023-04-18 22:57:40] - Range size 6, answer [1 4 0 0 1]:
[2023-04-18 22:57:40] - query_instance.length_size[member]:{1: 85, 2: 117, 3: 138, 5: 149, 6: 154, 10: 157, 11: 162, 21: 165, 22: 166, 42: 167, 43: 168, 85: 169}
[2023-04-18 22:57:40] - tail, head: 154 157
[2023-04-18 22:57:40] - Range size 10, answer [3 1 0]:
[2023-04-18 22:57:40] - query_instance.length_size[member]:{1: 85, 2: 117, 3: 138, 5: 149, 6: 154, 10: 157, 11: 162, 21: 165, 22: 166, 42: 167, 43: 168, 85: 169}
[2023-04-18 22:57:40] - tail, head: 157 162
[2023-04-18 22:57:40] - Range size 11, answer [2 4 0 0 1]:
[2023-04-18 22:57:40] - query_instance.length_size[member]:{1: 85, 2: 117, 3: 138, 5: 149, 6: 154, 10: 157, 11: 162, 21: 165, 22: 166, 42: 167, 43: 168, 85: 169}
[2023-04-18 22:57:40] - tail, head: 162 165
[2023-04-18 22:57:40] - Range size 21, answer [3 1 1]:
[2023-04-18 22:57:40] - query_instance.length_size[member]:{1: 85, 2: 117, 3: 138, 5: 149, 6: 154, 10: 157, 11: 162, 21: 165, 22: 166, 42: 167, 43: 168, 85: 169}
[2023-04-18 22:57:40] - tail, head: 165 166
[2023-04-18 22:57:40] - Range size 22, answer [6]:
[2023-04-18 22:57:40] - query_instance.length_size[member]:{1: 85, 2: 117, 3: 138, 5: 149, 6: 154, 10: 157, 11: 162, 21: 165, 22: 166, 42: 167, 43: 168, 85: 169}
[2023-04-18 22:57:40] - tail, head: 166 167
[2023-04-18 22:57:40] - Range size 42, answer [2]:
[2023-04-18 22:57:40] - query_instance.length_size[member]:{1: 85, 2: 117, 3: 138, 5: 149, 6: 154, 10: 157, 11: 162, 21: 165, 22: 166, 42: 167, 43: 168, 85: 169}
[2023-04-18 22:57:40] - tail, head: 167 168
[2023-04-18 22:57:40] - Range size 43, answer [9]:
[2023-04-18 22:57:40] - query_instance.length_size[member]:{1: 85, 2: 117, 3: 138, 5: 149, 6: 154, 10: 157, 11: 162, 21: 165, 22: 166, 42: 167, 43: 168, 85: 169}
[2023-04-18 22:57:40] - tail, head: 168 169
[2023-04-18 22:57:40] - Range size 85, answer [11]:
[2023-04-18 22:57:40] - Mechanism: gives answer
[2023-04-18 22:57:40] - output_answer:[ 0  0  0  0  0  0  0  0  0  0  0  0  0  0  0  0  0  0  0  0  0  0  0  0
  2  0  0  0  0  0  0  0  0  0  0  8  0  0  0  0  0  0  0  0  0  0  0  1
  0  0  0  0  0  0  0  0  0  0  0  1  0  0  0  0  0  0  0  0  0  0  0  0
  0  0  0  0  0  0  0  0  0  0  0  0  0  0  0  0  0  0  0  0  0  0  0  0
  0  0  0  0  0  0  1  0  0  0  0  1  0  0  0  0  0  0  0  0  0  0  0  0
  0  0  0  2  0  0  8  0  0  1  0  0  1  0  0  0  0  0  0  0  0  8  0  0
  0  1  0  0  0  0  0  2  1  0  8  1  0  0  0  2  1  0 10  2  0  0  2 10
 12]
[2023-04-18 22:57:40] - query_instance.length_size[member]:{1: 85, 2: 117, 3: 138, 5: 149, 6: 154, 10: 157, 11: 162, 21: 165, 22: 166, 42: 167, 43: 168, 85: 169}
[2023-04-18 22:57:40] - tail, head: 0 85
[2023-04-18 22:57:40] - Range size 1, answer [0 0 0 0 0 0 0 0 0 0 0 0 0 0 0 0 0 0 0 0 0 0 0 0 2 0 0 0 0 0 0 0 0 0 0 8 0
 0 0 0 0 0 0 0 0 0 0 1 0 0 0 0 0 0 0 0 0 0 0 1 0 0 0 0 0 0 0 0 0 0 0 0 0 0
 0 0 0 0 0 0 0 0 0 0 0]:
[2023-04-18 22:57:40] - query_instance.length_size[member]:{1: 85, 2: 117, 3: 138, 5: 149, 6: 154, 10: 157, 11: 162, 21: 165, 22: 166, 42: 167, 43: 168, 85: 169}
[2023-04-18 22:57:40] - tail, head: 85 117
[2023-04-18 22:57:40] - Range size 2, answer [0 0 0 0 0 0 0 0 0 0 0 0 0 0 0 0 0 1 0 0 0 0 1 0 0 0 0 0 0 0 0 0]:
[2023-04-18 22:57:40] - query_instance.length_size[member]:{1: 85, 2: 117, 3: 138, 5: 149, 6: 154, 10: 157, 11: 162, 21: 165, 22: 166, 42: 167, 43: 168, 85: 169}
[2023-04-18 22:57:40] - tail, head: 117 138
[2023-04-18 22:57:40] - Range size 3, answer [0 0 0 0 0 0 2 0 0 8 0 0 1 0 0 1 0 0 0 0 0]:
[2023-04-18 22:57:40] - query_instance.length_size[member]:{1: 85, 2: 117, 3: 138, 5: 149, 6: 154, 10: 157, 11: 162, 21: 165, 22: 166, 42: 167, 43: 168, 85: 169}
[2023-04-18 22:57:40] - tail, head: 138 149
[2023-04-18 22:57:40] - Range size 5, answer [0 0 0 8 0 0 0 1 0 0 0]:
[2023-04-18 22:57:40] - query_instance.length_size[member]:{1: 85, 2: 117, 3: 138, 5: 149, 6: 154, 10: 157, 11: 162, 21: 165, 22: 166, 42: 167, 43: 168, 85: 169}
[2023-04-18 22:57:40] - tail, head: 149 154
[2023-04-18 22:57:40] - Range size 6, answer [0 0 2 1 0]:
[2023-04-18 22:57:40] - query_instance.length_size[member]:{1: 85, 2: 117, 3: 138, 5: 149, 6: 154, 10: 157, 11: 162, 21: 165, 22: 166, 42: 167, 43: 168, 85: 169}
[2023-04-18 22:57:40] - tail, head: 154 157
[2023-04-18 22:57:40] - Range size 10, answer [8 1 0]:
[2023-04-18 22:57:40] - query_instance.length_size[member]:{1: 85, 2: 117, 3: 138, 5: 149, 6: 154, 10: 157, 11: 162, 21: 165, 22: 166, 42: 167, 43: 168, 85: 169}
[2023-04-18 22:57:40] - tail, head: 157 162
[2023-04-18 22:57:40] - Range size 11, answer [0 0 2 1 0]:
[2023-04-18 22:57:40] - query_instance.length_size[member]:{1: 85, 2: 117, 3: 138, 5: 149, 6: 154, 10: 157, 11: 162, 21: 165, 22: 166, 42: 167, 43: 168, 85: 169}
[2023-04-18 22:57:40] - tail, head: 162 165
[2023-04-18 22:57:40] - Range size 21, answer [10  2  0]:
[2023-04-18 22:57:40] - query_instance.length_size[member]:{1: 85, 2: 117, 3: 138, 5: 149, 6: 154, 10: 157, 11: 162, 21: 165, 22: 166, 42: 167, 43: 168, 85: 169}
[2023-04-18 22:57:40] - tail, head: 165 166
[2023-04-18 22:57:40] - Range size 22, answer [0]:
[2023-04-18 22:57:40] - query_instance.length_size[member]:{1: 85, 2: 117, 3: 138, 5: 149, 6: 154, 10: 157, 11: 162, 21: 165, 22: 166, 42: 167, 43: 168, 85: 169}
[2023-04-18 22:57:40] - tail, head: 166 167
[2023-04-18 22:57:40] - Range size 42, answer [2]:
[2023-04-18 22:57:40] - query_instance.length_size[member]:{1: 85, 2: 117, 3: 138, 5: 149, 6: 154, 10: 157, 11: 162, 21: 165, 22: 166, 42: 167, 43: 168, 85: 169}
[2023-04-18 22:57:40] - tail, head: 167 168
[2023-04-18 22:57:40] - Range size 43, answer [10]:
[2023-04-18 22:57:40] - query_instance.length_size[member]:{1: 85, 2: 117, 3: 138, 5: 149, 6: 154, 10: 157, 11: 162, 21: 165, 22: 166, 42: 167, 43: 168, 85: 169}
[2023-04-18 22:57:40] - tail, head: 168 169
[2023-04-18 22:57:40] - Range size 85, answer [12]:
[2023-04-18 22:57:40] - Mean Square Error of ground truth and golden standard: 0.6272189349112426
[2023-04-18 22:57:40] - Mean Square Error of ground truth and mechanism: 1.4142011834319526
[2023-04-18 22:57:40] - Mean Square Error of golden standard and mechanism: 2.4319526627218937
[2023-04-18 22:57:40] - Measurement3: golden_standard and mechanism
0.0
[2023-04-18 22:57:40] - ++++++++ Testing on node 3 Finished ++++++++
[2023-04-18 22:57:40] - ++++++++ Testing on node 4 Started ++++++++
[2023-04-18 22:57:40] - At node with index 4, we implement queries on cliques dict_keys(['marital-status', 'age']):
[2023-04-18 22:57:41] - -------- New Mechanism: Testing on 4, node 4 is accessed --------
[2023-04-18 22:57:41] - -------- New Mechanism answer node query on node 4 finished --------
[2023-04-18 22:57:41] - The testing is implemented at marital-status
[2023-04-18 22:57:41] - Ground truth: gives answer
[2023-04-18 22:57:41] - output_answer:[ 8  2  3  1  0  1  0 10  4  1  1 14 15]
[2023-04-18 22:57:41] - query_instance.length_size[member]:{1: 7, 2: 10, 3: 11, 4: 12, 7: 13}
[2023-04-18 22:57:41] - tail, head: 0 7
[2023-04-18 22:57:41] - Range size 1, answer [8 2 3 1 0 1 0]:
[2023-04-18 22:57:41] - query_instance.length_size[member]:{1: 7, 2: 10, 3: 11, 4: 12, 7: 13}
[2023-04-18 22:57:41] - tail, head: 7 10
[2023-04-18 22:57:41] - Range size 2, answer [10  4  1]:
[2023-04-18 22:57:41] - query_instance.length_size[member]:{1: 7, 2: 10, 3: 11, 4: 12, 7: 13}
[2023-04-18 22:57:41] - tail, head: 10 11
[2023-04-18 22:57:41] - Range size 3, answer [1]:
[2023-04-18 22:57:41] - query_instance.length_size[member]:{1: 7, 2: 10, 3: 11, 4: 12, 7: 13}
[2023-04-18 22:57:41] - tail, head: 11 12
[2023-04-18 22:57:41] - Range size 4, answer [14]:
[2023-04-18 22:57:41] - query_instance.length_size[member]:{1: 7, 2: 10, 3: 11, 4: 12, 7: 13}
[2023-04-18 22:57:41] - tail, head: 12 13
[2023-04-18 22:57:41] - Range size 7, answer [15]:
[2023-04-18 22:57:41] - Golden standard: gives answer
[2023-04-18 22:57:41] - output_answer:[13  1  2  0  0  0  0 14  2  0  0 16 16]
[2023-04-18 22:57:41] - query_instance.length_size[member]:{1: 7, 2: 10, 3: 11, 4: 12, 7: 13}
[2023-04-18 22:57:41] - tail, head: 0 7
[2023-04-18 22:57:41] - Range size 1, answer [13  1  2  0  0  0  0]:
[2023-04-18 22:57:41] - query_instance.length_size[member]:{1: 7, 2: 10, 3: 11, 4: 12, 7: 13}
[2023-04-18 22:57:41] - tail, head: 7 10
[2023-04-18 22:57:41] - Range size 2, answer [14  2  0]:
[2023-04-18 22:57:41] - query_instance.length_size[member]:{1: 7, 2: 10, 3: 11, 4: 12, 7: 13}
[2023-04-18 22:57:41] - tail, head: 10 11
[2023-04-18 22:57:41] - Range size 3, answer [0]:
[2023-04-18 22:57:41] - query_instance.length_size[member]:{1: 7, 2: 10, 3: 11, 4: 12, 7: 13}
[2023-04-18 22:57:41] - tail, head: 11 12
[2023-04-18 22:57:41] - Range size 4, answer [16]:
[2023-04-18 22:57:41] - query_instance.length_size[member]:{1: 7, 2: 10, 3: 11, 4: 12, 7: 13}
[2023-04-18 22:57:41] - tail, head: 12 13
[2023-04-18 22:57:41] - Range size 7, answer [16]:
[2023-04-18 22:57:41] - Mechanism: gives answer
[2023-04-18 22:57:41] - output_answer:[ 0  3  1  1  1  8  2  3  2  9 11  5 16]
[2023-04-18 22:57:41] - query_instance.length_size[member]:{1: 7, 2: 10, 3: 11, 4: 12, 7: 13}
[2023-04-18 22:57:41] - tail, head: 0 7
[2023-04-18 22:57:41] - Range size 1, answer [0 3 1 1 1 8 2]:
[2023-04-18 22:57:41] - query_instance.length_size[member]:{1: 7, 2: 10, 3: 11, 4: 12, 7: 13}
[2023-04-18 22:57:41] - tail, head: 7 10
[2023-04-18 22:57:41] - Range size 2, answer [3 2 9]:
[2023-04-18 22:57:41] - query_instance.length_size[member]:{1: 7, 2: 10, 3: 11, 4: 12, 7: 13}
[2023-04-18 22:57:41] - tail, head: 10 11
[2023-04-18 22:57:41] - Range size 3, answer [11]:
[2023-04-18 22:57:41] - query_instance.length_size[member]:{1: 7, 2: 10, 3: 11, 4: 12, 7: 13}
[2023-04-18 22:57:41] - tail, head: 11 12
[2023-04-18 22:57:41] - Range size 4, answer [5]:
[2023-04-18 22:57:41] - query_instance.length_size[member]:{1: 7, 2: 10, 3: 11, 4: 12, 7: 13}
[2023-04-18 22:57:41] - tail, head: 12 13
[2023-04-18 22:57:41] - Range size 7, answer [16]:
[2023-04-18 22:57:41] - Mean Square Error of ground truth and golden standard: 4.3076923076923075
[2023-04-18 22:57:41] - Mean Square Error of ground truth and mechanism: 32.46153846153846
[2023-04-18 22:57:41] - Mean Square Error of golden standard and mechanism: 52.92307692307692
[2023-04-18 22:57:41] - Measurement3: golden_standard and mechanism
0.0
[2023-04-18 22:57:42] - -------- New Mechanism: Testing on 4, node 4 is accessed --------
[2023-04-18 22:57:43] - -------- New Mechanism answer node query on node 4 finished --------
[2023-04-18 22:57:43] - The testing is implemented at age
[2023-04-18 22:57:43] - Ground truth: gives answer
[2023-04-18 22:57:43] - output_answer:[ 0  0  0  1  1  0  0  0  0  1  0  0  1  1  1  0  1  0  0  1  1  0  0  0
  0  1  1  0  0  0  0  0  0  3  0  0  0  1  0  0  0  0  0  0  0  0  0  0
  0  0  0  0  0  0  0  0  0  0  0  0  0  0  0  0  0  0  0  0  0  0  0  0
  0  0  0  0  0  0  0  0  0  0  0  0  0  0  2  0  1  1  1  0  1  0  2  0
  0  3  1  0  0  0  0  0  0  0  0  0  0  0  0  0  0  0  0  0  0  0  2  0
  2  2  1  0  2  0  3  0  0  0  0  0  0  0  0  0  0  0  1  2  0  4  0  0
  0  0  0  0  0  2  4  2  0  0  4  0  0  3  6  2  0  0  6  0  0  9  0 15
 15]
[2023-04-18 22:57:43] - query_instance.length_size[member]:{1: 85, 2: 117, 3: 138, 5: 149, 6: 154, 10: 157, 11: 162, 21: 165, 22: 166, 42: 167, 43: 168, 85: 169}
[2023-04-18 22:57:43] - tail, head: 0 85
[2023-04-18 22:57:43] - Range size 1, answer [0 0 0 1 1 0 0 0 0 1 0 0 1 1 1 0 1 0 0 1 1 0 0 0 0 1 1 0 0 0 0 0 0 3 0 0 0
 1 0 0 0 0 0 0 0 0 0 0 0 0 0 0 0 0 0 0 0 0 0 0 0 0 0 0 0 0 0 0 0 0 0 0 0 0
 0 0 0 0 0 0 0 0 0 0 0]:
[2023-04-18 22:57:43] - query_instance.length_size[member]:{1: 85, 2: 117, 3: 138, 5: 149, 6: 154, 10: 157, 11: 162, 21: 165, 22: 166, 42: 167, 43: 168, 85: 169}
[2023-04-18 22:57:43] - tail, head: 85 117
[2023-04-18 22:57:43] - Range size 2, answer [0 2 0 1 1 1 0 1 0 2 0 0 3 1 0 0 0 0 0 0 0 0 0 0 0 0 0 0 0 0 0 0]:
[2023-04-18 22:57:43] - query_instance.length_size[member]:{1: 85, 2: 117, 3: 138, 5: 149, 6: 154, 10: 157, 11: 162, 21: 165, 22: 166, 42: 167, 43: 168, 85: 169}
[2023-04-18 22:57:43] - tail, head: 117 138
[2023-04-18 22:57:43] - Range size 3, answer [0 2 0 2 2 1 0 2 0 3 0 0 0 0 0 0 0 0 0 0 0]:
[2023-04-18 22:57:43] - query_instance.length_size[member]:{1: 85, 2: 117, 3: 138, 5: 149, 6: 154, 10: 157, 11: 162, 21: 165, 22: 166, 42: 167, 43: 168, 85: 169}
[2023-04-18 22:57:43] - tail, head: 138 149
[2023-04-18 22:57:43] - Range size 5, answer [1 2 0 4 0 0 0 0 0 0 0]:
[2023-04-18 22:57:43] - query_instance.length_size[member]:{1: 85, 2: 117, 3: 138, 5: 149, 6: 154, 10: 157, 11: 162, 21: 165, 22: 166, 42: 167, 43: 168, 85: 169}
[2023-04-18 22:57:43] - tail, head: 149 154
[2023-04-18 22:57:43] - Range size 6, answer [2 4 2 0 0]:
[2023-04-18 22:57:43] - query_instance.length_size[member]:{1: 85, 2: 117, 3: 138, 5: 149, 6: 154, 10: 157, 11: 162, 21: 165, 22: 166, 42: 167, 43: 168, 85: 169}
[2023-04-18 22:57:43] - tail, head: 154 157
[2023-04-18 22:57:43] - Range size 10, answer [4 0 0]:
[2023-04-18 22:57:43] - query_instance.length_size[member]:{1: 85, 2: 117, 3: 138, 5: 149, 6: 154, 10: 157, 11: 162, 21: 165, 22: 166, 42: 167, 43: 168, 85: 169}
[2023-04-18 22:57:43] - tail, head: 157 162
[2023-04-18 22:57:43] - Range size 11, answer [3 6 2 0 0]:
[2023-04-18 22:57:43] - query_instance.length_size[member]:{1: 85, 2: 117, 3: 138, 5: 149, 6: 154, 10: 157, 11: 162, 21: 165, 22: 166, 42: 167, 43: 168, 85: 169}
[2023-04-18 22:57:43] - tail, head: 162 165
[2023-04-18 22:57:43] - Range size 21, answer [6 0 0]:
[2023-04-18 22:57:43] - query_instance.length_size[member]:{1: 85, 2: 117, 3: 138, 5: 149, 6: 154, 10: 157, 11: 162, 21: 165, 22: 166, 42: 167, 43: 168, 85: 169}
[2023-04-18 22:57:43] - tail, head: 165 166
[2023-04-18 22:57:43] - Range size 22, answer [9]:
[2023-04-18 22:57:43] - query_instance.length_size[member]:{1: 85, 2: 117, 3: 138, 5: 149, 6: 154, 10: 157, 11: 162, 21: 165, 22: 166, 42: 167, 43: 168, 85: 169}
[2023-04-18 22:57:43] - tail, head: 166 167
[2023-04-18 22:57:43] - Range size 42, answer [0]:
[2023-04-18 22:57:43] - query_instance.length_size[member]:{1: 85, 2: 117, 3: 138, 5: 149, 6: 154, 10: 157, 11: 162, 21: 165, 22: 166, 42: 167, 43: 168, 85: 169}
[2023-04-18 22:57:43] - tail, head: 167 168
[2023-04-18 22:57:43] - Range size 43, answer [15]:
[2023-04-18 22:57:43] - query_instance.length_size[member]:{1: 85, 2: 117, 3: 138, 5: 149, 6: 154, 10: 157, 11: 162, 21: 165, 22: 166, 42: 167, 43: 168, 85: 169}
[2023-04-18 22:57:43] - tail, head: 168 169
[2023-04-18 22:57:43] - Range size 85, answer [15]:
[2023-04-18 22:57:43] - Golden standard: gives answer
[2023-04-18 22:57:43] - output_answer:[ 0  0  0  0  0  0  0  0  0  0  0  0  1  0  2  0  0  1  0  2  0  0  0  0
  0  0  0  0  0  0  0  0  0  0  0  0  0  0  0  0  0  0  0  1  0  0  2  0
  3  0  0  0  0  1  0  0  0  0  0  0  0  0  0  1  0  1  0  0  0  0  0  0
  0  0  0  0  0  0  0  1  0  0  0  0  0  0  0  0  0  1  2  1  0  0  0  0
  0  0  0  0  0  1  2  0  1  0  0  0  1  1  0  0  0  0  1  0  0  0  0  0
  1  2  3  0  0  0  0  0  1  5  0  0  0  1  0  0  0  0  0  3  0  0  0  1
  0  1  0  1  0  0  3  0  6  1  0  1  1  0  6  0  7  1  0  8  2  6 10  6
 16]
[2023-04-18 22:57:43] - query_instance.length_size[member]:{1: 85, 2: 117, 3: 138, 5: 149, 6: 154, 10: 157, 11: 162, 21: 165, 22: 166, 42: 167, 43: 168, 85: 169}
[2023-04-18 22:57:43] - tail, head: 0 85
[2023-04-18 22:57:43] - Range size 1, answer [0 0 0 0 0 0 0 0 0 0 0 0 1 0 2 0 0 1 0 2 0 0 0 0 0 0 0 0 0 0 0 0 0 0 0 0 0
 0 0 0 0 0 0 1 0 0 2 0 3 0 0 0 0 1 0 0 0 0 0 0 0 0 0 1 0 1 0 0 0 0 0 0 0 0
 0 0 0 0 0 1 0 0 0 0 0]:
[2023-04-18 22:57:43] - query_instance.length_size[member]:{1: 85, 2: 117, 3: 138, 5: 149, 6: 154, 10: 157, 11: 162, 21: 165, 22: 166, 42: 167, 43: 168, 85: 169}
[2023-04-18 22:57:43] - tail, head: 85 117
[2023-04-18 22:57:43] - Range size 2, answer [0 0 0 0 1 2 1 0 0 0 0 0 0 0 0 0 1 2 0 1 0 0 0 1 1 0 0 0 0 1 0 0]:
[2023-04-18 22:57:43] - query_instance.length_size[member]:{1: 85, 2: 117, 3: 138, 5: 149, 6: 154, 10: 157, 11: 162, 21: 165, 22: 166, 42: 167, 43: 168, 85: 169}
[2023-04-18 22:57:43] - tail, head: 117 138
[2023-04-18 22:57:43] - Range size 3, answer [0 0 0 1 2 3 0 0 0 0 0 1 5 0 0 0 1 0 0 0 0]:
[2023-04-18 22:57:43] - query_instance.length_size[member]:{1: 85, 2: 117, 3: 138, 5: 149, 6: 154, 10: 157, 11: 162, 21: 165, 22: 166, 42: 167, 43: 168, 85: 169}
[2023-04-18 22:57:43] - tail, head: 138 149
[2023-04-18 22:57:43] - Range size 5, answer [0 3 0 0 0 1 0 1 0 1 0]:
[2023-04-18 22:57:43] - query_instance.length_size[member]:{1: 85, 2: 117, 3: 138, 5: 149, 6: 154, 10: 157, 11: 162, 21: 165, 22: 166, 42: 167, 43: 168, 85: 169}
[2023-04-18 22:57:43] - tail, head: 149 154
[2023-04-18 22:57:43] - Range size 6, answer [0 3 0 6 1]:
[2023-04-18 22:57:43] - query_instance.length_size[member]:{1: 85, 2: 117, 3: 138, 5: 149, 6: 154, 10: 157, 11: 162, 21: 165, 22: 166, 42: 167, 43: 168, 85: 169}
[2023-04-18 22:57:43] - tail, head: 154 157
[2023-04-18 22:57:43] - Range size 10, answer [0 1 1]:
[2023-04-18 22:57:43] - query_instance.length_size[member]:{1: 85, 2: 117, 3: 138, 5: 149, 6: 154, 10: 157, 11: 162, 21: 165, 22: 166, 42: 167, 43: 168, 85: 169}
[2023-04-18 22:57:43] - tail, head: 157 162
[2023-04-18 22:57:43] - Range size 11, answer [0 6 0 7 1]:
[2023-04-18 22:57:43] - query_instance.length_size[member]:{1: 85, 2: 117, 3: 138, 5: 149, 6: 154, 10: 157, 11: 162, 21: 165, 22: 166, 42: 167, 43: 168, 85: 169}
[2023-04-18 22:57:43] - tail, head: 162 165
[2023-04-18 22:57:43] - Range size 21, answer [0 8 2]:
[2023-04-18 22:57:43] - query_instance.length_size[member]:{1: 85, 2: 117, 3: 138, 5: 149, 6: 154, 10: 157, 11: 162, 21: 165, 22: 166, 42: 167, 43: 168, 85: 169}
[2023-04-18 22:57:43] - tail, head: 165 166
[2023-04-18 22:57:43] - Range size 22, answer [6]:
[2023-04-18 22:57:43] - query_instance.length_size[member]:{1: 85, 2: 117, 3: 138, 5: 149, 6: 154, 10: 157, 11: 162, 21: 165, 22: 166, 42: 167, 43: 168, 85: 169}
[2023-04-18 22:57:43] - tail, head: 166 167
[2023-04-18 22:57:43] - Range size 42, answer [10]:
[2023-04-18 22:57:43] - query_instance.length_size[member]:{1: 85, 2: 117, 3: 138, 5: 149, 6: 154, 10: 157, 11: 162, 21: 165, 22: 166, 42: 167, 43: 168, 85: 169}
[2023-04-18 22:57:43] - tail, head: 167 168
[2023-04-18 22:57:43] - Range size 43, answer [6]:
[2023-04-18 22:57:43] - query_instance.length_size[member]:{1: 85, 2: 117, 3: 138, 5: 149, 6: 154, 10: 157, 11: 162, 21: 165, 22: 166, 42: 167, 43: 168, 85: 169}
[2023-04-18 22:57:43] - tail, head: 168 169
[2023-04-18 22:57:43] - Range size 85, answer [16]:
[2023-04-18 22:57:43] - Mechanism: gives answer
[2023-04-18 22:57:43] - output_answer:[ 0  0  0  1  0  0  2  0  0  1  0  0  0  1  0  0  0  0  0  0  0  0  0  0
  0  0  0  1  0  0  0  0  0  0  0  1  0  0  0  0  0  0  0  0  0  0  0  0
  0  0  0  0  0  0  0  1  0  0  0  0  0  2  0  0  0  0  1  1  0  0  0  0
  1  1  1  0  0  0  1  0  0  0  0  0  0  0  1  2  1  0  0  0  0  0  0  0
  0  0  0  0  0  0  0  0  0  1  0  0  0  0  1  0  2  0  1  0  0  0  1  2
  1  0  0  0  1  0  1  0  0  0  0  1  2  1  1  1  0  0  3  0  0  1  0  0
  1  2  3  1  0  1  1  1  0  2  1  3  1  4  1  1  0  5  2  3  6  5  9  7
 16]
[2023-04-18 22:57:43] - query_instance.length_size[member]:{1: 85, 2: 117, 3: 138, 5: 149, 6: 154, 10: 157, 11: 162, 21: 165, 22: 166, 42: 167, 43: 168, 85: 169}
[2023-04-18 22:57:43] - tail, head: 0 85
[2023-04-18 22:57:43] - Range size 1, answer [0 0 0 1 0 0 2 0 0 1 0 0 0 1 0 0 0 0 0 0 0 0 0 0 0 0 0 1 0 0 0 0 0 0 0 1 0
 0 0 0 0 0 0 0 0 0 0 0 0 0 0 0 0 0 0 1 0 0 0 0 0 2 0 0 0 0 1 1 0 0 0 0 1 1
 1 0 0 0 1 0 0 0 0 0 0]:
[2023-04-18 22:57:43] - query_instance.length_size[member]:{1: 85, 2: 117, 3: 138, 5: 149, 6: 154, 10: 157, 11: 162, 21: 165, 22: 166, 42: 167, 43: 168, 85: 169}
[2023-04-18 22:57:43] - tail, head: 85 117
[2023-04-18 22:57:43] - Range size 2, answer [0 1 2 1 0 0 0 0 0 0 0 0 0 0 0 0 0 0 0 0 1 0 0 0 0 1 0 2 0 1 0 0]:
[2023-04-18 22:57:43] - query_instance.length_size[member]:{1: 85, 2: 117, 3: 138, 5: 149, 6: 154, 10: 157, 11: 162, 21: 165, 22: 166, 42: 167, 43: 168, 85: 169}
[2023-04-18 22:57:43] - tail, head: 117 138
[2023-04-18 22:57:43] - Range size 3, answer [0 1 2 1 0 0 0 1 0 1 0 0 0 0 1 2 1 1 1 0 0]:
[2023-04-18 22:57:43] - query_instance.length_size[member]:{1: 85, 2: 117, 3: 138, 5: 149, 6: 154, 10: 157, 11: 162, 21: 165, 22: 166, 42: 167, 43: 168, 85: 169}
[2023-04-18 22:57:43] - tail, head: 138 149
[2023-04-18 22:57:43] - Range size 5, answer [3 0 0 1 0 0 1 2 3 1 0]:
[2023-04-18 22:57:43] - query_instance.length_size[member]:{1: 85, 2: 117, 3: 138, 5: 149, 6: 154, 10: 157, 11: 162, 21: 165, 22: 166, 42: 167, 43: 168, 85: 169}
[2023-04-18 22:57:43] - tail, head: 149 154
[2023-04-18 22:57:43] - Range size 6, answer [1 1 1 0 2]:
[2023-04-18 22:57:43] - query_instance.length_size[member]:{1: 85, 2: 117, 3: 138, 5: 149, 6: 154, 10: 157, 11: 162, 21: 165, 22: 166, 42: 167, 43: 168, 85: 169}
[2023-04-18 22:57:43] - tail, head: 154 157
[2023-04-18 22:57:43] - Range size 10, answer [1 3 1]:
[2023-04-18 22:57:43] - query_instance.length_size[member]:{1: 85, 2: 117, 3: 138, 5: 149, 6: 154, 10: 157, 11: 162, 21: 165, 22: 166, 42: 167, 43: 168, 85: 169}
[2023-04-18 22:57:43] - tail, head: 157 162
[2023-04-18 22:57:43] - Range size 11, answer [4 1 1 0 5]:
[2023-04-18 22:57:43] - query_instance.length_size[member]:{1: 85, 2: 117, 3: 138, 5: 149, 6: 154, 10: 157, 11: 162, 21: 165, 22: 166, 42: 167, 43: 168, 85: 169}
[2023-04-18 22:57:43] - tail, head: 162 165
[2023-04-18 22:57:43] - Range size 21, answer [2 3 6]:
[2023-04-18 22:57:43] - query_instance.length_size[member]:{1: 85, 2: 117, 3: 138, 5: 149, 6: 154, 10: 157, 11: 162, 21: 165, 22: 166, 42: 167, 43: 168, 85: 169}
[2023-04-18 22:57:43] - tail, head: 165 166
[2023-04-18 22:57:43] - Range size 22, answer [5]:
[2023-04-18 22:57:43] - query_instance.length_size[member]:{1: 85, 2: 117, 3: 138, 5: 149, 6: 154, 10: 157, 11: 162, 21: 165, 22: 166, 42: 167, 43: 168, 85: 169}
[2023-04-18 22:57:43] - tail, head: 166 167
[2023-04-18 22:57:43] - Range size 42, answer [9]:
[2023-04-18 22:57:43] - query_instance.length_size[member]:{1: 85, 2: 117, 3: 138, 5: 149, 6: 154, 10: 157, 11: 162, 21: 165, 22: 166, 42: 167, 43: 168, 85: 169}
[2023-04-18 22:57:43] - tail, head: 167 168
[2023-04-18 22:57:43] - Range size 43, answer [7]:
[2023-04-18 22:57:43] - query_instance.length_size[member]:{1: 85, 2: 117, 3: 138, 5: 149, 6: 154, 10: 157, 11: 162, 21: 165, 22: 166, 42: 167, 43: 168, 85: 169}
[2023-04-18 22:57:43] - tail, head: 168 169
[2023-04-18 22:57:43] - Range size 85, answer [16]:
[2023-04-18 22:57:43] - Mean Square Error of ground truth and golden standard: 3.3254437869822486
[2023-04-18 22:57:43] - Mean Square Error of ground truth and mechanism: 2.5384615384615383
[2023-04-18 22:57:43] - Mean Square Error of golden standard and mechanism: 2.136094674556213
[2023-04-18 22:57:43] - Measurement3: golden_standard and mechanism
0.0
[2023-04-18 22:57:43] - ++++++++ Testing on node 4 Finished ++++++++
[2023-04-18 22:57:43] - ++++++++ Testing on node 1 Started ++++++++
[2023-04-18 22:57:43] - The testing is implemented at marital-status
